--------- beginning of main
03-14 21:15:00.420  3391  3391 I Zygote  : Process 3391 created for com.mcfuzzysquirrel.studentfinance
03-14 21:15:00.420  3391  3391 I .studentfinance: Late-enabling -Xcheck:jni
03-14 21:15:00.456  3391  3391 I .studentfinance: Using CollectorTypeCMC GC.
03-14 21:15:00.456  3391  3391 W .studentfinance: Unexpected CPU variant for x86: x86_64.
03-14 21:15:00.456  3391  3391 W .studentfinance: Known variants: atom, sandybridge, silvermont, goldmont, goldmont-plus, goldmont-without-sha-xsaves, tremont, kabylake, alderlake, default
03-14 21:15:00.467  3391  3391 D nativeloader: Load libframework-connectivity-tiramisu-jni.so using APEX ns com_android_tethering for caller /apex/com.android.tethering/javalib/framework-connectivity-t.jar: ok
--------- beginning of system
03-14 21:15:00.854  3391  3391 W ActivityThread: Package uses different ABI(s) than its instrumentation: package[com.mcfuzzysquirrel.studentfinance]: x86_64, null instrumentation[com.mcfuzzysquirrel.studentfinance.test]: null, null
03-14 21:15:00.880  3391  3391 W .studentfinance: ClassLoaderContext shared library size mismatch. Expected=2, found=0 (PCL[]{PCL[/system/framework/android.test.base.jar*1947731759]#PCL[/system/framework/android.test.mock.jar*3673435773]} | PCL[])
03-14 21:15:00.897  3391  3391 W .studentfinance: ClassLoaderContext classpath size mismatch. expected=0, found=1 (PCL[] | PCL[/system/framework/android.test.runner.jar*3527284906])
03-14 21:15:00.998  3391  3391 W .studentfinance: ClassLoaderContext classpath size mismatch. expected=0, found=2 (PCL[] | PCL[/system/framework/android.test.runner.jar*3527284906:/system/framework/android.test.mock.jar*3673435773])
03-14 21:15:01.926  3391  3391 D nativeloader: Configuring clns-9 for other apk /system/framework/android.test.runner.jar:/system/framework/android.test.mock.jar:/system/framework/android.test.base.jar:/data/app/~~igQ8YDWK9X4xRZiHh-jO5g==/com.mcfuzzysquirrel.studentfinance.test-UGrYURqEAXZWd9ofGp2-Ig==/base.apk:/data/app/~~W8btl4pEBakN3ONhLYMAcA==/com.mcfuzzysquirrel.studentfinance-5UaYRzzWrfAgAc3rXbFpfw==/base.apk. target_sdk_version=36, uses_libraries=, library_path=/data/app/~~igQ8YDWK9X4xRZiHh-jO5g==/com.mcfuzzysquirrel.studentfinance.test-UGrYURqEAXZWd9ofGp2-Ig==/lib/x86_64:/data/app/~~W8btl4pEBakN3ONhLYMAcA==/com.mcfuzzysquirrel.studentfinance-5UaYRzzWrfAgAc3rXbFpfw==/lib/x86_64:/data/app/~~igQ8YDWK9X4xRZiHh-jO5g==/com.mcfuzzysquirrel.studentfinance.test-UGrYURqEAXZWd9ofGp2-Ig==/base.apk!/lib/x86_64:/data/app/~~W8btl4pEBakN3ONhLYMAcA==/com.mcfuzzysquirrel.studentfinance-5UaYRzzWrfAgAc3rXbFpfw==/base.apk!/lib/x86_64, permitted_path=/data:/mnt/expand:/data/user/0/com.mcfuzzysquirrel.studentfinance
03-14 21:15:02.023  3391  3391 V GraphicsEnvironment: Currently set values for:
03-14 21:15:02.023  3391  3391 V GraphicsEnvironment:   angle_gl_driver_selection_pkgs=[]
03-14 21:15:02.023  3391  3391 V GraphicsEnvironment:   angle_gl_driver_selection_values=[]
03-14 21:15:02.024  3391  3391 V GraphicsEnvironment: com.mcfuzzysquirrel.studentfinance is not listed in per-application setting
03-14 21:15:02.026  3391  3391 V GraphicsEnvironment: ANGLE allowlist from config: com.dreamgames.royalmatch com.dts.freefiremax com.dxx.firenow com.gramgames.mergedragons com.ludo.king com.mojang.minecraftpe com.my.defense com.nintendo.zaka com.os.airforce com.playrix.fishdomdd.gplay io.teslatech.callbreak jp.konami.prospia net.peakgames.toonblast
03-14 21:15:02.030  3391  3391 V GraphicsEnvironment: No special selections for ANGLE, returning default driver choice
03-14 21:15:02.040  3391  3391 V GraphicsEnvironment: Neither updatable production driver nor prerelease driver is supported.
03-14 21:15:02.192  3391  3391 D ApplicationLoaders: Returning zygote-cached class loader: /system/framework/android.test.base.jar
03-14 21:15:02.194  3391  3391 D nativeloader: Configuring clns-10 for other apk /system/framework/android.test.mock.jar. target_sdk_version=36, uses_libraries=ALL, library_path=/data/app/~~igQ8YDWK9X4xRZiHh-jO5g==/com.mcfuzzysquirrel.studentfinance.test-UGrYURqEAXZWd9ofGp2-Ig==/lib/x86_64:/data/app/~~W8btl4pEBakN3ONhLYMAcA==/com.mcfuzzysquirrel.studentfinance-5UaYRzzWrfAgAc3rXbFpfw==/lib/x86_64, permitted_path=/data:/mnt/expand
03-14 21:15:02.195  3391  3391 D ApplicationLoaders: Returning zygote-cached class loader: /system/framework/android.test.base.jar
03-14 21:15:02.197  3391  3391 D nativeloader: Configuring clns-11 for other apk /system/framework/android.test.runner.jar. target_sdk_version=36, uses_libraries=ALL, library_path=/data/app/~~igQ8YDWK9X4xRZiHh-jO5g==/com.mcfuzzysquirrel.studentfinance.test-UGrYURqEAXZWd9ofGp2-Ig==/lib/x86_64:/data/app/~~W8btl4pEBakN3ONhLYMAcA==/com.mcfuzzysquirrel.studentfinance-5UaYRzzWrfAgAc3rXbFpfw==/lib/x86_64, permitted_path=/data:/mnt/expand
03-14 21:15:02.199  3391  3391 W .studentfinance: ClassLoaderContext shared library size mismatch. Expected=2, found=3 (PCL[]{PCL[/system/framework/android.test.base.jar*1947731759]#PCL[/system/framework/android.test.mock.jar*3673435773]} | PCL[]{PCL[/system/framework/android.test.base.jar*1947731759]#PCL[/system/framework/android.test.mock.jar*3673435773]#PCL[/system/framework/android.test.runner.jar*3527284906]{PCL[/system/framework/android.test.base.jar*1947731759]#PCL[/system/framework/android.test.mock.jar*3673435773]}};PCL[/system/framework/android.test.runner.jar*3527284906:/system/framework/android.test.mock.jar*3673435773:/system/framework/android.test.base.jar*1947731759:/data/app/~~igQ8YDWK9X4xRZiHh-jO5g==/com.mcfuzzysquirrel.studentfinance.test-UGrYURqEAXZWd9ofGp2-Ig==/base.apk*3109463912:/data/app/~~W8btl4pEBakN3ONhLYMAcA==/com.mcfuzzysquirrel.studentfinance-5UaYRzzWrfAgAc3rXbFpfw==/base.apk*707418998])
03-14 21:15:02.201  3391  3391 W .studentfinance: ClassLoaderContext classpath size mismatch. expected=0, found=1 (PCL[] | PCL[/system/framework/android.test.runner.jar*3527284906]{PCL[/system/framework/android.test.base.jar*1947731759]#PCL[/system/framework/android.test.mock.jar*3673435773]#PCL[/system/framework/android.test.runner.jar*3527284906]{PCL[/system/framework/android.test.base.jar*1947731759]#PCL[/system/framework/android.test.mock.jar*3673435773]}};PCL[/system/framework/android.test.runner.jar*3527284906:/system/framework/android.test.mock.jar*3673435773:/system/framework/android.test.base.jar*1947731759:/data/app/~~igQ8YDWK9X4xRZiHh-jO5g==/com.mcfuzzysquirrel.studentfinance.test-UGrYURqEAXZWd9ofGp2-Ig==/base.apk*3109463912:/data/app/~~W8btl4pEBakN3ONhLYMAcA==/com.mcfuzzysquirrel.studentfinance-5UaYRzzWrfAgAc3rXbFpfw==/base.apk*707418998])
03-14 21:15:02.203  3391  3391 W .studentfinance: ClassLoaderContext classpath size mismatch. expected=0, found=2 (PCL[] | PCL[/system/framework/android.test.runner.jar*3527284906:/system/framework/android.test.mock.jar*3673435773]{PCL[/system/framework/android.test.base.jar*1947731759]#PCL[/system/framework/android.test.mock.jar*3673435773]#PCL[/system/framework/android.test.runner.jar*3527284906]{PCL[/system/framework/android.test.base.jar*1947731759]#PCL[/system/framework/android.test.mock.jar*3673435773]}};PCL[/system/framework/android.test.runner.jar*3527284906:/system/framework/android.test.mock.jar*3673435773:/system/framework/android.test.base.jar*1947731759:/data/app/~~igQ8YDWK9X4xRZiHh-jO5g==/com.mcfuzzysquirrel.studentfinance.test-UGrYURqEAXZWd9ofGp2-Ig==/base.apk*3109463912:/data/app/~~W8btl4pEBakN3ONhLYMAcA==/com.mcfuzzysquirrel.studentfinance-5UaYRzzWrfAgAc3rXbFpfw==/base.apk*707418998])
03-14 21:15:02.854  3391  3391 W .studentfinance: Opening an oat file without a class loader. Are you using the deprecated DexFile APIs?
03-14 21:15:03.924  3391  3391 W .studentfinance: Opening an oat file without a class loader. Are you using the deprecated DexFile APIs?
03-14 21:15:03.925  3391  3391 W .studentfinance: Opening an oat file without a class loader. Are you using the deprecated DexFile APIs?
03-14 21:15:04.356  3391  3391 W .studentfinance: Opening an oat file without a class loader. Are you using the deprecated DexFile APIs?
03-14 21:15:04.357  3391  3391 W .studentfinance: Opening an oat file without a class loader. Are you using the deprecated DexFile APIs?
03-14 21:15:04.976  3391  3391 W .studentfinance: Opening an oat file without a class loader. Are you using the deprecated DexFile APIs?
03-14 21:15:04.976  3391  3391 W .studentfinance: Opening an oat file without a class loader. Are you using the deprecated DexFile APIs?
03-14 21:15:05.330  3391  3391 W .studentfinance: Opening an oat file without a class loader. Are you using the deprecated DexFile APIs?
03-14 21:15:05.330  3391  3391 W .studentfinance: Opening an oat file without a class loader. Are you using the deprecated DexFile APIs?
03-14 21:15:05.826  3391  3391 W .studentfinance: Opening an oat file without a class loader. Are you using the deprecated DexFile APIs?
03-14 21:15:05.827  3391  3391 W .studentfinance: Opening an oat file without a class loader. Are you using the deprecated DexFile APIs?
03-14 21:15:06.190  3391  3391 W .studentfinance: Opening an oat file without a class loader. Are you using the deprecated DexFile APIs?
03-14 21:15:06.191  3391  3391 W .studentfinance: Opening an oat file without a class loader. Are you using the deprecated DexFile APIs?
03-14 21:15:06.590  3391  3391 W .studentfinance: Opening an oat file without a class loader. Are you using the deprecated DexFile APIs?
03-14 21:15:06.592  3391  3391 W .studentfinance: Opening an oat file without a class loader. Are you using the deprecated DexFile APIs?
03-14 21:15:07.496  3391  3391 W .studentfinance: Opening an oat file without a class loader. Are you using the deprecated DexFile APIs?
03-14 21:15:07.498  3391  3391 W .studentfinance: Opening an oat file without a class loader. Are you using the deprecated DexFile APIs?
03-14 21:15:08.405  3391  3391 W .studentfinance: Opening an oat file without a class loader. Are you using the deprecated DexFile APIs?
03-14 21:15:08.410  3391  3391 W .studentfinance: Opening an oat file without a class loader. Are you using the deprecated DexFile APIs?
03-14 21:15:09.488  3391  3391 W .studentfinance: Opening an oat file without a class loader. Are you using the deprecated DexFile APIs?
03-14 21:15:09.555  3391  3391 W .studentfinance: Opening an oat file without a class loader. Are you using the deprecated DexFile APIs?
03-14 21:15:12.964  3391  3391 W .studentfinance: Opening an oat file without a class loader. Are you using the deprecated DexFile APIs?
03-14 21:15:12.976  3391  3391 W .studentfinance: Opening an oat file without a class loader. Are you using the deprecated DexFile APIs?
03-14 21:15:13.225  3391  3396 W .studentfinance: userfaultfd: MOVE ioctl seems unsupported: Connection timed out
03-14 21:15:13.957  3391  3396 W .studentfinance: Suspending all threads took: 122.014ms
03-14 21:15:14.181  3391  3391 W .studentfinance: Opening an oat file without a class loader. Are you using the deprecated DexFile APIs?
03-14 21:15:14.257  3391  3391 W .studentfinance: Opening an oat file without a class loader. Are you using the deprecated DexFile APIs?
03-14 21:15:16.192  3391  3391 W .studentfinance: Opening an oat file without a class loader. Are you using the deprecated DexFile APIs?
03-14 21:15:16.193  3391  3391 W .studentfinance: Opening an oat file without a class loader. Are you using the deprecated DexFile APIs?
03-14 21:15:17.630  3391  3391 W .studentfinance: Opening an oat file without a class loader. Are you using the deprecated DexFile APIs?
03-14 21:15:17.633  3391  3391 W .studentfinance: Opening an oat file without a class loader. Are you using the deprecated DexFile APIs?
03-14 21:15:18.416  3391  3391 W .studentfinance: Opening an oat file without a class loader. Are you using the deprecated DexFile APIs?
03-14 21:15:18.416  3391  3391 W .studentfinance: Opening an oat file without a class loader. Are you using the deprecated DexFile APIs?
03-14 21:15:18.728  3391  3391 W .studentfinance: Opening an oat file without a class loader. Are you using the deprecated DexFile APIs?
03-14 21:15:18.728  3391  3391 W .studentfinance: Opening an oat file without a class loader. Are you using the deprecated DexFile APIs?
03-14 21:15:19.234  33