--------- beginning of main
03-14 23:04:02.001 15986 16016 I DetoxWSClient: Sending out action 'invokeResult' (ID #2)
03-14 23:04:02.002 15986 16016 I DetoxDispatcher: Done with action 'invoke'
03-14 23:04:02.021 15986 16041 D TrafficStats: tagSocket(151) with statsTag=0xffffffff, statsUid=-1
03-14 23:04:02.699 15986 16178 D ProfileInstaller: Installing profile for com.mcfuzzysquirrel.studentfinance
03-14 23:04:02.780 15986 16020 D DetoxWSClient: Received action 'invoke' (ID #3, params={"target":{"type":"Class","value":"com.wix.detox.espresso.EspressoDetox"},"method":"perform","args":[{"type":"Invocation","value":{"target":{"type":"Class","value":"com.wix.detox.espresso.DetoxMatcher"},"method":"matcherForTestId","args":["dashboard-add-expense-button",{"type":"boolean","value":false}]}},{"type":"Invocation","value":{"target":{"type":"Class","value":"com.wix.detox.espresso.DetoxViewActions"},"method":"click","args":[]}}]})
03-14 23:04:02.781 15986 16016 I DetoxDispatcher: Handling action 'invoke' (ID #3)...
03-14 23:04:02.781 15986 16016 D Detox   : class com.wix.detox.espresso.DetoxMatcher, matcherForTestId, [dashboard-add-expense-button, false]
03-14 23:04:02.782 15986 16016 D Detox   : class com.wix.detox.espresso.DetoxViewActions, click, []
03-14 23:04:02.785 15986 16016 W .studentfinance: Accessing hidden method Landroid/view/ViewConfiguration;->getDoubleTapMinTime()I (unsupported, reflection, allowed)
03-14 23:04:02.787 15986 16016 D Detox   : class com.wix.detox.espresso.EspressoDetox, perform, [(view.getTag() is "dashboard-add-expense-button" and view has effective visibility <VISIBLE>), com.wix.detox.espresso.action.RNClickAction@7c27a19]
03-14 23:04:02.793 15986 15986 I ViewInteraction: Performing 'com.wix.detox.espresso.action.detoxsingletap@757cade click' action on view (view.getTag() is "dashboard-add-expense-button" and view has effective visibility <VISIBLE>)
03-14 23:04:02.800 15986 16187 W .studentfinance: Accessing hidden method Landroid/hardware/input/InputManager;->injectInputEvent(Landroid/view/InputEvent;I)Z (unsupported, reflection, allowed)
03-14 23:04:02.906 15986 16027 D EGL_emulation: app_time_stats: avg=332.39ms min=24.35ms max=945.10ms count=3
03-14 23:04:02.981 15986 15986 W [RNScreens]: backTitleFontFamily prop is not available on Android
03-14 23:04:02.982 15986 15986 W [RNScreens]: disableBackButtonMenu prop is not available on Android
03-14 23:04:02.982 15986 15986 W [RNScreens]: backTitleVisible prop is not available on Android
03-14 23:04:02.983 15986 15986 W [RNScreens]: topInsetEnabled prop is not available on Android
03-14 23:04:02.983 15986 15986 W [RNScreens]: largeTitleHideShadow prop is not available on Android
03-14 23:04:02.983 15986 15986 W [RNScreens]: largeTitleFontWeight prop is not available on Android
03-14 23:04:02.983 15986 15986 W [RNScreens]: userInterfaceStyle prop is not available on Android
03-14 23:04:02.983 15986 15986 W [RNScreens]: largeTitleFontFamily prop is not available on Android
03-14 23:04:03.024 15986 15986 I ImeTracker: com.mcfuzzysquirrel.studentfinance:7b627b6f: onRequestShow at ORIGIN_CLIENT reason SHOW_SOFT_INPUT fromUser false
03-14 23:04:03.030 15986 15986 D InputMethodManager: showSoftInput() view=com.facebook.react.views.textinput.ReactEditText{de245d5 VFED..CL. .F....ID 47,130-1033,331 #188 aid=1073741825} flags=0 reason=SHOW_SOFT_INPUT
03-14 23:04:03.748 15986 15986 D InsetsController: show(ime(), fromIme=true)
03-14 23:04:03.787 15986 16214 W InteractionJankMonitor: Initializing without READ_DEVICE_CONFIG permission. enabled=true, interval=1, missedFrameThreshold=3, frameTimeThreshold=64, package=com.mcfuzzysquirrel.studentfinance
03-14 23:04:03.904 15986 15986 I ImeTracker: com.mcfuzzysquirrel.studentfinance:7b627b6f: onShown
03-14 23:04:03.908 15986 16027 D EGL_emulation: app_time_stats: avg=137.49ms min=33.78ms max=445.13ms count=7
03-14 23:04:03.972 15986 16036 D TrafficStats: tagSocket(148) with statsTag=0xffffffff, statsUid=-1
03-14 23:04:03.985 15986 16016 I DetoxWSClient: Sending out action 'invokeResult' (ID #3)
03-14 23:04:03.985 15986 16016 I DetoxDispatcher: Done with action 'invoke'
03-14 23:04:04.003 15986 16020 D DetoxWSClient: Received action 'invoke' (ID #4, params={"target":{"type":"Class","value":"com.wix.detox.espresso.DetoxAssertion"},"method":"waitForAssertMatcher","args":[{"type":"Invocation","value":{"target":{"type":"Class","value":"androidx.test.espresso.Espresso"},"method":"onView","args":[{"type":"Invocation","value":{"target":{"type":"Class","value":"com.wix.detox.espresso.DetoxMatcher"},"method":"matcherForTestId","args":["add-expense-amount-input",{"type":"boolean","value":false}]}}]}},{"type":"Invocation","value":{"target":{"type":"Class","value":"com.wix.detox.espresso.DetoxMatcher"},"method":"matcherForSufficientlyVisible","args":[{"type":"Integer","value":75}]}},{"type":"Double","value":10}]})
03-14 23:04:04.003 15986 16016 I DetoxDispatcher: Handling action 'invoke' (ID #4)...
03-14 23:04:04.004 15986 16016 D Detox   : class com.wix.detox.espresso.DetoxMatcher, matcherForTestId, [add-expense-amount-input, false]
03-14 23:04:04.004 15986 16016 D Detox   : class androidx.test.espresso.Espresso, onView, [(view.getTag() is "add-expense-amount-input" and view has effective visibility <VISIBLE>)]
03-14 23:04:04.006 15986 16016 D Detox   : class com.wix.detox.espresso.DetoxMatcher, matcherForSufficientlyVisible, [75]
03-14 23:04:04.007 15986 16016 D Detox   : class com.wix.detox.espresso.DetoxAssertion, waitForAssertMatcher, [androidx.test.espresso.ViewInteraction@52444cc, (view has effective visibility <VISIBLE> and view.getGlobalVisibleRect() covers at least <75> percent of the view's area), 10.0]
03-14 23:04:04.010 15986 15986 I ViewInteraction: Checking 'MatchesViewAssertion(Detox){viewMatcher=(view has effective visibility <VISIBLE> and view.getGlobalVisibleRect() covers at least <75> percent of the view's area)}' assertion on view (view.getTag() is "add-expense-amount-input" and view has effective visibility <VISIBLE>)
03-14 23:04:04.016 15986 16016 I DetoxWSClient: Sending out action 'invokeResult' (ID #4)
03-14 23:04:04.016 15986 16016 I DetoxDispatcher: Done with action 'invoke'
03-14 23:04:04.022 15986 16020 D DetoxWSClient: Received action 'invoke' (ID #5, params={"target":{"type":"Invocation","value":{"target":{"type":"Class","value":"com.wix.detox.uiautomator.UiAutomator"},"method":"uiDevice","args":[]}},"method":"pressBack","args":[]})
03-14 23:04:04.024 15986 16016 I DetoxDispatcher: Handling action 'invoke' (ID #5)...
03-14 23:04:04.024 15986 16016 D Detox   : class com.wix.detox.uiautomator.UiAutomator, uiDevice, []
03-14 23:04:04.028 15986 16016 I UiDevice: Creating a new instance, old instance exists: false
03-14 23:04:04.033 15986 16016 I UiAutomation: Initialized for user 0 on display 0
03-14 23:04:04.052 15986 16222 V UiAutomation: Init UiAutomation@f8af8df[id=4, displayId=0, flags=0]
03-14 23:04:04.062 15986 16016 D UiDevice: Setting accessibility service flags: 65618
03-14 23:04:04.073 15986 16041 D TrafficStats: tagSocket(170) with statsTag=0xffffffff, statsUid=-1
03-14 23:04:04.644 15986 16016 D UiDevice: Pressing back button.
03-14 23:04:04.814 15986 15986 D InsetsController: hide(ime(), fromIme=true)
03-14 23:04:04.923 15986 16027 D EGL_emulation: app_time_stats: avg=138.93ms min=22.73ms max=389.53ms count=7
03-14 23:04:05.066 15986 15986 I ImeTracker: com.mcfuzzysquirrel.studentfinance:6ab0c37d: onRequestHide at ORIGIN_CLIENT reason HIDE_SOFT_INPUT_ON_ANIMATION_STATE_CHANGED fromUser false
03-14 23:04:05.069 15986 15986 I ImeTracker: com.google.android.inputmethod.latin:1f44b974: onHidden
03-14 23:04:05.902 15986 16016 W InteractionController: Timed out waiting 1000ms for command and events.
03-14 23:04:05.905 15986 16016 I DetoxWSClient: Sending out action 'invokeResult' (ID #5)
03-14 23:04:05.908 15986 16016 I DetoxDispatcher: Done with action 'invoke'
03-14 23:04:05.942 15986 16020 D DetoxWSClient: Received action 'invoke' (ID #6, params={"target":{"type":"Class","value":"com.wix.detox.espresso.DetoxAssertion"},"method":"waitForAssertMatcher","args":[{"type":"Invocation","value":{"target":{"type":"Class","value":"androidx.test.espresso.Espresso"},"method":"onView","args":[{"type":"Invocation","value":{"target":{"type":"Class","value":"com.wix.detox.espresso.DetoxMatcher"},"method":"matcherForTestId","args":["dashboard-add-expense-button",{"type":"boolean","value":false}]}}]}},{"type":"Invocation","value":{"target":{"type":"Class","value":"com.wix.detox.espresso.DetoxMatcher"},"method":"matcherForSufficientlyVisible","args":[{"type":"Integer","value":75}]}},{"type":"Double","value":10}]})
03-14 23:04:05.965 15986 16016 I DetoxDispatcher: Handling action 'invoke' (ID #6)...
03-14 23:04:06.023 15986 16016 D Detox   : class com.wix.detox.espresso.DetoxMatcher, matcherForTestId, [dashboard-add-expense-button, false]
03-14 23:04:06.038 15986 16036 D TrafficStats: tagSocket(131) with statsTag=0xffffffff, statsUid=-1
03-14 23:04:06.040 15986 16016 D Detox   : class androidx.test.espresso.Espresso, onView, [(view.getTag() is "dashboard-add-expense-button" and view has effective visibility <VISIBLE>)]
03-14 23:04:06.042 15986 16016 D Detox   : class com.wix.detox.espresso.DetoxMatcher, matcherForSufficientlyVisible, [75]
03-14 23:04:06.043 15986 16016 D Detox   : class com.wix.detox.espresso.DetoxAssertion, waitForAssertMatcher, [androidx.test.espresso.ViewInteraction@782f671, (view has effective visibility <VISIBLE> and view.getGlobalVisibleRect() covers at least <75> percent of the view's area), 10.0]
03-14 23:04:06.075 15986 15986 I ViewInteraction: Checking 'MatchesViewAssertion(Detox){viewMatcher=(view has effective visibility <VISIBLE> and view.getGlobalVisibleRect() covers at least <75> percent of the view's area)}' assertion on view (view.getTag() is "dashboard-add-expense-button" and view has effective visibility <VISIBLE>)
03-14 23:04:06.094 15986 16041 D TrafficStats: tagSocket(131) with statsTag=0xffffffff, statsUid=-1
03-14 23:04:06.152 15986 15986 I ViewInteraction: Checking 'MatchesViewAssertion(Detox){viewMatcher=(view has effective visibility <VISIBLE> and view.getGlobalVisibleRect() covers at least <75> percent of the view's area)}' assertion on view (view.getTag() is "dashboard-add-expense-button" and view has effective visibility <VISIBLE>)
03-14 23:04:06.202 15986 15986 I ViewInteraction: Checking 'MatchesViewAssertion(Detox){viewMatcher=(view has effective visibility <VISIBLE> and view.getGlobalVisibleRect() covers at least <75> percent of the view's area)}' assertion on view (view.getTag() is "dashboard-add-expense-button" and view has effective visibility <VISIBLE>)
03-14 23:04:06.213 15986 15995 I .studentfinance: Background concurrent mark compact GC freed 33MB AllocSpace bytes, 41(2320KB) LOS objects, 49% free, 13MB/26MB, paused 538us,15.358ms total 254.241ms
03-14 23:04:06.240 15986 15986 I ViewInteraction: Checking 'MatchesViewAssertion(Detox){viewMatcher=(view has effective visibility <VISIBLE> and view.getGlobalVisibleRect() covers at least <75> percent of the view's area)}' assertion on view (view.getTag() is "dashboard-add-expense-button" and view has effective visibility <VISIBLE>)
03-14 23:04:06.276 15986 15986 I ViewInteraction: Checking 'MatchesViewAssertion(Detox){viewMatcher=(view has effective visibility <VISIBLE> and view.getGlobalVisibleRect() covers at least <75> percent of the view's area)}' assertion on view (view.getTag() is "dashboard-add-expense-button" and view has effective visibility <VISIBLE>)
03-14 23:04:06.316 15986 15986 I ViewInteraction: Checking 'MatchesViewAssertion(Detox){viewMatcher=(view has effective visibility <VISIBLE> and view.getGlobalVisibleRect() covers at least <75> percent of the view's area)}' assertion on view (view.getTag() is "dashboard-add-expense-button" and view has effective visibility <VISIBLE>)
03-14 23:04:06.344 15986 16027 D EGL_emulation: app_time_stats: avg=264.86ms min=51.78ms max=519.77ms count=5
03-14 23:04:06.370 15986 15986 I ViewInteraction: Checking 'MatchesViewAssertion(Detox){viewMatcher=(view has effective visibility <VISIBLE> and view.getGlobalVisibleRect() covers at least <75> percent of the view's area)}' assertion on view (view.getTag() is "dashboard-add-expense-button" and view has effective visibility <VISIBLE>)
03-14 23:04:06.417 15986 15986 I ViewInteraction: Checking 'MatchesViewAssertion(Detox){viewMatcher=(view has effective visibility <VISIBLE> and view.getGlobalVisibleRect() covers at least <75> percent of the view's area)}' assertion on view (view.getTag() is "dashboard-add-expense-button" and view has effective visibility <VISIBLE>)
03-14 23:04:06.457 15986 15986 I ViewInteraction: Checking 'MatchesViewAssertion(Detox){viewMatcher=(view has effective visibility <VISIBLE> and view.getGlobalVisibleRect() covers at least <75> percent of the view's area)}' assertion on view (view.getTag() is "dashboard-add-expense-button" and view has effective visibility <VISIBLE>)
03-14 23:04:06.494 15986 15986 I ViewInteraction: Checking 'MatchesViewAssertion(Detox){viewMatcher=(view has effective visibility <VISIBLE> and view.getGlobalVisibleRect() covers at least <75> percent of the view's area)}' assertion on view (view.getTag() is "dashboard-add-expense-button" and view has effective visibility <VISIBLE>)
03-14 23:04:06.536 15986 15986 I ViewInteraction: Checking 'MatchesViewAssertion(Detox){viewMatcher=(view has effective visibility <VISIBLE> and view.getGlobalVisibleRect() covers at least <75> percent of the view's area)}' assertion on view (view.getTag() is "dashboard-add-expense-button" and view has effective visibility <VISIBLE>)
03-14 23:04:06.577 15986 15986 I ViewInteraction: Checking 'MatchesViewAssertion(Detox){viewMatcher=(view has effective visibility <VISIBLE> and view.getGlobalVisibleRect() covers at least <75> percent of the view's area)}' assertion on view (view.getTag() is "dashboard-add-expense-button" and view has effective visibility <VISIBLE>)
03-14 23:04:06.625 15986 15986 I ViewInteraction: Checking 'MatchesViewAssertion(Detox){viewMatcher=(view has effective visibility <VISIBLE> and view.getGlobalVisibleRect() covers at least <75> percent of the view's area)}' assertion on view (view.getTag() is "dashboard-add-expense-button" and view has effective visibility <VISIBLE>)
03-14 23:04:06.667 15986 15986 I ViewInteraction: Checking 'MatchesViewAssertion(Detox){viewMatcher=(view has effective visibility <VISIBLE> and view.getGlobalVisibleRect() covers at least <75> percent of the view's area)}' assertion on view (view.getTag() is "dashboard-add-expense-button" and view has effective visibility <VISIBLE>)
03-14 23:04:06.718 15986 15986 I ViewInteraction: Checking 'MatchesViewAssertion(Detox){viewMatcher=(view has effective visibility <VISIBLE> and view.getGlobalVisibleRect() covers at least <75> percent of the view's area)}' assertion on view (view.getTag() is "dashboard-add-expense-button" and view has effective visibility <VISIBLE>)
03-14 23:04:06.761 15986 15986 I ViewInteraction: Checking 'MatchesViewAssertion(Detox){viewMatcher=(view has effective visibility <VISIBLE> and view.getGlobalVisibleRect() covers at least <75> percent of the view's area)}' assertion on view (view.getTag() is "dashboard-add-expense-button" and view has effective visibility <VISIBLE>)
03-14 23:04:06.799 15986 15986 I ViewInteraction: Checking 'MatchesViewAssertion(Detox){viewMatcher=(view has effective visibility <VISIBLE> and view.getGlobalVisibleRect() covers at least <75> percent of the view's area)}' assertion on view (view.getTag() is "dashboard-add-expense-button" and view has effective visibility <VISIBLE>)
03-14 23:04:06.857 15986 15986 I ViewInteraction: Checking 'MatchesViewAssertion(Detox){viewMatcher=(view has effective visibility <VISIBLE> and view.getGlobalVisibleRect() covers at least <75> percent of the view's area)}' assertion on view (view.getTag() is "dashboard-add-expense-button" and view has effective visibility <VISIBLE>)
03-14 23:04:06.905 15986 15986 I ViewInteraction: Checking 'MatchesViewAssertion(Detox){viewMatcher=(view has effective visibility <VISIBLE> and view.getGlobalVisibleRect() covers at least <75> percent of the view's area)}' assertion on view (view.getTag() is "dashboard-add-expense-button" and view has effective visibility <VISIBLE>)
03-14 23:04:06.948 15986 15986 I ViewInteraction: Checking 'MatchesViewAssertion(Detox){viewMatcher=(view has effective visibility <VISIBLE> and view.getGlobalVisibleRect() covers at least <75> percent of the view's area)}' assertion on view (view.getTag() is "dashboard-add-expense-button" and view has effective visibility <VISIBLE>)
03-14 23:04:06.990 15986 15986 I ViewInteraction: Checking 'MatchesViewAssertion(Detox){viewMatcher=(view has effective visibility <VISIBLE> and view.getGlobalVisibleRect() covers at least <75> percent of the view's area)}' assertion on view (view.getTag() is "dashboard-add-expense-button" and view has effective visibility <VISIBLE>)
03-14 23:04:07.033 15986 15986 I ViewInteraction: Checking 'MatchesViewAssertion(Detox){viewMatcher=(view has effective visibility <VISIBLE> and view.getGlobalVisibleRect() covers at least <75> percent of the view's area)}' assertion on view (view.getTag() is "dashboard-add-expense-button" and view has effective visibility <VISIBLE>)
03-14 23:04:07.072 15986 15986 I ViewInteraction: Checking 'MatchesViewAssertion(Detox){viewMatcher=(view has effective visibility <VISIBLE> and view.getGlobalVisibleRect() covers at least <75> percent of the view's area)}' assertion on view (view.getTag() is "dashboard-add-expense-button" and view has effective visibility <VISIBLE>)
03-14 23:04:07.113 15986 15986 I ViewInteraction: Checking 'MatchesViewAssertion(Detox){viewMatcher=(view has effective visibility <VISIBLE> and view.getGlobalVisibleRect() covers at least <75> percent of the view's area)}' assertion on view (view.getTag() is "dashboard-add-expense-button" and view has effective visibility <VISIBLE>)
03-14 23:04:07.150 15986 15986 I ViewInteraction: Checking 'MatchesViewAssertion(Detox){viewMatcher=(view has effective visibility <VISIBLE> and view.getGlobalVisibleRect() covers at least <75> percent of the view's area)}' assertion on view (view.getTag() is "dashboard-add-expense-button" and view has effective visibility <VISIBLE>)
03-14 23:04:07.184 15986 15986 I ViewInteraction: Checking 'MatchesViewAssertion(Detox){viewMatcher=(view has effective visibility <VISIBLE> and view.getGlobalVisibleRect() covers at least <75> percent of the view's area)}' assertion on view (view.getTag() is "dashboard-add-expense-button" and view has effective visibility <VISIBLE>)
03-14 23:04:07.218 15986 15986 I ViewInteraction: Checking 'MatchesViewAssertion(Detox){viewMatcher=(view has effective visibility <VISIBLE> and view.getGlobalVisibleRect() covers at least <75> percent of the view's area)}' assertion on view (view.getTag() is "dashboard-add-expense-button" and view has effective visibility <VISIBLE>)
03-14 23:04:07.262 15986 15986 I ViewInteraction: Checking 'MatchesViewAssertion(Detox){viewMatcher=(view has effective visibility <VISIBLE> and view.getGlobalVisibleRect() covers at least <75> percent of the view's area)}' assertion on view (view.getTag() is "dashboard-add-expense-button" and view has effective visibility <VISIBLE>)
03-14 23:04:07.299 15986 15986 I ViewInteraction: Checking 'MatchesViewAssertion(Detox){viewMatcher=(view has effective visibility <VISIBLE> and view.getGlobalVisibleRect() covers at least <75> percent of the view's area)}' assertion on view (view.getTag() is "dashboard-add-expense-button" and view has effective visibility <VISIBLE>)
03-14 23:04:07.351 15986 15986 I ViewInteraction: Checking 'MatchesViewAssertion(Detox){viewMatcher=(view has effective visibility <VISIBLE> and view.getGlobalVisibleRect() covers at least <75> percent of the view's area)}' assertion on view (view.getTag() is "dashboard-add-expense-button" and view has effective visibility <VISIBLE>)
03-14 23:04:07.395 15986 15986 I ViewInteraction: Checking 'MatchesViewAssertion(Detox){viewMatcher=(view has effective visibility <VISIBLE> and view.getGlobalVisibleRect() covers at least <75> percent of the view's area)}' assertion on view (view.getTag() is "dashboard-add-expense-button" and view has effective visibility <VISIBLE>)
03-14 23:04:07.431 15986 15986 I ViewInteraction: Checking 'MatchesViewAssertion(Detox){viewMatcher=(view has effective visibility <VISIBLE> and view.getGlobalVisibleRect() covers at least <75> percent of the view's area)}' assertion on view (view.getTag() is "dashboard-add-expense-button" and view has effective visibility <VISIBLE>)
03-14 23:04:07.472 15986 15986 I ViewInteraction: Checking 'MatchesViewAssertion(Detox){viewMatcher=(view has effective visibility <VISIBLE> and view.getGlobalVisibleRect() covers at least <75> percent of the view's area)}' assertion on view (view.getTag() is "dashboard-add-expense-button" and view has effective visibility <VISIBLE>)
03-14 23:04:07.514 15986 15986 I ViewInteraction: Checking 'MatchesViewAssertion(Detox){viewMatcher=(view has effective visibility <VISIBLE> and view.getGlobalVisibleRect() covers at least <75> percent of the view's area)}' assertion on view (view.getTag() is "dashboard-add-expense-button" and view has effective visibility <VISIBLE>)
03-14 23:04:07.551 15986 15986 I ViewInteraction: Checking 'MatchesViewAssertion(Detox){viewMatcher=(view has effective visibility <VISIBLE> and view.getGlobalVisibleRect() covers at least <75> percent of the view's area)}' assertion on view (view.getTag() is "dashboard-add-expense-button" and view has effective visibility <VISIBLE>)
03-14 23:04:07.594 15986 15986 I ViewInteraction: Checking 'MatchesViewAssertion(Detox){viewMatcher=(view has effective visibility <VISIBLE> and view.getGlobalVisibleRect() covers at least <75> percent of the view's area)}' assertion on view (view.getTag() is "dashboard-add-expense-button" and view has effective visibility <VISIBLE>)
03-14 23:04:07.629 15986 15986 I ViewInteraction: Checking 'MatchesViewAssertion(Detox){viewMatcher=(view has effective visibility <VISIBLE> and view.getGlobalVisibleRect() covers at least <75> percent of the view's area)}' assertion on view (view.getTag() is "dashboard-add-expense-button" and view has effective visibility <VISIBLE>)
03-14 23:04:07.663 15986 15986 I ViewInteraction: Checking 'MatchesViewAssertion(Detox){viewMatcher=(view has effective visibility <VISIBLE> and view.getGlobalVisibleRect() covers at least <75> percent of the view's area)}' assertion on view (view.getTag() is "dashboard-add-expense-button" and view has effective visibility <VISIBLE>)
03-14 23:04:07.698 15986 15986 I ViewInteraction: Checking 'MatchesViewAssertion(Detox){viewMatcher=(view has effective visibility <VISIBLE> and view.getGlobalVisibleRect() covers at least <75> percent of the view's area)}' assertion on view (view.getTag() is "dashboard-add-expense-button" and view has effective visibility <VISIBLE>)
03-14 23:04:07.732 15986 15986 I ViewInteraction: Checking 'MatchesViewAssertion(Detox){viewMatcher=(view has effective visibility <VISIBLE> and view.getGlobalVisibleRect() covers at least <75> percent of the view's area)}' assertion on view (view.getTag() is "dashboard-add-expense-button" and view has effective visibility <VISIBLE>)
03-14 23:04:07.768 15986 15986 I ViewInteraction: Checking 'MatchesViewAssertion(Detox){viewMatcher=(view has effective visibility <VISIBLE> and view.getGlobalVisibleRect() covers at least <75> percent of the view's area)}' assertion on view (view.getTag() is "dashboard-add-expense-button" and view has effective visibility <VISIBLE>)
03-14 23:04:07.805 15986 15986 I ViewInteraction: Checking 'MatchesViewAssertion(Detox){viewMatcher=(view has effective visibility <VISIBLE> and view.getGlobalVisibleRect() covers at least <75> percent of the view's area)}' assertion on view (view.getTag() is "dashboard-add-expense-button" and view has effective visibility <VISIBLE>)
03-14 23:04:07.842 15986 16027 D EGL_emulation: app_time_stats: avg=499.09ms min=496.32ms max=503.15ms count=3
03-14 23:04:07.856 15986 15986 I ViewInteraction: Checking 'MatchesViewAssertion(Detox){viewMatcher=(view has effective visibility <VISIBLE> and view.getGlobalVisibleRect() covers at least <75> percent of the view's area)}' assertion on view (view.getTag() is "dashboard-add-expense-button" and view has effective visibility <VISIBLE>)
03-14 23:04:07.897 15986 15986 I ViewInteraction: Checking 'MatchesViewAssertion(Detox){viewMatcher=(view has effective visibility <VISIBLE> and view.getGlobalVisibleRect() covers at least <75> percent of the view's area)}' assertion on view (view.getTag() is "dashboard-add-expense-button" and view has effective visibility <VISIBLE>)
03-14 23:04:07.933 15986 15986 I ViewInteraction: Checking 'MatchesViewAssertion(Detox){viewMatcher=(view has effective visibility <VISIBLE> and view.getGlobalVisibleRect() covers at least <75> percent of the view's area)}' assertion on view (view.getTag() is "dashboard-add-expense-button" and view has effective visibility <VISIBLE>)
03-14 23:04:07.968 15986 15986 I ViewInteraction: Checking 'MatchesViewAssertion(Detox){viewMatcher=(view has effective visibility <VISIBLE> and view.getGlobalVisibleRect() covers at least <75> percent of the view's area)}' assertion on view (view.getTag() is "dashboard-add-expense-button" and view has effective visibility <VISIBLE>)
03-14 23:04:08.003 15986 15986 I ViewInteraction: Checking 'MatchesViewAssertion(Detox){viewMatcher=(view has effective visibility <VISIBLE> and view.getGlobalVisibleRect() covers at least <75> percent of the view's area)}' assertion on view (view.getTag() is "dashboard-add-expense-button" and view has effective visibility <VISIBLE>)
03-14 23:04:08.039 15986 15986 I ViewInteraction: Checking 'MatchesViewAssertion(Detox){viewMatcher=(view has effective visibility <VISIBLE> and view.getGlobalVisibleRect() covers at least <75> percent of the view's area)}' assertion on view (view.getTag() is "dashboard-add-expense-button" and view has effective visibility <VISIBLE>)
03-14 23:04:08.044 15986 16036 D TrafficStats: tagSocket(136) with statsTag=0xffffffff, statsUid=-1
03-14 23:04:08.073 15986 15986 I ViewInteraction: Checking 'MatchesViewAssertion(Detox){viewMatcher=(view has effective visibility <VISIBLE> and view.getGlobalVisibleRect() covers at least <75> percent of the view's area)}' assertion on view (view.getTag() is "dashboard-add-expense-button" and view has effective visibility <VISIBLE>)
03-14 23:04:08.099 15986 16041 D TrafficStats: tagSocket(136) with statsTag=0xffffffff, statsUid=-1
03-14 23:04:08.111 15986 15986 I ViewInteraction: Checking 'MatchesViewAssertion(Detox){viewMatcher=(view has effective visibility <VISIBLE> and view.getGlobalVisibleRect() covers at least <75> percent of the view's area)}' assertion on view (view.getTag() is "dashboard-add-expense-button" and view has effective visibility <VISIBLE>)
03-14 23:04:08.145 15986 15986 I ViewInteraction: Checking 'MatchesViewAssertion(Detox){viewMatcher=(view has effective visibility <VISIBLE> and view.getGlobalVisibleRect() covers at least <75> percent of the view's area)}' assertion on view (view.getTag() is "dashboard-add-expense-button" and view has effective visibility <VISIBLE>)
03-14 23:04:08.184 15986 15986 I ViewInteraction: Checking 'MatchesViewAssertion(Detox){viewMatcher=(view has effective visibility <VISIBLE> and view.getGlobalVisibleRect() covers at least <75> percent of the view's area)}' assertion on view (view.getTag() is "dashboard-add-expense-button" and view has effective visibility <VISIBLE>)
03-14 23:04:08.219 15986 15986 I ViewInteraction: Checking 'MatchesViewAssertion(Detox){viewMatcher=(view has effective visibility <VISIBLE> and view.getGlobalVisibleRect() covers at least <75> percent of the view's area)}' assertion on view (view.getTag() is "dashboard-add-expense-button" and view has effective visibility <VISIBLE>)
03-14 23:04:08.254 15986 15986 I ViewInteraction: Checking 'MatchesViewAssertion(Detox){viewMatcher=(view has effective visibility <VISIBLE> and view.getGlobalVisibleRect() covers at least <75> percent of the view's area)}' assertion on view (view.getTag() is "dashboard-add-expense-button" and view has effective visibility <VISIBLE>)
03-14 23:04:08.288 15986 15986 I ViewInteraction: Checking 'MatchesViewAssertion(Detox){viewMatcher=(view has effective visibility <VISIBLE> and view.getGlobalVisibleRect() covers at least <75> percent of the view's area)}' assertion on view (view.getTag() is "dashboard-add-expense-button" and view has effective visibility <VISIBLE>)
03-14 23:04:08.377 15986 15986 I ViewInteraction: Checking 'MatchesViewAssertion(Detox){viewMatcher=(view has effective visibility <VISIBLE> and view.getGlobalVisibleRect() covers at least <75> percent of the view's area)}' assertion on view (view.getTag() is "dashboard-add-expense-button" and view has effective visibility <VISIBLE>)
03-14 23:04:08.415 15986 15986 I ViewInteraction: Checking 'MatchesViewAssertion(Detox){viewMatcher=(view has effective visibility <VISIBLE> and view.getGlobalVisibleRect() covers at least <75> percent of the view's area)}' assertion on view (view.getTag() is "dashboard-add-expense-button" and view has effective visibility <VISIBLE>)
03-14 23:04:08.450 15986 15986 I ViewInteraction: Checking 'MatchesViewAssertion(Detox){viewMatcher=(view has effective visibility <VISIBLE> and view.getGlobalVisibleRect() covers at least <75> percent of the view's area)}' assertion on view (view.getTag() is "dashboard-add-expense-button" and view has effective visibility <VISIBLE>)
03-14 23:04:08.484 15986 15986 I ViewInteraction: Checking 'MatchesViewAssertion(Detox){viewMatcher=(view has effective visibility <VISIBLE> and view.getGlobalVisibleRect() covers at least <75> percent of the view's area)}' assertion on view (view.getTag() is "dashboard-add-expense-button" and view has effective visibility <VISIBLE>)
03-14 23:04:08.521 15986 15986 I ViewInteraction: Checking 'MatchesViewAssertion(Detox){viewMatcher=(view has effective visibility <VISIBLE> and view.getGlobalVisibleRect() covers at least <75> percent of the view's area)}' assertion on view (view.getTag() is "dashboard-add-expense-button" and view has effective visibility <VISIBLE>)
03-14 23:04:08.563 15986 15986 I ViewInteraction: Checking 'MatchesViewAssertion(Detox){viewMatcher=(view has effective visibility <VISIBLE> and view.getGlobalVisibleRect() covers at least <75> percent of the view's area)}' assertion on view (view.getTag() is "dashboard-add-expense-button" and view has effective visibility <VISIBLE>)
03-14 23:04:08.625 15986 15986 I ViewInteraction: Checking 'MatchesViewAssertion(Detox){viewMatcher=(view has effective visibility <VISIBLE> and view.getGlobalVisibleRect() covers at least <75> percent of the view's area)}' assertion on view (view.getTag() is "dashboard-add-expense-button" and view has effective visibility <VISIBLE>)
03-14 23:04:08.662 15986 15986 I ViewInteraction: Checking 'MatchesViewAssertion(Detox){viewMatcher=(view has effective visibility <VISIBLE> and view.getGlobalVisibleRect() covers at least <75> percent of the view's area)}' assertion on view (view.getTag() is "dashboard-add-expense-button" and view has effective visibility <VISIBLE>)
03-14 23:04:08.697 15986 15986 I ViewInteraction: Checking 'MatchesViewAssertion(Detox){viewMatcher=(view has effective visibility <VISIBLE> and view.getGlobalVisibleRect() covers at least <75> percent of the view's area)}' assertion on view (view.getTag() is "dashboard-add-expense-button" and view has effective visibility <VISIBLE>)
03-14 23:04:08.733 15986 15986 I ViewInteraction: Checking 'MatchesViewAssertion(Detox){viewMatcher=(view has effective visibility <VISIBLE> and view.getGlobalVisibleRect() covers at least <75> percent of the view's area)}' assertion on view (view.getTag() is "dashboard-add-expense-button" and view has effective visibility <VISIBLE>)
03-14 23:04:08.768 15986 15986 I ViewInteraction: Checking 'MatchesViewAssertion(Detox){viewMatcher=(view has effective visibility <VISIBLE> and view.getGlobalVisibleRect() covers at least <75> percent of the view's area)}' assertion on view (view.getTag() is "dashboard-add-expense-button" and view has effective visibility <VISIBLE>)
03-14 23:04:08.810 15986 15986 I ViewInteraction: Checking 'MatchesViewAssertion(Detox){viewMatcher=(view has effective visibility <VISIBLE> and view.getGlobalVisibleRect() covers at least <75> percent of the view's area)}' assertion on view (view.getTag() is "dashboard-add-expense-button" and view has effective visibility <VISIBLE>)
03-14 23:04:08.842 15986 16027 D EGL_emulation: app_time_stats: avg=500.10ms min=500.02ms max=500.18ms count=2
03-14 23:04:08.857 15986 15986 I ViewInteraction: Checking 'MatchesViewAssertion(Detox){viewMatcher=(view has effective visibility <VISIBLE> and view.getGlobalVisibleRect() covers at least <75> percent of the view's area)}' assertion on view (view.getTag() is "dashboard-add-expense-button" and view has effective visibility <VISIBLE>)
03-14 23:04:08.901 15986 15986 I ViewInteraction: Checking 'MatchesViewAssertion(Detox){viewMatcher=(view has effective visibility <VISIBLE> and view.getGlobalVisibleRect() covers at least <75> percent of the view's area)}' assertion on view (view.getTag() is "dashboard-add-expense-button" and view has effective visibility <VISIBLE>)
03-14 23:04:08.937 15986 15986 I ViewInteraction: Checking 'MatchesViewAssertion(Detox){viewMatcher=(view has effective visibility <VISIBLE> and view.getGlobalVisibleRect() covers at least <75> percent of the view's area)}' assertion on view (view.getTag() is "dashboard-add-expense-button" and view has effective visibility <VISIBLE>)
03-14 23:04:08.972 15986 15986 I ViewInteraction: Checking 'MatchesViewAssertion(Detox){viewMatcher=(view has effective visibility <VISIBLE> and view.getGlobalVisibleRect() covers at least <75> percent of the view's area)}' assertion on view (view.getTag() is "dashboard-add-expense-button" and view has effective visibility <VISIBLE>)
03-14 23:04:09.011 15986 15986 I ViewInteraction: Checking 'MatchesViewAssertion(Detox){viewMatcher=(view has effective visibility <VISIBLE> and view.getGlobalVisibleRect() covers at least <75> percent of the view's area)}' assertion on view (view.getTag() is "dashboard-add-expense-button" and view has effective visibility <VISIBLE>)
03-14 23:04:09.046 15986 15986 I ViewInteraction: Checking 'MatchesViewAssertion(Detox){viewMatcher=(view has effective visibility <VISIBLE> and view.getGlobalVisibleRect() covers at least <75> percent of the view's area)}' assertion on view (view.getTag() is "dashboard-add-expense-button" and view has effective visibility <VISIBLE>)
03-14 23:04:09.082 15986 15986 I ViewInteraction: Checking 'MatchesViewAssertion(Detox){viewMatcher=(view has effective visibility <VISIBLE> and view.getGlobalVisibleRect() covers at least <75> percent of the view's area)}' assertion on view (view.getTag() is "dashboard-add-expense-button" and view has effective visibility <VISIBLE>)
03-14 23:04:09.118 15986 15986 I ViewInteraction: Checking 'MatchesViewAssertion(Detox){viewMatcher=(view has effective visibility <VISIBLE> and view.getGlobalVisibleRect() covers at least <75> percent of the view's area)}' assertion on view (view.getTag() is "dashboard-add-expense-button" and view has effective visibility <VISIBLE>)
03-14 23:04:09.153 15986 15986 I ViewInteraction: Checking 'MatchesViewAssertion(Detox){viewMatcher=(view has effective visibility <VISIBLE> and view.getGlobalVisibleRect() covers at least <75> percent of the view's area)}' assertion on view (view.getTag() is "dashboard-add-expense-button" and view has effective visibility <VISIBLE>)
03-14 23:04:09.187 15986 15986 I ViewInteraction: Checking 'MatchesViewAssertion(Detox){viewMatcher=(view has effective visibility <VISIBLE> and view.getGlobalVisibleRect() covers at least <75> percent of the view's area)}' assertion on view (view.getTag() is "dashboard-add-expense-button" and view has effective visibility <VISIBLE>)
03-14 23:04:09.222 15986 15986 I ViewInteraction: Checking 'MatchesViewAssertion(Detox){viewMatcher=(view has effective visibility <VISIBLE> and view.getGlobalVisibleRect() covers at least <75> percent of the view's area)}' assertion on view (view.getTag() is "dashboard-add-expense-button" and view has effective visibility <VISIBLE>)
03-14 23:04:09.262 15986 15986 I ViewInteraction: Checking 'MatchesViewAssertion(Detox){viewMatcher=(view has effective visibility <VISIBLE> and view.getGlobalVisibleRect() covers at least <75> percent of the view's area)}' assertion on view (view.getTag() is "dashboard-add-expense-button" and view has effective visibility <VISIBLE>)
03-14 23:04:09.301 15986 15986 I ViewInteraction: Checking 'MatchesViewAssertion(Detox){viewMatcher=(view has effective visibility <VISIBLE> and view.getGlobalVisibleRect() covers at least <75> percent of the view's area)}' assertion on view (view.getTag() is "dashboard-add-expense-button" and view has effective visibility <VISIBLE>)
03-14 23:04:09.358 15986 15986 I ViewInteraction: Checking 'MatchesViewAssertion(Detox){viewMatcher=(view has effective visibility <VISIBLE> and view.getGlobalVisibleRect() covers at least <75> percent of the view's area)}' assertion on view (view.getTag() is "dashboard-add-expense-button" and view has effective visibility <VISIBLE>)
03-14 23:04:09.402 15986 15986 I ViewInteraction: Checking 'MatchesViewAssertion(Detox){viewMatcher=(view has effective visibility <VISIBLE> and view.getGlobalVisibleRect() covers at least <75> percent of the view's area)}' assertion on view (view.getTag() is "dashboard-add-expense-button" and view has effective visibility <VISIBLE>)
03-14 23:04:09.439 15986 15986 I ViewInteraction: Checking 'MatchesViewAssertion(Detox){viewMatcher=(view has effective visibility <VISIBLE> and view.getGlobalVisibleRect() covers at least <75> percent of the view's area)}' assertion on view (view.getTag() is "dashboard-add-expense-button" and view has effective visibility <VISIBLE>)
03-14 23:04:09.474 15986 15986 I ViewInteraction: Checking 'MatchesViewAssertion(Detox){viewMatcher=(view has effective visibility <VISIBLE> and view.getGlobalVisibleRect() covers at least <75> percent of the view's area)}' assertion on view (view.getTag() is "dashboard-add-expense-button" and view has effective visibility <VISIBLE>)
03-14 23:04:09.508 15986 15986 I ViewInteraction: Checking 'MatchesViewAssertion(Detox){viewMatcher=(view has effective visibility <VISIBLE> and view.getGlobalVisibleRect() covers at least <75> percent of the view's area)}' assertion on view (view.getTag() is "dashboard-add-expense-button" and view has effective visibility <VISIBLE>)
03-14 23:04:09.542 15986 15986 I ViewInteraction: Checking 'MatchesViewAssertion(Detox){viewMatcher=(view has effective visibility <VISIBLE> and view.getGlobalVisibleRect() covers at least <75> percent of the view's area)}' assertion on view (view.getTag() is "dashboard-add-expense-button" and view has effective visibility <VISIBLE>)
03-14 23:04:09.581 15986 15986 I ViewInteraction: Checking 'MatchesViewAssertion(Detox){viewMatcher=(view has effective visibility <VISIBLE> and view.getGlobalVisibleRect() covers at least <75> percent of the view's area)}' assertion on view (view.getTag() is "dashboard-add-expense-button" and view has effective visibility <VISIBLE>)
03-14 23:04:09.617 15986 15986 I ViewInteraction: Checking 'MatchesViewAssertion(Detox){viewMatcher=(view has effective visibility <VISIBLE> and view.getGlobalVisibleRect() covers at least <75> percent of the view's area)}' assertion on view (view.getTag() is "dashboard-add-expense-button" and view has effective visibility <VISIBLE>)
03-14 23:04:09.659 15986 15986 I ViewInteraction: Checking 'MatchesViewAssertion(Detox){viewMatcher=(view has effective visibility <VISIBLE> and view.getGlobalVisibleRect() covers at least <75> percent of the view's area)}' assertion on view (view.getTag() is "dashboard-add-expense-button" and view has effective visibility <VISIBLE>)
03-14 23:04:09.698 15986 15986 I ViewInteraction: Checking 'MatchesViewAssertion(Detox){viewMatcher=(view has effective visibility <VISIBLE> and view.getGlobalVisibleRect() covers at least <75> percent of the view's area)}' assertion on view (view.getTag() is "dashboard-add-expense-button" and view has effective visibility <VISIBLE>)
03-14 23:04:09.732 15986 15986 I ViewInteraction: Checking 'MatchesViewAssertion(Detox){viewMatcher=(view has effective visibility <VISIBLE> and view.getGlobalVisibleRect() covers at least <75> percent of the view's area)}' assertion on view (view.getTag() is "dashboard-add-expense-button" and view has effective visibility <VISIBLE>)
03-14 23:04:09.769 15986 15986 I ViewInteraction: Checking 'MatchesViewAssertion(Detox){viewMatcher=(view has effective visibility <VISIBLE> and view.getGlobalVisibleRect() covers at least <75> percent of the view's area)}' assertion on view (view.getTag() is "dashboard-add-expense-button" and view has effective visibility <VISIBLE>)
03-14 23:04:09.816 15986 15986 I ViewInteraction: Checking 'MatchesViewAssertion(Detox){viewMatcher=(view has effective visibility <VISIBLE> and view.getGlobalVisibleRect() covers at least <75> percent of the view's area)}' assertion on view (view.getTag() is "dashboard-add-expense-button" and view has effective visibility <VISIBLE>)
03-14 23:04:09.854 15986 15986 I ViewInteraction: Checking 'MatchesViewAssertion(Detox){viewMatcher=(view has effective visibility <VISIBLE> and view.getGlobalVisibleRect() covers at least <75> percent of the view's area)}' assertion on view (view.getTag() is "dashboard-add-expense-button" and view has effective visibility <VISIBLE>)
03-14 23:04:09.890 15986 15986 I ViewInteraction: Checking 'MatchesViewAssertion(Detox){viewMatcher=(view has effective visibility <VISIBLE> and view.getGlobalVisibleRect() covers at least <75> percent of the view's area)}' assertion on view (view.getTag() is "dashboard-add-expense-button" and view has effective visibility <VISIBLE>)
03-14 23:04:09.925 15986 15986 I ViewInteraction: Checking 'MatchesViewAssertion(Detox){viewMatcher=(view has effective visibility <VISIBLE> and view.getGlobalVisibleRect() covers at least <75> percent of the view's area)}' assertion on view (view.getTag() is "dashboard-add-expense-button" and view has effective visibility <VISIBLE>)
03-14 23:04:09.961 15986 15986 I ViewInteraction: Checking 'MatchesViewAssertion(Detox){viewMatcher=(view has effective visibility <VISIBLE> and view.getGlobalVisibleRect() covers at least <75> percent of the view's area)}' assertion on view (view.getTag() is "dashboard-add-expense-button" and view has effective visibility <VISIBLE>)
03-14 23:04:09.997 15986 15986 I ViewInteraction: Checking 'MatchesViewAssertion(Detox){viewMatcher=(view has effective visibility <VISIBLE> and view.getGlobalVisibleRect() covers at least <75> percent of the view's area)}' assertion on view (view.getTag() is "dashboard-add-expense-button" and view has effective visibility <VISIBLE>)
03-14 23:04:10.030 15986 15986 I ViewInteraction: Checking 'MatchesViewAssertion(Detox){viewMatcher=(view has effective visibility <VISIBLE> and view.getGlobalVisibleRect() covers at least <75> percent of the view's area)}' assertion on view (view.getTag() is "dashboard-add-expense-button" and view has effective visibility <VISIBLE>)
03-14 23:04:10.047 15986 16036 D TrafficStats: tagSocket(138) with statsTag=0xffffffff, statsUid=-1
03-14 23:04:10.064 15986 15986 I ViewInteraction: Checking 'MatchesViewAssertion(Detox){viewMatcher=(view has effective visibility <VISIBLE> and view.getGlobalVisibleRect() covers at least <75> percent of the view's area)}' assertion on view (view.getTag() is "dashboard-add-expense-button" and view has effective visibility <VISIBLE>)
03-14 23:04:10.100 15986 15986 I ViewInteraction: Checking 'MatchesViewAssertion(Detox){viewMatcher=(view has effective visibility <VISIBLE> and view.getGlobalVisibleRect() covers at least <75> percent of the view's area)}' assertion on view (view.getTag() is "dashboard-add-expense-button" and view has effective visibility <VISIBLE>)
03-14 23:04:10.115 15986 16041 D TrafficStats: tagSocket(138) with statsTag=0xffffffff, statsUid=-1
03-14 23:04:10.134 15986 15986 I ViewInteraction: Checking 'MatchesViewAssertion(Detox){viewMatcher=(view has effective visibility <VISIBLE> and view.getGlobalVisibleRect() covers at least <75> percent of the view's area)}' assertion on view (view.getTag() is "dashboard-add-expense-button" and view has effective visibility <VISIBLE>)
03-14 23:04:10.173 15986 15986 I ViewInteraction: Checking 'MatchesViewAssertion(Detox){viewMatcher=(view has effective visibility <VISIBLE> and view.getGlobalVisibleRect() covers at least <75> percent of the view's area)}' assertion on view (view.getTag() is "dashboard-add-expense-button" and view has effective visibility <VISIBLE>)
03-14 23:04:10.208 15986 15986 I ViewInteraction: Checking 'MatchesViewAssertion(Detox){viewMatcher=(view has effective visibility <VISIBLE> and view.getGlobalVisibleRect() covers at least <75> percent of the view's area)}' assertion on view (view.getTag() is "dashboard-add-expense-button" and view has effective visibility <VISIBLE>)
03-14 23:04:10.244 15986 15986 I ViewInteraction: Checking 'MatchesViewAssertion(Detox){viewMatcher=(view has effective visibility <VISIBLE> and view.getGlobalVisibleRect() covers at least <75> percent of the view's area)}' assertion on view (view.getTag() is "dashboard-add-expense-button" and view has effective visibility <VISIBLE>)
03-14 23:04:10.279 15986 15986 I ViewInteraction: Checking 'MatchesViewAssertion(Detox){viewMatcher=(view has effective visibility <VISIBLE> and view.getGlobalVisibleRect() covers at least <75> percent of the view's area)}' assertion on view (view.getTag() is "dashboard-add-expense-button" and view has effective visibility <VISIBLE>)
03-14 23:04:10.314 15986 15986 I ViewInteraction: Checking 'MatchesViewAssertion(Detox){viewMatcher=(view has effective visibility <VISIBLE> and view.getGlobalVisibleRect() covers at least <75> percent of the view's area)}' assertion on view (view.getTag() is "dashboard-add-expense-button" and view has effective visibility <VISIBLE>)
03-14 23:04:10.339 15986 16027 D EGL_emulation: app_time_stats: avg=499.01ms min=497.05ms max=500.70ms count=3
03-14 23:04:10.354 15986 15986 I ViewInteraction: Checking 'MatchesViewAssertion(Detox){viewMatcher=(view has effective visibility <VISIBLE> and view.getGlobalVisibleRect() covers at least <75> percent of the view's area)}' assertion on view (view.getTag() is "dashboard-add-expense-button" and view has effective visibility <VISIBLE>)
03-14 23:04:10.396 15986 15986 I ViewInteraction: Checking 'MatchesViewAssertion(Detox){viewMatcher=(view has effective visibility <VISIBLE> and view.getGlobalVisibleRect() covers at least <75> percent of the view's area)}' assertion on view (view.getTag() is "dashboard-add-expense-button" and view has effective visibility <VISIBLE>)
03-14 23:04:10.436 15986 15986 I ViewInteraction: Checking 'MatchesViewAssertion(Detox){viewMatcher=(view has effective visibility <VISIBLE> and view.getGlobalVisibleRect() covers at least <75> percent of the view's area)}' assertion on view (view.getTag() is "dashboard-add-expense-button" and view has effective visibility <VISIBLE>)
03-14 23:04:10.476 15986 15986 I ViewInteraction: Checking 'MatchesViewAssertion(Detox){viewMatcher=(view has effective visibility <VISIBLE> and view.getGlobalVisibleRect() covers at least <75> percent of the view's area)}' assertion on view (view.getTag() is "dashboard-add-expense-button" and view has effective visibility <VISIBLE>)
03-14 23:04:10.517 15986 15986 I ViewInteraction: Checking 'MatchesViewAssertion(Detox){viewMatcher=(view has effective visibility <VISIBLE> and view.getGlobalVisibleRect() covers at least <75> percent of the view's area)}' assertion on view (view.getTag() is "dashboard-add-expense-button" and view has effective visibility <VISIBLE>)
03-14 23:04:10.556 15986 15986 I ViewInteraction: Checking 'MatchesViewAssertion(Detox){viewMatcher=(view has effective visibility <VISIBLE> and view.getGlobalVisibleRect() covers at least <75> percent of the view's area)}' assertion on view (view.getTag() is "dashboard-add-expense-button" and view has effective visibility <VISIBLE>)
03-14 23:04:10.593 15986 15986 I ViewInteraction: Checking 'MatchesViewAssertion(Detox){viewMatcher=(view has effective visibility <VISIBLE> and view.getGlobalVisibleRect() covers at least <75> percent of the view's area)}' assertion on view (view.getTag() is "dashboard-add-expense-button" and view has effective visibility <VISIBLE>)
03-14 23:04:10.630 15986 15986 I ViewInteraction: Checking 'MatchesViewAssertion(Detox){viewMatcher=(view has effective visibility <VISIBLE> and view.getGlobalVisibleRect() covers at least <75> percent of the view's area)}' assertion on view (view.getTag() is "dashboard-add-expense-button" and view has effective visibility <VISIBLE>)
03-14 23:04:10.672 15986 15986 I ViewInteraction: Checking 'MatchesViewAssertion(Detox){viewMatcher=(view has effective visibility <VISIBLE> and view.getGlobalVisibleRect() covers at least <75> percent of the view's area)}' assertion on view (view.getTag() is "dashboard-add-expense-button" and view has effective visibility <VISIBLE>)
03-14 23:04:10.706 15986 15986 I ViewInteraction: Checking 'MatchesViewAssertion(Detox){viewMatcher=(view has effective visibility <VISIBLE> and view.getGlobalVisibleRect() covers at least <75> percent of the view's area)}' assertion on view (view.getTag() is "dashboard-add-expense-button" and view has effective visibility <VISIBLE>)
03-14 23:04:10.740 15986 15986 I ViewInteraction: Checking 'MatchesViewAssertion(Detox){viewMatcher=(view has effective visibility <VISIBLE> and view.getGlobalVisibleRect() covers at least <75> percent of the view's area)}' assertion on view (view.getTag() is "dashboard-add-expense-button" and view has effective visibility <VISIBLE>)
03-14 23:04:10.777 15986 15986 I ViewInteraction: Checking 'MatchesViewAssertion(Detox){viewMatcher=(view has effective visibility <VISIBLE> and view.getGlobalVisibleRect() covers at least <75> percent of the view's area)}' assertion on view (view.getTag() is "dashboard-add-expense-button" and view has effective visibility <VISIBLE>)
03-14 23:04:10.814 15986 15986 I ViewInteraction: Checking 'MatchesViewAssertion(Detox){viewMatcher=(view has effective visibility <VISIBLE> and view.getGlobalVisibleRect() covers at least <75> percent of the view's area)}' assertion on view (view.getTag() is "dashboard-add-expense-button" and view has effective visibility <VISIBLE>)
03-14 23:04:10.857 15986 15986 I ViewInteraction: Checking 'MatchesViewAssertion(Detox){viewMatcher=(view has effective visibility <VISIBLE> and view.getGlobalVisibleRect() covers at least <75> percent of the view's area)}' assertion on view (view.getTag() is "dashboard-add-expense-button" and view has effective visibility <VISIBLE>)
03-14 23:04:10.904 15986 15986 I ViewInteraction: Checking 'MatchesViewAssertion(Detox){viewMatcher=(view has effective visibility <VISIBLE> and view.getGlobalVisibleRect() covers at least <75> percent of the view's area)}' assertion on view (view.getTag() is "dashboard-add-expense-button" and view has effective visibility <VISIBLE>)
03-14 23:04:10.942 15986 15986 I ViewInteraction: Checking 'MatchesViewAssertion(Detox){viewMatcher=(view has effective visibility <VISIBLE> and view.getGlobalVisibleRect() covers at least <75> percent of the view's area)}' assertion on view (view.getTag() is "dashboard-add-expense-button" and view has effective visibility <VISIBLE>)
03-14 23:04:10.977 15986 15986 I ViewInteraction: Checking 'MatchesViewAssertion(Detox){viewMatcher=(view has effective visibility <VISIBLE> and view.getGlobalVisibleRect() covers at least <75> percent of the view's area)}' assertion on view (view.getTag() is "dashboard-add-expense-button" and view has effective visibility <VISIBLE>)
03-14 23:04:11.016 15986 15986 I ViewInteraction: Checking 'MatchesViewAssertion(Detox){viewMatcher=(view has effective visibility <VISIBLE> and view.getGlobalVisibleRect() covers at least <75> percent of the view's area)}' assertion on view (view.getTag() is "dashboard-add-expense-button" and view has effective visibility <VISIBLE>)
03-14 23:04:11.055 15986 15986 I ViewInteraction: Checking 'MatchesViewAssertion(Detox){viewMatcher=(view has effective visibility <VISIBLE> and view.getGlobalVisibleRect() covers at least <75> percent of the view's area)}' assertion on view (view.getTag() is "dashboard-add-expense-button" and view has effective visibility <VISIBLE>)
03-14 23:04:11.092 15986 15986 I ViewInteraction: Checking 'MatchesViewAssertion(Detox){viewMatcher=(view has effective visibility <VISIBLE> and view.getGlobalVisibleRect() covers at least <75> percent of the view's area)}' assertion on view (view.getTag() is "dashboard-add-expense-button" and view has effective visibility <VISIBLE>)
03-14 23:04:11.131 15986 15986 I ViewInteraction: Checking 'MatchesViewAssertion(Detox){viewMatcher=(view has effective visibility <VISIBLE> and view.getGlobalVisibleRect() covers at least <75> percent of the view's area)}' assertion on view (view.getTag() is "dashboard-add-expense-button" and view has effective visibility <VISIBLE>)
03-14 23:04:11.167 15986 15986 I ViewInteraction: Checking 'MatchesViewAssertion(Detox){viewMatcher=(view has effective visibility <VISIBLE> and view.getGlobalVisibleRect() covers at least <75> percent of the view's area)}' assertion on view (view.getTag() is "dashboard-add-expense-button" and view has effective visibility <VISIBLE>)
03-14 23:04:11.206 15986 15986 I ViewInteraction: Checking 'MatchesViewAssertion(Detox){viewMatcher=(view has effective visibility <VISIBLE> and view.getGlobalVisibleRect() covers at least <75> percent of the view's area)}' assertion on view (view.getTag() is "dashboard-add-expense-button" and view has effective visibility <VISIBLE>)
03-14 23:04:11.243 15986 15986 I ViewInteraction: Checking 'MatchesViewAssertion(Detox){viewMatcher=(view has effective visibility <VISIBLE> and view.getGlobalVisibleRect() covers at least <75> percent of the view's area)}' assertion on view (view.getTag() is "dashboard-add-expense-button" and view has effective visibility <VISIBLE>)
03-14 23:04:11.279 15986 15986 I ViewInteraction: Checking 'MatchesViewAssertion(Detox){viewMatcher=(view has effective visibility <VISIBLE> and view.getGlobalVisibleRect() covers at least <75> percent of the view's area)}' assertion on view (view.getTag() is "dashboard-add-expense-button" and view has effective visibility <VISIBLE>)
03-14 23:04:11.349 15986 15986 I ViewInteraction: Checking 'MatchesViewAssertion(Detox){viewMatcher=(view has effective visibility <VISIBLE> and view.getGlobalVisibleRect() covers at least <75> percent of the view's area)}' assertion on view (view.getTag() is "dashboard-add-expense-button" and view has effective visibility <VISIBLE>)
03-14 23:04:11.391 15986 15986 I ViewInteraction: Checking 'MatchesViewAssertion(Detox){viewMatcher=(view has effective visibility <VISIBLE> and view.getGlobalVisibleRect() covers at least <75> percent of the view's area)}' assertion on view (view.getTag() is "dashboard-add-expense-button" and view has effective visibility <VISIBLE>)
03-14 23:04:11.426 15986 15986 I ViewInteraction: Checking 'MatchesViewAssertion(Detox){viewMatcher=(view has effective visibility <VISIBLE> and view.getGlobalVisibleRect() covers at least <75> percent of the view's area)}' assertion on view (view.getTag() is "dashboard-add-expense-button" and view has effective visibility <VISIBLE>)
03-14 23:04:11.460 15986 15986 I ViewInteraction: Checking 'MatchesViewAssertion(Detox){viewMatcher=(view has effective visibility <VISIBLE> and view.getGlobalVisibleRect() covers at least <75> percent of the view's area)}' assertion on view (view.getTag() is "dashboard-add-expense-button" and view has effective visibility <VISIBLE>)
03-14 23:04:11.498 15986 15986 I ViewInteraction: Checking 'MatchesViewAssertion(Detox){viewMatcher=(view has effective visibility <VISIBLE> and view.getGlobalVisibleRect() covers at least <75> percent of the view's area)}' assertion on view (view.getTag() is "dashboard-add-expense-button" and view has effective visibility <VISIBLE>)
03-14 23:04:11.539 15986 15986 I ViewInteraction: Checking 'MatchesViewAssertion(Detox){viewMatcher=(view has effective visibility <VISIBLE> and view.getGlobalVisibleRect() covers at least <75> percent of the view's area)}' assertion on view (view.getTag() is "dashboard-add-expense-button" and view has effective visibility <VISIBLE>)
03-14 23:04:11.584 15986 15986 I ViewInteraction: Checking 'MatchesViewAssertion(Detox){viewMatcher=(view has effective visibility <VISIBLE> and view.getGlobalVisibleRect() covers at least <75> percent of the view's area)}' assertion on view (view.getTag() is "dashboard-add-expense-button" and view has effective visibility <VISIBLE>)
03-14 23:04:11.641 15986 15986 I ViewInteraction: Checking 'MatchesViewAssertion(Detox){viewMatcher=(view has effective visibility <VISIBLE> and view.getGlobalVisibleRect() covers at least <75> percent of the view's area)}' assertion on view (view.getTag() is "dashboard-add-expense-button" and view has effective visibility <VISIBLE>)
03-14 23:04:11.680 15986 15986 I ViewInteraction: Checking 'MatchesViewAssertion(Detox){viewMatcher=(view has effective visibility <VISIBLE> and view.getGlobalVisibleRect() covers at least <75> percent of the view's area)}' assertion on view (view.getTag() is "dashboard-add-expense-button" and view has effective visibility <VISIBLE>)
03-14 23:04:11.797 15986 15986 I ViewInteraction: Checking 'MatchesViewAssertion(Detox){viewMatcher=(view has effective visibility <VISIBLE> and view.getGlobalVisibleRect() covers at least <75> percent of the view's area)}' assertion on view (view.getTag() is "dashboard-add-expense-button" and view has effective visibility <VISIBLE>)
03-14 23:04:11.820 15986 15995 I .studentfinance: Background concurrent mark compact GC freed 8596KB AllocSpace bytes, 63(3420KB) LOS objects, 49% free, 11MB/23MB, paused 625us,2.506ms total 143.169ms
03-14 23:04:11.841 15986 16027 D EGL_emulation: app_time_stats: avg=500.56ms min=497.63ms max=502.19ms count=3
03-14 23:04:11.851 15986 15986 I ViewInteraction: Checking 'MatchesViewAssertion(Detox){viewMatcher=(view has effective visibility <VISIBLE> and view.getGlobalVisibleRect() covers at least <75> percent of the view's area)}' assertion on view (view.getTag() is "dashboard-add-expense-button" and view has effective visibility <VISIBLE>)
03-14 23:04:11.891 15986 15986 I ViewInteraction: Checking 'MatchesViewAssertion(Detox){viewMatcher=(view has effective visibility <VISIBLE> and view.getGlobalVisibleRect() covers at least <75> percent of the view's area)}' assertion on view (view.getTag() is "dashboard-add-expense-button" and view has effective visibility <VISIBLE>)
03-14 23:04:11.926 15986 15986 I ViewInteraction: Checking 'MatchesViewAssertion(Detox){viewMatcher=(view has effective visibility <VISIBLE> and view.getGlobalVisibleRect() covers at least <75> percent of the view's area)}' assertion on view (view.getTag() is "dashboard-add-expense-button" and view has effective visibility <VISIBLE>)
03-14 23:04:11.962 15986 15986 I ViewInteraction: Checking 'MatchesViewAssertion(Detox){viewMatcher=(view has effective visibility <VISIBLE> and view.getGlobalVisibleRect() covers at least <75> percent of the view's area)}' assertion on view (view.getTag() is "dashboard-add-expense-button" and view has effective visibility <VISIBLE>)
03-14 23:04:11.997 15986 15986 I ViewInteraction: Checking 'MatchesViewAssertion(Detox){viewMatcher=(view has effective visibility <VISIBLE> and view.getGlobalVisibleRect() covers at least <75> percent of the view's area)}' assertion on view (view.getTag() is "dashboard-add-expense-button" and view has effective visibility <VISIBLE>)
03-14 23:04:12.032 15986 15986 I ViewInteraction: Checking 'MatchesViewAssertion(Detox){viewMatcher=(view has effective visibility <VISIBLE> and view.getGlobalVisibleRect() covers at least <75> percent of the view's area)}' assertion on view (view.getTag() is "dashboard-add-expense-button" and view has effective visibility <VISIBLE>)
03-14 23:04:12.050 15986 16036 D TrafficStats: tagSocket(134) with statsTag=0xffffffff, statsUid=-1
03-14 23:04:12.067 15986 15986 I ViewInteraction: Checking 'MatchesViewAssertion(Detox){viewMatcher=(view has effective visibility <VISIBLE> and view.getGlobalVisibleRect() covers at least <75> percent of the view's area)}' assertion on view (view.getTag() is "dashboard-add-expense-button" and view has effective visibility <VISIBLE>)
03-14 23:04:12.103 15986 15986 I ViewInteraction: Checking 'MatchesViewAssertion(Detox){viewMatcher=(view has effective visibility <VISIBLE> and view.getGlobalVisibleRect() covers at least <75> percent of the view's area)}' assertion on view (view.getTag() is "dashboard-add-expense-button" and view has effective visibility <VISIBLE>)
03-14 23:04:12.117 15986 16041 D TrafficStats: tagSocket(134) with statsTag=0xffffffff, statsUid=-1
03-14 23:04:12.138 15986 15986 I ViewInteraction: Checking 'MatchesViewAssertion(Detox){viewMatcher=(view has effective visibility <VISIBLE> and view.getGlobalVisibleRect() covers at least <75> percent of the view's area)}' assertion on view (view.getTag() is "dashboard-add-expense-button" and view has effective visibility <VISIBLE>)
03-14 23:04:12.176 15986 15986 I ViewInteraction: Checking 'MatchesViewAssertion(Detox){viewMatcher=(view has effective visibility <VISIBLE> and view.getGlobalVisibleRect() covers at least <75> percent of the view's area)}' assertion on view (view.getTag() is "dashboard-add-expense-button" and view has effective visibility <VISIBLE>)
03-14 23:04:12.213 15986 15986 I ViewInteraction: Checking 'MatchesViewAssertion(Detox){viewMatcher=(view has effective visibility <VISIBLE> and view.getGlobalVisibleRect() covers at least <75> percent of the view's area)}' assertion on view (view.getTag() is "dashboard-add-expense-button" and view has effective visibility <VISIBLE>)
03-14 23:04:12.250 15986 15986 I ViewInteraction: Checking 'MatchesViewAssertion(Detox){viewMatcher=(view has effective visibility <VISIBLE> and view.getGlobalVisibleRect() covers at least <75> percent of the view's area)}' assertion on view (view.getTag() is "dashboard-add-expense-button" and view has effective visibility <VISIBLE>)
03-14 23:04:12.286 15986 15986 I ViewInteraction: Checking 'MatchesViewAssertion(Detox){viewMatcher=(view has effective visibility <VISIBLE> and view.getGlobalVisibleRect() covers at least <75> percent of the view's area)}' assertion on view (view.getTag() is "dashboard-add-expense-button" and view has effective visibility <VISIBLE>)
03-14 23:04:12.376 15986 15986 I ViewInteraction: Checking 'MatchesViewAssertion(Detox){viewMatcher=(view has effective visibility <VISIBLE> and view.getGlobalVisibleRect() covers at least <75> percent of the view's area)}' assertion on view (view.getTag() is "dashboard-add-expense-button" and view has effective visibility <VISIBLE>)
03-14 23:04:12.416 15986 15986 I ViewInteraction: Checking 'MatchesViewAssertion(Detox){viewMatcher=(view has effective visibility <VISIBLE> and view.getGlobalVisibleRect() covers at least <75> percent of the view's area)}' assertion on view (view.getTag() is "dashboard-add-expense-button" and view has effective visibility <VISIBLE>)
03-14 23:04:12.451 15986 15986 I ViewInteraction: Checking 'MatchesViewAssertion(Detox){viewMatcher=(view has effective visibility <VISIBLE> and view.getGlobalVisibleRect() covers at least <75> percent of the view's area)}' assertion on view (view.getTag() is "dashboard-add-expense-button" and view has effective visibility <VISIBLE>)
03-14 23:04:12.488 15986 15986 I ViewInteraction: Checking 'MatchesViewAssertion(Detox){viewMatcher=(view has effective visibility <VISIBLE> and view.getGlobalVisibleRect() covers at least <75> percent of the view's area)}' assertion on view (view.getTag() is "dashboard-add-expense-button" and view has effective visibility <VISIBLE>)
03-14 23:04:12.530 15986 15986 I ViewInteraction: Checking 'MatchesViewAssertion(Detox){viewMatcher=(view has effective visibility <VISIBLE> and view.getGlobalVisibleRect() covers at least <75> percent of the view's area)}' assertion on view (view.getTag() is "dashboard-add-expense-button" and view has effective visibility <VISIBLE>)
03-14 23:04:12.570 15986 15986 I ViewInteraction: Checking 'MatchesViewAssertion(Detox){viewMatcher=(view has effective visibility <VISIBLE> and view.getGlobalVisibleRect() covers at least <75> percent of the view's area)}' assertion on view (view.getTag() is "dashboard-add-expense-button" and view has effective visibility <VISIBLE>)
03-14 23:04:12.621 15986 15986 I ViewInteraction: Checking 'MatchesViewAssertion(Detox){viewMatcher=(view has effective visibility <VISIBLE> and view.getGlobalVisibleRect() covers at least <75> percent of the view's area)}' assertion on view (view.getTag() is "dashboard-add-expense-button" and view has effective visibility <VISIBLE>)
03-14 23:04:12.656 15986 15986 I ViewInteraction: Checking 'MatchesViewAssertion(Detox){viewMatcher=(view has effective visibility <VISIBLE> and view.getGlobalVisibleRect() covers at least <75> percent of the view's area)}' assertion on view (view.getTag() is "dashboard-add-expense-button" and view has effective visibility <VISIBLE>)
03-14 23:04:12.693 15986 15986 I ViewInteraction: Checking 'MatchesViewAssertion(Detox){viewMatcher=(view has effective visibility <VISIBLE> and view.getGlobalVisibleRect() covers at least <75> percent of the view's area)}' assertion on view (view.getTag() is "dashboard-add-expense-button" and view has effective visibility <VISIBLE>)
03-14 23:04:12.729 15986 15986 I ViewInteraction: Checking 'MatchesViewAssertion(Detox){viewMatcher=(view has effective visibility <VISIBLE> and view.getGlobalVisibleRect() covers at least <75> percent of the view's area)}' assertion on view (view.getTag() is "dashboard-add-expense-button" and view has effective visibility <VISIBLE>)
03-14 23:04:12.765 15986 15986 I ViewInteraction: Checking 'MatchesViewAssertion(Detox){viewMatcher=(view has effective visibility <VISIBLE> and view.getGlobalVisibleRect() covers at least <75> percent of the view's area)}' assertion on view (view.getTag() is "dashboard-add-expense-button" and view has effective visibility <VISIBLE>)
03-14 23:04:12.800 15986 15986 I ViewInteraction: Checking 'MatchesViewAssertion(Detox){viewMatcher=(view has effective visibility <VISIBLE> and view.getGlobalVisibleRect() covers at least <75> percent of the view's area)}' assertion on view (view.getTag() is "dashboard-add-expense-button" and view has effective visibility <VISIBLE>)
03-14 23:04:12.863 15986 15986 I ViewInteraction: Checking 'MatchesViewAssertion(Detox){viewMatcher=(view has effective visibility <VISIBLE> and view.getGlobalVisibleRect() covers at least <75> percent of the view's area)}' assertion on view (view.getTag() is "dashboard-add-expense-button" and view has effective visibility <VISIBLE>)
03-14 23:04:12.902 15986 15986 I ViewInteraction: Checking 'MatchesViewAssertion(Detox){viewMatcher=(view has effective visibility <VISIBLE> and view.getGlobalVisibleRect() covers at least <75> percent of the view's area)}' assertion on view (view.getTag() is "dashboard-add-expense-button" and view has effective visibility <VISIBLE>)
03-14 23:04:12.940 15986 15986 I ViewInteraction: Checking 'MatchesViewAssertion(Detox){viewMatcher=(view has effective visibility <VISIBLE> and view.getGlobalVisibleRect() covers at least <75> percent of the view's area)}' assertion on view (view.getTag() is "dashboard-add-expense-button" and view has effective visibility <VISIBLE>)
03-14 23:04:12.976 15986 15986 I ViewInteraction: Checking 'MatchesViewAssertion(Detox){viewMatcher=(view has effective visibility <VISIBLE> and view.getGlobalVisibleRect() covers at least <75> percent of the view's area)}' assertion on view (view.getTag() is "dashboard-add-expense-button" and view has effective visibility <VISIBLE>)
03-14 23:04:13.014 15986 15986 I ViewInteraction: Checking 'MatchesViewAssertion(Detox){viewMatcher=(view has effective visibility <VISIBLE> and view.getGlobalVisibleRect() covers at least <75> percent of the view's area)}' assertion on view (view.getTag() is "dashboard-add-expense-button" and view has effective visibility <VISIBLE>)
03-14 23:04:13.048 15986 15986 I ViewInteraction: Checking 'MatchesViewAssertion(Detox){viewMatcher=(view has effective visibility <VISIBLE> and view.getGlobalVisibleRect() covers at least <75> percent of the view's area)}' assertion on view (view.getTag() is "dashboard-add-expense-button" and view has effective visibility <VISIBLE>)
03-14 23:04:13.082 15986 15986 I ViewInteraction: Checking 'MatchesViewAssertion(Detox){viewMatcher=(view has effective visibility <VISIBLE> and view.getGlobalVisibleRect() covers at least <75> percent of the view's area)}' assertion on view (view.getTag() is "dashboard-add-expense-button" and view has effective visibility <VISIBLE>)
03-14 23:04:13.117 15986 15986 I ViewInteraction: Checking 'MatchesViewAssertion(Detox){viewMatcher=(view has effective visibility <VISIBLE> and view.getGlobalVisibleRect() covers at least <75> percent of the view's area)}' assertion on view (view.getTag() is "dashboard-add-expense-button" and view has effective visibility <VISIBLE>)
03-14 23:04:13.151 15986 15986 I ViewInteraction: Checking 'MatchesViewAssertion(Detox){viewMatcher=(view has effective visibility <VISIBLE> and view.getGlobalVisibleRect() covers at least <75> percent of the view's area)}' assertion on view (view.getTag() is "dashboard-add-expense-button" and view has effective visibility <VISIBLE>)
03-14 23:04:13.186 15986 15986 I ViewInteraction: Checking 'MatchesViewAssertion(Detox){viewMatcher=(view has effective visibility <VISIBLE> and view.getGlobalVisibleRect() covers at least <75> percent of the view's area)}' assertion on view (view.getTag() is "dashboard-add-expense-button" and view has effective visibility <VISIBLE>)
03-14 23:04:13.219 15986 15986 I ViewInteraction: Checking 'MatchesViewAssertion(Detox){viewMatcher=(view has effective visibility <VISIBLE> and view.getGlobalVisibleRect() covers at least <75> percent of the view's area)}' assertion on view (view.getTag() is "dashboard-add-expense-button" and view has effective visibility <VISIBLE>)
03-14 23:04:13.253 15986 15986 I ViewInteraction: Checking 'MatchesViewAssertion(Detox){viewMatcher=(view has effective visibility <VISIBLE> and view.getGlobalVisibleRect() covers at least <75> percent of the view's area)}' assertion on view (view.getTag() is "dashboard-add-expense-button" and view has effective visibility <VISIBLE>)
03-14 23:04:13.287 15986 15986 I ViewInteraction: Checking 'MatchesViewAssertion(Detox){viewMatcher=(view has effective visibility <VISIBLE> and view.getGlobalVisibleRect() covers at least <75> percent of the view's area)}' assertion on view (view.getTag() is "dashboard-add-expense-button" and view has effective visibility <VISIBLE>)
03-14 23:04:13.339 15986 16027 D EGL_emulation: app_time_stats: avg=499.38ms min=496.36ms max=501.15ms count=3
03-14 23:04:13.352 15986 15986 I ViewInteraction: Checking 'MatchesViewAssertion(Detox){viewMatcher=(view has effective visibility <VISIBLE> and view.getGlobalVisibleRect() covers at least <75> percent of the view's area)}' assertion on view (view.getTag() is "dashboard-add-expense-button" and view has effective visibility <VISIBLE>)
03-14 23:04:13.388 15986 15986 I ViewInteraction: Checking 'MatchesViewAssertion(Detox){viewMatcher=(view has effective visibility <VISIBLE> and view.getGlobalVisibleRect() covers at least <75> percent of the view's area)}' assertion on view (view.getTag() is "dashboard-add-expense-button" and view has effective visibility <VISIBLE>)
03-14 23:04:13.424 15986 15986 I ViewInteraction: Checking 'MatchesViewAssertion(Detox){viewMatcher=(view has effective visibility <VISIBLE> and view.getGlobalVisibleRect() covers at least <75> percent of the view's area)}' assertion on view (view.getTag() is "dashboard-add-expense-button" and view has effective visibility <VISIBLE>)
03-14 23:04:13.459 15986 15986 I ViewInteraction: Checking 'MatchesViewAssertion(Detox){viewMatcher=(view has effective visibility <VISIBLE> and view.getGlobalVisibleRect() covers at least <75> percent of the view's area)}' assertion on view (view.getTag() is "dashboard-add-expense-button" and view has effective visibility <VISIBLE>)
03-14 23:04:13.492 15986 15986 I ViewInteraction: Checking 'MatchesViewAssertion(Detox){viewMatcher=(view has effective visibility <VISIBLE> and view.getGlobalVisibleRect() covers at least <75> percent of the view's area)}' assertion on view (view.getTag() is "dashboard-add-expense-button" and view has effective visibility <VISIBLE>)
03-14 23:04:13.527 15986 15986 I ViewInteraction: Checking 'MatchesViewAssertion(Detox){viewMatcher=(view has effective visibility <VISIBLE> and view.getGlobalVisibleRect() covers at least <75> percent of the view's area)}' assertion on view (view.getTag() is "dashboard-add-expense-button" and view has effective visibility <VISIBLE>)
03-14 23:04:13.561 15986 15986 I ViewInteraction: Checking 'MatchesViewAssertion(Detox){viewMatcher=(view has effective visibility <VISIBLE> and view.getGlobalVisibleRect() covers at least <75> percent of the view's area)}' assertion on view (view.getTag() is "dashboard-add-expense-button" and view has effective visibility <VISIBLE>)
03-14 23:04:13.598 15986 15986 I ViewInteraction: Checking 'MatchesViewAssertion(Detox){viewMatcher=(view has effective visibility <VISIBLE> and view.getGlobalVisibleRect() covers at least <75> percent of the view's area)}' assertion on view (view.getTag() is "dashboard-add-expense-button" and view has effective visibility <VISIBLE>)
03-14 23:04:13.632 15986 15986 I ViewInteraction: Checking 'MatchesViewAssertion(Detox){viewMatcher=(view has effective visibility <VISIBLE> and view.getGlobalVisibleRect() covers at least <75> percent of the view's area)}' assertion on view (view.getTag() is "dashboard-add-expense-button" and view has effective visibility <VISIBLE>)
03-14 23:04:13.674 15986 15986 I ViewInteraction: Checking 'MatchesViewAssertion(Detox){viewMatcher=(view has effective visibility <VISIBLE> and view.getGlobalVisibleRect() covers at least <75> percent of the view's area)}' assertion on view (view.getTag() is "dashboard-add-expense-button" and view has effective visibility <VISIBLE>)
03-14 23:04:13.708 15986 15986 I ViewInteraction: Checking 'MatchesViewAssertion(Detox){viewMatcher=(view has effective visibility <VISIBLE> and view.getGlobalVisibleRect() covers at least <75> percent of the view's area)}' assertion on view (view.getTag() is "dashboard-add-expense-button" and view has effective visibility <VISIBLE>)
03-14 23:04:13.744 15986 15986 I ViewInteraction: Checking 'MatchesViewAssertion(Detox){viewMatcher=(view has effective visibility <VISIBLE> and view.getGlobalVisibleRect() covers at least <75> percent of the view's area)}' assertion on view (view.getTag() is "dashboard-add-expense-button" and view has effective visibility <VISIBLE>)
03-14 23:04:13.779 15986 15986 I ViewInteraction: Checking 'MatchesViewAssertion(Detox){viewMatcher=(view has effective visibility <VISIBLE> and view.getGlobalVisibleRect() covers at least <75> percent of the view's area)}' assertion on view (view.getTag() is "dashboard-add-expense-button" and view has effective visibility <VISIBLE>)
03-14 23:04:13.815 15986 15986 I ViewInteraction: Checking 'MatchesViewAssertion(Detox){viewMatcher=(view has effective visibility <VISIBLE> and view.getGlobalVisibleRect() covers at least <75> percent of the view's area)}' assertion on view (view.getTag() is "dashboard-add-expense-button" and view has effective visibility <VISIBLE>)
03-14 23:04:13.864 15986 15986 I ViewInteraction: Checking 'MatchesViewAssertion(Detox){viewMatcher=(view has effective visibility <VISIBLE> and view.getGlobalVisibleRect() covers at least <75> percent of the view's area)}' assertion on view (view.getTag() is "dashboard-add-expense-button" and view has effective visibility <VISIBLE>)
03-14 23:04:13.913 15986 15986 I ViewInteraction: Checking 'MatchesViewAssertion(Detox){viewMatcher=(view has effective visibility <VISIBLE> and view.getGlobalVisibleRect() covers at least <75> percent of the view's area)}' assertion on view (view.getTag() is "dashboard-add-expense-button" and view has effective visibility <VISIBLE>)
03-14 23:04:13.949 15986 15986 I ViewInteraction: Checking 'MatchesViewAssertion(Detox){viewMatcher=(view has effective visibility <VISIBLE> and view.getGlobalVisibleRect() covers at least <75> percent of the view's area)}' assertion on view (view.getTag() is "dashboard-add-expense-button" and view has effective visibility <VISIBLE>)
03-14 23:04:13.982 15986 15986 I ViewInteraction: Checking 'MatchesViewAssertion(Detox){viewMatcher=(view has effective visibility <VISIBLE> and view.getGlobalVisibleRect() covers at least <75> percent of the view's area)}' assertion on view (view.getTag() is "dashboard-add-expense-button" and view has effective visibility <VISIBLE>)
03-14 23:04:14.016 15986 15986 I ViewInteraction: Checking 'MatchesViewAssertion(Detox){viewMatcher=(view has effective visibility <VISIBLE> and view.getGlobalVisibleRect() covers at least <75> percent of the view's area)}' assertion on view (view.getTag() is "dashboard-add-expense-button" and view has effective visibility <VISIBLE>)
03-14 23:04:14.054 15986 16036 D TrafficStats: tagSocket(143) with statsTag=0xffffffff, statsUid=-1
03-14 23:04:14.066 15986 15986 I ViewInteraction: Checking 'MatchesViewAssertion(Detox){viewMatcher=(view has effective visibility <VISIBLE> and view.getGlobalVisibleRect() covers at least <75> percent of the view's area)}' assertion on view (view.getTag() is "dashboard-add-expense-button" and view has effective visibility <VISIBLE>)
03-14 23:04:14.100 15986 15986 I ViewInteraction: Checking 'MatchesViewAssertion(Detox){viewMatcher=(view has effective visibility <VISIBLE> and view.getGlobalVisibleRect() covers at least <75> percent of the view's area)}' assertion on view (view.getTag() is "dashboard-add-expense-button" and view has effective visibility <VISIBLE>)
03-14 23:04:14.121 15986 16041 D TrafficStats: tagSocket(143) with statsTag=0xffffffff, statsUid=-1
03-14 23:04:14.134 15986 15986 I ViewInteraction: Checking 'MatchesViewAssertion(Detox){viewMatcher=(view has effective visibility <VISIBLE> and view.getGlobalVisibleRect() covers at least <75> percent of the view's area)}' assertion on view (view.getTag() is "dashboard-add-expense-button" and view has effective visibility <VISIBLE>)
03-14 23:04:14.169 15986 15986 I ViewInteraction: Checking 'MatchesViewAssertion(Detox){viewMatcher=(view has effective visibility <VISIBLE> and view.getGlobalVisibleRect() covers at least <75> percent of the view's area)}' assertion on view (view.getTag() is "dashboard-add-expense-button" and view has effective visibility <VISIBLE>)
03-14 23:04:14.174 15986 15986 E FrameTracker: force finish cuj, time out: J<IME_INSETS_SHOW_ANIMATION::0@0@com.mcfuzzysquirrel.studentfinance>
03-14 23:04:14.206 15986 15986 I ViewInteraction: Checking 'MatchesViewAssertion(Detox){viewMatcher=(view has effective visibility <VISIBLE> and view.getGlobalVisibleRect() covers at least <75> percent of the view's area)}' assertion on view (view.getTag() is "dashboard-add-expense-button" and view has effective visibility <VISIBLE>)
03-14 23:04:14.241 15986 15986 I ViewInteraction: Checking 'MatchesViewAssertion(Detox){viewMatcher=(view has effective visibility <VISIBLE> and view.getGlobalVisibleRect() covers at least <75> percent of the view's area)}' assertion on view (view.getTag() is "dashboard-add-expense-button" and view has effective visibility <VISIBLE>)
03-14 23:04:14.276 15986 15986 I ViewInteraction: Checking 'MatchesViewAssertion(Detox){viewMatcher=(view has effective visibility <VISIBLE> and view.getGlobalVisibleRect() covers at least <75> percent of the view's area)}' assertion on view (view.getTag() is "dashboard-add-expense-button" and view has effective visibility <VISIBLE>)
03-14 23:04:14.311 15986 15986 I ViewInteraction: Checking 'MatchesViewAssertion(Detox){viewMatcher=(view has effective visibility <VISIBLE> and view.getGlobalVisibleRect() covers at least <75> percent of the view's area)}' assertion on view (view.getTag() is "dashboard-add-expense-button" and view has effective visibility <VISIBLE>)
03-14 23:04:14.339 15986 16027 D EGL_emulation: app_time_stats: avg=499.97ms min=497.69ms max=502.25ms count=2
03-14 23:04:14.358 15986 15986 I ViewInteraction: Checking 'MatchesViewAssertion(Detox){viewMatcher=(view has effective visibility <VISIBLE> and view.getGlobalVisibleRect() covers at least <75> percent of the view's area)}' assertion on view (view.getTag() is "dashboard-add-expense-button" and view has effective visibility <VISIBLE>)
03-14 23:04:14.404 15986 15986 I ViewInteraction: Checking 'MatchesViewAssertion(Detox){viewMatcher=(view has effective visibility <VISIBLE> and view.getGlobalVisibleRect() covers at least <75> percent of the view's area)}' assertion on view (view.getTag() is "dashboard-add-expense-button" and view has effective visibility <VISIBLE>)
03-14 23:04:14.442 15986 15986 I ViewInteraction: Checking 'MatchesViewAssertion(Detox){viewMatcher=(view has effective visibility <VISIBLE> and view.getGlobalVisibleRect() covers at least <75> percent of the view's area)}' assertion on view (view.getTag() is "dashboard-add-expense-button" and view has effective visibility <VISIBLE>)
03-14 23:04:14.476 15986 15986 I ViewInteraction: Checking 'MatchesViewAssertion(Detox){viewMatcher=(view has effective visibility <VISIBLE> and view.getGlobalVisibleRect() covers at least <75> percent of the view's area)}' assertion on view (view.getTag() is "dashboard-add-expense-button" and view has effective visibility <VISIBLE>)
03-14 23:04:14.515 15986 15986 I ViewInteraction: Checking 'MatchesViewAssertion(Detox){viewMatcher=(view has effective visibility <VISIBLE> and view.getGlobalVisibleRect() covers at least <75> percent of the view's area)}' assertion on view (view.getTag() is "dashboard-add-expense-button" and view has effective visibility <VISIBLE>)
03-14 23:04:14.548 15986 15986 I ViewInteraction: Checking 'MatchesViewAssertion(Detox){viewMatcher=(view has effective visibility <VISIBLE> and view.getGlobalVisibleRect() covers at least <75> percent of the view's area)}' assertion on view (view.getTag() is "dashboard-add-expense-button" and view has effective visibility <VISIBLE>)
03-14 23:04:14.585 15986 15986 I ViewInteraction: Checking 'MatchesViewAssertion(Detox){viewMatcher=(view has effective visibility <VISIBLE> and view.getGlobalVisibleRect() covers at least <75> percent of the view's area)}' assertion on view (view.getTag() is "dashboard-add-expense-button" and view has effective visibility <VISIBLE>)
03-14 23:04:14.622 15986 15986 I ViewInteraction: Checking 'MatchesViewAssertion(Detox){viewMatcher=(view has effective visibility <VISIBLE> and view.getGlobalVisibleRect() covers at least <75> percent of the view's area)}' assertion on view (view.getTag() is "dashboard-add-expense-button" and view has effective visibility <VISIBLE>)
03-14 23:04:14.656 15986 15986 I ViewInteraction: Checking 'MatchesViewAssertion(Detox){viewMatcher=(view has effective visibility <VISIBLE> and view.getGlobalVisibleRect() covers at least <75> percent of the view's area)}' assertion on view (view.getTag() is "dashboard-add-expense-button" and view has effective visibility <VISIBLE>)
03-14 23:04:14.691 15986 15986 I ViewInteraction: Checking 'MatchesViewAssertion(Detox){viewMatcher=(view has effective visibility <VISIBLE> and view.getGlobalVisibleRect() covers at least <75> percent of the view's area)}' assertion on view (view.getTag() is "dashboard-add-expense-button" and view has effective visibility <VISIBLE>)
03-14 23:04:14.726 15986 15986 I ViewInteraction: Checking 'MatchesViewAssertion(Detox){viewMatcher=(view has effective visibility <VISIBLE> and view.getGlobalVisibleRect() covers at least <75> percent of the view's area)}' assertion on view (view.getTag() is "dashboard-add-expense-button" and view has effective visibility <VISIBLE>)
03-14 23:04:14.767 15986 15986 I ViewInteraction: Checking 'MatchesViewAssertion(Detox){viewMatcher=(view has effective visibility <VISIBLE> and view.getGlobalVisibleRect() covers at least <75> percent of the view's area)}' assertion on view (view.getTag() is "dashboard-add-expense-button" and view has effective visibility <VISIBLE>)
03-14 23:04:14.802 15986 15986 I ViewInteraction: Checking 'MatchesViewAssertion(Detox){viewMatcher=(view has effective visibility <VISIBLE> and view.getGlobalVisibleRect() covers at least <75> percent of the view's area)}' assertion on view (view.getTag() is "dashboard-add-expense-button" and view has effective visibility <VISIBLE>)
03-14 23:04:14.870 15986 15986 I ViewInteraction: Checking 'MatchesViewAssertion(Detox){viewMatcher=(view has effective visibility <VISIBLE> and view.getGlobalVisibleRect() covers at least <75> percent of the view's area)}' assertion on view (view.getTag() is "dashboard-add-expense-button" and view has effective visibility <VISIBLE>)
03-14 23:04:14.922 15986 15986 I ViewInteraction: Checking 'MatchesViewAssertion(Detox){viewMatcher=(view has effective visibility <VISIBLE> and view.getGlobalVisibleRect() covers at least <75> percent of the view's area)}' assertion on view (view.getTag() is "dashboard-add-expense-button" and view has effective visibility <VISIBLE>)
03-14 23:04:14.963 15986 15986 I ViewInteraction: Checking 'MatchesViewAssertion(Detox){viewMatcher=(view has effective visibility <VISIBLE> and view.getGlobalVisibleRect() covers at least <75> percent of the view's area)}' assertion on view (view.getTag() is "dashboard-add-expense-button" and view has effective visibility <VISIBLE>)
03-14 23:04:15.006 15986 15986 I ViewInteraction: Checking 'MatchesViewAssertion(Detox){viewMatcher=(view has effective visibility <VISIBLE> and view.getGlobalVisibleRect() covers at least <75> percent of the view's area)}' assertion on view (view.getTag() is "dashboard-add-expense-button" and view has effective visibility <VISIBLE>)
03-14 23:04:15.047 15986 15986 I ViewInteraction: Checking 'MatchesViewAssertion(Detox){viewMatcher=(view has effective visibility <VISIBLE> and view.getGlobalVisibleRect() covers at least <75> percent of the view's area)}' assertion on view (view.getTag() is "dashboard-add-expense-button" and view has effective visibility <VISIBLE>)
03-14 23:04:15.088 15986 15986 I ViewInteraction: Checking 'MatchesViewAssertion(Detox){viewMatcher=(view has effective visibility <VISIBLE> and view.getGlobalVisibleRect() covers at least <75> percent of the view's area)}' assertion on view (view.getTag() is "dashboard-add-expense-button" and view has effective visibility <VISIBLE>)
03-14 23:04:15.131 15986 15986 I ViewInteraction: Checking 'MatchesViewAssertion(Detox){viewMatcher=(view has effective visibility <VISIBLE> and view.getGlobalVisibleRect() covers at least <75> percent of the view's area)}' assertion on view (view.getTag() is "dashboard-add-expense-button" and view has effective visibility <VISIBLE>)
03-14 23:04:15.175 15986 15986 I ViewInteraction: Checking 'MatchesViewAssertion(Detox){viewMatcher=(view has effective visibility <VISIBLE> and view.getGlobalVisibleRect() covers at least <75> percent of the view's area)}' assertion on view (view.getTag() is "dashboard-add-expense-button" and view has effective visibility <VISIBLE>)
03-14 23:04:15.225 15986 15986 I ViewInteraction: Checking 'MatchesViewAssertion(Detox){viewMatcher=(view has effective visibility <VISIBLE> and view.getGlobalVisibleRect() covers at least <75> percent of the view's area)}' assertion on view (view.getTag() is "dashboard-add-expense-button" and view has effective visibility <VISIBLE>)
03-14 23:04:15.262 15986 15986 I ViewInteraction: Checking 'MatchesViewAssertion(Detox){viewMatcher=(view has effective visibility <VISIBLE> and view.getGlobalVisibleRect() covers at least <75> percent of the view's area)}' assertion on view (view.getTag() is "dashboard-add-expense-button" and view has effective visibility <VISIBLE>)
03-14 23:04:15.296 15986 15986 I ViewInteraction: Checking 'MatchesViewAssertion(Detox){viewMatcher=(view has effective visibility <VISIBLE> and view.getGlobalVisibleRect() covers at least <75> percent of the view's area)}' assertion on view (view.getTag() is "dashboard-add-expense-button" and view has effective visibility <VISIBLE>)
03-14 23:04:15.311 15986 15986 E FrameTracker: force finish cuj, time out: J<IME_INSETS_HIDE_ANIMATION::1@0@com.mcfuzzysquirrel.studentfinance>
03-14 23:04:15.340 15986 16027 D EGL_emulation: app_time_stats: avg=500.37ms min=500.34ms max=500.40ms count=2
03-14 23:04:15.360 15986 15986 I ViewInteraction: Checking 'MatchesViewAssertion(Detox){viewMatcher=(view has effective visibility <VISIBLE> and view.getGlobalVisibleRect() covers at least <75> percent of the view's area)}' assertion on view (view.getTag() is "dashboard-add-expense-button" and view has effective visibility <VISIBLE>)
03-14 23:04:15.397 15986 15986 I ViewInteraction: Checking 'MatchesViewAssertion(Detox){viewMatcher=(view has effective visibility <VISIBLE> and view.getGlobalVisibleRect() covers at least <75> percent of the view's area)}' assertion on view (view.getTag() is "dashboard-add-expense-button" and view has effective visibility <VISIBLE>)
03-14 23:04:15.436 15986 15986 I ViewInteraction: Checking 'MatchesViewAssertion(Detox){viewMatcher=(view has effective visibility <VISIBLE> and view.getGlobalVisibleRect() covers at least <75> percent of the view's area)}' assertion on view (view.getTag() is "dashboard-add-expense-button" and view has effective visibility <VISIBLE>)
03-14 23:04:15.476 15986 15986 I ViewInteraction: Checking 'MatchesViewAssertion(Detox){viewMatcher=(view has effective visibility <VISIBLE> and view.getGlobalVisibleRect() covers at least <75> percent of the view's area)}' assertion on view (view.getTag() is "dashboard-add-expense-button" and view has effective visibility <VISIBLE>)
03-14 23:04:15.510 15986 15986 I ViewInteraction: Checking 'MatchesViewAssertion(Detox){viewMatcher=(view has effective visibility <VISIBLE> and view.getGlobalVisibleRect() covers at least <75> percent of the view's area)}' assertion on view (view.getTag() is "dashboard-add-expense-button" and view has effective visibility <VISIBLE>)
03-14 23:04:15.544 15986 15986 I ViewInteraction: Checking 'MatchesViewAssertion(Detox){viewMatcher=(view has effective visibility <VISIBLE> and view.getGlobalVisibleRect() covers at least <75> percent of the view's area)}' assertion on view (view.getTag() is "dashboard-add-expense-button" and view has effective visibility <VISIBLE>)
03-14 23:04:15.583 15986 15986 I ViewInteraction: Checking 'MatchesViewAssertion(Detox){viewMatcher=(view has effective visibility <VISIBLE> and view.getGlobalVisibleRect() covers at least <75> percent of the view's area)}' assertion on view (view.getTag() is "dashboard-add-expense-button" and view has effective visibility <VISIBLE>)
03-14 23:04:15.624 15986 15986 I ViewInteraction: Checking 'MatchesViewAssertion(Detox){viewMatcher=(view has effective visibility <VISIBLE> and view.getGlobalVisibleRect() covers at least <75> percent of the view's area)}' assertion on view (view.getTag() is "dashboard-add-expense-button" and view has effective visibility <VISIBLE>)
03-14 23:04:15.660 15986 15986 I ViewInteraction: Checking 'MatchesViewAssertion(Detox){viewMatcher=(view has effective visibility <VISIBLE> and view.getGlobalVisibleRect() covers at least <75> percent of the view's area)}' assertion on view (view.getTag() is "dashboard-add-expense-button" and view has effective visibility <VISIBLE>)
03-14 23:04:15.695 15986 15986 I ViewInteraction: Checking 'MatchesViewAssertion(Detox){viewMatcher=(view has effective visibility <VISIBLE> and view.getGlobalVisibleRect() covers at least <75> percent of the view's area)}' assertion on view (view.getTag() is "dashboard-add-expense-button" and view has effective visibility <VISIBLE>)
03-14 23:04:15.729 15986 15986 I ViewInteraction: Checking 'MatchesViewAssertion(Detox){viewMatcher=(view has effective visibility <VISIBLE> and view.getGlobalVisibleRect() covers at least <75> percent of the view's area)}' assertion on view (view.getTag() is "dashboard-add-expense-button" and view has effective visibility <VISIBLE>)
03-14 23:04:15.767 15986 15986 I ViewInteraction: Checking 'MatchesViewAssertion(Detox){viewMatcher=(view has effective visibility <VISIBLE> and view.getGlobalVisibleRect() covers at least <75> percent of the view's area)}' assertion on view (view.getTag() is "dashboard-add-expense-button" and view has effective visibility <VISIBLE>)
03-14 23:04:15.803 15986 15986 I ViewInteraction: Checking 'MatchesViewAssertion(Detox){viewMatcher=(view has effective visibility <VISIBLE> and view.getGlobalVisibleRect() covers at least <75> percent of the view's area)}' assertion on view (view.getTag() is "dashboard-add-expense-button" and view has effective visibility <VISIBLE>)
03-14 23:04:15.852 15986 15986 I ViewInteraction: Checking 'MatchesViewAssertion(Detox){viewMatcher=(view has effective visibility <VISIBLE> and view.getGlobalVisibleRect() covers at least <75> percent of the view's area)}' assertion on view (view.getTag() is "dashboard-add-expense-button" and view has effective visibility <VISIBLE>)
03-14 23:04:15.891 15986 15986 I ViewInteraction: Checking 'MatchesViewAssertion(Detox){viewMatcher=(view has effective visibility <VISIBLE> and view.getGlobalVisibleRect() covers at least <75> percent of the view's area)}' assertion on view (view.getTag() is "dashboard-add-expense-button" and view has effective visibility <VISIBLE>)
03-14 23:04:15.926 15986 15986 I ViewInteraction: Checking 'MatchesViewAssertion(Detox){viewMatcher=(view has effective visibility <VISIBLE> and view.getGlobalVisibleRect() covers at least <75> percent of the view's area)}' assertion on view (view.getTag() is "dashboard-add-expense-button" and view has effective visibility <VISIBLE>)
03-14 23:04:15.934 15986 16020 D DetoxWSClient: Received action 'currentStatus' (ID #7, params={})
03-14 23:04:15.934 15986 16017 I DetoxDispatcher: Handling action 'currentStatus' (ID #7)...
03-14 23:04:15.936 15986 16017 I DetoxWSClient: Sending out action 'currentStatusResult' (ID #7)
03-14 23:04:15.937 15986 16017 I DetoxDispatcher: Done with action 'currentStatus'
03-14 23:04:15.976 15986 15986 I ViewInteraction: Checking 'MatchesViewAssertion(Detox){viewMatcher=(view has effective visibility <VISIBLE> and view.getGlobalVisibleRect() covers at least <75> percent of the view's area)}' assertion on view (view.getTag() is "dashboard-add-expense-button" and view has effective visibility <VISIBLE>)
03-14 23:04:16.010 15986 15986 I ViewInteraction: Checking 'MatchesViewAssertion(Detox){viewMatcher=(view has effective visibility <VISIBLE> and view.getGlobalVisibleRect() covers at least <75> percent of the view's area)}' assertion on view (view.getTag() is "dashboard-add-expense-button" and view has effective visibility <VISIBLE>)
03-14 23:04:16.043 15986 15986 I ViewInteraction: Checking 'MatchesViewAssertion(Detox){viewMatcher=(view has effective visibility <VISIBLE> and view.getGlobalVisibleRect() covers at least <75> percent of the view's area)}' assertion on view (view.getTag() is "dashboard-add-expense-button" and view has effective visibility <VISIBLE>)
03-14 23:04:16.058 15986 16036 D TrafficStats: tagSocket(132) with statsTag=0xffffffff, statsUid=-1
03-14 23:04:16.066 15986 16016 I DetoxActionHandlers: Test exception
03-14 23:04:16.066 15986 16016 I DetoxActionHandlers: java.lang.reflect.InvocationTargetException
03-14 23:04:16.066 15986 16016 I DetoxActionHandlers: 	at java.lang.reflect.Method.invoke(Native Method)
03-14 23:04:16.066 15986 16016 I DetoxActionHandlers: 	at org.apache.commons.lang3.reflect.MethodUtils.invokeStaticMethod(MethodUtils.java:443)
03-14 23:04:16.066 15986 16016 I DetoxActionHandlers: 	at org.apache.commons.lang3.reflect.MethodUtils.invokeStaticMethod(MethodUtils.java:405)
03-14 23:04:16.066 15986 16016 I DetoxActionHandlers: 	at com.wix.invoke.types.ClassTarget.execute(ClassTarget.java:23)
03-14 23:04:16.066 15986 16016 I DetoxActionHandlers: 	at com.wix.invoke.types.Target.invoke(Target.java:59)
03-14 23:04:16.066 15986 16016 I DetoxActionHandlers: 	at com.wix.invoke.MethodInvocation.invoke(MethodInvocation.java:35)
03-14 23:04:16.066 15986 16016 I DetoxActionHandlers: 	at com.wix.invoke.MethodInvocation.invoke(MethodInvocation.java:26)
03-14 23:04:16.066 15986 16016 I DetoxActionHandlers: 	at com.wix.invoke.MethodInvocation.invoke(MethodInvocation.java:20)
03-14 23:04:16.066 15986 16016 I DetoxActionHandlers: 	at com.wix.detox.adapters.server.InvokeActionHandler.handle(DetoxActionHandlers.kt:54)
03-14 23:04:16.066 15986 16016 I DetoxActionHandlers: 	at com.wix.detox.adapters.server.ActionsExecutor.executeAction$lambda$2$lambda$1(DetoxActionsDispatcher.kt:76)
03-14 23:04:16.066 15986 16016 I DetoxActionHandlers: 	at com.wix.detox.adapters.server.ActionsExecutor.$r8$lambda$GVbB7LHtBHxNHGbgYnHJ6YrwCqs(Unknown Source:0)
03-14 23:04:16.066 15986 16016 I DetoxActionHandlers: 	at com.wix.detox.adapters.server.ActionsExecutor$$External