21:14:14.528 detox[31600] [90mB[39m node_modules/.bin/detox test -c android.emu.debug --headless --cleanup --record-logs all --take-screenshots failing --record-videos failing --artifacts-location artifacts/detox
  data: {
    "id": "31ff53e9-a9ab-0dc7-8cc6-522dd765ba0a",
    "detoxConfig": {
      "configurationName": "android.emu.debug",
      "apps": {
        "default": {
          "type": "android.apk",
          "binaryPath": "android/app/build/outputs/apk/debug/app-debug.apk",
          "testBinaryPath": "android/app/build/outputs/apk/androidTest/debug/app-debug-androidTest.apk",
          "build": "if [ ! -d android ]; then CI=1 npx expo prebuild --platform android; fi && cd android && ./gradlew assembleDebug assembleAndroidTest -DtestBuildType=debug",
          "reversePorts": [
            8081
          ]
        }
      },
      "artifacts": {
        "rootDir": "artifacts/detox/android.emu.debug.2026-03-14 19-14-14Z",
        "plugins": {
          "log": {
            "enabled": true,
            "keepOnlyFailedTestsArtifacts": false
          },
          "screenshot": {
            "enabled": true,
            "shouldTakeAutomaticSnapshots": true,
            "keepOnlyFailedTestsArtifacts": true
          },
          "video": {
            "enabled": true,
            "keepOnlyFailedTestsArtifacts": true
          },
          "instruments": {
            "enabled": false,
            "keepOnlyFailedTestsArtifacts": false
          },
          "uiHierarchy": {
            "enabled": false,
            "keepOnlyFailedTestsArtifacts": false
          }
        }
      },
      "behavior": {
        "init": {
          "keepLockFile": false,
          "reinstallApp": true,
          "exposeGlobals": true
        },
        "cleanup": {
          "shutdownDevice": true
        },
        "launchApp": "auto"
      },
      "cli": {
        "artifactsLocation": "artifacts/detox",
        "recordLogs": "all",
        "takeScreenshots": "failing",
        "recordVideos": "failing",
        "cleanup": true,
        "configuration": "android.emu.debug",
        "headless": true,
        "start": true
      },
      "commands": [
        {
          "appName": "default",
          "build": "if [ ! -d android ]; then CI=1 npx expo prebuild --platform android; fi && cd android && ./gradlew assembleDebug assembleAndroidTest -DtestBuildType=debug"
        }
      ],
      "device": {
        "type": "android.emulator",
        "device": {
          "avdName": "detox-api35"
        },
        "headless": true
      },
      "logger": {
        "level": "info",
        "overrideConsole": true,
        "options": {
          "showLoggerName": true,
          "showPid": true,
          "showLevel": false,
          "showMetadata": false,
          "basepath": "/home/mcfuzzysquirrel/Projects/mcfuzzy-test-personal-finance-app/node_modules/detox/src",
          "prefixers": {},
          "stringifiers": {}
        }
      },
      "testRunner": {
        "retries": 0,
        "forwardEnv": false,
        "detached": false,
        "bail": false,
        "noRetryArgs": [
          "shard"
        ],
        "jest": {
          "setupTimeout": 180000,
          "teardownTimeout": 30000,
          "retryAfterCircusRetries": false,
          "reportWorkerAssign": true
        },
        "args": {
          "$0": "jest",
          "_": [],
          "config": "e2e/jest.config.js",
          "--": []
        }
      },
      "session": {
        "autoStart": true,
        "debugSynchronization": 10000
      }
    },
    "detoxIPCServer": "primary-31600",
    "testResults": [],
    "testSessionIndex": 0,
    "workersCount": 0
  }
21:14:14.536 detox[31600] [90mi[39m Server path not specified, so defaulting to ipc.config.socketRoot + ipc.config.appspace + ipc.config.id /tmp/detox.primary-31600
21:14:14.538 detox[31600] [90mi[39m starting server on  /tmp/detox.primary-31600 
21:14:14.538 detox[31600] [90mi[39m starting TLS server false
21:14:14.538 detox[31600] [90mi[39m starting server as Unix || Windows Socket
21:14:14.544 detox[31600] [90mi[39m Detox server listening on localhost:40913...
21:14:14.551 detox[31600] [90mi[39m Serialized the session state at: /tmp/31ff53e9-a9ab-0dc7-8cc6-522dd765ba0a.detox.json
21:14:14.553 detox[31600] [90mB[39m jest --config e2e/jest.config.js
21:14:15.270 detox[31624] [90mi[39m Service path not specified, so defaulting to ipc.config.socketRoot + ipc.config.appspace + id 
21:14:15.271 detox[31624] [90mi[39m requested connection to  primary-31600 /tmp/detox.primary-31600
21:14:15.271 detox[31624] [90mi[39m Connecting client on Unix Socket : /tmp/detox.primary-31600
21:14:15.274 detox[31600] [90mi[39m ## socket connection to server detected ##
21:14:15.275 detox[31624] [90mi[39m retrying reset
21:14:15.278 detox[31624] [90mi[39m dispatching event to  primary-31600 /tmp/detox.primary-31600  :  registerContext , { id: 'secondary-31624' }
21:14:15.284 detox[31600] [90mi[39m received event of :  registerContext { id: 'secondary-31624' }
21:14:15.285 detox[31600] [90mi[39m dispatching event to socket  :  registerContextDone {
  testResults: [],
  testSessionIndex: 0,
  unsafe_earlyTeardown: undefined
}
21:14:15.286 detox[31624] [90mi[39m ## received events ##
21:14:15.287 detox[31624] [90mi[39m detected event registerContextDone { testResults: [], testSessionIndex: 0 }
21:14:15.454 detox[31624] [90mB[39m e2e/smoke.e2e.js
21:14:15.471 detox[31624] [90mB[39m set up environment
21:14:15.474 detox[31600] [90mi[39m received event of :  registerWorker { workerId: 'w1' }
21:14:15.474 detox[31624] [90mi[39m dispatching event to  primary-31600 /tmp/detox.primary-31600  :  registerWorker , { workerId: 'w1' }
21:14:15.475 detox[31600] [90mi[39m dispatching event to socket  :  registerWorkerDone { workersCount: 1 }
21:14:15.475 detox[31600] [90mi[39m broadcasting event to all known sockets listening to  /tmp/detox.primary-31600  :   sessionStateUpdate { workersCount: 1 }
21:14:15.476 detox[31624] [90mi[39m ## received events ##
21:14:15.476 detox[31624] [90mi[39m detected event registerWorkerDone { workersCount: 1 }
21:14:15.476 detox[31624] [90mi[39m detected event sessionStateUpdate { workersCount: 1 }
21:14:15.823 detox[31600] [90mB[39m connection :40913<->:39196
21:14:15.826 detox[31624] [90mi[39m opened web socket to: ws://localhost:40913
21:14:15.830 detox[31624] [90mi[39m send message
  data: {"type":"login","params":{"sessionId":"63031cc5-e1c8-5948-a263-61bfcf5a9df2","role":"tester"},"messageId":0}
21:14:15.832 detox[31600] [90mi[39m get
  data: {"type":"login","params":{"sessionId":"63031cc5-e1c8-5948-a263-61bfcf5a9df2","role":"tester"},"messageId":0}
21:14:15.833 detox[31600] [90mi[39m created session 63031cc5-e1c8-5948-a263-61bfcf5a9df2
21:14:15.834 detox[31600] [90mi[39m send
  data: {
    "type": "loginSuccess",
    "params": {
      "testerConnected": true,
      "appConnected": false
    },
    "messageId": 0
  }
21:14:15.835 detox[31600] [90mi[39m tester joined session 63031cc5-e1c8-5948-a263-61bfcf5a9df2
21:14:15.837 detox[31624] [90mi[39m get message
  data: {"type":"loginSuccess","params":{"testerConnected":true,"appConnected":false},"messageId":0}
   
21:14:15.890 detox[31624] [90mi[39m dispatching event to  primary-31600 /tmp/detox.primary-31600  :  allocateDevice , {
  deviceConfig: {
    type: 'android.emulator',
    device: { avdName: 'detox-api35' },
    headless: true
  }
}
21:14:15.891 detox[31600] [90mi[39m received event of :  allocateDevice {
  deviceConfig: {
    type: 'android.emulator',
    device: { avdName: 'detox-api35' },
    headless: true
  }
}
21:14:15.932 detox[31600] [90mB[39m init
  args: ()
21:14:15.937 detox[31600] [90mE[39m init
21:14:15.937 detox[31600] [90mB[39m allocate
  data: {
    "type": "android.emulator",
    "device": {
      "avdName": "detox-api35"
    },
    "headless": true
  }
21:14:16.012 detox[31600] [90mE[39m allocate
  error: Cannot boot Android Emulator with the name: 'detox-api35'
  
  HINT: Make sure you choose one of the available emulators: Medium_Phone_API_36.1
21:14:16.013 detox[31600] [90mi[39m dispatching event to socket  :  allocateDeviceDone {
  error: {
    name: 'DetoxRuntimeError',
    message: "Cannot boot Android Emulator with the name: 'detox-api35'\n" +
      '\n' +
      'HINT: Make sure you choose one of the available emulators: Medium_Phone_API_36.1',
    stack: "DetoxRuntimeError: Cannot boot Android Emulator with the name: 'detox-api35'\n" +
      '\n' +
      'HINT: Make sure you choose one of the available emulators: Medium_Phone_API_36.1\n' +
      '    at AVDValidator._assertAVDMatch (/home/mcfuzzysquirrel/Projects/mcfuzzy-test-personal-finance-app/node_modules/detox/src/devices/allocation/drivers/android/emulator/AVDValidator.js:36:13)\n' +
      '    at AVDValidator.validate (/home/mcfuzzysquirrel/Projects/mcfuzzy-test-personal-finance-app/node_modules/detox/src/devices/allocation/drivers/android/emulator/AVDValidator.js:18:16)\n' +
      '    at async EmulatorAllocDriver.allocate (/home/mcfuzzysquirrel/Projects/mcfuzzy-test-personal-finance-app/node_modules/detox/src/devices/allocation/drivers/android/emulator/EmulatorAllocDriver.js:56:5)\n' +
      '    at async /home/mcfuzzysquirrel/Projects/mcfuzzy-test-personal-finance-app/node_modules/detox/src/devices/allocation/DeviceAllocator.js:44:22'
  }
}
21:14:16.014 detox[31624] [90mi[39m ## received events ##
21:14:16.015 detox[31624] [90mi[39m detected event allocateDeviceDone {
  error: {
    name: 'DetoxRuntimeError',
    message: "Cannot boot Android Emulator with the name: 'detox-api35'\n" +
      '\n' +
      'HINT: Make sure you choose one of the available emulators: Medium_Phone_API_36.1',
    stack: "DetoxRuntimeError: Cannot boot Android Emulator with the name: 'detox-api35'\n" +
      '\n' +
      'HINT: Make sure you choose one of the available emulators: Medium_Phone_API_36.1\n' +
      '    at AVDValidator._assertAVDMatch (/home/mcfuzzysquirrel/Projects/mcfuzzy-test-personal-finance-app/node_modules/detox/src/devices/allocation/drivers/android/emulator/AVDValidator.js:36:13)\n' +
      '    at AVDValidator.validate (/home/mcfuzzysquirrel/Projects/mcfuzzy-test-personal-finance-app/node_modules/detox/src/devices/allocation/drivers/android/emulator/AVDValidator.js:18:16)\n' +
      '    at async EmulatorAllocDriver.allocate (/home/mcfuzzysquirrel/Projects/mcfuzzy-test-personal-finance-app/node_modules/detox/src/devices/allocation/drivers/android/emulator/EmulatorAllocDriver.js:56:5)\n' +
      '    at async /home/mcfuzzysquirrel/Projects/mcfuzzy-test-personal-finance-app/node_modules/detox/src/devices/allocation/DeviceAllocator.js:44:22'
  }
}
21:14:16.017 detox[31624] [90mE[39m set up environment
  error: DetoxRuntimeError: Cannot boot Android Emulator with the name: 'detox-api35'
  
  HINT: Make sure you choose one of the available emulators: Medium_Phone_API_36.1
      at AVDValidator._assertAVDMatch (/home/mcfuzzysquirrel/Projects/mcfuzzy-test-personal-finance-app/node_modules/detox/src/devices/allocation/drivers/android/emulator/AVDValidator.js:36:13)
      at AVDValidator.validate (/home/mcfuzzysquirrel/Projects/mcfuzzy-test-personal-finance-app/node_modules/detox/src/devices/allocation/drivers/android/emulator/AVDValidator.js:18:16)
      at async EmulatorAllocDriver.allocate (/home/mcfuzzysquirrel/Projects/mcfuzzy-test-personal-finance-app/node_modules/detox/src/devices/allocation/drivers/android/emulator/EmulatorAllocDriver.js:56:5)
      at async /home/mcfuzzysquirrel/Projects/mcfuzzy-test-personal-finance-app/node_modules/detox/src/devices/allocation/DeviceAllocator.js:44:22
21:14:16.018 detox[31624] [90mB[39m tear down environment
21:14:16.019 detox[31624] [90mB[39m onBeforeCleanup
  args: ()
21:14:16.026 detox[31624] [90mi[39m saving FileArtifact to: artifacts/detox/android.emu.debug.2026-03-14 19-14-14Z/detox_pid_31624.json.log { append: true }
21:14:16.027 detox[31624] [90mi[39m saving FileArtifact to: artifacts/detox/android.emu.debug.2026-03-14 19-14-14Z/detox_pid_31624.log { append: true }
21:14:16.028 detox[31624] [90mE[39m onBeforeCleanup
21:14:16.033 detox[31600] [90mi[39m tester exited session 63031cc5-e1c8-5948-a263-61bfcf5a9df2
21:14:16.034 detox[31600] [90mE[39m connection :40913<->:39196
21:14:16.034 detox[31624] [90mE[39m tear down environment
21:14:16.034 detox[31624] [90mE[39m e2e/smoke.e2e.js
21:14:16.058 detox[31600] [90mi[39m received event of :  reportTestResults {
  testResults: [
    {
      success: false,
      testFilePath: '/home/mcfuzzysquirrel/Projects/mcfuzzy-test-personal-finance-app/e2e/smoke.e2e.js',
      testExecError: {
        name: 'DetoxRuntimeError',
        message: "Cannot boot Android Emulator with the name: 'detox-api35'\n" +
          '\n' +
          'HINT: Make sure you choose one of the available emulators: Medium_Phone_API_36.1',
        stack: "DetoxRuntimeError: Cannot boot Android Emulator with the name: 'detox-api35'\n" +
          '\n' +
          'HINT: Make sure you choose one of the available emulators: Medium_Phone_API_36.1\n' +
          '    at AVDValidator._assertAVDMatch (/home/mcfuzzysquirrel/Projects/mcfuzzy-test-personal-finance-app/node_modules/detox/src/devices/allocation/drivers/android/emulator/AVDValidator.js:36:13)\n' +
          '    at AVDValidator.validate (/home/mcfuzzysquirrel/Projects/mcfuzzy-test-personal-finance-app/node_modules/detox/src/devices/allocation/drivers/android/emulator/AVDValidator.js:18:16)\n' +
          '    at async EmulatorAllocDriver.allocate (/home/mcfuzzysquirrel/Projects/mcfuzzy-test-personal-finance-app/node_modules/detox/src/devices/allocation/drivers/android/emulator/EmulatorAllocDriver.js:56:5)\n' +
          '    at async /home/mcfuzzysquirrel/Projects/mcfuzzy-test-personal-finance-app/node_modules/detox/src/devices/allocation/DeviceAllocator.js:44:22'
      },
      isPermanentFailure: false
    }
  ]
}
21:14:16.058 detox[31624] [90mi[39m dispatching event to  primary-31600 /tmp/detox.primary-31600  :  reportTestResults , {
  testResults: [
    {
      success: false,
      testFilePath: '/home/mcfuzzysquirrel/Projects/mcfuzzy-test-personal-finance-app/e2e/smoke.e2e.js',
      testExecError: {
        name: 'DetoxRuntimeError',
        message: "Cannot boot Android Emulator with the name: 'detox-api35'\n" +
          '\n' +
          'HINT: Make sure you choose one of the available emulators: Medium_Phone_API_36.1',
        stack: "DetoxRuntimeError: Cannot boot Android Emulator with the name: 'detox-api35'\n" +
          '\n' +
          'HINT: Make sure you choose one of the available emulators: Medium_Phone_API_36.1\n' +
          '    at AVDValidator._assertAVDMatch (/home/mcfuzzysquirrel/Projects/mcfuzzy-test-personal-finance-app/node_modules/detox/src/devices/allocation/drivers/android/emulator/AVDValidator.js:36:13)\n' +
          '    at AVDValidator.validate (/home/mcfuzzysquirrel/Projects/mcfuzzy-test-personal-finance-app/node_modules/detox/src/devices/allocation/drivers/android/emulator/AVDValidator.js:18:16)\n' +
          '    at async EmulatorAllocDriver.allocate (/home/mcfuzzysquirrel/Projects/mcfuzzy-test-personal-finance-app/node_modules/detox/src/devices/allocation/drivers/android/emulator/EmulatorAllocDriver.js:56:5)\n' +
          '    at async /home/mcfuzzysquirrel/Projects/mcfuzzy-test-personal-finance-app/node_modules/detox/src/devices/allocation/DeviceAllocator.js:44:22'
      },
      isPermanentFailure: false
    }
  ]
}
21:14:16.059 detox[31600] [90mi[39m dispatching event to socket  :  reportTestResultsDone {
  testResults: [
    {
      success: false,
      testFilePath: '/home/mcfuzzysquirrel/Projects/mcfuzzy-test-personal-finance-app/e2e/smoke.e2e.js',
      testExecError: {
        name: 'DetoxRuntimeError',
        message: "Cannot boot Android Emulator with the name: 'detox-api35'\n" +
          '\n' +
          'HINT: Make sure you choose one of the available emulators: Medium_Phone_API_36.1',
        stack: "DetoxRuntimeError: Cannot boot Android Emulator with the name: 'detox-api35'\n" +
          '\n' +
          'HINT: Make sure you choose one of the available emulators: Medium_Phone_API_36.1\n' +
          '    at AVDValidator._assertAVDMatch (/home/mcfuzzysquirrel/Projects/mcfuzzy-test-personal-finance-app/node_modules/detox/src/devices/allocation/drivers/android/emulator/AVDValidator.js:36:13)\n' +
          '    at AVDValidator.validate (/home/mcfuzzysquirrel/Projects/mcfuzzy-test-personal-finance-app/node_modules/detox/src/devices/allocation/drivers/android/emulator/AVDValidator.js:18:16)\n' +
          '    at async EmulatorAllocDriver.allocate (/home/mcfuzzysquirrel/Projects/mcfuzzy-test-personal-finance-app/node_modules/detox/src/devices/allocation/drivers/android/emulator/EmulatorAllocDriver.js:56:5)\n' +
          '    at async /home/mcfuzzysquirrel/Projects/mcfuzzy-test-personal-finance-app/node_modules/detox/src/devices/allocation/DeviceAllocator.js:44:22'
      },
      isPermanentFailure: false
    }
  ]
}
21:14:16.060 detox[31600] [90mi[39m broadcasting event to all known sockets listening to  /tmp/detox.primary-31600  :   sessionStateUpdate {
  testResults: [
    {
      success: false,
      testFilePath: '/home/mcfuzzysquirrel/Projects/mcfuzzy-test-personal-finance-app/e2e/smoke.e2e.js',
      testExecError: {
        name: 'DetoxRuntimeError',
        message: "Cannot boot Android Emulator with the name: 'detox-api35'\n" +
          '\n' +
          'HINT: Make sure you choose one of the available emulators: Medium_Phone_API_36.1',
        stack: "DetoxRuntimeError: Cannot boot Android Emulator with the name: 'detox-api35'\n" +
          '\n' +
          'HINT: Make sure you choose one of the available emulators: Medium_Phone_API_36.1\n' +
          '    at AVDValidator._assertAVDMatch (/home/mcfuzzysquirrel/Projects/mcfuzzy-test-personal-finance-app/node_modules/detox/src/devices/allocation/drivers/android/emulator/AVDValidator.js:36:13)\n' +
          '    at AVDValidator.validate (/home/mcfuzzysquirrel/Projects/mcfuzzy-test-personal-finance-app/node_modules/detox/src/devices/allocation/drivers/android/emulator/AVDValidator.js:18:16)\n' +
          '    at async EmulatorAllocDriver.allocate (/home/mcfuzzysquirrel/Projects/mcfuzzy-test-personal-finance-app/node_modules/detox/src/devices/allocation/drivers/android/emulator/EmulatorAllocDriver.js:56:5)\n' +
          '    at async /home/mcfuzzysquirrel/Projects/mcfuzzy-test-personal-finance-app/node_modules/detox/src/devices/allocation/DeviceAllocator.js:44:22'
      },
      isPermanentFailure: false
    }
  ]
}
21:14:16.060 detox[31624] [90mi[39m ## received events ##
21:14:16.061 detox[31624] [90mi[39m detected event reportTestResultsDone {
  testResults: [
    {
      success: false,
      testFilePath: '/home/mcfuzzysquirrel/Projects/mcfuzzy-test-personal-finance-app/e2e/smoke.e2e.js',
      testExecError: {
        name: 'DetoxRuntimeError',
        message: "Cannot boot Android Emulator with the name: 'detox-api35'\n" +
          '\n' +
          'HINT: Make sure you choose one of the available emulators: Medium_Phone_API_36.1',
        stack: "DetoxRuntimeError: Cannot boot Android Emulator with the name: 'detox-api35'\n" +
          '\n' +
          'HINT: Make sure you choose one of the available emulators: Medium_Phone_API_36.1\n' +
          '    at AVDValidator._assertAVDMatch (/home/mcfuzzysquirrel/Projects/mcfuzzy-test-personal-finance-app/node_modules/detox/src/devices/allocation/drivers/android/emulator/AVDValidator.js:36:13)\n' +
          '    at AVDValidator.validate (/home/mcfuzzysquirrel/Projects/mcfuzzy-test-personal-finance-app/node_modules/detox/src/devices/allocation/drivers/android/emulator/AVDValidator.js:18:16)\n' +
          '    at async EmulatorAllocDriver.allocate (/home/mcfuzzysquirrel/Projects/mcfuzzy-test-personal-finance-app/node_modules/detox/src/devices/allocation/drivers/android/emulator/EmulatorAllocDriver.js:56:5)\n' +
          '    at async /home/mcfuzzysquirrel/Projects/mcfuzzy-test-personal-finance-app/node_modules/detox/src/devices/allocation/DeviceAllocator.js:44:22'
      },
      isPermanentFailure: false
    }
  ]
}
21:14:16.064 detox[31624] [90mi[39m connection closed primary-31600 /tmp/detox.primary-31600 0 tries remaining of 0
21:14:16.065 detox[31624] [90mi[39m secondary-31624 exceeded connection rety amount of  or stopRetrying flag set.
21:14:16.066 detox[31600] [90mi[39m server socket error Error: read ECONNRESET
    at Pipe.onStreamRead (node:internal/stream_base_commons:217:20) {
  errno: -104,
  code: 'ECONNRESET',
  syscall: 'read'
}
21:14:16.066 detox[31600] [90mi[39m socket disconnected secondary-31624
21:14:16.170 detox[31600] [90mE[39m Command failed with exit code = 1:
jest --config e2e/jest.config.js
21:14:16.171 detox[31600] [90mB[39m cleanup
  args: ()
21:14:16.172 detox[31600] [90mi[39m "/home/mcfuzzysquirrel/Android/Sdk/platform-tools/adb"  devices
21:14:16.583 detox[31600] [90mi[39m List of devices attached


21:14:16.583 detox[31600] [90mi[39m * daemon not running; starting now at tcp:5037
* daemon started successfully

21:14:16.595 detox[31600] [90mE[39m cleanup
21:14:16.598 detox[31600] [90mi[39m Detox server has been closed gracefully
21:14:16.603 detox[31600] [90mE[39m node_modules/.bin/detox test -c android.emu.debug --headless --cleanup --record-logs all --take-screenshots failing --record-videos failing --artifacts-location artifacts/detox
