--------- beginning of main
03-14 21:36:53.028  3267  3267 W .studentfinance: Accessing hidden field Landroid/app/Activity;->mResultCode:I (unsupported, reflection, allowed)
03-14 21:36:53.029  3267  3267 W .studentfinance: Accessing hidden field Landroid/app/Activity;->mResultData:Landroid/content/Intent; (unsupported, reflection, allowed)
03-14 21:36:53.046  3267  3267 W unknown:BridgelessReact: ReactHost{0}.onHostPause(activity)
03-14 21:36:53.052  3267  3588 D TrafficStats: tagSocket(110) with statsTag=0xffffffff, statsUid=-1
03-14 21:36:53.070  3267  3267 W WindowOnBackDispatcher: sendCancelIfRunning: isInProgress=false callback=android.view.ViewRootImpl$$ExternalSyntheticLambda11@730a9a6
03-14 21:36:53.081  3267  3267 D LifecycleMonitor: Lifecycle status change: com.mcfuzzysquirrel.studentfinance.MainActivity@5deeeda in: PAUSED
03-14 21:36:53.108  3267  3267 I Detox   : Wait is over: App is now idle!
03-14 21:36:53.108  3267  3509 I DetoxWSClient: Sending out action 'ready' (ID #-1000)
03-14 21:36:53.109  3267  3509 I DetoxDispatcher: Done with action 'isReady'
03-14 21:36:53.110  3267  3411 E TestRunner: failed: runDetoxTests(com.mcfuzzysquirrel.studentfinance.DetoxTest)
03-14 21:36:53.110  3267  3411 E TestRunner: ----- begin exception -----
03-14 21:36:53.110  3267  3411 E TestRunner: java.lang.RuntimeException: ReactContext is null!
03-14 21:36:53.110  3267  3411 E TestRunner: 	at com.wix.detox.reactnative.ReactApplicationExtKt.getCurrentReactContextSafe(ReactApplicationExt.kt:26)
03-14 21:36:53.110  3267  3411 E TestRunner: 	at com.wix.detox.reactnative.idlingresources.factory.FabricDetoxIdlingResourceFactoryStrategy$create$2.invokeSuspend(FabricDetoxIdlingResourceFactoryStrategy.kt:19)
03-14 21:36:53.110  3267  3411 E TestRunner: 	at com.wix.detox.reactnative.idlingresources.factory.FabricDetoxIdlingResourceFactoryStrategy$create$2.invoke(Unknown Source:8)
03-14 21:36:53.110  3267  3411 E TestRunner: 	at com.wix.detox.reactnative.idlingresources.factory.FabricDetoxIdlingResourceFactoryStrategy$create$2.invoke(Unknown Source:4)
03-14 21:36:53.110  3267  3411 E TestRunner: 	at kotlinx.coroutines.intrinsics.UndispatchedKt.startUndspatched(Undispatched.kt:66)
03-14 21:36:53.110  3267  3411 E TestRunner: 	at kotlinx.coroutines.intrinsics.UndispatchedKt.startUndispatchedOrReturn(Undispatched.kt:43)
03-14 21:36:53.110  3267  3411 E TestRunner: 	at kotlinx.coroutines.BuildersKt__Builders_commonKt.withContext(Builders.common.kt:165)
03-14 21:36:53.110  3267  3411 E TestRunner: 	at kotlinx.coroutines.BuildersKt.withContext(Unknown Source:1)
03-14 21:36:53.110  3267  3411 E TestRunner: 	at com.wix.detox.reactnative.idlingresources.factory.FabricDetoxIdlingResourceFactoryStrategy.create(FabricDetoxIdlingResourceFactoryStrategy.kt:18)
03-14 21:36:53.110  3267  3411 E TestRunner: 	at com.wix.detox.reactnative.idlingresources.factory.DetoxIdlingResourceFactory$create$2.invokeSuspend(DetoxIdlingResourceFactory.kt:18)
03-14 21:36:53.110  3267  3411 E TestRunner: 	at kotlin.coroutines.jvm.internal.BaseContinuationImpl.resumeWith(ContinuationImpl.kt:33)
03-14 21:36:53.110  3267  3411 E TestRunner: 	at kotlinx.coroutines.DispatchedTask.run(DispatchedTask.kt:100)
03-14 21:36:53.110  3267  3411 E TestRunner: 	at android.os.Handler.handleCallback(Handler.java:959)
03-14 21:36:53.110  3267  3411 E TestRunner: 	at android.os.Handler.dispatchMessage(Handler.java:100)
03-14 21:36:53.110  3267  3411 E TestRunner: 	at android.os.Looper.loopOnce(Looper.java:232)
03-14 21:36:53.110  3267  3411 E TestRunner: 	at android.os.Looper.loop(Looper.java:317)
03-14 21:36:53.110  3267  3411 E TestRunner: 	at android.app.ActivityThread.main(ActivityThread.java:8705)
03-14 21:36:53.110  3267  3411 E TestRunner: 	at java.lang.reflect.Method.invoke(Native Method)
03-14 21:36:53.110  3267  3411 E TestRunner: 	at com.android.internal.os.RuntimeInit$MethodAndArgsCaller.run(RuntimeInit.java:580)
03-14 21:36:53.110  3267  3411 E TestRunner: 	at com.android.internal.os.ZygoteInit.main(ZygoteInit.java:886)
03-14 21:36:53.110  3267  3411 E TestRunner: ----- end exception -----
03-14 21:36:53.127  3267  3411 I TestRunner: finished: runDetoxTests(com.mcfuzzysquirrel.studentfinance.DetoxTest)
03-14 21:36:53.193  3267  3411 I MonitoringInstr: Unstopped activity count: 1
03-14 21:36:53.244  3267  3411 I MonitoringInstr: Unstopped activity count: 1
03-14 21:36:53.295  3267  3411 I MonitoringInstr: Unstopped activity count: 1
03-14 21:36:53.346  3267  3411 I MonitoringInstr: Unstopped activity count: 1
03-14 21:36:53.397  3267  3411 I MonitoringInstr: Unstopped activity count: 1
03-14 21:36:53.451  3267  3411 I MonitoringInstr: Unstopped activity count: 1
03-14 21:36:53.507  3267  3411 I MonitoringInstr: Unstopped activity count: 1
03-14 21:36:53.578  3267  3411 I MonitoringInstr: Unstopped activity count: 1
03-14 21:36:53.628  3267  3411 I MonitoringInstr: Unstopped activity count: 1
03-14 21:36:53.634  3267  3267 D VRI[MainActivity]: visibilityChanged oldVisibility=true newVisibility=false
03-14 21:36:53.681  3267  3411 I MonitoringInstr: Unstopped activity count: 1
03-14 21:36:53.746  3267  3411 I MonitoringInstr: Unstopped activity count: 1
03-14 21:36:53.840  3267  3411 I MonitoringInstr: Unstopped activity count: 1
03-14 21:36:53.878  3267  3267 D LifecycleMonitor: Lifecycle status change: com.mcfuzzysquirrel.studentfinance.MainActivity@5deeeda in: STOPPED
03-14 21:36:53.891  3267  3411 I TestRunner: run finished: 1 tests, 1 failed, 0 ignored
03-14 21:36:54.073  3267  3267 D LifecycleMonitor: Lifecycle status change: com.mcfuzzysquirrel.studentfinance.MainActivity@5deeeda in: DESTROYED
03-14 21:36:54.073  3267  3267 W WindowOnBackDispatcher: sendCancelIfRunning: isInProgress=false callback=android.view.ViewRootImpl$$ExternalSyntheticLambda11@fa13eb5
03-14 21:36:54.155  3267  3267 W unknown:BridgelessReact: ReactHost{0}.stopSurface(surfaceId = 0): Schedule
03-14 21:36:54.155  3267  3267 W unknown:BridgelessReact: ReactHost{0}.detachSurface(surfaceId = 0)
03-14 21:36:54.157  3267  3584 W unknown:BridgelessReact: ReactHost{0}.raiseSoftException(callWithExistingReactInstance(stopSurface(surfaceId = 0))): Execute: reactInstance is null. Dropping work.
03-14 21:36:54.158  3267  3584 E unknown:ReactHost: Unhandled SoftException
03-14 21:36:54.158  3267  3584 E unknown:ReactHost: com.facebook.react.bridge.ReactNoCrashSoftException: raiseSoftException(callWithExistingReactInstance(stopSurface(surfaceId = 0))): Execute: reactInstance is null. Dropping work.
03-14 21:36:54.158  3267  3584 E unknown:ReactHost: 	at com.facebook.react.runtime.ReactHostImpl.raiseSoftException(ReactHostImpl.kt:861)
03-14 21:36:54.158  3267  3584 E unknown:ReactHost: 	at com.facebook.react.runtime.ReactHostImpl.raiseSoftException$default(ReactHostImpl.kt:852)
03-14 21:36:54.158  3267  3584 E unknown:ReactHost: 	at com.facebook.react.runtime.ReactHostImpl.callWithExistingReactInstance$lambda$31(ReactHostImpl.kt:877)
03-14 21:36:54.158  3267  3584 E unknown:ReactHost: 	at com.facebook.react.runtime.ReactHostImpl.$r8$lambda$l1K12GG-9QlElWkNW0LKLzyWgAs(Unknown Source:0)
03-14 21:36:54.158  3267  3584 E unknown:ReactHost: 	at com.facebook.react.runtime.ReactHostImpl$$ExternalSyntheticLambda32.then(D8$$SyntheticClass:0)
03-14 21:36:54.158  3267  3584 E unknown:ReactHost: 	at com.facebook.react.runtime.internal.bolts.Task$Companion.completeImmediately$lambda$3(Task.kt:360)
03-14 21:36:54.158  3267  3584 E unknown:ReactHost: 	at com.facebook.react.runtime.internal.bolts.Task$Companion.$r8$lambda$b7MTC0ufkn_2TjF4BGcNqGR9qK0(Unknown Source:0)
03-14 21:36:54.158  3267  3584 E unknown:ReactHost: 	at com.facebook.react.runtime.internal.bolts.Task$Companion$$ExternalSyntheticLambda3.run(D8$$SyntheticClass:0)
03-14 21:36:54.158  3267  3584 E unknown:ReactHost: 	at com.facebook.react.runtime.internal.bolts.Executors$ImmediateExecutor.execute(Executors.kt:41)
03-14 21:36:54.158  3267  3584 E unknown:ReactHost: 	at com.facebook.react.runtime.internal.bolts.Task$Companion.completeImmediately(Task.kt:358)
03-14 21:36:54.158  3267  3584 E unknown:ReactHost: 	at com.facebook.react.runtime.internal.bolts.Task$Companion.access$complet