--------- beginning of main
03-14 23:04:16.010 15986 15986 I ViewInteraction: Checking 'MatchesViewAssertion(Detox){viewMatcher=(view has effective visibility <VISIBLE> and view.getGlobalVisibleRect() covers at least <75> percent of the view's area)}' assertion on view (view.getTag() is "dashboard-add-expense-button" and view has effective visibility <VISIBLE>)
03-14 23:04:16.043 15986 15986 I ViewInteraction: Checking 'MatchesViewAssertion(Detox){viewMatcher=(view has effective visibility <VISIBLE> and view.getGlobalVisibleRect() covers at least <75> percent of the view's area)}' assertion on view (view.getTag() is "dashboard-add-expense-button" and view has effective visibility <VISIBLE>)
03-14 23:04:16.058 15986 16036 D TrafficStats: tagSocket(132) with statsTag=0xffffffff, statsUid=-1
03-14 23:04:16.066 15986 16016 I DetoxActionHandlers: Test exception
03-14 23:04:16.066 15986 16016 I DetoxActionHandlers: java.lang.reflect.InvocationTargetException
03-14 23:04:16.066 15986 16016 I DetoxActionHandlers: 	at java.lang.reflect.Method.invoke(Native Method)
03-14 23:04:16.066 15986 16016 I DetoxActionHandlers: 	at org.apache.commons.lang3.reflect.MethodUtils.invokeStaticMethod(MethodUtils.java:443)
03-14 23:04:16.066 15986 16016 I DetoxActionHandlers: 	at org.apache.commons.lang3.reflect.MethodUtils.invokeStaticMethod(MethodUtils.java:405)
03-14 23:04:16.066 15986 16016 I DetoxActionHandlers: 	at com.wix.invoke.types.ClassTarget.execute(ClassTarget.java:23)
03-14 23:04:16.066 15986 16016 I DetoxActionHandlers: 	at com.wix.invoke.types.Target.invoke(Target.java:59)
03-14 23:04:16.066 15986 16016 I DetoxActionHandlers: 	at com.wix.invoke.MethodInvocation.invoke(MethodInvocation.java:35)
03-14 23:04:16.066 15986 16016 I DetoxActionHandlers: 	at com.wix.invoke.MethodInvocation.invoke(MethodInvocation.java:26)
03-14 23:04:16.066 15986 16016 I DetoxActionHandlers: 	at com.wix.invoke.MethodInvocation.invoke(MethodInvocation.java:20)
03-14 23:04:16.066 15986 16016 I DetoxActionHandlers: 	at com.wix.detox.adapters.server.InvokeActionHandler.handle(DetoxActionHandlers.kt:54)
03-14 23:04:16.066 15986 16016 I DetoxActionHandlers: 	at com.wix.detox.adapters.server.ActionsExecutor.executeAction$lambda$2$lambda$1(DetoxActionsDispatcher.kt:76)
03-14 23:04:16.066 15986 16016 I DetoxActionHandlers: 	at com.wix.detox.adapters.server.ActionsExecutor.$r8$lambda$GVbB7LHtBHxNHGbgYnHJ6YrwCqs(Unknown Source:0)
03-14 23:04:16.066 15986 16016 I DetoxActionHandlers: 	at com.wix.detox.adapters.server.ActionsExecutor$$ExternalSyntheticLambda0.run(D8$$SyntheticClass:0)
03-14 23:04:16.066 15986 16016 I DetoxActionHandlers: 	at android.os.Handler.handleCallback(Handler.java:959)
03-14 23:04:16.066 15986 16016 I DetoxActionHandlers: 	at android.os.Handler.dispatchMessage(Handler.java:100)
03-14 23:04:16.066 15986 16016 I DetoxActionHandlers: 	at android.os.Looper.loopOnce(Looper.java:232)
03-14 23:04:16.066 15986 16016 I DetoxActionHandlers: 	at android.os.Looper.loop(Looper.java:317)
03-14 23:04:16.066 15986 16016 I DetoxActionHandlers: 	at com.wix.detox.adapters.server.ActionsExecutor._init_$lambda$0(DetoxActionsDispatcher.kt:62)
03-14 23:04:16.066 15986 16016 I DetoxActionHandlers: 	at com.wix.detox.adapters.server.ActionsExecutor.$r8$lambda$xlgL0CQim6vNM0wWEqM8JIDgZUE(Unknown Source:0)
03-14 23:04:16.066 15986 16016 I DetoxActionHandlers: 	at com.wix.detox.adapters.server.ActionsExecutor$$ExternalSyntheticLambda1.run(D8$$SyntheticClass:0)
03-14 23:04:16.066 15986 16016 I DetoxActionHandlers: 	at java.lang.Thread.run(Thread.java:1012)
03-14 23:04:16.066 15986 16016 I DetoxActionHandlers: Caused by: com.wix.detox.common.DetoxErrors$DetoxRuntimeException: 10.0sec timeout expired without matching of given matcher: (view has effective visibility <VISIBLE> and view.getGlobalVisibleRect() covers at least <75> percent of the view's area)
03-14 23:04:16.066 15986 16016 I DetoxActionHandlers: 	at com.wix.detox.espresso.DetoxAssertion.waitForAssertMatcher(DetoxAssertion.java:72)
03-14 23:04:16.066 15986 16016 I DetoxActionHandlers: 	... 20 more
03-14 23:04:16.067 15986 16016 I DetoxWSClient: Sending out action 'testFailed' (ID #6)
03-14 23:04:16.067 15986 16016 I DetoxDispatcher: Done with action 'invoke'
03-14 23:04:16.137 15986 16041 D TrafficStats: tagSocket(132) with statsTag=0xffffffff, statsUid=-1
03-14 23:04:16.343 15986 16027 D EGL_emulation: app_time_stats: avg=501.65ms min=498.62ms max=504.68ms count=2
03-14 23:04:17.457 15986 16027 D EGL_emulation: app_time_stats: avg=556.78ms min=501.18ms max=612.38ms count=2
03-14 23:04:17.667 15986 16020 D DetoxWSClient: Received action 'invoke' (ID #8, params={"target":{"type":"Class","value":"com.wix.detox.espresso.EspressoDetox"},"method":"perform","args":[{"type":"Invocation","value":{"target":{"type":"Class","value":"com.wix.detox.espresso.DetoxMatcher"},"method":"matcherForTestId","args":["dashboard-summary-spent-card",{"type":"boolean","value":false}]}},{"type":"Invocation","value":{"target":{"type":"Class","value":"com.wix.detox.espresso.DetoxAction"},"method":"swipeInDirection","args":[{"type":"Integer","value":3},{"type":"boolean","value":false},{"type":"Double","value":0.5},{"type":"Double","value":null},{"type":"Double","value":null}]}}]})
03-14 23:04:17.668 15986 16016 I DetoxDispatcher: Handling action 'invoke' (ID #8)...
03-14 23:04:17.669 15986 16016 D Detox   : class com.wix.detox.espresso.DetoxMatcher, matcherForTestId, [dashboard-summary-spent-card, false]
03-14 23:04:17.674 15986 16016 D Detox   : class com.wix.detox.espresso.DetoxAction, swipeInDirection, [3, false, 0.5, NaN, NaN]
03-14 23:04:17.676 15986 16016 D Detox   : class com.wix.detox.espresso.EspressoDetox, perform, [(view.getTag() is "dashboard-summary-spent-card" and view has effective visibility <VISIBLE>), androidx.test.espresso.action.GeneralSwipeAction@b179b5]
03-14 23:04:17.768 15986 16016 I DetoxActionHandlers: Test exception
03-14 23:04:17.768 15986 16016 I DetoxActionHandlers: java.lang.reflect.InvocationTargetException
03-14 23:04:17.768 15986 16016 I DetoxActionHandlers: 	at java.lang.reflect.Method.invoke(Native Method)
03-14 23:04:17.768 15986 16016 I DetoxActionHandlers: 	at org.apache.commons.lang3.reflect.MethodUtils.invokeStaticMethod(MethodUtils.java:443)
03-14 23:04:17.768 15986 16016 I DetoxActionHandlers: 	at org.apache.commons.lang3.reflect.MethodUtils.invokeStaticMethod(MethodUtils.java:405)
03-14 23:04:17.768 15986 16016 I DetoxActionHandlers: 	at com.wix.invoke.types.ClassTarget.execute(ClassTarget.java:23)
03-14 23:04:17.768 15986 16016 I DetoxActionHandlers: 	at com.wix.invoke.types.Target.invoke(Target.java:59)
03-14 23:04:17.768 15986 16016 I DetoxActionHandlers: 	at com.wix.invoke.MethodInvocation.invoke(MethodInvocation.java:35)
03-14 23:04:17.768 15986 16016 I DetoxActionHandlers: 	at com.wix.invoke.MethodInvocation.invoke(MethodInvocation.java:26)
03-14 23:04:17.768 15986 16016 I DetoxActionHandlers: 	at com.wix.invoke.MethodInvocation.invoke(MethodInvocation.java:20)
03-14 23:04:17.768 15986 16016 I DetoxActionHandlers: 	at com.wix.detox.adapters.server.InvokeActionHandler.handle(DetoxActionHandlers.kt:54)
03-14 23:04:17.768 15986 16016 I DetoxActionHandlers: 	at com.wix.detox.adapters.server.ActionsExecutor.executeAction$lambda$2$lambda$1(DetoxActionsDispatcher.kt:76)
03-14 23:04:17.768 15986 16016 I DetoxActionHandlers: 	at com.wix.detox.adapters.server.ActionsExecutor.$r8$lambda$GVbB7LHtBHxNHGbgYnHJ6YrwCqs(Unknown Source:0)
03-14 23:04:17.768 15986 16016 I DetoxActionHandlers: 	at com.wix.detox.adapters.server.ActionsExecutor$$ExternalSyntheticLambda0.run(D8$$SyntheticClass:0)
03-14 23:04:17.768 15986 16016 I DetoxActionHandlers: 	at android.os.Handler.handleCallback(Handler.java:959)
03-14 23:04:17.768 15986 16016 I DetoxActionHandlers: 	at android.os.Handler.dispatchMessage(Handler.java:100)
03-14 23:04:17.768 15986 16016 I DetoxActionHandlers: 	at android.os.Looper.loopOnce(Looper.java:232)
03-14 23:04:17.768 15986 16016 I DetoxActionHandlers: 	at android.os.Looper.loop(Looper.java:317)
03-14 23:04:17.768 15986 16016 I DetoxActionHandlers: 	at com.wix.detox.adapters.server.ActionsExecutor._init_$lambda$0(DetoxAc