--------- beginning of main
03-14 22:59:41.003 13210 13297 W unknown:ViewManagerPropertyUpdater: Could not find generated setter for class com.facebook.react.views.modal.ReactModalHostManager
03-14 22:59:41.014 13210 13297 W unknown:ViewManagerPropertyUpdater: Could not find generated setter for class com.horcrux.svg.RenderableViewManager$ForeignObjectManager
03-14 22:59:41.025 13210 13297 W unknown:ViewManagerPropertyUpdater: Could not find generated setter for class com.horcrux.svg.RenderableViewManager$EllipseViewManager
03-14 22:59:41.037 13210 13297 W unknown:ViewManagerPropertyUpdater: Could not find generated setter for class com.horcrux.svg.RenderableViewManager$LineViewManager
03-14 22:59:41.051 13210 13297 W unknown:ViewManagerPropertyUpdater: Could not find generated setter for class com.facebook.react.views.text.frescosupport.FrescoBasedReactTextInlineImageViewManager
03-14 22:59:41.052 13210 13297 W unknown:ViewManagerPropertyUpdater: Could not find generated setter for class com.facebook.react.views.text.frescosupport.FrescoBasedReactTextInlineImageShadowNode
03-14 22:59:41.086 13210 13297 W unknown:ViewManagerPropertyUpdater: Could not find generated setter for class com.horcrux.svg.RenderableViewManager$FeFloodManager
03-14 22:59:41.101 13210 13297 W unknown:ViewManagerPropertyUpdater: Could not find generated setter for class com.horcrux.svg.RenderableViewManager$GroupViewManager
03-14 22:59:41.118 13210 13297 W unknown:ViewManagerPropertyUpdater: Could not find generated setter for class com.horcrux.svg.RenderableViewManager$TextViewManager
03-14 22:59:41.142 13210 13297 W unknown:ViewManagerPropertyUpdater: Could not find generated setter for class com.horcrux.svg.RenderableViewManager$ImageViewManager
03-14 22:59:41.204 13210 13297 W unknown:ViewManagerPropertyUpdater: Could not find generated setter for class com.horcrux.svg.RenderableViewManager$FeCompositeManager
03-14 22:59:41.272 13210 13297 W unknown:ViewManagerPropertyUpdater: Could not find generated setter for class com.facebook.react.views.image.ReactImageManager
03-14 22:59:41.303 13210 13297 W unknown:ViewManagerPropertyUpdater: Could not find generated setter for class com.horcrux.svg.RenderableViewManager$RadialGradientManager
03-14 22:59:41.305 13210 13294 D TrafficStats: tagSocket(132) with statsTag=0xffffffff, statsUid=-1
03-14 22:59:41.319 13210 13297 W unknown:ViewManagerPropertyUpdater: Could not find generated setter for class com.horcrux.svg.RenderableViewManager$MaskManager
03-14 22:59:41.329 13210 13297 W unknown:ViewManagerPropertyUpdater: Could not find generated setter for class com.facebook.react.views.unimplementedview.ReactUnimplementedViewManager
03-14 22:59:41.336 13210 13297 W unknown:ViewManagerPropertyUpdater: Could not find generated setter for class com.horcrux.svg.RenderableViewManager$RectViewManager
03-14 22:59:41.345 13210 13297 W unknown:ViewManagerPropertyUpdater: Could not find generated setter for class com.horcrux.svg.RenderableViewManager$TextPathViewManager
03-14 22:59:41.358 13210 13297 W unknown:ViewManagerPropertyUpdater: Could not find generated setter for class com.facebook.react.views.scroll.ReactScrollViewManager
03-14 22:59:41.366 13210 13297 W unknown:ViewManagerPropertyUpdater: Could not find generated setter for class com.horcrux.svg.RenderableViewManager$FeOffsetManager
03-14 22:59:41.385 13210 13297 W unknown:ViewManagerPropertyUpdater: Could not find generated setter for class com.horcrux.svg.RenderableViewManager$PathViewManager
03-14 22:59:41.407 13210 13297 W unknown:ViewManagerPropertyUpdater: Could not find generated setter for class com.facebook.react.views.drawer.ReactDrawerLayoutManager
03-14 22:59:41.431 13210 13297 W unknown:ViewManagerPropertyUpdater: Could not find generated setter for class com.facebook.react.views.swiperefresh.SwipeRefreshLayoutManager
03-14 22:59:41.787 13210 13297 W unknown:ViewManagerPropertyUpdater: Could not find generated setter for class com.facebook.react.views.textinput.ReactTextInputManager
03-14 22:59:41.801 13210 13297 W unknown:ViewManagerPropertyUpdater: Could not find generated setter for class com.facebook.react.views.textinput.ReactTextInputShadowNode
03-14 22:59:41.819 13210 13303 D TrafficStats: tagSocket(132) with statsTag=0xffffffff, statsUid=-1
03-14 22:59:41.869 13210 13297 W unknown:ViewManagerPropertyUpdater: Could not find generated setter for class com.swmansion.gesturehandler.react.RNGestureHandlerRootViewManager
03-14 22:59:41.983 13210 13297 W BridgelessReactContext: [WARNING] Bridgeless doesn't support CatalystInstance. Accessing an API that's not part of the new architecture is not encouraged usage.
03-14 22:59:42.020 13210 13297 I ExpoModulesCore: ✅ JSI interop was installed
03-14 22:59:42.213 13210 13297 I ExpoModulesCore: ✅ Constants were exported
03-14 22:59:42.289 13210 13297 D nativeloader: Load /data/app/~~YsZ1q7ZJ7Iubjw5Ubx_m7A==/com.mcfuzzysquirrel.studentfinance-syuDUGtJ_YuI1ZMwWaAgPA==/base.apk!/lib/x86_64/librnscreens.so using ns clns-7 from class loader (caller=/data/app/~~YsZ1q7ZJ7Iubjw5Ubx_m7A==/com.mcfuzzysquirrel.studentfinance-syuDUGtJ_YuI1ZMwWaAgPA==/base.apk!classes16.dex): ok
03-14 22:59:42.337 13210 13217 I .studentfinance: Compiler allocated 4219KB to compile void android.widget.TextView.<init>(android.content.Context, android.util.AttributeSet, int, int)
03-14 22:59:43.180 13210 13407 D ProfileInstaller: Installing profile for com.mcfuzzysquirrel.studentfinance
03-14 22:59:43.409 13210 13297 D Detox.RNMarker: RUN_JS_BUNDLE_END (index.android.bundle)
03-14 22:59:43.413 13210 13297 I ReactNativeJS: Running "main"
03-14 22:59:43.438 13210 13294 D TrafficStats: tagSocket(132) with statsTag=0xffffffff, statsUid=-1
03-14 22:59:43.455 13210 13297 D Detox.RNMarker: REACT_BRIDGELESS_LOADING_END (null)
03-14 22:59:43.491 13210 13210 I ReactNative: [GESTURE HANDLER] Initialize gesture handler for root view com.facebook.react.runtime.ReactSurfaceView{9a140b7 V.E...... ......ID 0,0-1080,2400 #1}
03-14 22:59:43.491 13210 13297 D nativeloader: Load /data/app/~~YsZ1q7ZJ7Iubjw5Ubx_m7A==/com.mcfuzzysquirrel.studentfinance-syuDUGtJ_YuI1ZMwWaAgPA==/base.apk!/lib/x86_64/libgesturehandler.so using ns clns-7 from class loader (caller=/data/app/~~YsZ1q7ZJ7Iubjw5Ubx_m7A==/com.mcfuzzysquirrel.studentfinance-syuDUGtJ_YuI1ZMwWaAgPA==/base.apk): ok
03-14 22:59:43.491 13210 13297 D jni_lib_merge: Entering merged library JNI_OnLoad.
03-14 22:59:43.491 13210 13297 D jni_lib_merge: Preparing 12 pre-merged libs (including stub)
03-14 22:59:43.491 13210 13297 D jni_lib_merge: Preparing to register libfabricjni_so.  onload_func: 0x727ce68c0730
03-14 22:59:43.491 13210 13297 D jni_lib_merge: Preparing to register libreact_devsupportjni_so.  onload_func: 0x727ce6abd190
03-14 22:59:43.491 13210 13297 D jni_lib_merge: Preparing to register libreact_featureflagsjni_so.  onload_func: 0x727ce6ace910
03-14 22:59:43.491 13210 13297 D jni_lib_merge: Preparing to register libreact_newarchdefaults_so.  onload_func: 0x727ce6b6fd20
03-14 22:59:43.491 13210 13297 D jni_lib_merge: Preparing to register libreactnativeblob_so.  onload_func: 0x727ce6d7a2e0
03-14 22:59:43.491 13210 13297 D jni_lib_merge: Preparing to register libreactnativejni_so.  onload_func: 0x727ce6dba770
03-14 22:59:43.491 13210 13297 D jni_lib_merge: Preparing to register libreactnativejni_common_so.  onload_func: 0x727ce6dca5d0
03-14 22:59:43.491 13210 13297 D jni_lib_merge: Preparing to register librninstance_so.  onload_func: 0x727ce6e074c0
03-14 22:59:43.492 13210 13297 D jni_lib_merge: Preparing to register libturbomodulejsijni_so.  onload_func: 0x727ce6f68c00
03-14 22:59:43.492 13210 13297 D jni_lib_merge: Preparing to register libuimanagerjni_so.  onload_func: 0x727ce6f80de0
03-14 22:59:43.492 13210 13297 D jni_lib_merge: Preparing to register libyoga_so.  onload_func: 0x727ce6f8fd70
03-14 22:59:43.492 13210 13297 D jni_lib_merge: About to register 11 actual methods.
03-14 22:59:43.496 13210 13210 D Detox.RNMarker: CONTENT_APPEARED (main)
03-14 22:59:43.928 13210 13303 D TrafficStats: tagSocket(136) with statsTag=0xffffffff, statsUid=-1
03-14 22:59:44.500 13210 13297 D nativeloader: Load /dat--------- beginning of main
03-14 22:59:49.235 13536 13536 W ziparchive: Unable to open '/data/app/~~YsZ1q7ZJ7Iubjw5Ubx_m7A==/com.mcfuzzysquirrel.studentfinance-syuDUGtJ_YuI1ZMwWaAgPA==/base.dm': No such file or directory
03-14 22:59:49.235 13536 13536 W ziparchive: Unable to open '/data/app/~~YsZ1q7ZJ7Iubjw5Ubx_m7A==/com.mcfuzzysquirrel.studentfinance-syuDUGtJ_YuI1ZMwWaAgPA==/base.dm': No such file or directory
03-14 22:59:49.865 13536 13536 D nativeloader: Configuring clns-7 for other apk /system/framework/android.test.runner.jar:/system/framework/android.test.mock.jar:/system/framework/android.test.base.jar:/data/app/~~I7GwO298usEUNamwuljAbA==/com.mcfuzzysquirrel.studentfinance.test-GO1f0rqwZRk52sJBE2qCnw==/base.apk:/data/app/~~YsZ1q7ZJ7Iubjw5Ubx_m7A==/com.mcfuzzysquirrel.studentfinance-syuDUGtJ_YuI1ZMwWaAgPA==/base.apk. target_sdk_version=36, uses_libraries=, library_path=/data/app/~~I7GwO298usEUNamwuljAbA==/com.mcfuzzysquirrel.studentfinance.test-GO1f0rqwZRk52sJBE2qCnw==/lib/x86_64:/data/app/~~YsZ1q7ZJ7Iubjw5Ubx_m7A==/com.mcfuzzysquirrel.studentfinance-syuDUGtJ_YuI1ZMwWaAgPA==/lib/x86_64:/data/app/~~I7GwO298usEUNamwuljAbA==/com.mcfuzzysquirrel.studentfinance.test-GO1f0rqwZRk52sJBE2qCnw==/base.apk!/lib/x86_64:/data/app/~~YsZ1q7ZJ7Iubjw5Ubx_m7A==/com.mcfuzzysquirrel.studentfinance-syuDUGtJ_YuI1ZMwWaAgPA==/base.apk!/lib/x86_64, permitted_path=/data:/mnt/expand:/data/user/0/com.mcfuzzysquirrel.studentfinance
03-14 22:59:49.944 13536 13536 V GraphicsEnvironment: Currently set values for:
03-14 22:59:49.945 13536 13536 V GraphicsEnvironment:   angle_gl_driver_selection_pkgs=[]
03-14 22:59:49.945 13536 13536 V GraphicsEnvironment:   angle_gl_driver_selection_values=[]
03-14 22:59:49.945 13536 13536 V GraphicsEnvironment: Global.Settings values are invalid: number of packages: 0, number of values: 0
03-14 22:59:49.946 13536 13536 V GraphicsEnvironment: Neither updatable production driver nor prerelease driver is supported.
03-14 22:59:49.956 13536 13536 D ApplicationLoaders: Returning zygote-cached class loader: /system/framework/android.test.base.jar
03-14 22:59:49.962 13536 13536 D nativeloader: Configuring clns-8 for other apk /system/framework/android.test.mock.jar. target_sdk_version=36, uses_libraries=ALL, library_path=/data/app/~~I7GwO298usEUNamwuljAbA==/com.mcfuzzysquirrel.studentfinance.test-GO1f0rqwZRk52sJBE2qCnw==/lib/x86_64:/data/app/~~YsZ1q7ZJ7Iubjw5Ubx_m7A==/com.mcfuzzysquirrel.studentfinance-syuDUGtJ_YuI1ZMwWaAgPA==/lib/x86_64, permitted_path=/data:/mnt/expand
03-14 22:59:49.963 13536 13536 D ApplicationLoaders: Returning zygote-cached class loader: /system/framework/android.test.base.jar
03-14 22:59:49.967 13536 13536 D nativeloader: Configuring clns-9 for other apk /system/framework/android.test.runner.jar. target_sdk_version=36, uses_libraries=ALL, library_path=/data/app/~~I7GwO298usEUNamwuljAbA==/com.mcfuzzysquirrel.studentfinance.test-GO1f0rqwZRk52sJBE2qCnw==/lib/x86_64:/data/app/~~YsZ1q7ZJ7Iubjw5Ubx_m7A==/com.mcfuzzysquirrel.studentfinance-syuDUGtJ_YuI1ZMwWaAgPA==/lib/x86_64, permitted_path=/data:/mnt/expand
03-14 22:59:49.970 13536 13536 W .studentfinance: ClassLoaderContext shared library size mismatch. Expected=2, found=3 (PCL[]{PCL[/system/framework/android.test.base.jar*724373495]#PCL[/system/framework/android.test.mock.jar*1452759902]} | PCL[]{PCL[/system/framework/android.test.base.jar*724373495]#PCL[/system/framework/android.test.mock.jar*1452759902]#PCL[/system/framework/android.test.runner.jar*2496447986]{PCL[/system/framework/android.test.base.jar*724373495]#PCL[/system/framework/android.test.mock.jar*1452759902]}};PCL[/system/framework/android.test.runner.jar*2496447986:/system/framework/android.test.mock.jar*1452759902:/system/framework/android.test.base.jar*724373495:/data/app/~~I7GwO298usEUNamwuljAbA==/com.mcfuzzysquirrel.studentfinance.test-GO1f0rqwZRk52sJBE2qCnw==/base.apk*3224200876:/data/app/~~YsZ1q7ZJ7Iubjw5Ubx_m7A==/com.mcfuzzysquirrel.studentfinance-syuDUGtJ_YuI1ZMwWaAgPA==/base.apk*2060289533])
03-14 22:59:49.972 13536 13536 W .studentfinance: ClassLoaderContext classpath size mismatch. expected=0, found=1 (PCL[] | PCL[/system/framework/android.test.runner.jar*2496447986]{PCL[/system/framework/android.test.base.jar*724373495]#PCL[/system/framework/android.test.mock.jar*1452759902]#PCL[/system/framework/android.test.runner.jar*2496447986]{PCL[/system/framework/android.test.base.jar*724373495]#PCL[/system/framework/android.test.mock.jar*1452759902]}};PCL[/system/framework/android.test.runner.jar*2496447986:/system/framework/android.test.mock.jar*1452759902:/system/framework/android.test.base.jar*724373495:/data/app/~~I7GwO298usEUNamwuljAbA==/com.mcfuzzysquirrel.studentfinance.test-GO1f0rqwZRk52sJBE2qCnw==/base.apk*3224200876:/data/app/~~YsZ1q7ZJ7Iubjw5Ubx_m7A==/com.mcfuzzysquirrel.studentfinance-syuDUGtJ_YuI1ZMwWaAgPA==/base.apk*2060289533])
03-14 22:59:49.975 13536 13536 W .studentfinance: ClassLoaderContext classpath size mismatch. expected=0, found=2 (PCL[] | PCL[/system/framework/android.test.runner.jar*2496447986:/system/framework/android.test.mock.jar*1452759902]{PCL[/system/framework/android.test.base.jar*724373495]#PCL[/system/framework/android.test.mock.jar*1452759902]#PCL[/system/framework/android.test.runner.jar*2496447986]{PCL[/system/framework/android.test.base.jar*724373495]#PCL[/system/framework/android.test.mock.jar*1452759902]}};PCL[/system/framework/android.test.runner.jar*2496447986:/system/framework/android.test.mock.jar*1452759902:/system/framework/android.test.base.jar*724373495:/data/app/~~I7GwO298usEUNamwuljAbA==/com.mcfuzzysquirrel.studentfinance.test-GO1f0rqwZRk52sJBE2qCnw==/base.apk*3224200876:/data/app/~~YsZ1q7ZJ7Iubjw5Ubx_m7A==/com.mcfuzzysquirrel.studentfinance-syuDUGtJ_YuI1ZMwWaAgPA==/base.apk*2060289533])
03-14 22:59:49.976 13536 13536 W ziparchive: Unable to open '/data/app/~~I7GwO298usEUNamwuljAbA==/com.mcfuzzysquirrel.studentfinance.test-GO1f0rqwZRk52sJBE2qCnw==/base.dm': No such file or directory
03-14 22:59:49.976 13536 13536 W ziparchive: Unable to open '/data/app/~~I7GwO298usEUNamwuljAbA==/com.mcfuzzysquirrel.studentfinance.test-GO1f0rqwZRk52sJBE2qCnw==/base.dm': No such file or directory
03-14 22:59:50.288 13536 13536 W ziparchive: Unable to open '/data/app/~~YsZ1q7ZJ7Iubjw5Ubx_m7A==/com.mcfuzzysquirrel.studentfinance-syuDUGtJ_YuI1ZMwWaAgPA==/base.dm': No such file or directory
03-14 22:59:50.288 13536 13536 W ziparchive: Unable to open '/data/app/~~YsZ1q7ZJ7Iubjw5Ubx_m7A==/com.mcfuzzysquirrel.studentfinance-syuDUGtJ_YuI1ZMwWaAgPA==/base.dm': No such file or directory
03-14 22:59:50.767 13536 13536 I AndroidJUnitRunner: newApplication com.mcfuzzysquirrel.studentfinance.MainApplication
03-14 22:59:50.810 13536 13536 I AndroidJUnitRunner: onCreate Bundle[mParcelledData.dataSize=312]
03-14 22:59:50.811 13536 13536 D AndroidJUnitRunner: Use the raw file system for managing file I/O.
03-14 22:59:50.876 13536 13536 V TestEventClient: No service name argument was given (testDiscoveryService, testRunEventService or orchestratorService)
03-14 22:59:50.878 13536 13571 D AndroidJUnitRunner: onStart is called.
03-14 22:59:50.883 13536 13536 W SoLoader: Initializing SoLoader: 0
03-14 22:59:50.884 13536 13536 W SoLoader: Recording new base apk path: /data/app/~~YsZ1q7ZJ7Iubjw5Ubx_m7A==/com.mcfuzzysquirrel.studentfinance-syuDUGtJ_YuI1ZMwWaAgPA==/base.apk
03-14 22:59:50.884 13536 13536 W SoLoader: Previously recorded 0 base apk paths.
03-14 22:59:50.887 13536 13536 I SoLoader: Preparing SO source: DirectorySoSource[root = /vendor/lib64 flags = 2]
03-14 22:59:50.887 13536 13536 I SoLoader: Preparing SO source: DirectorySoSource[root = /system/lib64 flags = 2]
03-14 22:59:50.887 13536 13536 I SoLoader: Preparing SO source: DirectApkSoSource[root = [/data/app/~~YsZ1q7ZJ7Iubjw5Ubx_m7A==/com.mcfuzzysquirrel.studentfinance-syuDUGtJ_YuI1ZMwWaAgPA==/base.apk!/lib/x86_64]]
03-14 22:59:50.904 13536 13536 I SoLoader: Preparing SO source: ApplicationSoSource[DirectorySoSource[root = /data/app/~~YsZ1q7ZJ7Iubjw5Ubx_m7A==/com.mcfuzzysquirrel.studentfinance-syuDUGtJ_YuI1ZMwWaAgPA==/lib/x86_64 flags = 0]]
03-14 22:59:50.904 13536 13536 I SoLoader: init finish: 4 SO sources prepared
03-14 22:59:50.904 13536 13536 W SoLoader: SoLoader initialized: 8
03-14 22:59:50.933 13536 13536 D nativeloader: Load /data/app/~~YsZ1q7ZJ7Iubjw5Ubx_m7A==/com.mcfuzzysquirrel.studentfinance-syuDUGtJ_YuI1ZMwWaAgPA==/base.apk!/lib/x86_64/libc++_shared.so using ns clns-7 from class loader (caller=/data/app/~~YsZ1q7ZJ7Iubjw5Ubx_m7A==/com.mcfuzzysquirrel.studentfinance-syuDUGtJ_YuI1ZMwWaAgPA==/base.apk): ok
03-14 22:59:50.951 13536 13536 D nativeloader: Load /data/app/~~YsZ1q7ZJ7Iubjw5Ubx_m7A==/com.mcfuzzysquirrel.studentfinance-syuDUGtJ_YuI1ZMwWaAgPA==/base.apk!/lib/x86_64/libjsi.so using ns clns-7 from class loader (caller=/data/app/~~YsZ1q7ZJ7Iubjw5Ubx_m7A==/com.mcfuzzysquirrel.studentfinance-syuDUGtJ_YuI1ZMwWaAgPA==/base.apk): ok
03-14 22:59:50.963 13536 13536 D nativeloader: Load /data/app/~~YsZ1q7ZJ7Iubjw5Ubx_m7A==/com.mcfuzzysquirrel.studentfinance-syuDUGtJ_YuI1ZMwWaAgPA==/base.apk!/lib/x86_64/libfbjni.so using ns clns-7 from class loader (caller=/data/app/~~YsZ1q7ZJ7Iubjw5Ubx_m7A==/com.mcfuzzysquirrel.studentfinance-syuDUGtJ_YuI1ZMwWaAgPA==/base.apk): ok
03-14 22:59:50.987 13536 13536 D nativeloader: Load /data/app/~~YsZ1q7ZJ7Iubjw5Ubx_m7A==/com.mcfuzzysquirrel.studentfinance-syuDUGtJ_YuI1ZMwWaAgPA==/base.apk!/lib/x86_64/libreactnative.so using ns clns-7 from class loader (caller=/data/app/~~YsZ1q7ZJ7Iubjw5Ubx_m7A==/com.mcfuzzysquirrel.studentfinance-syuDUGtJ_YuI1ZMwWaAgPA==/base.apk): ok
03-14 22:59:50.987 13536 13536 D jni_lib_merge: Entering merged library JNI_OnLoad.
03-14 22:59:50.987 13536 13536 D jni_lib_merge: Preparing 12 pre-merged libs (including stub)
03-14 22:59:50.987 13536 13536 D jni_lib_merge: Preparing to register libfabricjni_so.  onload_func: 0x727ce2413730
03-14 22:59:50.987 13536 13536 D jni_lib_merge: Preparing to register libreact_devsupportjni_so.  onload_func: 0x727ce2610190
03-14 22:59:50.987 13536 13536 D jni_lib_merge: Preparing to register libreact_featureflagsjni_so.  onload_func: 0x727ce2621910
03-14 22:59:50.987 13536 13536 D jni_lib_merge: Preparing to register libreact_newarchdefaults_so.  onload_func: 0x727ce26c2d20
03-14 22:59:50.987 13536 13536 D jni_lib_merge: Preparing to register libreactnativeblob_so.  onload_func: 0x727ce28cd2e0
03-14 22:59:50.987 13536 13536 D jni_lib_merge: Preparing to register libreactnativejni_so.  onload_func: 0x727ce290d770
03-14 22:59:50.987 13536 13536 D jni_lib_merge: Preparing to register libreactnativejni_common_so.  onload_func: 0x727ce291d5d0
03-14 22:59:50.987 13536 13536 D jni_lib_merge: Preparing to register librninstance_so.  onload_func: 0x727ce295a4c0
03-14 22:59:50.987 13536 13536 D jni_lib_merge: Preparing to register libturbomodulejsijni_so.  onload_func: 0x727ce2abbc00
03-14 22:59:50.987 13536 13536 D jni_lib_merge: Preparing to register libuimanagerjni_so.  onload_func: 0x727ce2ad3de0
03-14 22:59:50.987 13536 13536 D jni_lib_merge: Preparing to register libyoga_so.  onload_func: 0x727ce2ae2d70
03-14 22:59:50.987 13536 13536 D jni_lib_merge: About to register 11 actual methods.
03-14 22:59:51.014 13536 13536 D nativeloader: Load /data/app/~~YsZ1q7ZJ7Iubjw5Ubx_m7A==/com.mcfuzzysquirrel.studentfinance-syuDUGtJ_YuI1ZMwWaAgPA==/base.apk!/lib/x86_64/libreact_codegen_rnscreens.so using ns clns-7 from class loader (caller=/data/app/~~YsZ1q7ZJ7Iubjw5Ubx_m7A==/com.mcfuzzysquirrel.studentfinance-syuDUGtJ_YuI1ZMwWaAgPA==/base.apk): ok
03-14 22:59:51.014 13536 13536 D jni_lib_merge: Entering merged library JNI_OnLoad.
03-14 22:59:51.014 13536 13536 D jni_lib_merge: Preparing 12 pre-merged libs (including stub)
03-14 22:59:51.014 13536 13536 D jni_lib_merge: Preparing to register libfabricjni_so.  onload_func: 0x727ce2413730
03-14 22:59:51.014 13536 13536 D jni_lib_merge: Preparing to register libreact_devsupportjni_so.  onload_func: 0x727ce2610190
03-14 22:59:51.014 13536 13536 D jni_lib_merge: Preparing to register libreact_featureflagsjni_so.  onload_func: 0x727ce2621910
03-14 22:59:51.014 13536 13536 D jni_lib_merge: Preparing to register libreact_newarchdefaults_so.  onload_func: 0x727ce26c2d20
03-14 22:59:51.014 13536 13536 D jni_lib_merge: Preparing to register libreactnativeblob_so.  onload_func: 0x727ce28cd2e0
03-14 22:59:51.014 13536 13536 D jni_lib_merge: Preparing to register libreactnativejni_so.  onload_func: 0x727ce290d770
03-14 22:59:51.014 13536 13536 D jni_lib_merge: Preparing to register libreactnativejni_common_so.  onload_func: 0x727ce291d5d0
03-14 22:59:51.014 13536 13536 D jni_lib_merge: Preparing to register librninstance_so.  onload_func: 0x727ce295a4c0
03-14 22:59:51.014 13536 13536 D jni_lib_merge: Preparing to register libturbomodulejsijni_so.  onload_func: 0x727ce2abbc00
03-14 22:59:51.014 13536 13536 D jni_lib_merge: Preparing to register libuimanagerjni_so.  onload_func: 0x727ce2ad3de0
03-14 22:59:51.014 13536 13536 D jni_lib_merge: Preparing to register libyoga_so.  onload_func: 0x727ce2ae2d70
03-14 22:59:51.014 13536 13536 D jni_lib_merge: About to register 11 actual methods.
03-14 22:59:51.025 13536 13536 D nativeloader: Load /data/app/~~YsZ1q7ZJ7Iubjw5Ubx_m7A==/com.mcfuzzysquirrel.studentfinance-syuDUGtJ_YuI1ZMwWaAgPA==/base.apk!/lib/x86_64/libreact_codegen_rnsvg.so using ns clns-7 from class loader (caller=/data/app/~~YsZ1q7ZJ7Iubjw5Ubx_m7A==/com.mcfuzzysquirrel.studentfinance-syuDUGtJ_YuI1ZMwWaAgPA==/base.apk): ok
03-14 22:59:51.025 13536 13536 D jni_lib_merge: Entering merged library JNI_OnLoad.
03-14 22:59:51.025 13536 13536 D jni_lib_merge: Preparing 12 pre-merged libs (including stub)
03-14 22:59:51.025 13536 13536 D jni_lib_merge: Preparing to register libfabricjni_so.  onload_func: 0x727ce2413730
03-14 22:59:51.025 13536 13536 D jni_lib_merge: Preparing to register libreact_devsupportjni_so.  onload_func: 0x727ce2610190
03-14 22:59:51.025 13536 13536 D jni_lib_merge: Preparing to register libreact_featureflagsjni_so.  onload_func: 0x727ce2621910
03-14 22:59:51.025 13536 13536 D jni_lib_merge: Preparing to register libreact_newarchdefaults_so.  onload_func: 0x727ce26c2d20
03-14 22:59:51.025 13536 13536 D jni_lib_merge: Preparing to register libreactnativeblob_so.  onload_func: 0x727ce28cd2e0
03-14 22:59:51.025 13536 13536 D jni_lib_merge: Preparing to register libreactnativejni_so.  onload_func: 0x727ce290d770
03-14 22:59:51.025 13536 13536 D jni_lib_merge: Preparing to register libreactnativejni_common_so.  onload_func: 0x727ce291d5d0
03-14 22:59:51.025 13536 13536 D jni_lib_merge: Preparing to register librninstance_so.  onload_func: 0x727ce295a4c0
03-14 22:59:51.025 13536 13536 D jni_lib_merge: Preparing to register libturbomodulejsijni_so.  onload_func: 0x727ce2abbc00
03-14 22:59:51.025 13536 13536 D jni_lib_merge: Preparing to register libuimanagerjni_so.  onload_func: 0x727ce2ad3de0
03-14 22:59:51.025 13536 13536 D jni_lib_merge: Preparing to register libyoga_so.  onload_func: 0x727ce2ae2d70
03-14 22:59:51.025 13536 13536 D jni_lib_merge: About to register 11 actual methods.
03-14 22:59:51.035 13536 13536 D nativeloader: Load /data/app/~~YsZ1q7ZJ7Iubjw5Ubx_m7A==/com.mcfuzzysquirrel.studentfinance-syuDUGtJ_YuI1ZMwWaAgPA==/base.apk!/lib/x86_64/libreact_codegen_safeareacontext.so using ns clns-7 from class loader (caller=/data/app/~~YsZ1q7ZJ7Iubjw5Ubx_m7A==/com.mcfuzzysquirrel.studentfinance-syuDUGtJ_YuI1ZMwWaAgPA==/base.apk): ok
03-14 22:59:51.041 13536 13536 D nativeloader: Load /data/app/~~YsZ1q7ZJ7Iubjw5Ubx_m7A==/com.mcfuzzysquirrel.studentfinance-syuDUGtJ_YuI1ZMwWaAgPA==/base.apk!/lib/x86_64/libappmodules.so using ns clns-7 from class loader (caller=/data/app/~~YsZ1q7ZJ7Iubjw5Ubx_m7A==/com.mcfuzzysquirrel.studentfinance-syuDUGtJ_YuI1ZMwWaAgPA==/base.apk): ok
03-14 22:59:51.119 13536 13571 I InstrConnection: Could not send broadcast or register receiver (isolatedProcess?)
03-14 22:59:51.124 13536 13571 D TestRequestBuilder: Using class path scanning to discover tests
03-14 22:59:51.125 13536 13571 I TestRequestBuilder: Scanning classpath to find tests in paths [/data/app/~~I7GwO298usEUNamwuljAbA==/com.mcfuzzysquirrel.studentfinance.test-GO1f0rqwZRk52sJBE2qCnw==/base.apk]
03-14 22:59:51.126 13536 13571 W .studentfinance: Opening an oat file without a class loader. Are you using the deprecated DexFile APIs?
03-14 22:59:51.562 13536 13571 I TestRunner: run started: 1 tests
03-14 22:59:51.563 13536 13571 I TestRunner: started: runDetoxTests(com.mcfuzzysquirrel.studentfinance.DetoxTest)
03-14 22:59:51.574 13536 13571 I Detox   : Detox server connection details: url=ws://localhost:41963, sessionId=325c6741-a446-e39b-f7f1-35d30311af64
03-14 22:59:51.581 13536 13571 I Tracing : Tracer added: class androidx.test.platform.tracing.AndroidXTracer
03-14 22:59:51.593 13536 13571 W .studentfinance: Accessing hidden field Ljava/lang/reflect/Field;->accessFlags:I (unsupported, reflection, allowed)
03-14 22:59:51.596 13536 13571 I Detox   : Connecting to server...
03-14 22:59:51.596 13536 13571 I DetoxWSClient: At connectToServer
03-14 22:59:51.648 13536 13577 D TrafficStats: tagSocket(102) with statsTag=0xffffffff, statsUid=-1
03-14 22:59:51.665 13536 13577 D DetoxWSClient: At onOpen
03-14 22:59:51.665 13536 13577 I DetoxWSClient: Sending out action 'login' (ID #0)
03-14 22:59:51.666 13536 13577 I Detox   : Connected to server!
03-14 22:59:51.668 13536 13577 D DetoxWSClient: Received action 'loginSuccess' (ID #0, params={"testerConnected":true,"appConnected":true})
03-14 22:59:51.668 13536 13573 I DetoxDispatcher: Handling action 'loginSuccess' (ID #0)...
03-14 22:59:51.668 13536 13571 I Detox   : Launching the tested activity!
03-14 22:59:51.668 13536 13573 I DetoxDispatcher: Done with action 'loginSuccess'
03-14 22:59:51.710 13536 13577 D DetoxWSClient: Received action 'isReady' (ID #-1000, params={})
03-14 22:59:51.710 13536 13573 I DetoxDispatcher: Handling action 'isReady' (ID #-1000)...
03-14 22:59:52.157 13536 13536 D AppCompatDelegate: Checking for metadata for AppLocalesMetadataHolderService : Service not found
03-14 22:59:52.201 13536 13536 D LifecycleMonitor: Lifecycle status change: com.mcfuzzysquirrel.studentfinance.MainActivity@340991c in: PRE_ON_CREATE
03-14 22:59:52.385 13536 13598 D TrafficStats: tagSocket(109) with statsTag=0xffffffff, statsUid=-1
03-14 22:59:52.390 13536 13598 W unknown:ReconnectingWebSocket: Couldn't connect to "ws://10.0.2.2:8081/message?device=sdk_gphone64_x86_64%20-%2015%20-%20API%2035&app=com.mcfuzzysquirrel.studentfinance&clientid=BridgelessDevSupportManager", will silently retry
03-14 22:59:52.434 13536 13536 W unknown:BridgelessReact: ReactHost{0}.startSurface(surfaceId = 0): Schedule
03-14 22:59:52.435 13536 13536 W unknown:BridgelessReact: ReactHost{0}.attachSurface(surfaceId = 0)
03-14 22:59:52.438 13536 13602 W unknown:BridgelessReact: ReactHost{0}.getOrCreateReactInstanceTask()
03-14 22:59:52.438 13536 13602 W unknown:BridgelessReact: ReactHost{0}.getOrCreateReactInstanceTask(): Start
03-14 22:59:52.438 13536 13602 D Detox.RNMarker: REACT_BRIDGELESS_LOADING_START (null)
03-14 22:59:52.440 13536 13602 W unknown:BridgelessReact: ReactHost{0}.getJSBundleLoader()
03-14 22:59:52.440 13536 13602 W unknown:BridgelessReact: ReactHost{0}.isMetroRunning()
03-14 22:59:52.444 13536 13603 D TrafficStats: tagSocket(109) with statsTag=0xffffffff, statsUid=-1
03-14 22:59:52.448 13536 13603 W unknown:ReactNative: The packager does not seem to be running as we got an IOException requesting its status: Failed to connect to /10.0.2.2:8081
03-14 22:59:52.448 13536 13603 W unknown:BridgelessReact: ReactHost{0}.isMetroRunning(): Async result = false
03-14 22:59:52.450 13536 13602 W unknown:BridgelessReact: ReactHost{0}.getOrCreateReactInstanceTask(): Creating BridgelessReactContext
03-14 22:59:52.452 13536 13602 W unknown:BridgelessReact: ReactHost{0}.getOrCreateReactInstanceTask(): Creating ReactInstance
03-14 22:59:52.481 13536 13536 W .studentfinance: Accessing hidden method Landroid/view/ViewGroup;->makeOptionalFitsSystemWindows()V (unsupported, reflection, allowed)
03-14 22:59:52.489 13536 13536 D LifecycleMonitor: Lifecycle status change: com.mcfuzzysquirrel.studentfinance.MainActivity@340991c in: CREATED
03-14 22:59:52.493 13536 13536 D LifecycleMonitor: Lifecycle status change: com.mcfuzzysquirrel.studentfinance.MainActivity@340991c in: STARTED
03-14 22:59:52.496 13536 13536 W unknown:BridgelessReact: ReactHost{0}.onHostResume(activity)
03-14 22:59:52.497 13536 13536 W unknown:ReactNative: Packager connection already open, nooping.
03-14 22:59:52.497 13536 13536 W unknown:BridgelessReact: ReactHost{0}.ReactContext.onHostResume()
03-14 22:59:52.497 13536 13536 D LifecycleMonitor: Lifecycle status change: com.mcfuzzysquirrel.studentfinance.MainActivity@340991c in: RESUMED
03-14 22:59:52.499 13536 13606 D TrafficStats: tagSocket(117) with statsTag=0xffffffff, statsUid=-1
03-14 22:59:52.507 13536 13536 W HWUI    : Unknown dataspace 0
03-14 22:59:52.519 13536 13602 D nativeloader: Load /data/app/~~YsZ1q7ZJ7Iubjw5Ubx_m7A==/com.mcfuzzysquirrel.studentfinance-syuDUGtJ_YuI1ZMwWaAgPA==/base.apk!/lib/x86_64/libhermesvm.so using ns clns-7 from class loader (caller=/data/app/~~YsZ1q7ZJ7Iubjw5Ubx_m7A==/com.mcfuzzysquirrel.studentfinance-syuDUGtJ_YuI1ZMwWaAgPA==/base.apk): ok
03-14 22:59:52.521 13536 13602 D nativeloader: Load /data/app/~~YsZ1q7ZJ7Iubjw5Ubx_m7A==/com.mcfuzzysquirrel.studentfinance-syuDUGtJ_YuI1ZMwWaAgPA==/base.apk!/lib/x86_64/libhermestooling.so using ns clns-7 from class loader (caller=/data/app/~~YsZ1q7ZJ7Iubjw5Ubx_m7A==/com.mcfuzzysquirrel.studentfinance-syuDUGtJ_YuI1ZMwWaAgPA==/base.apk): ok
03-14 22:59:52.521 13536 13602 D jni_lib_merge: Entering merged library JNI_OnLoad.
03-14 22:59:52.521 13536 13602 D jni_lib_merge: Preparing 4 pre-merged libs (including stub)
03-14 22:59:52.521 13536 13602 D jni_lib_merge: Preparing to register libhermes_executor_so.  onload_func: 0x727cd6aa9050
03-14 22:59:52.521 13536 13602 D jni_lib_merge: Preparing to register libhermesinstancejni_so.  onload_func: 0x727cd6adf680
03-14 22:59:52.521 13536 13602 D jni_lib_merge: Preparing to register libjsijniprofiler_so.  onload_func: 0x727cd6ae13f0
03-14 22:59:52.521 13536 13602 D jni_lib_merge: About to register 3 actual methods.
03-14 22:59:52.558 13536 13583 I EGL_emulation: Opening libGLESv1_CM_emulation.so
03-14 22:59:52.558 13536 13583 I EGL_emulation: Opening libGLESv2_emulation.so
03-14 22:59:52.635 13536 13583 W HWUI    : Failed to initialize 101010-2 format, error = EGL_SUCCESS
03-14 22:59:52.664 13536 13583 I Gralloc4: mapper 4.x is not supported
03-14 22:59:53.060 13536 13602 I ExpoModulesCore: ✅ AppContext was initialized
03-14 22:59:53.302 13536 13602 W unknown:BridgelessReact: ReactHost{0}.getOrCreateReactInstanceTask(): Loading JS Bundle
03-14 22:59:53.303 13536 13604 D Detox.RNMarker: RUN_JS_BUNDLE_START (index.android.bundle)
03-14 22:59:53.310 13536 13602 W unknown:BridgelessReact: ReactHost{0}.getOrCreateReactInstanceTask(): DevSupportManager.onNewReactContextCreated()
03-14 22:59:53.321 13536 13536 W unknown:ReactNative: Packager connection already open, nooping.
03-14 22:59:53.333 13536 13602 W unknown:BridgelessReact: ReactHost{0}.startSurface(surfaceId = 0): Execute
03-14 22:59:53.337 13536 13536 W unknown:BridgelessReact: ReactHost{0}.ReactContext.onHostResume()
03-14 22:59:53.337 13536 13536 W unknown:BridgelessReact: ReactHost{0}.getOrCreateReactInstanceTask(): Executing ReactInstanceEventListeners
03-14 22:59:53.337 13536 13536 I DetoxRNLoading: Got new RN-context through listener
03-14 22:59:53.338 13536 13573 W .studentfinance: Long monitor contention with owner Instr: androidx.test.runner.AndroidJUnitRunner (13571) at void com.wix.detox.DetoxMain.launchActivityOnCue(android.content.Context, com.wix.detox.ActivityLaunchHelper)(DetoxMain.kt:53) waiters=0 in void com.wix.detox.DetoxMain$setupActionHandlers$SynchronizedActionHandler.handle(java.lang.String, long) for 1.628s
03-14 22:59:53.339 13536 13536 W .studentfinance: Accessing hidden method Landroid/os/MessageQueue;->next()Landroid/os/Message; (unsupported, reflection, allowed)
03-14 22:59:53.339 13536 13536 W .studentfinance: Accessing hidden field Landroid/os/MessageQueue;->mMessages:Landroid/os/Message; (unsupported, reflection, allowed)
03-14 22:59:53.340 13536 13536 W .studentfinance: Accessing hidden method Landroid/os/Message;->recycleUnchecked()V (unsupported, reflection, allowed)
03-14 22:59:53.341 13536 13536 I Detox   : Wait is over: App is now idle!
03-14 22:59:53.341 13536 13573 I DetoxWSClient: Sending out action 'ready' (ID #-1000)
03-14 22:59:53.341 13536 13573 I DetoxDispatcher: Done with action 'isReady'
03-14 22:59:53.355 13536 13577 D DetoxWSClient: Received action 'invoke' (ID #7, params={"target":{"type":"Class","value":"com.wix.detox.espresso.DetoxAssertion"},"method":"waitForAssertMatcher","args":[{"type":"Invocation","value":{"target":{"type":"Class","value":"androidx.test.espresso.Espresso"},"method":"onView","args":[{"type":"Invocation","value":{"target":{"type":"Class","value":"com.wix.detox.espresso.DetoxMatcher"},"method":"matcherForTestId","args":["dashboard-add-expense-button",{"type":"boolean","value":false}]}}]}},{"type":"Invocation","value":{"target":{"type":"Class","value":"com.wix.detox.espresso.DetoxMatcher"},"method":"matcherForSufficientlyVisible","args":[{"type":"Integer","value":75}]}},{"type":"Double","value":10}]})
03-14 22:59:53.355 13536 13573 I DetoxDispatcher: Handling action 'invoke' (ID #7)...
03-14 22:59:53.370 13536 13573 D Detox   : class com.wix.detox.espresso.DetoxMatcher, matcherForTestId, [dashboard-add-expense-button, false]
03-14 22:59:53.373 13536 13573 D Detox   : class androidx.test.espresso.Espresso, onView, [(view.getTag() is "dashboard-add-expense-button" and view has effective visibility <VISIBLE>)]
03-14 22:59:53.382 13536 13573 D Detox   : class com.wix.detox.espresso.DetoxMatcher, matcherForSufficientlyVisible, [75]
03-14 22:59:53.390 13536 13573 D Detox   : class com.wix.detox.espresso.DetoxAssertion, waitForAssertMatcher, [androidx.test.espresso.ViewInteraction@dd21ede, (view has effective visibility <VISIBLE> and view.getGlobalVisibleRect() covers at least <75> percent of the view's area), 10.0]
03-14 22:59:53.394 13536 13604 D nativeloader: Load /data/app/~~YsZ1q7ZJ7Iubjw5Ubx_m7A==/com.mcfuzzysquirrel.studentfinance-syuDUGtJ_YuI1ZMwWaAgPA==/base.apk!/lib/x86_64/libexpo-modules-core.so using ns clns-7 from class loader (caller=/data/app/~~YsZ1q7ZJ7Iubjw5Ubx_m7A==/com.mcfuzzysquirrel.studentfinance-syuDUGtJ_YuI1ZMwWaAgPA==/base.apk): ok
03-14 22:59:53.407 13536 13536 I ViewInteraction: Checking 'MatchesViewAssertion(Detox){viewMatcher=(view has effective visibility <VISIBLE> and view.getGlobalVisibleRect() covers at least <75> percent of the view's area)}' assertion on view (view.getTag() is "dashboard-add-expense-button" and view has effective visibility <VISIBLE>)
03-14 22:59:53.444 13536 13536 I ViewInteraction: Checking 'MatchesViewAssertion(Detox){viewMatcher=(view has effective visibility <VISIBLE> and view.getGlobalVisibleRect() covers at least <75> percent of the view's area)}' assertion on view (view.getTag() is "dashboard-add-expense-button" and view has effective visibility <VISIBLE>)
03-14 22:59:53.477 13536 13604 W unknown:ViewManagerPropertyUpdater: Could not find generated setter for class com.th3rdwave.safeareacontext.SafeAreaProviderManager
03-14 22:59:53.484 13536 13536 I ViewInteraction: Checking 'MatchesViewAssertion(Detox){viewMatcher=(view has effective visibility <VISIBLE> and view.getGlobalVisibleRect() covers at least <75> percent of the view's area)}' assertion on view (view.getTag() is "dashboard-add-expense-button" and view has effective visibility <VISIBLE>)
03-14 22:59:53.493 13536 13604 W unknown:ViewManagerPropertyUpdater: Could not find generated setter for class com.facebook.react.uimanager.LayoutShadowNode
03-14 22:59:53.497 13536 13604 W unknown:ViewManagerPropertyUpdater: Could not find generated setter for class com.swmansion.rnscreens.SearchBarManager
03-14 22:59:53.498 13536 13604 W unknown:ViewManagerPropertyUpdater: Could not find generated setter for class com.swmansion.rnscreens.ScreenFooterManager
03-14 22:59:53.501 13536 13604 W unknown:ViewManagerPropertyUpdater: Could not find generated setter for class com.swmansion.rnscreens.gamma.tabs.TabScreenViewManager
03-14 22:59:53.503 13536 13604 W unknown:ViewManagerPropertyUpdater: Could not find generated setter for class expo.modules.kotlin.views.GroupViewManagerWrapper
03-14 22:59:53.506 13536 13604 W unknown:ViewManagerPropertyUpdater: Could not find generated setter for class com.swmansion.rnscreens.ScreenContainerViewManager
03-14 22:59:53.507 13536 13604 W unknown:ViewManagerPropertyUpdater: Could not find generated setter for class com.swmansion.rnscreens.gamma.tabs.TabsHostViewManager
03-14 22:59:53.519 13536 13536 I ViewInteraction: Checking 'MatchesViewAssertion(Detox){viewMatcher=(view has effective visibility <VISIBLE> and view.getGlobalVisibleRect() covers at least <75> percent of the view's area)}' assertion on view (view.getTag() is "dashboard-add-expense-button" and view has effective visibility <VISIBLE>)
03-14 22:59:53.526 13536 13604 W unknown:ViewManagerPropertyUpdater: Could not find generated setter for class com.swmansion.rnscreens.ModalScreenViewManager
03-14 22:59:53.529 13536 13604 W unknown:ViewManagerPropertyUpdater: Could not find generated setter for class com.swmansion.rnscreens.ScreenStackHeaderConfigViewManager
03-14 22:59:53.530 13536 13604 W unknown:ViewManagerPropertyUpdater: Could not find generated setter for class com.swmansion.rnscreens.ScreenContentWrapperManager
03-14 22:59:53.531 13536 13604 W unknown:ViewManagerPropertyUpdater: Could not find generated setter for class com.th3rdwave.safeareacontext.SafeAreaViewManager
03-14 22:59:53.533 13536 13604 W unknown:ViewManagerPropertyUpdater: Could not find generated setter for class com.th3rdwave.safeareacontext.SafeAreaViewShadowNode
03-14 22:59:53.535 13536 13604 W unknown:ViewManagerPropertyUpdater: Could not find generated setter for class com.swmansion.rnscreens.safearea.SafeAreaViewManager
03-14 22:59:53.535 13536 13604 W unknown:ViewManagerPropertyUpdater: Could not find generated setter for class com.swmansion.rnscreens.safearea.paper.SafeAreaViewShadowNode
03-14 22:59:53.536 13536 13604 W unknown:ViewManagerPropertyUpdater: Could not find generated setter for class com.swmansion.rnscreens.ScreenViewManager
03-14 22:59:53.537 13536 13604 W unknown:ViewManagerPropertyUpdater: Could not find generated setter for class com.swmansion.rnscreens.gamma.stack.host.StackHostViewManager
03-14 22:59:53.538 13536 13604 W unknown:ViewManagerPropertyUpdater: Could not find generated setter for class com.swmansion.rnscreens.ScreenStackHeaderSubviewManager
03-14 22:59:53.539 13536 13604 W unknown:ViewManagerPropertyUpdater: Could not find generated setter for class com.swmansion.rnscreens.gamma.stack.screen.StackScreenViewManager
03-14 22:59:53.539 13536 13604 W unknown:ViewManagerPropertyUpdater: Could not find generated setter for class com.swmansion.rnscreens.ScreenStackViewManager
03-14 22:59:53.554 13536 13536 I ViewInteraction: Checking 'MatchesViewAssertion(Detox){viewMatcher=(view has effective visibility <VISIBLE> and view.getGlobalVisibleRect() covers at least <75> percent of the view's area)}' assertion on view (view.getTag() is "dashboard-add-expense-button" and view has effective visibility <VISIBLE>)
03-14 22:59:53.586 13536 13536 I ViewInteraction: Checking 'MatchesViewAssertion(Detox){viewMatcher=(view has effective visibility <VISIBLE> and view.getGlobalVisibleRect() covers at least <75> percent of the view's area)}' assertion on view (view.getTag() is "dashboard-add-expense-button" and view has effective visibility <VISIBLE>)
03-14 22:59:53.619 13536 13536 I ViewInteraction: Checking 'MatchesViewAssertion(Detox){viewMatcher=(view has effective visibility <VISIBLE> and view.getGlobalVisibleRect() covers at least <75> percent of the view's area)}' assertion on view (view.getTag() is "dashboard-add-expense-button" and view has effective visibility <VISIBLE>)
03-14 22:59:53.656 13536 13536 I ViewInteraction: Checking 'MatchesViewAssertion(Detox){viewMatcher=(view has effective visibility <VISIBLE> and view.getGlobalVisibleRect() covers at least <75> percent of the view's area)}' assertion on view (view.getTag() is "dashboard-add-expense-button" and view has effective visibility <VISIBLE>)
03-14 22:59:53.663 13536 13543 I .studentfinance: Compiler allocated 5174KB to compile void android.view.ViewRootImpl.performTraversals()
03-14 22:59:53.697 13536 13536 I ViewInteraction: Checking 'MatchesViewAssertion(Detox){viewMatcher=(view has effective visibility <VISIBLE> and view.getGlobalVisibleRect() covers at least <75> percent of the view's area)}' assertion on view (view.getTag() is "dashboard-add-expense-button" and view has effective visibility <VISIBLE>)
03-14 22:59:53.735 13536 13536 I ViewInteraction: Checking 'MatchesViewAssertion(Detox){viewMatcher=(view has effective visibility <VISIBLE> and view.getGlobalVisibleRect() covers at least <75> percent of the view's area)}' assertion on view (view.getTag() is "dashboard-add-expense-button" and view has effective visibility <VISIBLE>)
03-14 22:59:53.748 13536 13604 W unknown:ViewManagerPropertyUpdater: Could not find generated setter for class com.horcrux.svg.RenderableViewManager$DefsViewManager
03-14 22:59:53.751 13536 13604 W unknown:ViewManagerPropertyUpdater: Could not find generated setter for class com.horcrux.svg.VirtualViewManager$RenderableShadowNode
03-14 22:59:53.759 13536 13604 W unknown:ViewManagerPropertyUpdater: Could not find generated setter for class com.facebook.react.views.debuggingoverlay.DebuggingOverlayManager
03-14 22:59:53.772 13536 13536 I ViewInteraction: Checking 'MatchesViewAssertion(Detox){viewMatcher=(view has effective visibility <VISIBLE> and view.getGlobalVisibleRect() covers at least <75> percent of the view's area)}' assertion on view (view.getTag() is "dashboard-add-expense-button" and view has effective visibility <VISIBLE>)
03-14 22:59:53.775 13536 13604 W unknown:ViewManagerPropertyUpdater: Could not find generated setter for class com.horcrux.svg.RenderableViewManager$FeMergeManager
03-14 22:59:53.792 13536 13604 W unknown:ViewManagerPropertyUpdater: Could not find generated setter for class com.facebook.react.views.safeareaview.ReactSafeAreaViewManager
03-14 22:59:53.813 13536 13536 I ViewInteraction: Checking 'MatchesViewAssertion(Detox){viewMatcher=(view has effective visibility <VISIBLE> and view.getGlobalVisibleRect() covers at least <75> percent of the view's area)}' assertion on view (view.getTag() is "dashboard-add-expense-button" and view has effective visibility <VISIBLE>)
03-14 22:59:53.814 13536 13604 W unknown:ViewManagerPropertyUpdater: Could not find generated setter for class com.horcrux.svg.RenderableViewManager$LinearGradientManager
03-14 22:59:53.831 13536 13604 W unknown:ViewManagerPropertyUpdater: Could not find generated setter for class com.horcrux.svg.RenderableViewManager$FeGaussianBlurManager
03-14 22:59:53.852 13536 13604 W unknown:ViewManagerPropertyUpdater: Could not find generated setter for class com.facebook.react.views.progressbar.ReactProgressBarViewManager
03-14 22:59:53.854 13536 13536 I ViewInteraction: Checking 'MatchesViewAssertion(Detox){viewMatcher=(view has effective visibility <VISIBLE> and view.getGlobalVisibleRect() covers at least <75> percent of the view's area)}' assertion on view (view.getTag() is "dashboard-add-expense-button" and view has effective visibility <VISIBLE>)
03-14 22:59:53.855 13536 13604 W unknown:ViewManagerPropertyUpdater: Could not find generated setter for class com.facebook.react.views.progressbar.ProgressBarShadowNode
03-14 22:59:53.869 13536 13604 W unknown:ViewManagerPropertyUpdater: Could not find generated setter for class com.facebook.react.views.scroll.ReactHorizontalScrollViewManager
03-14 22:59:53.892 13536 13604 W unknown:ViewManagerPropertyUpdater: Could not find generated setter for class com.facebook.react.views.text.ReactTextViewManager
03-14 22:59:53.896 13536 13604 W unknown:ViewManagerPropertyUpdater: Could not find generated setter for class com.facebook.react.views.text.ReactTextShadowNode
03-14 22:59:53.917 13536 13536 I ViewInteraction: Checking 'MatchesViewAssertion(Detox){viewMatcher=(view has effective visibility <VISIBLE> and view.getGlobalVisibleRect() covers at least <75> percent of the view's area)}' assertion on view (view.getTag() is "dashboard-add-expense-button" and view has effective visibility <VISIBLE>)
03-14 22:59:53.917 13536 13604 W unknown:ViewManagerPropertyUpdater: Could not find generated setter for class com.horcrux.svg.RenderableViewManager$FeColorMatrixManager
03-14 22:59:53.930 13536 13604 W unknown:ViewManagerPropertyUpdater: Could not find generated setter for class com.facebook.react.views.scroll.ReactHorizontalScrollContainerViewManager
03-14 22:59:53.950 13536 13536 I ViewInteraction: Checking 'MatchesViewAssertion(Detox){viewMatcher=(view has effective visibility <VISIBLE> and view.getGlobalVisibleRect() covers at least <75> percent of the view's area)}' assertion on view (view.getTag() is "dashboard-add-expense-button" and view has effective visibility <VISIBLE>)
03-14 22:59:53.952 13536 13604 W unknown:ViewManagerPropertyUpdater: Could not find generated setter for class com.horcrux.svg.RenderableViewManager$ClipPathViewManager
03-14 22:59:53.967 13536 13604 W unknown:ViewManagerPropertyUpdater: Could not find generated setter for class com.horcrux.svg.RenderableViewManager$SymbolManager
03-14 22:59:53.981 13536 13536 I ViewInteraction: Checking 'MatchesViewAssertion(Detox){viewMatcher=(view has effective visibility <VISIBLE> and view.getGlobalVisibleRect() covers at least <75> percent of the view's area)}' assertion on view (view.getTag() is "dashboard-add-expense-button" and view has effective visibility <VISIBLE>)
03-14 22:59:53.991 13536 13604 W unknown:ViewManagerPropertyUpdater: Could not find generated setter for class com.horcrux.svg.RenderableViewManager$PatternManager
03-14 22:59:54.008 13536 13604 W unknown:ViewManagerPropertyUpdater: Could not find generated setter for class com.horcrux.svg.RenderableViewManager$FeBlendManager
03-14 22:59:54.017 13536 13536 I ViewInteraction: Checking 'MatchesViewAssertion(Detox){viewMatcher=(view has effective visibility <VISIBLE> and view.getGlobalVisibleRect() covers at least <75> percent of the view's area)}' assertion on view (view.getTag() is "dashboard-add-expense-button" and view has effective visibility <VISIBLE>)
03-14 22:59:54.020 13536 13604 W unknown:ViewManagerPropertyUpdater: Could not find generated setter for class com.facebook.react.views.view.ReactViewManager
03-14 22:59:54.032 13536 13604 W unknown:ViewManagerPropertyUpdater: Could not find generated setter for class com.horcrux.svg.SvgViewManager
03-14 22:59:54.051 13536 13604 W unknown:ViewManagerPropertyUpdater: Could not find generated setter for class com.facebook.react.views.switchview.ReactSwitchManager
03-14 22:59:54.052 13536 13536 I ViewInteraction: Checking 'MatchesViewAssertion(Detox){viewMatcher=(view has effective visibility <VISIBLE> and view.getGlobalVisibleRect() covers at least <75> percent of the view's area)}' assertion on view (view.getTag() is "dashboard-add-expense-button" and view has effective visibility <VISIBLE>)
03-14 22:59:54.053 13536 13604 W unknown:ViewManagerPropertyUpdater: Could not find generated setter for class com.facebook.react.views.switchview.ReactSwitchShadowNode
03-14 22:59:54.064 13536 13604 W unknown:ViewManagerPropertyUpdater: Could not find generated setter for class com.horcrux.svg.RenderableViewManager$UseViewManager
03-14 22:59:54.076 13536 13604 W unknown:ViewManagerPropertyUpdater: Could not find generated setter for class com.horcrux.svg.RenderableViewManager$CircleViewManager
03-14 22:59:54.088 13536 13604 W unknown:ViewManagerPropertyUpdater: Could not find generated setter for class com.horcrux.svg.RenderableViewManager$TSpanViewManager
03-14 22:59:54.089 13536 13536 I ViewInteraction: Checking 'MatchesViewAssertion(Detox){viewMatcher=(view has effective visibility <VISIBLE> and view.getGlobalVisibleRect() covers at least <75> percent of the view's area)}' assertion on view (view.getTag() is "dashboard-add-expense-button" and view has effective visibility <VISIBLE>)
03-14 22:59:54.098 13536 13604 W unknown:ViewManagerPropertyUpdater: Could not find generated setter for class com.horcrux.svg.RenderableViewManager$FilterManager
03-14 22:59:54.110 13536 13604 W unknown:ViewManagerPropertyUpdater: Could not find generated setter for class com.horcrux.svg.RenderableViewManager$MarkerManager
03-14 22:59:54.123 13536 13536 I ViewInteraction: Checking 'MatchesViewAssertion(Detox){viewMatcher=(view has effective visibility <VISIBLE> and view.getGlobalVisibleRect() covers at least <75> percent of the view's area)}' assertion on view (view.getTag() is "dashboard-add-expense-button" and view has effective visibility <VISIBLE>)
03-14 22:59:54.127 13536 13604 W unknown:ViewManagerPropertyUpdater: Could not find generated setter for class com.swmansion.gesturehandler.react.RNGestureHandlerButtonViewManager
03-14 22:59:54.140 13536 13604 W unknown:ViewManagerPropertyUpdater: Could not find generated setter for class com.facebook.react.views.modal.ReactModalHostManager
03-14 22:59:54.153 13536 13604 W unknown:ViewManagerPropertyUpdater: Could not find generated setter for class com.horcrux.svg.RenderableViewManager$ForeignObjectManager
03-14 22:59:54.155 13536 13536 I ViewInteraction: Checking 'MatchesViewAssertion(Detox){viewMatcher=(view has effective visibility <VISIBLE> and view.getGlobalVisibleRect() covers at least <75> percent of the view's area)}' assertion on view (view.getTag() is "dashboard-add-expense-button" and view has effective visibility <VISIBLE>)
03-14 22:59:54.168 13536 13604 W unknown:ViewManagerPropertyUpdater: Could not find generated setter for class com.horcrux.svg.RenderableViewManager$EllipseViewManager
03-14 22:59:54.183 13536 13604 W unknown:ViewManagerPropertyUpdater: Could not find generated setter for class com.horcrux.svg.RenderableViewManager$LineViewManager
03-14 22:59:54.185 13536 13536 I ViewInteraction: Checking 'MatchesViewAssertion(Detox){viewMatcher=(view has effective visibility <VISIBLE> and view.getGlobalVisibleRect() covers at least <75> percent of the view's area)}' assertion on view (view.getTag() is "dashboard-add-expense-button" and view has effective visibility <VISIBLE>)
03-14 22:59:54.193 13536 13604 W unknown:ViewManagerPropertyUpdater: Could not find generated setter for class com.facebook.react.views.text.frescosupport.FrescoBasedReactTextInlineImageViewManager
03-14 22:59:54.193 13536 13604 W unknown:ViewManagerPropertyUpdater: Could not find generated setter for class com.facebook.react.views.text.frescosupport.FrescoBasedReactTextInlineImageShadowNode
03-14 22:59:54.196 13536 13543 I .studentfinance: Compiler allocated 4219KB to compile void android.widget.TextView.<init>(android.content.Context, android.util.AttributeSet, int, int)
03-14 22:59:54.202 13536 13604 W unknown:ViewManagerPropertyUpdater: Could not find generated setter for class com.horcrux.svg.RenderableViewManager$FeFloodManager
03-14 22:59:54.211 13536 13604 W unknown:ViewManagerPropertyUpdater: Could not find generated setter for class com.horcrux.svg.RenderableViewManager$GroupViewManager
03-14 22:59:54.217 13536 13536 I ViewInteraction: Checking 'MatchesViewAssertion(Detox){viewMatcher=(view has effective visibility <VISIBLE> and view.getGlobalVisibleRect() covers at least <75> percent of the view's area)}' assertion on view (view.getTag() is "dashboard-add-expense-button" and view has effective visibility <VISIBLE>)
03-14 22:59:54.222 13536 13604 W unknown:ViewManagerPropertyUpdater: Could not find generated setter for class com.horcrux.svg.RenderableViewManager$TextViewManager
03-14 22:59:54.232 13536 13604 W unknown:ViewManagerPropertyUpdater: Could not find generated setter for class com.horcrux.svg.RenderableViewManager$ImageViewManager
03-14 22:59:54.242 13536 13604 W unknown:ViewManagerPropertyUpdater: Could not find generated setter for class com.horcrux.svg.RenderableViewManager$FeCompositeManager
03-14 22:59:54.251 13536 13536 I ViewInteraction: Checking 'MatchesViewAssertion(Detox){viewMatcher=(view has effective visibility <VISIBLE> and view.getGlobalVisibleRect() covers at least <75> percent of the view's area)}' assertion on view (view.getTag() is "dashboard-add-expense-button" and view has effective visibility <VISIBLE>)
03-14 22:59:54.256 13536 13604 W unknown:ViewManagerPropertyUpdater: Could not find generated setter for class com.facebook.react.views.image.ReactImageManager
03-14 22:59:54.265 13536 13604 W unknown:ViewManagerPropertyUpdater: Could not find generated setter for class com.horcrux.svg.RenderableViewManager$RadialGradientManager
03-14 22:59:54.276 13536 13604 W unknown:ViewManagerPropertyUpdater: Could not find generated setter for class com.horcrux.svg.RenderableViewManager$MaskManager
03-14 22:59:54.279 13536 13536 I ViewInteraction: Checking 'MatchesViewAssertion(Detox){viewMatcher=(view has effective visibility <VISIBLE> and view.getGlobalVisibleRect() covers at least <75> percent of the view's area)}' assertion on view (view.getTag() is "dashboard-add-expense-button" and view has effective visibility <VISIBLE>)
03-14 22:59:54.285 13536 13604 W unknown:ViewManagerPropertyUpdater: Could not find generated setter for class com.facebook.react.views.unimplementedview.ReactUnimplementedViewManager
03-14 22:59:54.291 13536 13604 W unknown:ViewManagerPropertyUpdater: Could not find generated setter for class com.horcrux.svg.RenderableViewManager$RectViewManager
03-14 22:59:54.300 13536 13604 W unknown:ViewManagerPropertyUpdater: Could not find generated setter for class com.horcrux.svg.RenderableViewManager$TextPathViewManager
03-14 22:59:54.305 13536 13536 I ViewInteraction: Checking 'MatchesViewAssertion(Detox){viewMatcher=(view has effective visibility <VISIBLE> and view.getGlobalVisibleRect() covers at least <75> percent of the view's area)}' assertion on view (view.getTag() is "dashboard-add-expense-button" and view has effective visibility <VISIBLE>)
03-14 22:59:54.310 13536 13604 W unknown:ViewManagerPropertyUpdater: Could not find generated setter for class com.facebook.react.views.scroll.ReactScrollViewManager
03-14 22:59:54.320 13536 13604 W unknown:ViewManagerPropertyUpdater: Could not find generated setter for class com.horcrux.svg.RenderableViewManager$FeOffsetManager
03-14 22:59:54.328 13536 13604 W unknown:ViewManagerPropertyUpdater: Could not find generated setter for class com.horcrux.svg.RenderableViewManager$PathViewManager
03-14 22:59:54.334 13536 13536 I ViewInteraction: Checking 'MatchesViewAssertion(Detox){viewMatcher=(view has effective visibility <VISIBLE> and view.getGlobalVisibleRect() covers at least <75> percent of the view's area)}' assertion on view (view.getTag() is "dashboard-add-expense-button" and view has effective visibility <VISIBLE>)
03-14 22:59:54.338 13536 13604 W unknown:ViewManagerPropertyUpdater: Could not find generated setter for class com.facebook.react.views.drawer.ReactDrawerLayoutManager
03-14 22:59:54.346 13536 13604 W unknown:ViewManagerPropertyUpdater: Could not find generated setter for class com.facebook.react.views.swiperefresh.SwipeRefreshLayoutManager
03-14 22:59:54.355 13536 13604 W unknown:ViewManagerPropertyUpdater: Could not find generated setter for class com.facebook.react.views.textinput.ReactTextInputManager
03-14 22:59:54.358 13536 13604 W unknown:ViewManagerPropertyUpdater: Could not find generated setter for class com.facebook.react.views.textinput.ReactTextInputShadowNode
03-14 22:59:54.361 13536 13536 I ViewInteraction: Checking 'MatchesViewAssertion(Detox){viewMatcher=(view has effective visibility <VISIBLE> and view.getGlobalVisibleRect() covers at least <75> percent of the view's area)}' assertion on view (view.getTag() is "dashboard-add-expense-button" and view has effective visibility <VISIBLE>)
03-14 22:59:54.366 13536 13604 W unknown:ViewManagerPropertyUpdater: Could not find generated setter for class com.swmansion.gesturehandler.react.RNGestureHandlerRootViewManager
03-14 22:59:54.394 13536 13598 D TrafficStats: tagSocket(132) with statsTag=0xffffffff, statsUid=-1
03-14 22:59:54.396 13536 13604 W BridgelessReactContext: [WARNING] Bridgeless doesn't support CatalystInstance. Accessing an API that's not part of the new architecture is not encouraged usage.
03-14 22:59:54.399 13536 13536 I ViewInteraction: Checking 'MatchesViewAssertion(Detox){viewMatcher=(view has effective visibility <VISIBLE> and view.getGlobalVisibleRect() covers at least <75> percent of the view's area)}' assertion on view (view.getTag() is "dashboard-add-expense-button" and view has effective visibility <VISIBLE>)
03-14 22:59:54.410 13536 13604 I ExpoModulesCore: ✅ JSI interop was installed
03-14 22:59:54.414 13536 13604 I ExpoModulesCore: ✅ Constants were exported
03-14 22:59:54.425 13536 13536 I ViewInteraction: Checking 'MatchesViewAssertion(Detox){viewMatcher=(view has effective visibility <VISIBLE> and view.getGlobalVisibleRect() covers at least <75> percent of the view's area)}' assertion on view (view.getTag() is "dashboard-add-expense-button" and view has effective visibility <VISIBLE>)
03-14 22:59:54.450 13536 13604 D nativeloader: Load /data/app/~~YsZ1q7ZJ7Iubjw5Ubx_m7A==/com.mcfuzzysquirrel.studentfinance-syuDUGtJ_YuI1ZMwWaAgPA==/base.apk!/lib/x86_64/librnscreens.so using ns clns-7 from class loader (caller=/data/app/~~YsZ1q7ZJ7Iubjw5Ubx_m7A==/com.mcfuzzysquirrel.studentfinance-syuDUGtJ_YuI1ZMwWaAgPA==/base.apk!classes16.dex): ok
03-14 22:59:54.453 13536 13536 I ViewInteraction: Checking 'MatchesViewAssertion(Detox){viewMatcher=(view has effective visibility <VISIBLE> and view.getGlobalVisibleRect() covers at least <75> percent of the view's area)}' assertion on view (view.getTag() is "dashboard-add-expense-button" and view has effective visibility <VISIBLE>)
03-14 22:59:54.482 13536 13536 I ViewInteraction: Checking 'MatchesViewAssertion(Detox){viewMatcher=(view has effective visibility <VISIBLE> and view.getGlobalVisibleRect() covers at least <75> percent of the view's area)}' assertion on view (view.getTag() is "dashboard-add-expense-button" and view has effective visibility <VISIBLE>)
03-14 22:59:54.510 13536 13536 I ViewInteraction: Checking 'MatchesViewAssertion(Detox){viewMatcher=(view has effective visibility <VISIBLE> and view.getGlobalVisibleRect() covers at least <75> percent of the view's area)}' assertion on view (view.getTag() is "dashboard-add-expense-button" and view has effective visibility <VISIBLE>)
03-14 22:59:54.528 13536 13606 D TrafficStats: tagSocket(132) with statsTag=0xffffffff, statsUid=-1
03-14 22:59:54.542 13536 13536 I ViewInteraction: Checking 'MatchesViewAssertion(Detox){viewMatcher=(view has effective visibility <VISIBLE> and view.getGlobalVisibleRect() covers at least <75> percent of the view's area)}' assertion on view (view.getTag() is "dashboard-add-expense-button" and view has effective visibility <VISIBLE>)
03-14 22:59:54.574 13536 13536 I ViewInteraction: Checking 'MatchesViewAssertion(Detox){viewMatcher=(view has effective visibility <VISIBLE> and view.getGlobalVisibleRect() covers at least <75> percent of the view's area)}' assertion on view (view.getTag() is "dashboard-add-expense-button" and view has effective visibility <VISIBLE>)
03-14 22:59:54.605 13536 13536 I ViewInteraction: Checking 'MatchesViewAssertion(Detox){viewMatcher=(view has effective visibility <VISIBLE> and view.getGlobalVisibleRect() covers at least <75> percent of the view's area)}' assertion on view (view.getTag() is "dashboard-add-expense-button" and view has effective visibility <VISIBLE>)
03-14 22:59:54.635 13536 13536 I ViewInteraction: Checking 'MatchesViewAssertion(Detox){viewMatcher=(view has effective visibility <VISIBLE> and view.getGlobalVisibleRect() covers at least <75> percent of the view's area)}' assertion on view (view.getTag() is "dashboard-add-expense-button" and view has effective visibility <VISIBLE>)
03-14 22:59:54.665 13536 13536 I ViewInteraction: Checking 'MatchesViewAssertion(Detox){viewMatcher=(view has effective visibility <VISIBLE> and view.getGlobalVisibleRect() covers at least <75> percent of the view's area)}' assertion on view (view.getTag() is "dashboard-add-expense-button" and view has effective visibility <VISIBLE>)
03-14 22:59:54.694 13536 13536 I ViewInteraction: Checking 'MatchesViewAssertion(Detox){viewMatcher=(view has effective visibility <VISIBLE> and view.getGlobalVisibleRect() covers at least <75> percent of the view's area)}' assertion on view (view.getTag() is "dashboard-add-expense-button" and view has effective visibility <VISIBLE>)
03-14 22:59:54.723 13536 13604 D Detox.RNMarker: RUN_JS_BUNDLE_END (index.android.bundle)
03-14 22:59:54.724 13536 13604 I ReactNativeJS: Running "main"
03-14 22:59:54.724 13536 13536 I ViewInteraction: Checking 'MatchesViewAssertion(Detox){viewMatcher=(view has effective visibility <VISIBLE> and view.getGlobalVisibleRect() covers at least <75> percent of the view's area)}' assertion on view (view.getTag() is "dashboard-add-expense-button" and view has effective visibility <VISIBLE>)
03-14 22:59:54.731 13536 13604 D Detox.RNMarker: REACT_BRIDGELESS_LOADING_END (null)
03-14 22:59:54.740 13536 13604 D nativeloader: Load /data/app/~~YsZ1q7ZJ7Iubjw5Ubx_m7A==/com.mcfuzzysquirrel.studentfinance-syuDUGtJ_YuI1ZMwWaAgPA==/base.apk!/lib/x86_64/libgesturehandler.so using ns clns-7 from class loader (caller=/data/app/~~YsZ1q7ZJ7Iubjw5Ubx_m7A==/com.mcfuzzysquirrel.studentfinance-syuDUGtJ_YuI1ZMwWaAgPA==/base.apk): ok
03-14 22:59:54.740 13536 13604 D jni_lib_merge: Entering merged library JNI_OnLoad.
03-14 22:59:54.740 13536 13604 D jni_lib_merge: Preparing 12 pre-merged libs (including stub)
03-14 22:59:54.740 13536 13604 D jni_lib_merge: Preparing to register libfabricjni_so.  onload_func: 0x727ce2413730
03-14 22:59:54.740 13536 13604 D jni_lib_merge: Preparing to register libreact_devsupportjni_so.  onload_func: 0x727ce2610190
03-14 22:59:54.740 13536 13604 D jni_lib_merge: Preparing to register libreact_featureflagsjni_so.  onload_func: 0x727ce2621910
03-14 22:59:54.740 13536 13604 D jni_lib_merge: Preparing to register libreact_newarchdefaults_so.  onload_func: 0x727ce26c2d20
03-14 22:59:54.740 13536 13604 D jni_lib_merge: Preparing to register libreactnativeblob_so.  onload_func: 0x727ce28cd2e0
03-14 22:59:54.740 13536 13604 D jni_lib_merge: Preparing to register libreactnativejni_so.  onload_func: 0x727ce290d770
03-14 22:59:54.740 13536 13604 D jni_lib_merge: Preparing to register libreactnativejni_common_so.  onload_func: 0x727ce291d5d0
03-14 22:59:54.740 13536 13604 D jni_lib_merge: Preparing to register librninstance_so.  onload_func: 0x727ce295a4c0
03-14 22:59:54.740 13536 13604 D jni_lib_merge: Preparing to register libturbomodulejsijni_so.  onload_func: 0x727ce2abbc00
03-14 22:59:54.740 13536 13604 D jni_lib_merge: Preparing to register libuimanagerjni_so.  onload_func: 0x727ce2ad3de0
03-14 22:59:54.740 13536 13604 D jni_lib_merge: Preparing to register libyoga_so.  onload_func: 0x727ce2ae2d70
03-14 22:59:54.740 13536 13604 D jni_lib_merge: About to register 11 actual methods.
03-14 22:59:54.743 13536 13536 I ReactNative: [GESTURE HANDLER] Initialize gesture handler for root view com.facebook.react.runtime.ReactSurfaceView{5bd2bb6 V.E...... ......ID 0,0-1080,2400 #1}
03-14 22:59:54.746 13536 13536 D Detox.RNMarker: CONTENT_APPEARED (main)
03-14 22:59:54.760 13536 13536 I ViewInteraction: Checking 'MatchesViewAssertion(Detox){viewMatcher=(view has effective visibility <VISIBLE> and view.getGlobalVisibleRect() covers at least <75> percent of the view's area)}' assertion on view (view.getTag() is "dashboard-add-expense-button" and view has effective visibility <VISIBLE>)
03-14 22:59:54.914 13536 13536 I ViewInteraction: Checking 'MatchesViewAssertion(Detox){viewMatcher=(view has effective visibility <VISIBLE> and view.getGlobalVisibleRect() covers at least <75> percent of the view's area)}' assertion on view (view.getTag() is "dashboard-add-expense-button" and view has effective visibility <VISIBLE>)
03-14 22:59:54.952 13536 13536 I ViewInteraction: Checking 'MatchesViewAssertion(Detox){viewMatcher=(view has effective visibility <VISIBLE> and view.getGlobalVisibleRect() covers at least <75> percent of the view's area)}' assertion on view (view.getTag() is "dashboard-add-expense-button" and view has effective visibility <VISIBLE>)
03-14 22:59:54.957 13536 13604 D nativeloader: Load /data/app/~~YsZ1q7ZJ7Iubjw5Ubx_m7A==/com.mcfuzzysquirrel.studentfinance-syuDUGtJ_YuI1ZMwWaAgPA==/base.apk!/lib/x86_64/libexpo-sqlite.so using ns clns-7 from class loader (caller=/data/app/~~YsZ1q7ZJ7Iubjw5Ubx_m7A==/com.mcfuzzysquirrel.studentfinance-syuDUGtJ_YuI1ZMwWaAgPA==/base.apk!classes20.dex): ok
03-14 22:59:54.989 13536 13536 I ViewInteraction: Checking 'MatchesViewAssertion(Detox){viewMatcher=(view has effective visibility <VISIBLE> and view.getGlobalVisibleRect() covers at least <75> percent of the view's area)}' assertion on view (view.getTag() is "dashboard-add-expense-button" and view has effective visibility <VISIBLE>)
03-14 22:59:55.017 13536 13536 I ViewInteraction: Checking 'MatchesViewAssertion(Detox){viewMatcher=(view has effective visibility <VISIBLE> and view.getGlobalVisibleRect() covers at least <75> percent of the view's area)}' assertion on view (view.getTag() is "dashboard-add-expense-button" and view has effective visibility <VISIBLE>)
03-14 22:59:55.053 13536 13536 I ViewInteraction: Checking 'MatchesViewAssertion(Detox){viewMatcher=(view has effective visibility <VISIBLE> and view.getGlobalVisibleRect() covers at least <75> percent of the view's area)}' assertion on view (view.getTag() is "dashboard-add-expense-button" and view has effective visibility <VISIBLE>)
03-14 22:59:55.104 13536 13536 I ViewInteraction: Checking 'MatchesViewAssertion(Detox){viewMatcher=(view has effective visibility <VISIBLE> and view.getGlobalVisibleRect() covers at least <75> percent of the view's area)}' assertion on view (view.getTag() is "dashboard-add-expense-button" and view has effective visibility <VISIBLE>)
03-14 22:59:55.139 13536 13536 I ViewInteraction: Checking 'MatchesViewAssertion(Detox){viewMatcher=(view has effective visibility <VISIBLE> and view.getGlobalVisibleRect() covers at least <75> percent of the view's area)}' assertion on view (view.getTag() is "dashboard-add-expense-button" and view has effective visibility <VISIBLE>)
03-14 22:59:55.173 13536 13536 I ViewInteraction: Checking 'MatchesViewAssertion(Detox){viewMatcher=(view has effective visibility <VISIBLE> and view.getGlobalVisibleRect() covers at least <75> percent of the view's area)}' assertion on view (view.getTag() is "dashboard-add-expense-button" and view has effective visibility <VISIBLE>)
03-14 22:59:55.204 13536 13536 I ViewInteraction: Checking 'MatchesViewAssertion(Detox){viewMatcher=(view has effective visibility <VISIBLE> and view.getGlobalVisibleRect() covers at least <75> percent of the view's area)}' assertion on view (view.getTag() is "dashboard-add-expense-button" and view has effective visibility <VISIBLE>)
03-14 22:59:55.216 13536 13536 W .studentfinance: Accessing hidden field Landroid/widget/ScrollView;->mScroller:Landroid/widget/OverScroller; (unsupported, reflection, allowed)
03-14 22:59:55.255 13536 13536 W [RNScreens]: backTitleFontFamily prop is not available on Android
03-14 22:59:55.255 13536 13536 W [RNScreens]: disableBackButtonMenu prop is not available on Android
03-14 22:59:55.255 13536 13536 W [RNScreens]: backTitleVisible prop is not available on Android
03-14 22:59:55.255 13536 13536 W [RNScreens]: topInsetEnabled prop is not available on Android
03-14 22:59:55.255 13536 13536 W [RNScreens]: largeTitleHideShadow prop is not available on Android
03-14 22:59:55.255 13536 13536 W [RNScreens]: largeTitleFontWeight prop is not available on Android
03-14 22:59:55.255 13536 13536 W [RNScreens]: userInterfaceStyle prop is not available on Android
03-14 22:59:55.255 13536 13536 W [RNScreens]: largeTitleFontFamily prop is not available on Android
03-14 22:59:55.856 13536 13583 D EGL_emulation: app_time_stats: avg=602.63ms min=99.76ms max=1912.07ms count=5
03-14 22:59:55.926 13536 13536 I ViewInteraction: Checking 'MatchesViewAssertion(Detox){viewMatcher=(view has effective visibility <VISIBLE> and view.getGlobalVisibleRect() covers at least <75> percent of the view's area)}' assertion on view (view.getTag() is "dashboard-add-expense-button" and view has effective visibility <VISIBLE>)
03-14 22:59:55.932 13536 13573 I DetoxWSClient: Sending out action 'invokeResult' (ID #7)
03-14 22:59:55.932 13536 13573 I DetoxDispatcher: Done with action 'invoke'
03-14 22:59:55.945 13536 13577 D DetoxWSClient: Received action 'invoke' (ID #8, params={"target":{"type":"Class","value":"com.wix.detox.espresso.EspressoDetox"},"method":"perform","args":[{"type":"Invocation","value":{"target":{"type":"Class","value":"com.wix.detox.espresso.DetoxMatcher"},"method":"matcherForTestId","args":["dashboard-add-expense-button",{"type":"boolean","value":false}]}},{"type":"Invocation","value":{"target":{"type":"Class","value":"com.wix.detox.espresso.DetoxViewActions"},"method":"click","args":[]}}]})
03-14 22:59:55.945 13536 13573 I DetoxDispatcher: Handling action 'invoke' (ID #8)...
03-14 22:59:55.947 13536 13573 D Detox   : class com.wix.detox.espresso.DetoxMatcher, matcherForTestId, [dashboard-add-expense-button, false]
03-14 22:59:55.947 13536 13573 D Detox   : class com.wix.detox.espresso.DetoxViewActions, click, []
03-14 22:59:55.950 13536 13573 W .studentfinance: Accessing hidden method Landroid/view/ViewConfiguration;->getDoubleTapMinTime()I (unsupported, reflection, allowed)
03-14 22:59:55.951 13536 13573 D Detox   : class com.wix.detox.espresso.EspressoDetox, perform, [(view.getTag() is "dashboard-add-expense-button" and view has effective visibility <VISIBLE>), com.wix.detox.espresso.action.RNClickAction@22c7ecc]
03-14 22:59:55.982 13536 13536 I ViewInteraction: Performing 'com.wix.detox.espresso.action.detoxsingletap@95c5515 click' action on view (view.getTag() is "dashboard-add-expense-button" and view has effective visibility <VISIBLE>)
03-14 22:59:55.987 13536 13699 W .studentfinance: Accessing hidden method Landroid/hardware/input/InputManager;->injectInputEvent(Landroid/view/InputEvent;I)Z (unsupported, reflection, allowed)
03-14 22:59:56.407 13536 13598 D TrafficStats: tagSocket(138) with statsTag=0xffffffff, statsUid=-1
03-14 22:59:56.510 13536 13711 D ProfileInstaller: Installing profile for com.mcfuzzysquirrel.studentfinance
03-14 22:59:56.540 13536 13606 D TrafficStats: tagSocket(138) with statsTag=0xffffffff, statsUid=-1
03-14 22:59:56.574 13536 13536 W [RNScreens]: backTitleFontFamily prop is not available on Android
03-14 22:59:56.574 13536 13536 W [RNScreens]: disableBackButtonMenu prop is not available on Android
03-14 22:59:56.574 13536 13536 W [RNScreens]: backTitleVisible prop is not available on Android
03-14 22:59:56.574 13536 13536 W [RNScreens]: topInsetEnabled prop is not available on Android
03-14 22:59:56.574 13536 13536 W [RNScreens]: largeTitleHideShadow prop is not available on Android
03-14 22:59:56.574 13536 13536 W [RNScreens]: largeTitleFontWeight prop is not available on Android
03-14 22:59:56.574 13536 13536 W [RNScreens]: userInterfaceStyle prop is not available on Android
03-14 22:59:56.574 13536 13536 W [RNScreens]: largeTitleFontFamily prop is not available on Android
03-14 22:59:56.790 13536 13536 I ImeTracker: com.mcfuzzysquirrel.studentfinance:9f0f6483: onRequestShow at ORIGIN_CLIENT reason SHOW_SOFT_INPUT fromUser false
03-14 22:59:56.800 13536 13536 D InputMethodManager: showSoftInput() view=com.facebook.react.views.textinput.ReactEditText{e291e64 VFED..CL. .F....ID 47,130-1033,331 #188 aid=1073741825} flags=0 reason=SHOW_SOFT_INPUT
03-14 22:59:56.980 13536 13583 D EGL_emulation: app_time_stats: avg=276.42ms min=14.81ms max=815.64ms count=4
03-14 22:59:57.743 13536 13536 I Choreographer: Skipped 39 frames!  The application may be doing too much work on its main thread.
03-14 22:59:57.967 13536 13536 D InsetsController: show(ime(), fromIme=true)
03-14 22:59:57.998 13536 13548 I HWUI    : Davey! duration=864ms; Flags=0, FrameTimelineVsyncId=131772, IntendedVsync=1443873292452, Vsync=1444523292426, InputEventId=0, HandleInputStart=1444534888658, AnimationStart=1444534890095, PerformTraversalsStart=1444540815175, DrawStart=1444549157767, FrameDeadline=1444623292422, FrameInterval=1444533287963, FrameStartTime=16666666, SyncQueued=1444652551724, SyncStart=1444653432645, IssueDrawCommandsStart=1444653684358, SwapBuffers=1444655599849, FrameCompleted=1444738251825, DequeueBufferDuration=170464, QueueBufferDuration=1132657, GpuCompleted=1444737497962, SwapBuffersCompleted=1444738251825, DisplayPresentTime=0, CommandSubmissionCompleted=1444655599849, 
03-14 22:59:58.164 13536 13722 W InteractionJankMonitor: Initializing without READ_DEVICE_CONFIG permission. enabled=true, interval=1, missedFrameThreshold=3, frameTimeThreshold=64, package=com.mcfuzzysquirrel.studentfinance
03-14 22:59:58.253 13536 13583 D EGL_emulation: app_time_stats: avg=244.27ms min=26.06ms max=632.80ms count=5
03-14 22:59:58.399 13536 13536 I ImeTracker: com.mcfuzzysquirrel.studentfinance:9f0f6483: onShown
03-14 22:59:58.559 13536 13544 I .studentfinance: Background concurrent mark compact GC freed 34MB AllocSpace bytes, 34(1876KB) LOS objects, 49% free, 11MB/23MB, paused 674us,47.187ms total 1.701s
03-14 22:59:58.725 13536 13606 D TrafficStats: tagSocket(132) with statsTag=0xffffffff, statsUid=-1
03-14 22:59:58.817 13536 13598 D TrafficStats: tagSocket(135) with statsTag=0xffffffff, statsUid=-1
03-14 22:59:59.032 13536 13573 I DetoxWSClient: Sending out action 'invokeResult' (ID #8)
03-14 22:59:59.034 13536 13573 I DetoxDispatcher: Done with action 'invoke'
03-14 22:59:59.184 13536 13577 D DetoxWSClient: Received action 'invoke' (ID #9, params={"target":{"type":"Class","value":"com.wix.detox.espresso.DetoxAssertion"},"method":"waitForAssertMatcher","args":[{"type":"Invocation","value":{"target":{"type":"Class","value":"androidx.test.espresso.Espresso"},"method":"onView","args":[{"type":"Invocation","value":{"target":{"type":"Class","value":"com.wix.detox.espresso.DetoxMatcher"},"method":"matcherForTestId","args":["add-expense-amount-input",{"type":"boolean","value":false}]}}]}},{"type":"Invocation","value":{"target":{"type":"Class","value":"com.wix.detox.espresso.DetoxMatcher"},"method":"matcherForSufficientlyVisible","args":[{"type":"Integer","value":75}]}},{"type":"Double","value":10}]})
03-14 22:59:59.186 13536 13573 I DetoxDispatcher: Handling action 'invoke' (ID #9)...
03-14 22:59:59.196 13536 13573 D Detox   : class com.wix.detox.espresso.DetoxMatcher, matcherForTestId, [add-expense-amount-input, false]
03-14 22:59:59.199 13536 13573 D Detox   : class androidx.test.espresso.Espresso, onView, [(view.getTag() is "add-expense-amount-input" and view has effective visibility <VISIBLE>)]
03-14 22:59:59.225 13536 13573 D Detox   : class com.wix.detox.espresso.DetoxMatcher, matcherForSufficientlyVisible, [75]
03-14 22:59:59.228 13536 13573 D Detox   : class com.wix.detox.espresso.DetoxAssertion, waitForAssertMatcher, [androidx.test.espresso.ViewInteraction@46b70a4, (view has effective visibility <VISIBLE> and view.getGlobalVisibleRect() covers at least <75> percent of the view's area), 10.0]
03-14 22:59:59.231 13536 13536 I ViewInteraction: Checking 'MatchesViewAssertion(Detox){viewMatcher=(view has effective visibility <VISIBLE> and view.getGlobalVisibleRect() covers at least <75> percent of the view's area)}' assertion on view (view.getTag() is "add-expense-amount-input" and view has effective visibility <VISIBLE>)
03-14 22:59:59.271 13536 13573 I DetoxWSClient: Sending out action 'invokeResult' (ID #9)
03-14 22:59:59.272 13536 13573 I DetoxDispatcher: Done with action 'invoke'
03-14 22:59:59.284 13536 13577 D DetoxWSClient: Received action 'invoke' (ID #10, params={"target":{"type":"Class","value":"com.wix.detox.espresso.EspressoDetox"},"method":"perform","args":[{"type":"Invocation","value":{"target":{"type":"Class","value":"com.wix.detox.espresso.DetoxMatcher"},"method":"matcherForTestId","args":["add-expense-amount-input",{"type":"boolean","value":false}]}},{"type":"Invocation","value":{"target":{"type":"Class","value":"androidx.test.espresso.action.ViewActions"},"method":"replaceText","args":["12.34"]}}]})
03-14 22:59:59.288 13536 13573 I DetoxDispatcher: Handling action 'invoke' (ID #10)...
03-14 22:59:59.289 13536 13573 D Detox   : class com.wix.detox.espresso.DetoxMatcher, matcherForTestId, [add-expense-amount-input, false]
03-14 22:59:59.290 13536 13573 D Detox   : class androidx.test.espresso.action.ViewActions, replaceText, [12.34]
03-14 22:59:59.291 13536 13573 D Detox   : class com.wix.detox.espresso.EspressoDetox, perform, [(view.getTag() is "add-expense-amount-input" and view has effective visibility <VISIBLE>), androidx.test.espresso.action.ReplaceTextAction@4fe643b]
03-14 22:59:59.296 13536 13536 I ViewInteraction: Performing 'replace text(12.34)' action on view (view.getTag() is "add-expense-amount-input" and view has effective visibility <VISIBLE>)
03-14 22:59:59.311 13536 13573 I DetoxWSClient: Sending out action 'invokeResult' (ID #10)
03-14 22:59:59.319 13536 13573 I DetoxDispatcher: Done with action 'invoke'
03-14 22:59:59.339 13536 13577 D DetoxWSClient: Received action 'invoke' (ID #11, params={"target":{"type":"Invocation","value":{"target":{"type":"Class","value":"com.wix.detox.uiautomator.UiAutomator"},"method":"uiDevice","args":[]}},"method":"pressBack","args":[]})
03-14 22:59:59.340 13536 13583 D EGL_emulation: app_time_stats: avg=123.89ms min=20.41ms max=311.34ms count=8
03-14 22:59:59.346 13536 13573 I DetoxDispatcher: Handling action 'invoke' (ID #11)...
03-14 22:59:59.379 13536 13573 D Detox   : class com.wix.detox.uiautomator.UiAutomator, uiDevice, []
03-14 22:59:59.383 13536 13573 I UiDevice: Creating a new instance, old instance exists: false
03-14 22:59:59.428 13536 13573 I UiAutomation: Initialized for user 0 on display 0
03-14 22:59:59.566 13536 13734 V UiAutomation: Init UiAutomation@b6e1b8[id=3, displayId=0, flags=0]
03-14 22:59:59.860 13536 13573 D UiDevice: Setting accessibility service flags: 65618
03-14 23:00:00.438 13536 13573 D UiDevice: Pressing back button.
03-14 23:00:00.659 13536 13583 D EGL_emulation: app_time_stats: avg=439.77ms min=202.96ms max=567.50ms count=3
03-14 23:00:00.753 13536 13536 D InsetsController: hide(ime(), fromIme=true)
03-14 23:00:01.016 13536 13536 I ImeTracker: com.mcfuzzysquirrel.studentfinance:27315383: onRequestHide at ORIGIN_CLIENT reason HIDE_SOFT_INPUT_ON_ANIMATION_STATE_CHANGED fromUser false
03-14 23:00:01.038 13536 13536 I ImeTracker: com.google.android.inputmethod.latin:530b1165: onHidden
03-14 23:00:01.058 13536 13573 I DetoxWSClient: Sending out action 'invokeResult' (ID #11)
03-14 23:00:01.067 13536 13573 I DetoxDispatcher: Done with action 'invoke'
03-14 23:00:01.072 13536 13606 D TrafficStats: tagSocket(142) with statsTag=0xffffffff, statsUid=-1
03-14 23:00:01.079 13536 13598 D TrafficStats: tagSocket(146) with statsTag=0xffffffff, statsUid=-1
03-14 23:00:01.129 13536 13577 D DetoxWSClient: Received action 'invoke' (ID #12, params={"target":{"type":"Class","value":"com.wix.detox.espresso.DetoxAssertion"},"method":"waitForAssertMatcher","args":[{"type":"Invocation","value":{"target":{"type":"Class","value":"androidx.test.espresso.Espresso"},"method":"onView","args":[{"type":"Invocation","value":{"target":{"type":"Class","value":"com.wix.detox.espresso.DetoxMatcher"},"method":"matcherForTestId","args":["category-grid-item-default-food",{"type":"boolean","value":false}]}}]}},{"type":"Invocation","value":{"target":{"type":"Class","value":"com.wix.detox.espresso.DetoxMatcher"},"method":"matcherForSufficientlyVisible","args":[{"type":"Integer","value":75}]}},{"type":"Double","value":10}]})
03-14 23:00:01.135 13536 13573 I DetoxDispatcher: Handling action 'invoke' (ID #12)...
03-14 23:00:01.136 13536 13573 D Detox   : class com.wix.detox.espresso.DetoxMatcher, matcherForTestId, [category-grid-item-default-food, false]
03-14 23:00:01.138 13536 13573 D Detox   : class androidx.test.espresso.Espresso, onView, [(view.getTag() is "category-grid-item-default-food" and view has effective visibility <VISIBLE>)]
03-14 23:00:01.143 13536 13573 D Detox   : class com.wix.detox.espresso.DetoxMatcher, matcherForSufficientlyVisible, [75]
03-14 23:00:01.144 13536 13573 D Detox   : class com.wix.detox.espresso.DetoxAssertion, waitForAssertMatcher, [androidx.test.espresso.ViewInteraction@cd63082, (view has effective visibility <VISIBLE> and view.getGlobalVisibleRect() covers at least <75> percent of the view's area), 10.0]
03-14 23:00:01.147 13536 13536 I ViewInteraction: Checking 'MatchesViewAssertion(Detox){viewMatcher=(view has effective visibility <VISIBLE> and view.getGlobalVisibleRect() covers at least <75> percent of the view's area)}' assertion on view (view.getTag() is "category-grid-item-default-food" and view has effective visibility <VISIBLE>)
03-14 23:00:01.151 13536 13573 I DetoxWSClient: Sending out action 'invokeResult' (ID #12)
03-14 23:00:01.153 13536 13573 I DetoxDispatcher: Done with action 'invoke'
03-14 23:00:01.224 13536 13577 D DetoxWSClient: Received action 'invoke' (ID #13, params={"target":{"type":"Class","value":"com.wix.detox.espresso.EspressoDetox"},"method":"perform","args":[{"type":"Invocation","value":{"target":{"type":"Class","value":"com.wix.detox.espresso.DetoxMatcher"},"method":"matcherForTestId","args":["category-grid-item-default-food",{"type":"boolean","value":false}]}},{"type":"Invocation","value":{"target":{"type":"Class","value":"com.wix.detox.espresso.DetoxViewActions"},"method":"click","args":[]}}]})
03-14 23:00:01.228 13536 13573 I DetoxDispatcher: Handling action 'invoke' (ID #13)...
03-14 23:00:01.228 13536 13573 D Detox   : class com.wix.detox.espresso.DetoxMatcher, matcherForTestId, [category-grid-item-default-food, false]
03-14 23:00:01.229 13536 13573 D Detox   : class com.wix.detox.espresso.DetoxViewActions, click, []
03-14 23:00:01.229 13536 13573 D Detox   : class com.wix.detox.espresso.EspressoDetox, perform, [(view.getTag() is "category-grid-item-default-food" and view has effective visibility <VISIBLE>), com.wix.detox.espresso.action.RNClickAction@7282fd0]
03-14 23:00:01.251 13536 13536 I ViewInteraction: Performing 'com.wix.detox.espresso.action.detoxsingletap@58debc9 click' action on view (view.getTag() is "category-grid-item-default-food" and view has effective visibility <VISIBLE>)
03-14 23:00:01.724 13536 13573 I DetoxWSClient: Sending out action 'invokeResult' (ID #13)
03-14 23:00:01.725 13536 13573 I DetoxDispatcher: Done with action 'invoke'
03-14 23:00:01.752 13536 13577 D DetoxWSClient: Received action 'invoke' (ID #14, params={"target":{"type":"Class","value":"com.wix.detox.espresso.EspressoDetox"},"method":"perform","args":[{"type":"Invocation","value":{"target":{"type":"Class","value":"com.wix.detox.espresso.DetoxMatcher"},"method":"matcherForTestId","args":["add-expense-amount-input",{"type":"boolean","value":false}]}},{"type":"Invocation","value":{"target":{"type":"Class","value":"com.wix.detox.espresso.DetoxAction"},"method":"swipeInDirection","args":[{"type":"Integer","value":3},{"type":"boolean","value":false},{"type":"Double","value":0.5},{"type":"Double","value":null},{"type":"Double","value":null}]}}]})
03-14 23:00:01.753 13536 13573 I DetoxDispatcher: Handling action 'invoke' (ID #14)...
03-14 23:00:01.753 13536 13573 D Detox   : class com.wix.detox.espresso.DetoxMatcher, matcherForTestId, [add-expense-amount-input, false]
03-14 23:00:01.759 13536 13573 D Detox   : class com.wix.detox.espresso.DetoxAction, swipeInDirection, [3, false, 0.5, NaN, NaN]
03-14 23:00:01.762 13536 13573 D Detox   : class com.wix.detox.espresso.EspressoDetox, perform, [(view.getTag() is "add-expense-amount-input" and view has effective visibility <VISIBLE>), androidx.test.espresso.action.GeneralSwipeAction@bb88151]
03-14 23:00:01.768 13536 13536 I ViewInteraction: Performing 'slow swipe' action on view (view.getTag() is "add-expense-amount-input" and view has effective visibility <VISIBLE>)
03-14 23:00:02.200 13536 13583 D EGL_emulation: app_time_stats: avg=385.13ms min=173.13ms max=559.29ms count=4
03-14 23:00:03.117 13536 13598 D TrafficStats: tagSocket(6) with statsTag=0xffffffff, statsUid=-1
03-14 23:00:03.174 13536 13606 D TrafficStats: tagSocket(149) with statsTag=0xffffffff, statsUid=-1
03-14 23:00:03.209 13536 13583 D EGL_emulation: app_time_stats: avg=108.68ms min=33.48ms max=233.87ms count=9
03-14 23:00:03.650 13536 13573 I DetoxWSClient: Sending out action 'invokeResult' (ID #14)
03-14 23:00:03.654 13536 13573 I DetoxDispatcher: Done with action 'invoke'
03-14 23:00:03.716 13536 13577 D DetoxWSClient: Received action 'invoke' (ID #15, params={"target":{"type":"Class","value":"com.wix.detox.espresso.DetoxAssertion"},"method":"waitForAssertMatcher","args":[{"type":"Invocation","value":{"target":{"type":"Class","value":"androidx.test.espresso.Espresso"},"method":"onView","args":[{"type":"Invocation","value":{"target":{"type":"Class","value":"com.wix.detox.espresso.DetoxMatcher"},"method":"matcherForTestId","args":["add-expense-note-toggle",{"type":"boolean","value":false}]}}]}},{"type":"Invocation","value":{"target":{"type":"Class","value":"com.wix.detox.espresso.DetoxMatcher"},"method":"matcherForSufficientlyVisible","args":[{"type":"Integer","value":75}]}},{"type":"Double","value":10}]})
03-14 23:00:03.718 13536 13573 I DetoxDispatcher: Handling action 'invoke' (ID #15)...
03-14 23:00:03.718 13536 13573 D Detox   : class com.wix.detox.espresso.DetoxMatcher, matcherForTestId, [add-expense-note-toggle, false]
03-14 23:00:03.722 13536 13573 D Detox   : class androidx.test.espresso.Espresso, onView, [(view.getTag() is "add-expense-note-toggle" and view has effective visibility <VISIBLE>)]
03-14 23:00:03.725 13536 13573 D Detox   : class com.wix.detox.espresso.DetoxMatcher, matcherForSufficientlyVisible, [75]
03-14 23:00:03.727 13536 13573 D Detox   : class com.wix.detox.espresso.DetoxAssertion, waitForAssertMatcher, [androidx.test.espresso.ViewInteraction@bfa2c90, (view has effective visibility <VISIBLE> and view.getGlobalVisibleRect() covers at least <75> percent of the view's area), 10.0]
03-14 23:00:03.761 13536 13536 I ViewInteraction: Checking 'MatchesViewAssertion(Detox){viewMatcher=(view has effective visibility <VISIBLE> and view.getGlobalVisibleRect() covers at least <75> percent of the view's area)}' assertion on view (view.getTag() is "add-expense-note-toggle" and view has effective visibility <VISIBLE>)
03-14 23:00:03.771 13536 13573 I DetoxWSClient: Sending out action 'invokeResult' (ID #15)
03-14 23:00:03.773 13536 13573 I DetoxDispatcher: Done with action 'invoke'
03-14 23:00:03.785 13536 13577 D DetoxWSClient: Received action 'invoke' (ID #16, params={"target":{"type":"Class","value":"com.wix.detox.espresso.EspressoDetox"},"method":"perform","args":[{"type":"Invocation","value":{"target":{"type":"Class","value":"com.wix.detox.espresso.DetoxMatcher"},"method":"matcherForTestId","args":["add-expense-note-toggle",{"type":"boolean","value":false}]}},{"type":"Invocation","value":{"target":{"type":"Class","value":"com.wix.detox.espresso.DetoxViewActions"},"method":"click","args":[]}}]})
03-14 23:00:03.787 13536 13573 I DetoxDispatcher: Handling action 'invoke' (ID #16)...
03-14 23:00:03.787 13536 13573 D Detox   : class com.wix.detox.espresso.DetoxMatcher, matcherForTestId, [add-expense-note-toggle, false]
03-14 23:00:03.788 13536 13573 D Detox   : class com.wix.detox.espresso.DetoxViewActions, click, []
03-14 23:00:03.789 13536 13573 D Detox   : class com.wix.detox.espresso.EspressoDetox, perform, [(view.getTag() is "add-expense-note-toggle" and view has effective visibility <VISIBLE>), com.wix.detox.espresso.action.RNClickAction@f66fd8e]
03-14 23:00:03.796 13536 13536 I ViewInteraction: Performing 'com.wix.detox.espresso.action.detoxsingletap@9ef69af click' action on view (view.getTag() is "add-expense-note-toggle" and view has effective visibility <VISIBLE>)
03-14 23:00:04.231 13536 13583 D EGL_emulation: app_time_stats: avg=168.55ms min=29.41ms max=331.45ms count=5
03-14 23:00:04.296 13536 13536 D AutofillManager: notifyViewReadyInner:1073741826
03-14 23:00:04.394 13536 13573 I DetoxWSClient: Sending out action 'invokeResult' (ID #16)
03-14 23:00:04.395 13536 13573 I DetoxDispatcher: Done with action 'invoke'
03-14 23:00:04.418 13536 13577 D DetoxWSClient: Received action 'invoke' (ID #17, params={"target":{"type":"Class","value":"com.wix.detox.espresso.DetoxAssertion"},"method":"waitForAssertMatcher","args":[{"type":"Invocation","value":{"target":{"type":"Class","value":"androidx.test.espresso.Espresso"},"method":"onView","args":[{"type":"Invocation","value":{"target":{"type":"Class","value":"com.wix.detox.espresso.DetoxMatcher"},"method":"matcherForTestId","args":["add-expense-note-input",{"type":"boolean","value":false}]}}]}},{"type":"Invocation","value":{"target":{"type":"Class","value":"com.wix.detox.espresso.DetoxMatcher"},"method":"matcherForSufficientlyVisible","args":[{"type":"Integer","value":75}]}},{"type":"Double","value":10}]})
03-14 23:00:04.419 13536 13573 I DetoxDispatcher: Handling action 'invoke' (ID #17)...
03-14 23:00:04.419 13536 13573 D Detox   : class com.wix.detox.espresso.DetoxMatcher, matcherForTestId, [add-expense-note-input, false]
03-14 23:00:04.420 13536 13573 D Detox   : class androidx.test.espresso.Espresso, onView, [(view.getTag() is "add-expense-note-input" and view has effective visibility <VISIBLE>)]
03-14 23:00:04.425 13536 13573 D Detox   : class com.wix.detox.espresso.DetoxMatcher, matcherForSufficientlyVisible, [75]
03-14 23:00:04.426 13536 13573 D Detox   : class com.wix.detox.espresso.DetoxAssertion, waitForAssertMatcher, [androidx.test.espresso.ViewInteraction@16b634d, (view has effective visibility <VISIBLE> and view.getGlobalVisibleRect() covers at least <75> percent of the view's area), 10.0]
03-14 23:00:04.429 13536 13536 I ViewInteraction: Checking 'MatchesViewAssertion(Detox){viewMatcher=(view has effective visibility <VISIBLE> and view.getGlobalVisibleRect() covers at least <75> percent of the view's area)}' assertion on view (view.getTag() is "add-expense-note-input" and view has effective visibility <VISIBLE>)
03-14 23:00:04.440 13536 13573 I DetoxWSClient: Sending out action 'invokeResult' (ID #17)
03-14 23:00:04.443 13536 13573 I DetoxDispatcher: Done with action 'invoke'
03-14 23:00:04.447 13536 13577 D DetoxWSClient: Received action 'invoke' (ID #18, params={"target":{"type":"Class","value":"com.wix.detox.espresso.EspressoDetox"},"method":"perform","args":[{"type":"Invocation","value":{"target":{"type":"Class","value":"com.wix.detox.espresso.DetoxMatcher"},"method":"matcherForTestId","args":["add-expense-note-input",{"type":"boolean","value":false}]}},{"type":"Invocation","value":{"target":{"type":"Class","value":"androidx.test.espresso.action.ViewActions"},"method":"replaceText","args":["detox-smoke-note"]}}]})
03-14 23:00:04.448 13536 13573 I DetoxDispatcher: Handling action 'invoke' (ID #18)...
03-14 23:00:04.448 13536 13573 D Detox   : class com.wix.detox.espresso.DetoxMatcher, matcherForTestId, [add-expense-note-input, false]
03-14 23:00:04.449 13536 13573 D Detox   : class androidx.test.espresso.action.ViewActions, replaceText, [detox-smoke-note]
03-14 23:00:04.449 13536 13573 D Detox   : class com.wix.detox.espresso.EspressoDetox, perform, [(view.getTag() is "add-expense-note-input" and view has effective visibility <VISIBLE>), androidx.test.espresso.action.ReplaceTextAction@35e2313]
03-14 23:00:04.454 13536 13536 I ViewInteraction: Performing 'replace text(detox-smoke-note)' action on view (view.getTag() is "add-expense-note-input" and view has effective visibility <VISIBLE>)
03-14 23:00:04.668 13536 13573 I DetoxWSClient: Sending out action 'invokeResult' (ID #18)
03-14 23:00:04.670 13536 13573 I DetoxDispatcher: Done with action 'invoke'
03-14 23:00:04.682 13536 13577 D DetoxWSClient: Received action 'invoke' (ID #19, params={"target":{"type":"Invocation","value":{"target":{"type":"Class","value":"com.wix.detox.uiautomator.UiAutomator"},"method":"uiDevice","args":[]}},"method":"pressBack","args":[]})
03-14 23:00:04.694 13536 13573 I DetoxDispatcher: Handling action 'invoke' (ID #19)...
03-14 23:00:04.694 13536 13573 D Detox   : class com.wix.detox.uiautomator.UiAutomator, uiDevice, []
03-14 23:00:04.704 13536 13536 I AssistStructure: Flattened final assist data: 4040 bytes, containing 1 windows, 30 views
03-14 23:00:05.181 13536 13573 D UiDevice: Pressing back button.
03-14 23:00:05.235 13536 13598 D TrafficStats: tagSocket(135) with statsTag=0xffffffff, statsUid=-1
03-14 23:00:05.239 13536 13606 D TrafficStats: tagSocket(146) with statsTag=0xffffffff, statsUid=-1
03-14 23:00:05.387 13536 13573 I DetoxWSClient: Sending out action 'invokeResult' (ID #19)
03-14 23:00:05.388 13536 13573 I DetoxDispatcher: Done with action 'invoke'
03-14 23:00:05.495 13536 13577 D DetoxWSClient: Received action 'invoke' (ID #20, params={"target":{"type":"Class","value":"com.wix.detox.espresso.EspressoDetox"},"method":"perform","args":[{"type":"Invocation","value":{"target":{"type":"Class","value":"com.wix.detox.espresso.DetoxMatcher"},"method":"matcherForTestId","args":["add-expense-save-button",{"type":"boolean","value":false}]}},{"type":"Invocation","value":{"target":{"type":"Class","value":"com.wix.detox.espresso.DetoxViewActions"},"method":"click","args":[]}}]})
03-14 23:00:05.500 13536 13573 I DetoxDispatcher: Handling action 'invoke' (ID #20)...
03-14 23:00:05.500 13536 13573 D Detox   : class com.wix.detox.espresso.DetoxMatcher, matcherForTestId, [add-expense-save-button, false]
03-14 23:00:05.502 13536 13573 D Detox   : class com.wix.detox.espresso.DetoxViewActions, click, []
03-14 23:00:05.502 13536 13573 D Detox   : class com.wix.detox.espresso.EspressoDetox, perform, [(view.getTag() is "add-expense-save-button" and view has effective visibility <VISIBLE>), com.wix.detox.espresso.action.RNClickAction@fee8a72]
03-14 23:00:05.575 13536 13583 D EGL_emulation: app_time_stats: avg=206.30ms min=40.69ms max=520.91ms count=6
03-14 23:00:06.586 13536 13536 I ImeTracker: com.mcfuzzysquirrel.studentfinance:b6fef116: onRequestHide at ORIGIN_CLIENT reason HIDE_SOFT_INPUT_CLOSE_CURRENT_SESSION fromUser false
03-14 23:00:06.591 13536 13583 D EGL_emulation: app_time_stats: avg=101.36ms min=24.94ms max=319.08ms count=8
03-14 23:00:06.810 13536 13573 I DetoxActionHandlers: Test exception
03-14 23:00:06.810 13536 13573 I DetoxActionHandlers: java.lang.reflect.InvocationTargetException
03-14 23:00:06.810 13536 13573 I DetoxActionHandlers: 	at java.lang.reflect.Method.invoke(Native Method)
03-14 23:00:06.810 13536 13573 I DetoxActionHandlers: 	at org.apache.commons.lang3.reflect.MethodUtils.invokeStaticMethod(MethodUtils.java:443)
03-14 23:00:06.810 13536 13573 I DetoxActionHandlers: 	at org.apache.commons.lang3.reflect.MethodUtils.invokeStaticMethod(MethodUtils.java:405)
03-14 23:00:06.810 13536 13573 I DetoxActionHandlers: 	at com.wix.invoke.types.ClassTarget.execute(ClassTarget.java:23)
03-14 23:00:06.810 13536 13573 I DetoxActionHandlers: 	at com.wix.invoke.types.Target.invoke(Target.java:59)
03-14 23:00:06.810 13536 13573 I DetoxActionHandlers: 	at com.wix.invoke.MethodInvocation.invoke(MethodInvocation.java:35)
03-14 23:00:06.810 13536 13573 I DetoxActionHandlers: 	at com.wix.invoke.MethodInvocation.invoke(MethodInvocation.java:26)
03-14 23:00:06.810 13536 13573 I DetoxActionHandlers: 	at com.wix.invoke.MethodInvocation.invoke(MethodInvocation.java:20)
03-14 23:00:06.810 13536 13573 I DetoxActionHandlers: 	at com.wix.detox.adapters.server.InvokeActionHandler.handle(DetoxActionHandlers.kt:54)
03-14 23:00:06.810 13536 13573 I DetoxActionHandlers: 	at com.wix.detox.adapters.server.ActionsExecutor.executeAction$lambda$2$lambda$1(DetoxActionsDispatcher.kt:76)
03-14 23:00:06.810 13536 13573 I DetoxActionHandlers: 	at com.wix.detox.adapters.server.ActionsExecutor.$r8$lambda$GVbB7LHtBHxNHGbgYnHJ6YrwCqs(Unknown Source:0)
03-14 23:00:06.810 13536 13573 I DetoxActionHandlers: 	at com.wix.detox.adapters.server.ActionsExecutor$$ExternalSyntheticLambda0.run(D8$$SyntheticClass:0)
03-14 23:00:06.810 13536 13573 I DetoxActionHandlers: 	at android.os.Handler.handleCallback(Handler.java:959)
03-14 23:00:06.810 13536 13573 I DetoxActionHandlers: 	at android.os.Handler.dispatchMessage(Handler.java:100)
03-14 23:00:06.810 13536 13573 I DetoxActionHandlers: 	at android.os.Looper.loopOnce(Looper.java:232)
03-14 23:00:06.810 13536 13573 I DetoxActionHandlers: 	at android.os.Looper.loop(Looper.java:317)
03-14 23:00:06.810 13536 13573 I DetoxActionHandlers: 	at com.wix.detox.adapters.server.ActionsExecutor._init_$lambda$0(DetoxActionsDispatcher.kt:62)
03-14 23:00:06.810 13536 13573 I DetoxActionHandlers: 	at com.wix.detox.adapters.server.ActionsExecutor.$r8$lambda$xlgL0CQim6vNM0wWEqM8JIDgZUE(Unknown Source:0)
03-14 23:00:06.810 13536 13573 I DetoxActionHandlers: 	at com.wix.detox.adapters.server.ActionsExecutor$$ExternalSyntheticLambda1.run(D8$$SyntheticClass:0)
03-14 23:00:06.810 13536 13573 I DetoxActionHandlers: 	at java.lang.Thread.run(Thread.java:1012)
03-14 23:00:06.810 13536 1