--------- beginning of main
03-14 21:44:27.640  3471  3471 I .studentfinance: Late-enabling -Xcheck:jni
03-14 21:44:27.685  3471  3471 I .studentfinance: Using CollectorTypeCMC GC.
03-14 21:44:27.686  3471  3471 W .studentfinance: Unexpected CPU variant for x86: x86_64.
03-14 21:44:27.686  3471  3471 W .studentfinance: Known variants: atom, sandybridge, silvermont, goldmont, goldmont-plus, goldmont-without-sha-xsaves, tremont, kabylake, default
03-14 21:44:27.693  3471  3471 D nativeloader: Load libframework-connectivity-tiramisu-jni.so using APEX ns com_android_tethering for caller /apex/com.android.tethering/javalib/framework-connectivity-t.jar: ok
--------- beginning of system
03-14 21:44:27.896  3471  3471 W ActivityThread: Package uses different ABI(s) than its instrumentation: package[com.mcfuzzysquirrel.studentfinance]: x86_64, null instrumentation[com.mcfuzzysquirrel.studentfinance.test]: null, null
03-14 21:44:27.937  3471  3471 W .studentfinance: ClassLoaderContext shared library size mismatch. Expected=2, found=0 (PCL[]{PCL[/system/framework/android.test.base.jar*724373495]#PCL[/system/framework/android.test.mock.jar*1452759902]} | PCL[])
03-14 21:44:27.942  3471  3471 W .studentfinance: ClassLoaderContext classpath size mismatch. expected=0, found=1 (PCL[] | PCL[/system/framework/android.test.runner.jar*2496447986])
03-14 21:44:27.947  3471  3471 W .studentfinance: ClassLoaderContext classpath size mismatch. expected=0, found=2 (PCL[] | PCL[/system/framework/android.test.runner.jar*2496447986:/system/framework/android.test.mock.jar*1452759902])
03-14 21:44:27.950  3471  3471 W ziparchive: Unable to open '/data/app/~~89-vyyCsM9MFc0NjuP7F2Q==/com.mcfuzzysquirrel.studentfinance.test-REnWKx2J9hOGXBzOfViOjA==/base.dm': No such file or directory
03-14 21:44:27.950  3471  3471 W ziparchive: Unable to open '/data/app/~~89-vyyCsM9MFc0NjuP7F2Q==/com.mcfuzzysquirrel.studentfinance.test-REnWKx2J9hOGXBzOfViOjA==/base.dm': No such file or directory
03-14 21:44:28.054  3471  3471 W ziparchive: Unable to open '/data/app/~~cPVTPpYt1PYQE4CXdLhUGQ==/com.mcfuzzysquirrel.studentfinance-I3NH1iEL-53_EnM4byEw_w==/base.dm': No such file or directory
03-14 21:44:28.055  3471  3471 W ziparchive: Unable to open '/data/app/~~cPVTPpYt1PYQE4CXdLhUGQ==/com.mcfuzzysquirrel.studentfinance-I3NH1iEL-53_EnM4byEw_w==/base.dm': No such file or directory
03-14 21:44:28.442  3471  3471 D nativeloader: Configuring clns-7 for other apk /system/framework/android.test.runner.jar:/system/framework/android.test.mock.jar:/system/framework/android.test.base.jar:/data/app/~~89-vyyCsM9MFc0NjuP7F2Q==/com.mcfuzzysquirrel.studentfinance.test-REnWKx2J9hOGXBzOfViOjA==/base.apk:/data/app/~~cPVTPpYt1PYQE4CXdLhUGQ==/com.mcfuzzysquirrel.studentfinance-I3NH1iEL-53_EnM4byEw_w==/base.apk. target_sdk_version=36, uses_libraries=, library_path=/data/app/~~89-vyyCsM9MFc0NjuP7F2Q==/com.mcfuzzysquirrel.studentfinance.test-REnWKx2J9hOGXBzOfViOjA==/lib/x86_64:/data/app/~~cPVTPpYt1PYQE4CXdLhUGQ==/com.mcfuzzysquirrel.studentfinance-I3NH1iEL-53_EnM4byEw_w==/lib/x86_64:/data/app/~~89-vyyCsM9MFc0NjuP7F2Q==/com.mcfuzzysquirrel.studentfinance.test-REnWKx2J9hOGXBzOfViOjA==/base.apk!/lib/x86_64:/data/app/~~cPVTPpYt1PYQE4CXdLhUGQ==/com.mcfuzzysquirrel.studentfinance-I3NH1iEL-53_EnM4byEw_w==/base.apk!/lib/x86_64, permitted_path=/data:/mnt/expand:/data/user/0/com.mcfuzzysquirrel.studentfinance
03-14 21:44:28.543  3471  3471 V GraphicsEnvironment: Currently set values for:
03-14 21:44:28.543  3471  3471 V GraphicsEnvironment:   angle_gl_driver_selection_pkgs=[]
03-14 21:44:28.543  3471  3471 V GraphicsEnvironment:   angle_gl_driver_selection_values=[]
03-14 21:44:28.543  3471  3471 V GraphicsEnvironment: Global.Settings values are invalid: number of packages: 0, number of values: 0
03-14 21:44:28.543  3471  3471 V GraphicsEnvironment: Neither updatable production driver nor prerelease driver is supported.
03-14 21:44:28.578  3471  3471 D ApplicationLoaders: Returning zygote-cached class loader: /system/framework/android.test.base.jar
03-14 21:44:28.580  3471  3471 D nativeloader: Configuring clns-8 for other apk /system/framework/android.test.mock.jar. target_sdk_version=36, uses_libraries=ALL, library_path=/data/app/~~89-vyyCsM9MFc0NjuP7F2Q==/com.mcfuzzysquirrel.studentfinance.test-REnWKx2J9hOGXBzOfViOjA==/lib/x86_64:/data/app/~~cPVTPpYt1PYQE4CXdLhUGQ==/com.mcfuzzysquirrel.studentfinance-I3NH1iEL-53_EnM4byEw_w==/lib/x86_64, permitted_path=/data:/mnt/expand
03-14 21:44:28.581  3471  3471 D ApplicationLoaders: Returning zygote-cached class loader: /system/framework/android.test.base.jar
03-14 21:44:28.592  3471  3471 D nativeloader: Configuring clns-9 for other apk /system/framework/android.test.runner.jar. target_sdk_version=36, uses_libraries=ALL, library_path=/data/app/~~89-vyyCsM9MFc0NjuP7F2Q==/com.mcfuzzysquirrel.studentfinance.test-REnWKx2J9hOGXBzOfViOjA==/lib/x86_64:/data/app/~~cPVTPpYt1PYQE4CXdLhUGQ==/com.mcfuzzysquirrel.studentfinance-I3NH1iEL-53_EnM4byEw_w==/lib/x86_64, permitted_path=/data:/mnt/expand
03-14 21:44:28.613  3471  3471 W .studentfinance: ClassLoaderContext shared library size mismatch. Expected=2, found=3 (PCL[]{PCL[/system/framework/android.test.base.jar*724373495]#PCL[/system/framework/android.test.mock.jar*1452759902]} | PCL[]{PCL[/system/framework/android.test.base.jar*724373495]#PCL[/system/framework/android.test.mock.jar*1452759902]#PCL[/system/framework/android.test.runner.jar*2496447986]{PCL[/system/framework/android.test.base.jar*724373495]#PCL[/system/framework/android.test.mock.jar*1452759902]}};PCL[/system/framework/android.test.runner.jar*2496447986:/system/framework/android.test.mock.jar*1452759902:/system/framework/android.test.base.jar*724373495:/data/app/~~89-vyyCsM9MFc0NjuP7F2Q==/com.mcfuzzysquirrel.studentfinance.test-REnWKx2J9hOGXBzOfViOjA==/base.apk*3224200876:/data/app/~~cPVTPpYt1PYQE4CXdLhUGQ==/com.mcfuzzysquirrel.studentfinance-I3NH1iEL-53_EnM4byEw_w==/base.apk*707418998])
03-14 21:44:28.617  3471  3471 W .studentfinance: ClassLoaderContext classpath size mismatch. expected=0, found=1 (PCL[] | PCL[/system/framework/android.test.runner.jar*2496447986]{PCL[/system/framework/android.test.base.jar*724373495]#PCL[/system/framework/android.test.mock.jar*1452759902]#PCL[/system/framework/android.test.runner.jar*2496447986]{PCL[/system/framework/android.test.base.jar*724373495]#PCL[/system/framework/android.test.mock.jar*1452759902]}};PCL[/system/framework/android.test.runner.jar*2496447986:/system/framework/android.test.mock.jar*1452759902:/system/framework/android.test.base.jar*724373495:/data/app/~~89-vyyCsM9MFc0NjuP7F2Q==/com.mcfuzzysquirrel.studentfinance.test-REnWKx2J9hOGXBzOfViOjA==/base.apk*3224200876:/data/app/~~cPVTPpYt1PYQE4CXdLhUGQ==/com.mcfuzzysquirrel.studentfinance-I3NH1iEL-53_EnM4byEw_w==/base.apk*707418998])
03-14 21:44:28.632  3471  3471 W .studentfinance: ClassLoaderContext classpath size mismatch. expected=0, found=2 (PCL[] | PCL[/system/framework/android.test.runner.jar*2496447986:/system/framework/android.test.mock.jar*1452759902]{PCL[/system/framework/android.test.base.jar*724373495]#PCL[/system/framework/android.test.mock.jar*1452759902]#PCL[/system/framework/android.test.runner.jar*2496447986]{PCL[/system/framework/android.test.base.jar*724373495]#PCL[/system/framework/android.test.mock.jar*1452759902]}};PCL[/system/framework/android.test.runner.jar*2496447986:/system/framework/android.test.mock.jar*1452759902:/system/framework/android.test.base.jar*724373495:/data/app/~~89-vyyCsM9MFc0NjuP7F2Q==/com.mcfuzzysquirrel.studentfinance.test-REnWKx2J9hOGXBzOfViOjA==/base.apk*3224200876:/data/app/~~cPVTPpYt1PYQE4CXdLhUGQ==/com.mcfuzzysquirrel.studentfinance-I3NH1iEL-53_EnM4byEw_w==/base.apk*707418998])
03-14 21:44:28.644  3471  3471 W ziparchive: Unable to open '/data/app/~~89-vyyCsM9MFc0NjuP7F2Q==/com.mcfuzzysquirrel.studentfinance.test-REnWKx2J9hOGXBzOfViOjA==/base.dm': No such file or directory
03-14 21:44:28.644  3471  3471 W ziparchive: Unable to open '/data/app/~~89-vyyCsM9MFc0NjuP7F2Q==/com.mcfuzzysquirrel.studentfinance.test-REnWKx2J9hOGXBzOfViOjA==/base.dm': No such file or directory
03-14 21:44:29.021  3471  3471 W ziparchive: Unable to open '/data/app/~~cPVTPpYt1PYQE4CXdLhUGQ==/com.mcfuzzysquirrel.studentfinance-I3NH1iEL-53_EnM4byEw_w==/base.dm': No such file or directory
03-14 21:44:29.021  3471  3471 W ziparchive: Unable to open '/data/app/~~cPVTPpYt1PYQE4CXdLhUGQ==/com.mcfuzzysquirrel.studentfinance-I3NH1iEL-53_EnM4byEw_w==/base.dm': No such file or directory
03-14 21:44:29.647  3471  3471 I AndroidJUnitRunner: newApplication com.mcfuzzysquirrel.studentfinance.MainApplication
03-14 21:44:29.724  3471  3471 I AndroidJUnitRunner: onCreate Bundle[mParcelledData.dataSize=240]
03-14 21:44:29.740  3471  3471 D AndroidJUnitRunner: Use the raw file system for managing file I/O.
03-14 21:44:29.873  3471  3471 V TestEventClient: No service name argument was given (testDiscoveryService, testRunEventService or orchestratorService)
03-14 21:44:29.875  3471  3616 D AndroidJUnitRunner: onStart is called.
03-14 21:44:29.919  3471  3471 W SoLoader: Initializing SoLoader: 0
03-14 21:44:29.921  3471  3471 W SoLoader: Recording new base apk path: /data/app/~~cPVTPpYt1PYQE4CXdLhUGQ==/com.mcfuzzysquirrel.studentfinance-I3NH1iEL-53_EnM4byEw_w==/base.apk
03-14 21:44:29.921  3471  3471 W SoLoader: Previously recorded 0 base apk paths.
03-14 21:44:29.924  3471  3471 I SoLoader: Preparing SO source: DirectorySoSource[root = /vendor/lib64 flags = 2]
03-14 21:44:29.924  3471  3471 I SoLoader: Preparing SO source: DirectorySoSource[root = /system/lib64 flags = 2]
03-14 21:44:29.924  3471  3471 I SoLoader: Preparing SO source: DirectApkSoSource[root = [/data/app/~~cPVTPpYt1PYQE4CXdLhUGQ==/com.mcfuzzysquirrel.studentfinance-I3NH1iEL-53_EnM4byEw_w==/base.apk!/lib/x86_64]]
03-14 21:44:29.944  3471  3471 I SoLoader: Preparing SO source: ApplicationSoSource[DirectorySoSource[root = /data/app/~~cPVTPpYt1PYQE4CXdLhUGQ==/com.mcfuzzysquirrel.studentfinance-I3NH1iEL-53_EnM4byEw_w==/lib/x86_64 flags = 0]]
03-14 21:44:29.944  3471  3471 I SoLoader: init finish: 4 SO sources prepared
03-14 21:44:29.944  3471  3471 W SoLoader: SoLoader initialized: 8
03-14 21:44:29.977  3471  3471 D nativeloader: Load /data/app/~~cPVTPpYt1PYQE4CXdLhUGQ==/com.mcfuzzysquirrel.studentfinance-I3NH1iEL-53_EnM4byEw_w==/base.apk!/lib/x86_64/libc++_shared.so using ns clns-7 from class loader (caller=/data/app/~~cPVTPpYt1PYQE4CXdLhUGQ==/com.mcfuzzysquirrel.studentfinance-I3NH1iEL-53_EnM4byEw_w==/base.apk): ok
03-14 21:44:29.995  3471  3471 D nativeloader: Load /data/app/~~cPVTPpYt1PYQE4CXdLhUGQ==/com.mcfuzzysquirrel.studentfinance-I3NH1iEL-53_EnM4byEw_w==/base.apk!/lib/x86_64/libjsi.so using ns clns-7 from class loader (caller=/data/app/~~cPVTPpYt1PYQE4CXdLhUGQ==/com.mcfuzzysquirrel.studentfinance-I3NH1iEL-53_EnM4byEw_w==/base.apk): ok
03-14 21:44:30.009  3471  3471 D nativeloader: Load /data/app/~~cPVTPpYt1PYQE4CXdLhUGQ==/com.mcfuzzysquirrel.studentfinance-I3NH1iEL-53_EnM4byEw_w==/base.apk!/lib/x86_64/libfbjni.so using ns clns-7 from class loader (caller=/data/app/~~cPVTPpYt1PYQE4CXdLhUGQ==/com.mcfuzzysquirrel.studentfinance-I3NH1iEL-53_EnM4byEw_w==/base.apk): ok
03-14 21:44:30.017  3471  3471 D nativeloader: Load /data/app/~~cPVTPpYt1PYQE4CXdLhUGQ==/com.mcfuzzysquirrel.studentfinance-I3NH1iEL-53_EnM4byEw_w==/base.apk!/lib/x86_64/libreactnative.so using ns clns-7 from class loader (caller=/data/app/~~cPVTPpYt1PYQE4CXdLhUGQ==/com.mcfuzzysquirrel.studentfinance-I3NH1iEL-53_EnM4byEw_w==/base.apk): ok
03-14 21:44:30.017  3471  3471 D jni_lib_merge: Entering merged library JNI_OnLoad.
03-14 21:44:30.017  3471  3471 D jni_lib_merge: Preparing 12 pre-merged libs (including stub)
03-14 21:44:30.017  3471  3471 D jni_lib_merge: Preparing to register libfabricjni_so.  onload_func: 0x78e5cf52d730
03-14 21:44:30.017  3471  3471 D jni_lib_merge: Preparing to register libreact_devsupportjni_so.  onload_func: 0x78e5cf72a190
03-14 21:44:30.017  3471  3471 D jni_lib_merge: Preparing to register libreact_featureflagsjni_so.  onload_func: 0x78e5cf73b910
03-14 21:44:30.017  3471  3471 D jni_lib_merge: Preparing to register libreact_newarchdefaults_so.  onload_func: 0x78e5cf7dcd20
03-14 21:44:30.017  3471  3471 D jni_lib_merge: Preparing to register libreactnativeblob_so.  onload_func: 0x78e5cf9e72e0
03-14 21:44:30.017  3471  3471 D jni_lib_merge: Preparing to register libreactnativejni_so.  onload_func: 0x78e5cfa27770
03-14 21:44:30.017  3471  3471 D jni_lib_merge: Preparing to register libreactnativejni_common_so.  onload_func: 0x78e5cfa375d0
03-14 21:44:30.017  3471  3471 D jni_lib_merge: Preparing to register librninstance_so.  onload_func: 0x78e5cfa744c0
03-14 21:44:30.017  3471  3471 D jni_lib_merge: Preparing to register libturbomodulejsijni_so.  onload_func: 0x78e5cfbd5c00
03-14 21:44:30.017  3471  3471 D jni_lib_merge: Preparing to register libuimanagerjni_so.  onload_func: 0x78e5cfbedde0
03-14 21:44:30.017  3471  3471 D jni_lib_merge: Preparing to register libyoga_so.  onload_func: 0x78e5cfbfcd70
03-14 21:44:30.017  3471  3471 D jni_lib_merge: About to register 11 actual methods.
03-14 21:44:30.053  3471  3471 D nativeloader: Load /data/app/~~cPVTPpYt1PYQE4CXdLhUGQ==/com.mcfuzzysquirrel.studentfinance-I3NH1iEL-53_EnM4byEw_w==/base.apk!/lib/x86_64/libreact_codegen_rnscreens.so using ns clns-7 from class loader (caller=/data/app/~~cPVTPpYt1PYQE4CXdLhUGQ==/com.mcfuzzysquirrel.studentfinance-I3NH1iEL-53_EnM4byEw_w==/base.apk): ok
03-14 21:44:30.054  3471  3471 D jni_lib_merge: Entering merged library JNI_OnLoad.
03-14 21:44:30.054  3471  3471 D jni_lib_merge: Preparing 12 pre-merged libs (including stub)
03-14 21:44:30.054  3471  3471 D jni_lib_merge: Preparing to register libfabricjni_so.  onload_func: 0x78e5cf52d730
03-14 21:44:30.054  3471  3471 D jni_lib_merge: Preparing to register libreact_devsupportjni_so.  onload_func: 0x78e5cf72a190
03-14 21:44:30.054  3471  3471 D jni_lib_merge: Preparing to register libreact_featureflagsjni_so.  onload_func: 0x78e5cf73b910
03-14 21:44:30.054  3471  3471 D jni_lib_merge: Preparing to register libreact_newarchdefaults_so.  onload_func: 0x78e5cf7dcd20
03-14 21:44:30.054  3471  3471 D jni_lib_merge: Preparing to register libreactnativeblob_so.  onload_func: 0x78e5cf9e72e0
03-14 21:44:30.054  3471  3471 D jni_lib_merge: Preparing to register libreactnativejni_so.  onload_func: 0x78e5cfa27770
03-14 21:44:30.054  3471  3471 D jni_lib_merge: Preparing to register libreactnativejni_common_so.  onload_func: 0x78e5cfa375d0
03-14 21:44:30.054  3471  3471 D jni_lib_merge: Preparing to register librninstance_so.  onload_func: 0x78e5cfa744c0
03-14 21:44:30.054  3471  3471 D jni_lib_merge: Preparing to register libturbomodulejsijni_so.  onload_func: 0x78e5cfbd5c00
03-14 21:44:30.054  3471  3471 D jni_lib_merge: Preparing to register libuimanagerjni_so.  onload_func: 0x78e5cfbedde0
03-14 21:44:30.054  3471  3471 D jni_lib_merge: Preparing to register libyoga_so.  onload_func: 0x78e5cfbfcd70
03-14 21:44:30.054  3471  3471 D jni_lib_merge: About to register 11 actual methods.
03-14 21:44:30.066  3471  3471 D nativeloader: Load /data/app/~~cPVTPpYt1PYQE4CXdLhUGQ==/com.mcfuzzysquirrel.studentfinance-I3NH1iEL-53_EnM4byEw_w==/base.apk!/lib/x86_64/libreact_codegen_rnsvg.so using ns clns-7 from class loader (caller=/data/app/~~cPVTPpYt1PYQE4CXdLhUGQ==/com.mcfuzzysquirrel.studentfinance-I3NH1iEL-53_EnM4byEw_w==/base.apk): ok
03-14 21:44:30.066  3471  3471 D jni_lib_merge: Entering merged library JNI_OnLoad.
03-14 21:44:30.066  3471  3471 D jni_lib_merge: Preparing 12 pre-merged libs (including stub)
03-14 21:44:30.066  3471  3471 D jni_lib_merge: Preparing to register libfabricjni_so.  onload_func: 0x78e5cf52d730
03-14 21:44:30.066  3471  3471 D jni_lib_merge: Preparing to register libreact_devsupportjni_so.  onload_func: 0x78e5cf72a190
03-14 21:44:30.066  3471  3471 D jni_lib_merge: Preparing to register libreact_featureflagsjni_so.  onload_func: 0x78e5cf73b910
03-14 21:44:30.066  3471  3471 D jni_lib_merge: Preparing to register libreact_newarchdefaults_so.  onload_func: 0x78e5cf7dcd20
03-14 21:44:30.066  3471  3471 D jni_lib_merge: Preparing to register libreactnativeblob_so.  onload_func: 0x78e5cf9e72e0
03-14 21:44:30.066  3471  3471 D jni_lib_merge: Preparing to register libreactnativejni_so.  onload_func: 0x78e5cfa27770
03-14 21:44:30.066  3471  3471 D jni_lib_merge: Preparing to register libreactnativejni_common_so.  onload_func: 0x78e5cfa375d0
03-14 21:44:30.066  3471  3471 D jni_lib_merge: Preparing to register librninstance_so.  onload_func: 0x78e5cfa744c0
03-14 21:44:30.066  3471  3471 D jni_lib_merge: Preparing to register libturbomodulejsijni_so.  onload_func: 0x78e5cfbd5c00
03-14 21:44:30.066  3471  3471 D jni_lib_merge: Preparing to register libuimanagerjni_so.  onload_func: 0x78e5cfbedde0
03-14 21:44:30.066  3471  3471 D jni_lib_merge: Preparing to register libyoga_so.  onload_func: 0x78e5cfbfcd70
03-14 21:44:30.066  3471  3471 D jni_lib_merge: About to register 11 actual methods.
03-14 21:44:30.078  3471  3471 D nativeloader: Load /data/app/~~cPVTPpYt1PYQE4CXdLhUGQ==/com.mcfuzzysquirrel.studentfinance-I3NH1iEL-53_EnM4byEw_w==/base.apk!/lib/x86_64/libreact_codegen_safeareacontext.so using ns clns-7 from class loader (caller=/data/app/~~cPVTPpYt1PYQE4CXdLhUGQ==/com.mcfuzzysquirrel.studentfinance-I3NH1iEL-53_EnM4byEw_w==/base.apk): ok
03-14 21:44:30.083  3471  3471 D nativeloader: Load /data/app/~~cPVTPpYt1PYQE4CXdLhUGQ==/com.mcfuzzysquirrel.studentfinance-I3NH1iEL-53_EnM4byEw_w==/base.apk!/lib/x86_64/libappmodules.so using ns clns-7 from class loader (caller=/data/app/~~cPVTPpYt1PYQE4CXdLhUGQ==/com.mcfuzzysquirrel.studentfinance-I3NH1iEL-53_EnM4byEw_w==/base.apk): ok
03-14 21:44:30.293  3471  3471 I Choreographer: Skipped 35 frames!  The application may be doing too much work on its main thread.
03-14 21:44:30.320  3471  3616 I InstrConnection: Could not send broadcast or register receiver (isolatedProcess?)
03-14 21:44:30.332  3471  3616 D TestRequestBuilder: Using class path scanning to discover tests
03-14 21:44:30.335  3471  3616 I TestRequestBuilder: Scanning classpath to find tests in paths [/data/app/~~89-vyyCsM9MFc0NjuP7F2Q==/com.mcfuzzysquirrel.studentfinance.test-REnWKx2J9hOGXBzOfViOjA==/base.apk]
03-14 21:44:30.337  3471  3616 W .studentfinance: Opening an oat file without a class loader. Are you using the deprecated DexFile APIs?
03-14 21:44:31.157  3471  3616 I TestRunner: run started: 1 tests
03-14 21:44:31.159  3471  3616 I TestRunner: started: runDetoxTests(com.mcfuzzysquirrel.studentfinance.DetoxTest)
03-14 21:44:31.171  3471  3616 I Detox   : Detox server connection details: url=ws://localhost:38657, sessionId=64224a92-0cd8-bbea-72d7-e6187209e397
03-14 21:44:31.184  3471  3616 I Tracing : Tracer added: class androidx.test.platform.tracing.AndroidXTracer
03-14 21:44:31.219  3471  3616 W .studentfinance: Accessing hidden field Ljava/lang/reflect/Field;->accessFlags:I (unsupported, reflection, allowed)
03-14 21:44:31.221  3471  3616 I Detox   : Connecting to server...
03-14 21:44:31.222  3471  3616 I DetoxWSClient: At connectToServer
03-14 21:44:31.321  3471  3635 D TrafficStats: tagSocket(102) with statsTag=0xffffffff, statsUid=-1
03-14 21:44:31.343  3471  3635 D DetoxWSClient: At onOpen
03-14 21:44:31.343  3471  3635 I DetoxWSClient: Sending out action 'login' (ID #0)
03-14 21:44:31.348  3471  3635 I Detox   : Connected to server!
03-14 21:44:31.352  3471  3635 D DetoxWSClient: Received action 'loginSuccess' (ID #0, params={"testerConnected":true,"appConnected":true})
03-14 21:44:31.352  3471  3631 I DetoxDispatcher: Handling action 'loginSuccess' (ID #0)...
03-14 21:44:31.352  3471  3631 I DetoxDispatcher: Done with action 'loginSuccess'
03-14 21:44:31.353  3471  3616 I Detox   : Launching the tested activity!
03-14 21:44:31.397  3471  3635 D DetoxWSClient: Received action 'isReady' (ID #-1000, params={})
03-14 21:44:31.397  3471  3631 I DetoxDispatcher: Handling action 'isReady' (ID #-1000)...
03-14 21:44:31.879  3471  3471 D AppCompatDelegate: Checking for metadata for AppLocalesMetadataHolderService : Service not found
03-14 21:44:31.973  3471  3471 D LifecycleMonitor: Lifecycle status change: com.mcfuzzysquirrel.studentfinance.MainActivity@980b126 in: PRE_ON_CREATE
03-14 21:44:32.403  3471  3471 W unknown:BridgelessReact: ReactHost{0}.startSurface(surfaceId = 0): Schedule
03-14 21:44:32.403  3471  3471 W unknown:BridgelessReact: ReactHost{0}.attachSurface(surfaceId = 0)
03-14 21:44:32.411  3471  3711 W unknown:BridgelessReact: ReactHost{0}.getOrCreateReactInstanceTask()
03-14 21:44:32.411  3471  3711 W unknown:BridgelessReact: ReactHost{0}.getOrCreateReactInstanceTask(): Start
03-14 21:44:32.411  3471  3711 D Detox.RNMarker: REACT_BRIDGELESS_LOADING_START (null)
03-14 21:44:32.411  3471  3711 W unknown:BridgelessReact: ReactHost{0}.getJSBundleLoader()
03-14 21:44:32.411  3471  3711 W unknown:BridgelessReact: ReactHost{0}.isMetroRunning()
03-14 21:44:32.422  3471  3713 D TrafficStats: tagSocket(109) with statsTag=0xffffffff, statsUid=-1
03-14 21:44:32.423  3471  3712 D TrafficStats: tagSocket(112) with statsTag=0xffffffff, statsUid=-1
03-14 21:44:32.429  3471  3712 W unknown:ReactNative: The packager does not seem to be running as we got an IOException requesting its status: Failed to connect to /10.0.2.2:8081
03-14 21:44:32.429  3471  3712 W unknown:BridgelessReact: ReactHost{0}.isMetroRunning(): Async result = false
03-14 21:44:32.430  3471  3713 W unknown:ReconnectingWebSocket: Couldn't connect to "ws://10.0.2.2:8081/message?device=sdk_gphone64_x86_64%20-%2015%20-%20API%2035&app=com.mcfuzzysquirrel.studentfinance&clientid=BridgelessDevSupportManager", will silently retry
03-14 21:44:32.439  3471  3711 W unknown:BridgelessReact: ReactHost{0}.getOrCreateReactInstanceTask(): Creating BridgelessReactContext
03-14 21:44:32.440  3471  3711 W unknown:BridgelessReact: ReactHost{0}.getOrCreateReactInstanceTask(): Creating ReactInstance
03-14 21:44:32.496  3471  3471 W .studentfinance: Accessing hidden method Landroid/view/ViewGroup;->makeOptionalFitsSystemWindows()V (unsupported, reflection, allowed)
03-14 21:44:32.501  3471  3471 D LifecycleMonitor: Lifecycle status change: com.mcfuzzysquirrel.studentfinance.MainActivity@980b126 in: CREATED
03-14 21:44:32.502  3471  3471 D LifecycleMonitor: Lifecycle status change: com.mcfuzzysquirrel.studentfinance.MainActivity@980b126 in: STARTED
03-14 21:44:32.505  3471  3471 W unknown:BridgelessReact: ReactHost{0}.onHostResume(activity)
03-14 21:44:32.505  3471  3471 W unknown:ReactNative: Packager connection already open, nooping.
03-14 21:44:32.505  3471  3471 W unknown:BridgelessReact: ReactHost{0}.ReactContext.onHostResume()
03-14 21:44:32.505  3471  3471 D LifecycleMonitor: Lifecycle status change: com.mcfuzzysquirrel.studentfinance.MainActivity@980b126 in: RESUMED
03-14 21:44:32.535  3471  3471 W HWUI    : Unknown dataspace 0
03-14 21:44:32.649  3471  3741 D TrafficStats: tagSocket(118) with statsTag=0xffffffff, statsUid=-1
03-14 21:44:32.673  3471  3655 I EGL_emulation: Opening libGLESv1_CM_emulation.so
03-14 21:44:32.674  3471  3655 I EGL_emulation: Opening libGLESv2_emulation.so
03-14 21:44:32.691  3471  3711 D nativeloader: Load /data/app/~~cPVTPpYt1PYQE4CXdLhUGQ==/com.mcfuzzysquirrel.studentfinance-I3NH1iEL-53_EnM4byEw_w==/base.apk!/lib/x86_64/libhermesvm.so using ns clns-7 from class loader (caller=/data/app/~~cPVTPpYt1PYQE4CXdLhUGQ==/com.mcfuzzysquirrel.studentfinance-I3NH1iEL-53_EnM4byEw_w==/base.apk): ok
03-14 21:44:32.697  3471  3655 W HWUI    : Failed to initialize 101010-2 format, error = EGL_SUCCESS
03-14 21:44:32.698  3471  3711 D nativeloader: Load /data/app/~~cPVTPpYt1PYQE4CXdLhUGQ==/com.mcfuzzysquirrel.studentfinance-I3NH1iEL-53_EnM4byEw_w==/base.apk!/lib/x86_64/libhermestooling.so using ns clns-7 from class loader (caller=/data/app/~~cPVTPpYt1PYQE4CXdLhUGQ==/com.mcfuzzysquirrel.studentfinance-I3NH1iEL-53_EnM4byEw_w==/base.apk): ok
03-14 21:44:32.698  3471  3711 D jni_lib_merge: Entering merged library JNI_OnLoad.
03-14 21:44:32.698  3471  3711 D jni_lib_merge: Preparing 4 pre-merged libs (including stub)
03-14 21:44:32.698  3471  3711 D jni_lib_merge: Preparing to register libhermes_executor_so.  onload_func: 0x78e5c1bb6050
03-14 21:44:32.698  3471  3711 D jni_lib_merge: Preparing to register libhermesinstancejni_so.  onload_func: 0x78e5c1bec680
03-14 21:44:32.698  3471  3711 D jni_lib_merge: Preparing to register libjsijniprofiler_so.  onload_func: 0x78e5c1bee3f0
03-14 21:44:32.698  3471  3711 D jni_lib_merge: About to register 3 actual methods.
03-14 21:44:32.738  3471  3655 I Gralloc4: mapper 4.x is not supported
03-14 21:44:33.460  3471  3711 I ExpoModulesCore: ✅ AppContext was initialized
03-14 21:44:33.575  3471  3477 I .studentfinance: Compiler allocated 5174KB to compile void android.view.ViewRootImpl.performTraversals()
03-14 21:44:33.595  3471  3711 W unknown:BridgelessReact: ReactHost{0}.getOrCreateReactInstanceTask(): Loading JS Bundle
03-14 21:44:33.651  3471  3471 W unknown:BridgelessReact: ReactHost{0}.handleHostException(message = "Unable to load script.
03-14 21:44:33.651  3471  3471 W unknown:BridgelessReact: 
03-14 21:44:33.651  3471  3471 W unknown:BridgelessReact: Make sure you're running Metro or that your bundle 'index.android.bundle' is packaged correctly for release.
03-14 21:44:33.651  3471  3471 W unknown:BridgelessReact: 
03-14 21:44:33.651  3471  3471 W unknown:BridgelessReact: The device must either be USB connected (with bundler set to "localhost:8081") or be on the same Wi-Fi network as your computer (with bundler set to your computer IP) to connect to Metro.
03-14 21:44:33.651  3471  3471 W unknown:BridgelessReact: 
03-14 21:44:33.651  3471  3471 W unknown:BridgelessReact: If you're using USB on a physical device, make sure you also run this command:
03-14 21:44:33.651  3471  3471 W unknown:BridgelessReact:   adb reverse tcp:8081 tcp:8081")
03-14 21:44:33.652  3471  3471 E unknown:ReactNative: Exception in native call
03-14 21:44:33.652  3471  3471 E unknown:ReactNative: java.lang.RuntimeException: Unable to load script.
03-14 21:44:33.652  3471  3471 E unknown:ReactNative: 
03-14 21:44:33.652  3471  3471 E unknown:ReactNative: Make sure you're running Metro or that your bundle 'index.android.bundle' is packaged correctly for release.
03-14 21:44:33.652  3471  3471 E unknown:ReactNative: 
03-14 21:44:33.652  3471  3471 E unknown:ReactNative: The device must either be USB connected (with bundler set to "localhost:8081") or be on the same Wi-Fi network as your computer (with bundler set to your computer IP) to connect to Metro.
03-14 21:44:33.652  3471  3471 E unknown:ReactNative: 
03-14 21:44:33.652  3471  3471 E unknown:ReactNative: If you're using USB on a physical device, make sure you also run this command:
03-14 21:44:33.652  3471  3471 E unknown:ReactNative:   adb reverse tcp:8081 tcp:8081
03-14 21:44:33.652  3471  3471 E unknown:ReactNative: 	at com.facebook.react.runtime.ReactInstance.loadJSBundleFromAssets(Native Method)
03-14 21:44:33.652  3471  3471 E unknown:ReactNative: 	at com.facebook.react.runtime.ReactInstance.access$loadJSBundleFromAssets(ReactInstance.kt:84)
03-14 21:44:33.652  3471  3471 E unknown:ReactNative: 	at com.facebook.react.runtime.ReactInstance$loadJSBundle$1.loadScriptFromAssets(ReactInstance.kt:324)
03-14 21:44:33.652  3471  3471 E unknown:ReactNative: 	at com.facebook.react.bridge.JSBundleLoader$Companion$createAssetLoader$1.loadScript(JSBundleLoader.kt:33)
03-14 21:44:33.652  3471  3471 E unknown:ReactNative: 	at com.facebook.react.runtime.ReactInstance.loadJSBundle(ReactInstance.kt:303)
03-14 21:44:33.652  3471  3471 E unknown:ReactNative: 	at com.facebook.react.runtime.ReactHostImpl.getOrCreateReactInstanceTask$lambda$44$lambda$40(ReactHostImpl.kt:1015)
03-14 21:44:33.652  3471  3471 E unknown:ReactNative: 	at com.facebook.react.runtime.ReactHostImpl.$r8$lambda$kGNcmxBxZbp8b1wWTaqIXDdkV8g(Unknown Source:0)
03-14 21:44:33.652  3471  3471 E unknown:ReactNative: 	at com.facebook.react.runtime.ReactHostImpl$$ExternalSyntheticLambda24.then(D8$$SyntheticClass:0)
03-14 21:44:33.652  3471  3471 E unknown:ReactNative: 	at com.facebook.react.runtime.internal.bolts.Task$Companion.completeImmediately$lambda$3(Task.kt:360)
03-14 21:44:33.652  3471  3471 E unknown:ReactNative: 	at com.facebook.react.runtime.internal.bolts.Task$Companion.$r8$lambda$b7MTC0ufkn_2TjF4BGcNqGR9qK0(Unknown Source:0)
03-14 21:44:33.652  3471  3471 E unknown:ReactNative: 	at com.facebook.react.runtime.internal.bolts.Task$Companion$$ExternalSyntheticLambda3.run(D8$$SyntheticClass:0)
03-14 21:44:33.652  3471  3471 E unknown:ReactNative: 	at com.facebook.react.runtime.internal.bolts.Executors$ImmediateExecutor.execute(Executors.kt:41)
03-14 21:44:33.652  3471  3471 E unknown:ReactNative: 	at com.facebook.react.runtime.internal.bolts.Task$Companion.completeImmediately(Task.kt:358)
03-14 21:44:33.652  3471  3471 E unknown:ReactNative: 	at com.facebook.react.runtime.internal.bolts.Task$Companion.access$completeImmediately(Task.kt:254)
03-14 21:44:33.652  3471  3471 E unknown:ReactNative: 	at com.facebook.react.runtime.internal.bolts.Task.continueWith(Task.kt:133)
03-14 21:44:33.652  3471  3471 E unknown:ReactNative: 	at com.facebook.react.runtime.internal.bolts.Task.continueWith$default(Task.kt:117)
03-14 21:44:33.652  3471  3471 E unknown:ReactNative: 	at com.facebook.react.runtime.internal.bolts.Task.onSuccess$lambda$12(Task.kt:176)
03-14 21:44:33.652  3471  3471 E unknown:ReactNative: 	at com.facebook.react.runtime.internal.bolts.Task.$r8$lambda$l0wwo5AvbHxlwfI1R7CH_codxoo(Unknown Source:0)
03-14 21:44:33.652  3471  3471 E unknown:ReactNative: 	at com.facebook.react.runtime.internal.bolts.Task$$ExternalSyntheticLambda2.then(D8$$SyntheticClass:0)
03-14 21:44:33.652  3471  3471 E unknown:ReactNative: 	at com.facebook.react.runtime.internal.bolts.Task$Companion.completeAfterTask$lambda$5(Task.kt:394)
03-14 21:44:33.652  3471  3471 E unknown:ReactNative: 	at com.facebook.react.runtime.internal.bolts.Task$Companion.$r8$lambda$IPpysnehFwANEiW061YzapkMdoE(Unknown Source:0)
03-14 21:44:33.652  3471  3471 E unknown:ReactNative: 	at com.facebook.react.runtime.internal.bolts.Task$Companion$$ExternalSyntheticLambda4.run(D8$$SyntheticClass:0)
03-14 21:44:33.652  3471  3471 E unknown:ReactNative: 	at java.util.concurrent.ThreadPoolExecutor.runWorker(ThreadPoolExecutor.java:1145)
03-14 21:44:33.652  3471  3471 E unknown:ReactNative: 	at java.util.concurrent.ThreadPoolExecutor$Worker.run(ThreadPoolExecutor.java:644)
03-14 21:44:33.652  3471  3471 E unknown:ReactNative: 	at java.lang.Thread.run(Thread.java:1012)
03-14 21:44:33.655  3471  3711 W unknown:BridgelessReact: ReactHost{0}.getOrCreateDestroyTask()
03-14 21:44:33.655  3471  3711 W unknown:BridgelessReact: ReactHost{0}.raiseSoftException(getOrCreateDestroyTask()): handleHostException(message = "Unable to load script.
03-14 21:44:33.655  3471  3711 W unknown:BridgelessReact: 
03-14 21:44:33.655  3471  3711 W unknown:BridgelessReact: Make sure you're running Metro or that your bundle 'index.android.bundle' is packaged correctly for release.
03-14 21:44:33.655  3471  3711 W unknown:BridgelessReact: 
03-14 21:44:33.655  3471  3711 W unknown:BridgelessReact: The device must either be USB connected (with bundler set to "localhost:8081") or be on the same Wi-Fi network as your computer (with bundler set to your computer IP) to connect to Metro.
03-14 21:44:33.655  3471  3711 W unknown:BridgelessReact: 
03-14 21:44:33.655  3471  3711 W unknown:BridgelessReact: If you're using USB on a physical device, make sure you also run this command:
03-14 21:44:33.655  3471  3711 W unknown:BridgelessReact:   adb reverse tcp:8081 tcp:8081")
03-14 21:44:33.663  3471  3711 E unknown:ReactHost: Unhandled SoftException
03-14 21:44:33.663  3471  3711 E unknown:ReactHost: com.facebook.react.bridge.ReactNoCrashSoftException: raiseSoftException(getOrCreateDestroyTask()): handleHostException(message = "Unable to load script.
03-14 21:44:33.663  3471  3711 E unknown:ReactHost: 
03-14 21:44:33.663  3471  3711 E unknown:ReactHost: Make sure you're running Metro or that your bundle 'index.android.bundle' is packaged correctly for release.
03-14 21:44:33.663  3471  3711 E unknown:ReactHost: 
03-14 21:44:33.663  3471  3711 E unknown:ReactHost: The device must either be USB connected (with bundler set to "localhost:8081") or be on the same Wi-Fi network as your computer (with bundler set to your computer IP) to connect to Metro.
03-14 21:44:33.663  3471  3711 E unknown:ReactHost: 
03-14 21:44:33.663  3471  3711 E unknown:ReactHost: If you're using USB on a physical device, make sure you also run this command:
03-14 21:44:33.663  3471  3711 E unknown:ReactHost:   adb reverse tcp:8081 tcp:8081")
03-14 21:44:33.663  3471  3711 E unknown:ReactHost: 	at com.facebook.react.runtime.ReactHostImpl.raiseSoftException(ReactHostImpl.kt:861)
03-14 21:44:33.663  3471  3711 E unknown:ReactHost: 	at com.facebook.react.runtime.ReactHostImpl.getOrCreateDestroyTask(ReactHostImpl.kt:1422)
03-14 21:44:33.663  3471  3711 E unknown:ReactHost: 	at com.facebook.react.runtime.ReactHostImpl.destroy$lambda$11(ReactHostImpl.kt:500)
03-14 21:44:33.663  3471  3711 E unknown:ReactHost: 	at com.facebook.react.runtime.ReactHostImpl.$r8$lambda$RqPT6VdmhA-RKBsb9qAdshHTgug(Unknown Source:0)
03-14 21:44:33.663  3471  3711 E unknown:ReactHost: 	at com.facebook.react.runtime.ReactHostImpl$$ExternalSyntheticLambda35.call(D8$$SyntheticClass:0)
03-14 21:44:33.663  3471  3711 E unknown:ReactHost: 	at com.facebook.react.runtime.internal.bolts.Task$Companion.call$lambda$2(Task.kt:319)
03-14 21:44:33.663  3471  3711 E unknown:ReactHost: 	at com.facebook.react.runtime.internal.bolts.Task$Companion.$r8$lambda$MFqd_-X5KhHmu0hvNE2Bec_4mJM(Unknown Source:0)
03-14 21:44:33.663  3471  3711 E unknown:ReactHost: 	at com.facebook.react.runtime.internal.bolts.Task$Companion$$ExternalSyntheticLambda1.run(D8$$SyntheticClass:0)
03-14 21:44:33.663  3471  3711 E unknown:ReactHost: 	at java.util.concurrent.ThreadPoolExecutor.runWorker(ThreadPoolExecutor.java:1145)
03-14 21:44:33.663  3471  3711 E unknown:ReactHost: 	at java.util.concurrent.ThreadPoolExecutor$Worker.run(ThreadPoolExecutor.java:644)
03-14 21:44:33.663  3471  3711 E unknown:ReactHost: 	at java.lang.Thread.run(Thread.java:1012)
03-14 21:44:33.663  3471  3711 E unknown:ReactHost: Caused by: java.lang.RuntimeException: Unable to load script.
03-14 21:44:33.663  3471  3711 E unknown:ReactHost: 
03-14 21:44:33.663  3471  3711 E unknown:ReactHost: Make sure you're running Metro or that your bundle 'index.android.bundle' is packaged correctly for release.
03-14 21:44:33.663  3471  3711 E unknown:ReactHost: 
03-14 21:44:33.663  3471  3711 E unknown:ReactHost: The device must either be USB connected (with bundler set to "localhost:8081") or be on the same Wi-Fi network as your computer (with bundler set to your computer IP) to connect to Metro.
03-14 21:44:33.663  3471  3711 E unknown:ReactHost: 
03-14 21:44:33.663  3471  3711 E unknown:ReactHost: If you're using USB on a physical device, make sure you also run this command:
03-14 21:44:33.663  3471  3711 E unknown:ReactHost:   adb reverse tcp:8081 tcp:8081
03-14 21:44:33.663  3471  3711 E unknown:ReactHost: 	at com.facebook.react.runtime.ReactInstance.loadJSBundleFromAssets(Native Method)
03-14 21:44:33.663  3471  3711 E unknown:ReactHost: 	at com.facebook.react.runtime.ReactInstance.access$loadJSBundleFromAssets(ReactInstance.kt:84)
03-14 21:44:33.663  3471  3711 E unknown:ReactHost: 	at com.facebook.react.runtime.ReactInstance$loadJSBundle$1.loadScriptFromAssets(ReactInstance.kt:324)
03-14 21:44:33.663  3471  3711 E unknown:ReactHost: 	at com.facebook.react.bridge.JSBundleLoader$Companion$createAssetLoader$1.loadScript(JSBundleLoader.kt:33)
03-14 21:44:33.663  3471  3711 E unknown:ReactHost: 	at com.facebook.react.runtime.ReactInstance.loadJSBundle(ReactInstance.kt:303)
03-14 21:44:33.663  3471  3711 E unknown:ReactHost: 	at com.facebook.react.runtime.ReactHostImpl.getOrCreateReactInstanceTask$lambda$44$lambda$40(ReactHostImpl.kt:1015)
03-14 21:44:33.663  3471  3711 E unknown:ReactHost: 	at com.facebook.react.runtime.ReactHostImpl.$r8$lambda$kGNcmxBxZbp8b1wWTaqIXDdkV8g(Unknown Source:0)
03-14 21:44:33.663  3471  3711 E unknown:ReactHost: 	at com.facebook.react.runtime.ReactHostImpl$$ExternalSyntheticLambda24.then(D8$$SyntheticClass:0)
03-14 21:44:33.663  3471  3711 E unknown:ReactHost: 	at com.facebook.react.runtime.internal.bolts.Task$Companion.completeImmediately$lambda$3(Task.kt:360)
03-14 21:44:33.663  3471  3711 E unknown:ReactHost: 	at com.facebook.react.runtime.internal.bolts.Task$Companion.$r8$lambda$b7MTC0ufkn_2TjF4BGcNqGR9qK0(Unknown Source:0)
03-14 21:44:33.663  3471  3711 E unknown:ReactHost: 	at com.facebook.react.runtime.internal.bolts.Task$Companion$$ExternalSyntheticLambda3.run(D8$$SyntheticClass:0)
03-14 21:44:33.663  3471  3711 E unknown:ReactHost: 	at com.facebook.react.runtime.internal.bolts.Executors$ImmediateExecutor.execute(Executors.kt:41)
03-14 21:44:33.663  3471  3711 E unknown:ReactHost: 	at com.facebook.react.runtime.internal.bolts.Task$Companion.completeImmediately(Task.kt:358)
03-14 21:44:33.663  3471  3711 E unknown:ReactHost: 	at com.facebook.react.runtime.internal.bolts.Task$Companion.access$completeImmediately(Task.kt:254)
03-14 21:44:33.663  3471  3711 E unknown:ReactHost: 	at com.facebook.react.runtime.internal.bolts.Task.continueWith(Task.kt:133)
03-14 21:44:33.663  3471  3711 E unknown:ReactHost: 	at com.facebook.react.runtime.internal.bolts.Task.continueWith$default(Task.kt:117)
03-14 21:44:33.663  3471  3711 E unknown:ReactHost: 	at com.facebook.react.runtime.internal.bolts.Task.onSuccess$lambda$12(Task.kt:176)
03-14 21:44:33.663  3471  3711 E unknown:ReactHost: 	at com.facebook.react.runtime.internal.bolts.Task.$r8$lambda$l0wwo5AvbHxlwfI1R7CH_codxoo(Unknown Source:0)
03-14 21:44:33.663  3471  3711 E unknown:ReactHost: 	at com.facebook.react.runtime.internal.bolts.Task$$ExternalSyntheticLambda2.then(D8$$SyntheticClass:0)
03-14 21:44:33.663  3471  3711 E unknown:ReactHost: 	at com.facebook.react.runtime.internal.bolts.Task$Companion.completeAfterTask$lambda$5(Task.kt:394)
03-14 21:44:33.663  3471  3711 E unknown:ReactHost: 	at com.facebook.react.runtime.internal.bolts.Task$Companion.$r8$lambda$IPpysnehFwANEiW061YzapkMdoE(Unknown Source:0)
03-14 21:44:33.663  3471  3711 E unknown:ReactHost: 	at com.facebook.react.runtime.internal.bolts.Task$Companion$$ExternalSyntheticLambda4.run(D8$$SyntheticClass:0)
03-14 21:44:33.663  3471  3711 E unknown:ReactHost: 	... 3 more
03-14 21:44:33.663  3471  3711 W unknown:BridgelessReact: ReactHost{0}.getOrCreateDestroyTask(): Resetting createReactInstance task ref
03-14 21:44:33.738  3471  3471 W unknown:BridgelessReact: ReactHost{0}.getOrCreateDestroyTask(): Starting React Native destruction
03-14 21:44:33.739  3471  3471 W unknown:BridgelessReact: ReactHost{0}.raiseSoftException(getOrCreateDestroyTask()): Destroy: ReactInstance task faulted. Stage: 1: Starting destroy. Fault reason: Unable to load script.
03-14 21:44:33.739  3471  3471 W unknown:BridgelessReact: 
03-14 21:44:33.739  3471  3471 W unknown:BridgelessReact: Make sure you're running Metro or that your bundle 'index.android.bundle' is packaged correctly for release.
03-14 21:44:33.739  3471  3471 W unknown:BridgelessReact: 
03-14 21:44:33.739  3471  3471 W unknown:BridgelessReact: The device must either be USB connected (with bundler set to "localhost:8081") or be on the same Wi-Fi network as your computer (with bundler set to your computer IP) to connect to Metro.
03-14 21:44:33.739  3471  3471 W unknown:BridgelessReact: 
03-14 21:44:33.739  3471  3471 W unknown:BridgelessReact: If you're using USB on a physical device, make sure you also run this command:
03-14 21:44:33.739  3471  3471 W unknown:BridgelessReact:   adb reverse tcp:8081 tcp:8081. Destroy reason: handleHostException(message = "Unable to load script.
03-14 21:44:33.739  3471  3471 W unknown:BridgelessReact: 
03-14 21:44:33.739  3471  3471 W unknown:BridgelessReact: Make sure you're running Metro or that your bundle 'index.android.bundle' is packaged correctly for release.
03-14 21:44:33.739  3471  3471 W unknown:BridgelessReact: 
03-14 21:44:33.739  3471  3471 W unknown:BridgelessReact: The device must either be USB connected (with bundler set to "localhost:8081") or be on the same Wi-Fi network as your computer (with bundler set to your computer IP) to connect to Metro.
03-14 21:44:33.739  3471  3471 W unknown:BridgelessReact: 
03-14 21:44:33.739  3471  3471 W unknown:BridgelessReact: If you're using USB on a physical device, make sure you also run this command:
03-14 21:44:33.739  3471  3471 W unknown:BridgelessReact:   adb reverse tcp:8081 tcp:8081")
03-14 21:44:33.740  3471  3471 E unknown:ReactHost: Unhandled SoftException
03-14 21:44:33.740  3471  3471 E unknown:ReactHost: com.facebook.react.bridge.ReactNoCrashSoftException: raiseSoftException(getOrCreateDestroyTask()): Destroy: ReactInstance task faulted. Stage: 1: Starting destroy. Fault reason: Unable to load script.
03-14 21:44:33.740  3471  3471 E unknown:ReactHost: 
03-14 21:44:33.740  3471  3471 E unknown:ReactHost: Make sure you're running Metro or that your bundle 'index.android.bundle' is packaged correctly for release.
03-14 21:44:33.740  3471  3471 E unknown:ReactHost: 
03-14 21:44:33.740  3471  3471 E unknown:ReactHost: The device must either be USB connected (with bundler set to "localhost:8081") or be on the same Wi-Fi network as your computer (with bundler set to your computer IP) to connect to Metro.
03-14 21:44:33.740  3471  3471 E unknown:ReactHost: 
03-14 21:44:33.740  3471  3471 E unknown:ReactHost: If you're using USB on a physical device, make sure you also run this command:
03-14 21:44:33.740  3471  3471 E unknown:ReactHost:   adb reverse tcp:8081 tcp:8081. Destroy reason: handleHostException(message = "Unable to load script.
03-14 21:44:33.740  3471  3471 E unknown:ReactHost: 
03-14 21:44:33.740  3471  3471 E unknown:ReactHost: Make sure you're running Metro or that your bundle 'index.android.bundle' is packaged correctly for release.
03-14 21:44:33.740  3471  3471 E unknown:ReactHost: 
03-14 21:44:33.740  3471  3471 E unknown:ReactHost: The device must either be USB connected (with bundler set to "localhost:8081") or be on the same Wi-Fi network as your computer (with bundler set to your computer IP) to connect to Metro.
03-14 21:44:33.740  3471  3471 E unknown:ReactHost: 
03-14 21:44:33.740  3471  3471 E unknown:ReactHost: If you're using USB on a physical device, make sure you also run this command:
03-14 21:44:33.740  3471  3471 E unknown:ReactHost:   adb reverse tcp:8081 tcp:8081")
03-14 21:44:33.740  3471  3471 E unknown:ReactHost: 	at com.facebook.react.runtime.ReactHostImpl.raiseSoftException(ReactHostImpl.kt:861)
03-14 21:44:33.740  3471  3471 E unknown:ReactHost: 	at com.facebook.react.runtime.ReactHostImpl.raiseSoftException$default(ReactHostImpl.kt:852)
03-14 21:44:33.740  3471  3471 E unknown:ReactHost: 	at com.facebook.react.runtime.ReactHostImpl.createReactInstanceUnwrapper$lambda$49(ReactHostImpl.kt:1220)
03-14 21:44:33.740  3471  3471 E unknown:ReactHost: 	at com.facebook.react.runtime.ReactHostImpl.$r8$lambda$wxqWPZPIM84yb-DFfq8PhEXI2r4(Unknown Source:0)
03-14 21:44:33.740  3471  3471 E unknown:ReactHost: 	at com.facebook.react.runtime.ReactHostImpl$$ExternalSyntheticLambda36.invoke(D8$$SyntheticClass:0)
03-14 21:44:33.740  3471  3471 E unknown:ReactHost: 	at com.facebook.react.runtime.ReactHostImpl.getOrCreateDestroyTask$lambda$60(ReactHostImpl.kt:1437)
03-14 21:44:33.740  3471  3471 E unknown:ReactHost: 	at com.facebook.react.runtime.ReactHostImpl.$r8$lambda$W_3hbG2jNwurg3jPo_rFnHCrsPg(Unknown Source:0)
03-14 21:44:33.740  3471  3471 E unknown:ReactHost: 	at com.facebook.react.runtime.ReactHostImpl$$ExternalSyntheticLambda27.then(D8$$SyntheticClass:0)
03-14 21:44:33.740  3471  3471 E unknown:ReactHost: 	at com.facebook.react.runtime.internal.bolts.Task$Companion.completeAfterTask$lambda$5(Task.kt:394)
03-14 21:44:33.740  3471  3471 E unknown:ReactHost: 	at com.facebook.react.runtime.internal.bolts.Task$Companion.$r8$lambda$IPpysnehFwANEiW061YzapkMdoE(Unknown Source:0)
03-14 21:44:33.740  3471  3471 E unknown:ReactHost: 	at com.facebook.react.runtime.internal.bolts.Task$Companion$$ExternalSyntheticLambda4.run(D8$$SyntheticClass:0)
03-14 21:44:33.740  3471  3471 E unknown:ReactHost: 	at android.os.Handler.handleCallback(Handler.java:959)
03-14 21:44:33.740  3471  3471 E unknown:ReactHost: 	at android.os.Handler.dispatchMessage(Handler.java:100)
03-14 21:44:33.740  3471  3471 E unknown:ReactHost: 	at android.os.Looper.loopOnce(Looper.java:232)
03-14 21:44:33.740  3471  3471 E unknown:ReactHost: 	at android.os.Looper.loop(Looper.java:317)
03-14 21:44:33.740  3471  3471 E unknown:ReactHost: 	at android.app.ActivityThread.main(ActivityThread.java:8705)
03-14 21:44:33.740  3471  3471 E unknown:ReactHost: 	at java.lang.reflect.Method.invoke(Native Method)
03-14 21:44:33.740  3471  3471 E unknown:ReactHost: 	at com.android.internal.os.RuntimeInit$MethodAndArgsCaller.run(RuntimeInit.java:580)
03-14 21:44:33.740  3471  3471 E unknown:ReactHost: 	at com.android.internal.os.ZygoteInit.main(ZygoteInit.java:886)
03-14 21:44:33.740  3471  3471 W unknown:BridgelessReact: ReactHost{0}.getOrCreateDestroyTask(): DevSupportManager cleanup
03-14 21:44:33.744  3471  3471 W unknown:BridgelessReact: ReactHost{0}.getOrCreateDestroyTask(): Move ReactHost to onHostDestroy()
03-14 21:44:33.744  3471  3471 W unknown:BridgelessReact: ReactHost{0}.ReactContext.onHostPause()
03-14 21:44:33.745  3471  3471 W unknown:BridgelessReact: ReactHost{0}.ReactContext.onHostDestroy()
03-14 21:44:33.757  3471  3711 W unknown:BridgelessReact: ReactHost{0}.getOrCreateDestroyTask(): Stopping all React Native surfaces
03-14 21:44:33.758  3471  3711 E unknown:FabricUIManager: Unhandled SoftException
03-14 21:44:33.758  3471  3711 E unknown:FabricUIManager: java.lang.IllegalStateException: Trying to stop surface that hasn't started yet
03-14 21:44:33.758  3471  3711 E unknown:FabricUIManager: 	at com.facebook.react.fabric.FabricUIManager.stopSurface(FabricUIManager.java:396)
03-14 21:44:33.758  3471  3711 E unknown:FabricUIManager: 	at com.facebook.react.runtime.ReactInstance.stopSurface(ReactInstance.kt:410)
03-14 21:44:33.758  3471  3711 E unknown:FabricUIManager: 	at com.facebook.react.runtime.ReactHostImpl.stopAttachedSurfaces(ReactHostImpl.kt:1189)
03-14 21:44:33.758  3471  3711 E unknown:FabricUIManager: 	at com.facebook.react.runtime.ReactHostImpl.getOrCreateDestroyTask$lambda$62(ReactHostImpl.kt:1475)
03-14 21:44:33.758  3471  3711 E unknown:FabricUIManager: 	at com.facebook.react.runtime.ReactHostImpl.$r8$lambda$xpeTQfuVN0XbBBJsIsVmA6wzF00(Unknown Source:0)
03-14 21:44:33.758  3471  3711 E unknown:FabricUIManager: 	at com.facebook.react.runtime.ReactHostImpl$$ExternalSyntheticLambda28.then(D8$$SyntheticClass:0)
03-14 21:44:33.758  3471  3711 E unknown:FabricUIManager: 	at com.facebook.react.runtime.internal.bolts.Task$Companion.completeAfterTask$lambda$5(Task.kt:394)
03-14 21:44:33.758  3471  3711 E unknown:FabricUIManager: 	at com.facebook.react.runtime.internal.bolts.Task$Companion.$r8$lambda$IPpysnehFwANEiW061YzapkMdoE(Unknown Source:0)
03-14 21:44:33.758  3471  3711 E unknown:FabricUIManager: 	at com.facebook.react.runtime.internal.bolts.Task$Companion$$ExternalSyntheticLambda4.run(D8$$SyntheticClass:0)
03-14 21:44:33.758  3471  3711 E unknown:FabricUIManager: 	at java.util.concurrent.ThreadPoolExecutor.runWorker(ThreadPoolExecutor.java:1145)
03-14 21:44:33.758  3471  3711 E unknown:FabricUIManager: 	at java.util.concurrent.ThreadPoolExecutor$Worker.run(ThreadPoolExecutor.java:644)
03-14 21:44:33.758  3471  3711 E unknown:FabricUIManager: 	at java.lang.Thread.run(Thread.java:1012)
03-14 21:44:33.955  3471  3477 I .studentfinance: Compiler allocated 4219KB to compile void android.widget.TextView.<init>(android.content.Context, android.util.AttributeSet, int, int)
03-14 21:44:33.975  3471  3616 D DetoxRNLoading: Got new RN-context explicitly while polling (#iteration=1)
03-14 21:44:33.976  3471  3616 I DetoxRNIdleRes: Setting up Espresso Idling Resources for React Native
03-14 21:44:34.225  3471  3471 W unknown:BridgelessReact: ReactHost{0}.getOrCreateDestroyTask(): Destroying MemoryPressureRouter
03-14 21:44:34.225  3471  3471 W unknown:BridgelessReact: ReactHost{0}.getOrCreateDestroyTask(): Resetting ReactContext ref
03-14 21:44:34.225  3471  3471 W unknown:BridgelessReact: ReactHost{0}.getOrCreateDestroyTask(): Destroying ReactContext
03-14 21:44:34.227  3471  3711 W unknown:BridgelessReact: ReactHost{0}.getOrCreateDestroyTask(): Resetting ReactInstance ptr
03-14 21:44:34.227  3471  3711 W unknown:BridgelessReact: ReactHost{0}.getOrCreateDestroyTask(): Destroying ReactInstance
03-14 21:44:34.229  3471  3711 E unknown:ReactNative: Tried to remove non-existent frame callback
03-14 21:44:34.263  3471  3711 W unknown:BridgelessReact: ReactHost{0}.getOrCreateDestroyTask(): Resetting start/destroy task ref
03-14 21:44:34.376  3471  3471 W unknown:BridgelessReact: ReactHost{0}.raiseSoftException(onWindowFocusChange(hasFocus = "false")): Tried to access onWindowFocusChange while context is not ready
03-14 21:44:34.381  3471  3471 E unknown:ReactHost: Unhandled SoftException
03-14 21:44:34.381  3471  3471 E unknown:ReactHost: com.facebook.react.bridge.ReactNoCrashSoftException: raiseSoftException(onWindowFocusChange(hasFocus = "false")): Tried to access onWindowFocusChange while context is not ready
03-14 21:44:34.381  3471  3471 E unknown:ReactHost: 	at com.facebook.react.runtime.ReactHostImpl.raiseSoftException(ReactHostImpl.kt:861)
03-14 21:44:34.381  3471  3471 E unknown:ReactHost: 	at com.facebook.react.runtime.ReactHostImpl.raiseSoftException$default(ReactHostImpl.kt:852)
03-14 21:44:34.381  3471  3471 E unknown:ReactHost: 	at com.facebook.react.runtime.ReactHostImpl.onWindowFocusChange(ReactHostImpl.kt:625)
03-14 21:44:34.381  3471  3471 E unknown:ReactHost: 	at com.facebook.react.ReactDelegate.onWindowFocusChanged(ReactDelegate.kt:232)
03-14 21:44:34.381  3471  3471 E unknown:ReactHost: 	at com.facebook.react.ReactActivityDelegate.onWindowFocusChanged(ReactActivityDelegate.java:237)
03-14 21:44:34.381  3471  3471 E unknown:ReactHost: 	at expo.modules.ReactActivityDelegateWrapper$onWindowFocusChanged$1.invokeSuspend(ReactActivityDelegateWrapper.kt:320)
03-14 21:44:34.381  3471  3471 E unknown:ReactHost: 	at expo.modules.ReactActivityDelegateWrapper$onWindowFocusChanged$1.invoke(Unknown Source:8)
03-14 21:44:34.381  3471  3471 E unknown:ReactHost: 	at expo.modules.ReactActivityDelegateWrapper$onWindowFocusChanged$1.invoke(Unknown Source:4)
03-14 21:44:34.381  3471  3471 E unknown:ReactHost: 	at expo.modules.ReactActivityDelegateWrapper$launchLifecycleScopeWithLock$1.invokeSuspend(ReactActivityDelegateWrapper.kt:452)
03-14 21:44:34.381  3471  3471 E unknown:ReactHost: 	at kotlin.coroutines.jvm.internal.BaseContinuationImpl.resumeWith(ContinuationImpl.kt:33)
03-14 21:44:34.381  3471  3471 E unknown:ReactHost: 	at kotlinx.coroutines.internal.DispatchedContinuationKt.resumeCancellableWith(DispatchedContinuation.kt:375)
03-14 21:44:34.381  3471  3471 E unknown:ReactHost: 	at kotlinx.coroutines.intrinsics.CancellableKt.startCoroutineCancellable(Cancellable.kt:26)
03-14 21:44:34.381  3471  3471 E unknown:ReactHost: 	at kotlinx.coroutines.CoroutineStart.invoke(CoroutineStart.kt:358)
03-14 21:44:34.381  3471  3471 E unknown:ReactHost: 	at kotlinx.coroutines.AbstractCoroutine.start(AbstractCoroutine.kt:134)
03-14 21:44:34.381  3471  3471 E unknown:ReactHost: 	at kotlinx.coroutines.BuildersKt__Builders_commonKt.launch(Builders.common.kt:53)
03-14 21:44:34.381  3471  3471 E unknown:ReactHost: 	at kotlinx.coroutines.BuildersKt.launch(Unknown Source:1)
03-14 21:44:34.381  3471  3471 E unknown:ReactHost: 	at kotlinx.coroutines.BuildersKt__Builders_commonKt.launch$default(Builders.common.kt:44)
03-14 21:44:34.381  3471  3471 E unknown:ReactHost: 	at kotlinx.coroutines.BuildersKt.launch$default(Unknown Source:1)
03-14 21:44:34.381  3471  3471 E unknown:ReactHost: 	at expo.modules.ReactActivityDelegateWrapper.launchLifecycleScopeWithLock(ReactActivityDelegateWrapper.kt:450)
03-14 21:44:34.381  3471  3471 E unknown:ReactHost: 	at expo.modules.ReactActivityDelegateWrapper.launchLifecycleScopeWithLock$default(ReactActivityDelegateWrapper.kt:446)
03-14 21:44:34.381  3471  3471 E unknown:ReactHost: 	at expo.modules.ReactActivityDelegateWrapper.onWindowFocusChanged(ReactActivityDelegateWrapper.kt:318)
03-14 21:44:34.381  3471  3471 E unknown:ReactHost: 	at com.facebook.react.ReactActivity.onWindowFocusChanged(ReactActivity.java:158)
03-14 21:44:34.381  3471  3471 E unknown:ReactHost: 	at androidx.appcompat.view.WindowCallbackWrapper.onWindowFocusChanged(WindowCallbackWrapper.java:124)
03-14 21:44:34.381  3471  3471 E unknown:ReactHost: 	at com.android.internal.policy.DecorView.onWindowFocusChanged(DecorView.java:1772)
03-14 21:44:34.381  3471  3471 E unknown:ReactHost: 	at android.view.View.dispatchWindowFocusChanged(View.java:16743)
03-14 21:44:34.381  3471  3471 E unknown:ReactHost: 	at android.view.ViewGroup.dispatchWindowFocusChanged(ViewGroup.java:1505)
03-14 21:44:34.381  3471  3471 E unknown:ReactHost: 	at android.view.ViewRootImpl.dispatchFocusEvent(ViewRootImpl.java:4697)
03-14 21:44:34.381  3471  3471 E unknown:ReactHost: 	at android.view.ViewRootImpl.handleWindowFocusChanged(ViewRootImpl.java:4601)
03-14 21:44:34.381  3471  3471 E unknown:ReactHost: 	at android.view.ViewRootImpl.-$$Nest$mhandleWindowFocusChanged(Unknown Source:0)
03-14 21:44:34.381  3471  3471 E unknown:ReactHost: 	at android.view.ViewRootImpl$ViewRootHandler.handleMessageImpl(ViewRootImpl.java:6773)
03-14 21:44:34.381  3471  3471 E unknown:ReactHost: 	at android.view.ViewRootImpl$ViewRootHandler.handleMessage(ViewRootImpl.java:6683)
03-14 21:44:34.381  3471  3471 E unknown:ReactHost: 	at android.os.Handler.dispatchMessage(Handler.java:107)
03-14 21:44:34.381  3471  3471 E unknown:ReactHost: 	at android.os.Looper.loopOnce(Looper.java:232)
03-14 21:44:34.381  3471  3471 E unknown:ReactHost: 	at android.os.Looper.loop(Looper.java:317)
03-14 21:44:34.381  3471  3471 E unknown:ReactHost: 	at android.app.ActivityThread.main(ActivityThread.java:8705)
03-14 21:44:34.381  3471  3471 E unknown:ReactHost: 	at java.lang.reflect.Method.invoke(Native Method)
03-14 21:44:34.381  3471  3471 E unknown:ReactHost: 	at com.android.internal.os.RuntimeInit$MethodAndArgsCaller.run(RuntimeInit.java:580)
03-14 21:44:34.381  3471  3471 E unknown:ReactHost: 	at com.android.internal.os.ZygoteInit.main(ZygoteInit.java:886)
03-14 21:44:34.467  3471  3713 D TrafficStats: tagSocket(148) with statsTag=0xffffffff, statsUid=-1
03-14 21:44:34.469  3471  3631 W .studentfinance: Long monitor contention with owner Instr: androidx.test.runner.AndroidJUnitRunner (3616) at void com.wix.detox.DetoxMain.launchActivityOnCue(android.content.Context, com.wix.detox.ActivityLaunchHelper)(DetoxMain.kt:53) waiters=0 in void com.wix.detox.DetoxMain$setupActionHandlers$SynchronizedActionHandler.handle(java.lang.String, long) for 3.067s
03-14 21:44:34.484  3471  3471 W .studentfinance: Accessing hidden field Landroid/app/Activity;->mResultCode:I (unsupported, reflection, allowed)
03-14 21:44:34.484  3471  3471 W .studentfinance: Accessing hidden field Landroid/app/Activity;->mResultData:Landroid/content/Intent; (unsupported, reflection, allowed)
03-14 21:44:34.485  3471  3471 W .studentfinance: Accessing hidden method Landroid/os/MessageQueue;->next()Landroid/os/Message; (unsupported, reflection, allowed)
03-14 21:44:34.485  3471  3471 W .studentfinance: Accessing hidden field Landroid/os/MessageQueue;->mMessages:Landroid/os/Message; (unsupported, reflection, allowed)
03-14 21:44:34.485  3471  3471 W .studentfinance: Accessing hidden method Landroid/os/Message;->recycleUnchecked()V (unsupported, reflection, allowed)
03-14 21:44:34.496  3471  3471 W unknown:BridgelessReact: ReactHost{0}.onHostPause(activity)
03-14 21:44:34.611  3471  3471 W WindowOnBackDispatcher: sendCancelIfRunning: isInProgress=false callback=android.view.ViewRootImpl$$ExternalSyntheticLambda11@e669bac
03-14 21:44:34.654  3471  3471 D LifecycleMonitor: Lifecycle status change: com.mcfuzzysquirrel.studentfinance.MainActivity@980b126 in: PAUSED
03-14 21:44:34.705  3471  3471 I Detox   : Wait is over: App is now idle!
03-14 21:44:34.705  3471  3616 E TestRunner: failed: runDetoxTests(com.mcfuzzysquirrel.studentfinance.DetoxTest)
03-14 21:44:34.706  3471  3616 E TestRunner: ----- begin exception -----
03-14 21:44:34.706  3471  3616 E TestRunner: java.lang.RuntimeException: ReactContext is null!
03-14 21:44:34.706  3471  3616 E TestRunner: 	at com.wix.detox.reactnative.ReactApplicationExtKt.getCurrentReactContextSafe(ReactApplicationExt.kt:26)
03-14 21:44:34.706  3471  3616 E TestRunner: 	at com.wix.detox.reactnative.idlingresources.factory.FabricDetoxIdlingResourceFactoryStrategy$create$2.invokeSusp