--------- beginning of main
03-14 22:51:17.128  7965  7995 D DetoxWSClient: Received action 'invoke' (ID #11, params={"target":{"type":"Class","value":"com.wix.detox.Detox"},"method":"launchMainActivity","args":[]})
03-14 22:51:17.128  7965  7991 I DetoxDispatcher: Handling action 'invoke' (ID #11)...
03-14 22:51:17.129  7965  7991 D Detox   : class com.wix.detox.Detox, launchMainActivity, []
03-14 22:51:17.147  7965  7965 W unknown:BridgelessReact: ReactHost{0}.onHostPause(activity)
03-14 22:51:17.149  7965  7965 W unknown:BridgelessReact: ReactHost{0}.ReactContext.onHostPause()
03-14 22:51:17.152  7965  7965 D LifecycleMonitor: Lifecycle status change: com.mcfuzzysquirrel.studentfinance.MainActivity@340991c in: PAUSED
03-14 22:51:17.153  7965  7965 W unknown:BridgelessReact: ReactHost{0}.onHostResume(activity)
03-14 22:51:17.156  7965  7965 W unknown:BridgelessReact: ReactHost{0}.ReactContext.onHostResume()
03-14 22:51:17.159  7965  7965 D LifecycleMonitor: Lifecycle status change: com.mcfuzzysquirrel.studentfinance.MainActivity@340991c in: RESUMED
03-14 22:51:17.159  7965  7991 I DetoxWSClient: Sending out action 'invokeResult' (ID #11)
03-14 22:51:17.159  7965  7991 I DetoxDispatcher: Done with action 'invoke'
03-14 22:51:17.163  7965  8483 D TrafficStats: tagSocket(132) with statsTag=0xffffffff, statsUid=-1
03-14 22:51:17.165  7965  8483 W unknown:ReconnectingWebSocket: Couldn't connect to "ws://10.0.2.2:8081/message?device=sdk_gphone64_x86_64%20-%2015%20-%20API%2035&app=com.mcfuzzysquirrel.studentfinance&clientid=BridgelessDevSupportManager", will silently retry
03-14 22:51:17.289  7965  7995 D DetoxWSClient: Received action 'invoke' (ID #12, params={"target":{"type":"Class","value":"com.wix.detox.espresso.DetoxAssertion"},"method":"waitForAssertMatcher","args":[{"type":"Invocation","value":{"target":{"type":"Class","value":"androidx.test.espresso.Espresso"},"method":"onView","args":[{"type":"Invocation","value":{"target":{"type":"Class","value":"com.wix.detox.espresso.DetoxMatcher"},"method":"matcherForTestId","args":["dashboard-view-transactions-button",{"type":"boolean","value":false}]}}]}},{"type":"Invocation","value":{"target":{"type":"Class","value":"com.wix.detox.espresso.DetoxMatcher"},"method":"matcherForSufficientlyVisible","args":[{"type":"Integer","value":75}]}},{"type":"Double","value":10}]})
03-14 22:51:17.290  7965  7991 I DetoxDispatcher: Handling action 'invoke' (ID #12)...
03-14 22:51:17.290  7965  7991 D Detox   : class com.wix.detox.espresso.DetoxMatcher, matcherForTestId, [dashboard-view-transactions-button, false]
03-14 22:51:17.291  7965  7991 D Detox   : class androidx.test.espresso.Espresso, onView, [(view.getTag() is "dashboard-view-transactions-button" and view has effective visibility <VISIBLE>)]
03-14 22:51:17.292  7965  7991 D Detox   : class com.wix.detox.espresso.DetoxMatcher, matcherForSufficientlyVisible, [75]
03-14 22:51:17.293  7965  7991 D Detox   : class com.wix.detox.espresso.DetoxAssertion, waitForAssertMatcher, [androidx.test.espresso.ViewInteraction@a5593aa, (view has effective visibility <VISIBLE> and view.getGlobalVisibleRect() covers at least <75> percent of the view's area), 10.0]
03-14 22:51:17.321  7965  7965 I ViewInteraction: Checking 'MatchesViewAssertion(Detox){viewMatcher=(view has effective visibility <VISIBLE> and view.getGlobalVisibleRect() covers at least <75> percent of the view's area)}' assertion on view (view.getTag() is "dashboard-view-transactions-button" and view has effective visibility <VISIBLE>)
03-14 22:51:17.366  7965  7965 I ViewInteraction: Checking 'MatchesViewAssertion(Detox){viewMatcher=(view has effective visibility <VISIBLE> and view.getGlobalVisibleRect() covers at least <75> percent of the view's area)}' assertion on view (view.getTag() is "dashboard-view-transactions-button" and view has effective visibility <VISIBLE>)
03-14 22:51:17.413  7965  7965 I ViewInteraction: Checking 'MatchesViewAssertion(Detox){viewMatcher=(view has effective visibility <VISIBLE> and view.getGlobalVisibleRect() covers at least <75> percent of the view's area)}' assertion on view (view.getTag() is "dashboard-view-transactions-button" and view has effective visibility <VISIBLE>)
03-14 22:51:17.457  7965  7965 I ViewInteraction: Checking 'MatchesViewAssertion(Detox){viewMatcher=(view has effective visibility <VISIBLE> and view.getGlobalVisibleRect() covers at least <75> percent of the view's area)}' assertion on view (view.getTag() is "dashboard-view-transactions-button" and view has effective visibility <VISIBLE>)
03-14 22:51:17.501  7965  7965 I ViewInteraction: Checking 'MatchesViewAssertion(Detox){viewMatcher=(view has effective visibility <VISIBLE> and view.getGlobalVisibleRect() covers at least <75> percent of the view's area)}' assertion on view (view.getTag() is "dashboard-view-transactions-button" and view has effective visibility <VISIBLE>)
03-14 22:51:17.541  7965  7965 I ViewInteraction: Checking 'MatchesViewAssertion(Detox){viewMatcher=(view has effective visibility <VISIBLE> and view.getGlobalVisibleRect() covers at least <75> percent of the view's area)}' assertion on view (view.getTag() is "dashboard-view-transactions-button" and view has effective visibility <VISIBLE>)
03-14 22:51:17.584  7965  7965 I ViewInteraction: Checking 'MatchesViewAssertion(Detox){viewMatcher=(view has effective visibility <VISIBLE> and view.getGlobalVisibleRect() covers at least <75> percent of the view's area)}' assertion on view (view.getTag() is "dashboard-view-transactions-button" and view has effective visibility <VISIBLE>)
03-14 22:51:17.651  7965  7965 I ViewInteraction: Checking 'MatchesViewAssertion(Detox){viewMatcher=(view has effective visibility <VISIBLE> and view.getGlobalVisibleRect() covers at least <75> percent of the view's area)}' assertion on view (view.getTag() is "dashboard-view-transactions-button" and view has effective visibility <VISIBLE>)
03-14 22:51:17.652  7965  7970 I .studentfinance: Background concurrent mark compact GC freed 8508KB AllocSpace bytes, 72(3780KB) LOS objects, 49% free, 12MB/24MB, paused 459us,6.339ms total 75.857ms
03-14 22:51:17.678  7965  8003 D EGL_emulation: app_time_stats: avg=499.45ms min=493.55ms max=504.71ms count=3
03-14 22:51:17.722  7965  7965 I ViewInteraction: Checking 'MatchesViewAssertion(Detox){viewMatcher=(view has effective visibility <VISIBLE> and view.getGlobalVisibleRect() covers at least <75> percent of the view's area)}' assertion on view (view.getTag() is "dashboard-view-transactions-button" and view has effective visibility <VISIBLE>)
03-14 22:51:17.788  7965  7965 I ViewInteraction: Checking 'MatchesViewAssertion(Detox){viewMatcher=(view has effective visibility <VISIBLE> and view.getGlobalVisibleRect() covers at least <75> percent of the view's area)}' assertion on view (view.getTag() is "dashboard-view-transactions-button" and view has effective visibility <VISIBLE>)
03-14 22:51:17.841  7965  7965 I ViewInteraction: Checking 'MatchesViewAssertion(Detox){viewMatcher=(view has effective visibility <VISIBLE> and view.getGlobalVisibleRect() covers at least <75> percent of the view's area)}' assertion on view (view.getTag() is "dashboard-view-transactions-button" and view has effective visibility <VISIBLE>)
03-14 22:51:17.883  7965  7965 I ViewInteraction: Checking 'MatchesViewAssertion(Detox){viewMatcher=(view has effective visibility <VISIBLE> and view.getGlobalVisibleRect() covers at least <75> percent of the view's area)}' assertion on view (view.getTag() is "dashboard-view-transactions-button" and view has effective visibility <VISIBLE>)
03-14 22:51:17.921  7965  7965 I ViewInteraction: Checking 'MatchesViewAssertion(Detox){viewMatcher=(view has effective visibility <VISIBLE> and view.getGlobalVisibleRect() covers at least <75> percent of the view's area)}' assertion on view (view.getTag() is "dashboard-view-transactions-button" and view has effective visibility <VISIBLE>)
03-14 22:51:17.967  7965  7965 I ViewInteraction: Checking 'MatchesViewAssertion(Detox){viewMatcher=(view has effective visibility <VISIBLE> and view.getGlobalVisibleRect() covers at least <75> percent of the view's area)}' assertion on view (view.getTag() is "dashboard-view-transactions-button" and view has effective visibility <VISIBLE>)
03-14 22:51:18.018  7965  7965 I ViewInteraction: Checking 'MatchesViewAssertion(Detox){viewMatcher=(view has effective visibility <VISIBLE> and view.getGlobalVisibleRect() covers at least <75> percent of the view's area)}' assertion on view (view.getTag() is "dashboard-view-transactions-button" and view has effective visibility <VISIBLE>)
03-14 22:51:18.076  7965  7965 I ViewInteraction: Checking 'MatchesViewAssertion(Detox){viewMatcher=(view has effective visibility <VISIBLE> and view.getGlobalVisibleRect() covers at least <75> percent of the view's area)}' assertion on view (view.getTag() is "dashboard-view-transactions-button" and view has effective visibility <VISIBLE>)
03-14 22:51:18.131  7965  7965 I ViewInteraction: Checking 'MatchesViewAssertion(Detox){viewMatcher=(view has effective visibility <VISIBLE> and view.getGlobalVisibleRect() covers at least <75> percent of the view's area)}' assertion on view (view.getTag() is "dashboard-view-transactions-button" and view has effective visibility <VISIBLE>)
03-14 22:51:18.198  7965  7965 I ViewInteraction: Checking 'MatchesViewAssertion(Detox){viewMatcher=(view has effective visibility <VISIBLE> and view.getGlobalVisibleRect() covers at least <75> percent of the view's area)}' assertion on view (view.getTag() is "dashboard-view-transactions-button" and view has effective visibility <VISIBLE>)
03-14 22:51:18.255  7965  7965 I ViewInteraction: Checking 'MatchesViewAssertion(Detox){viewMatcher=(view has effective visibility <VISIBLE> and view.getGlobalVisibleRect() covers at least <75> percent of the view's area)}' assertion on view (view.getTag() is "dashboard-view-transactions-button" and view has effective visibility <VISIBLE>)
03-14 22:51:18.259  7965  8017 D TrafficStats: tagSocket(135) with statsTag=0xffffffff, statsUid=-1
03-14 22:51:18.305  7965  7965 I ViewInteraction: Checking 'MatchesViewAssertion(Detox){viewMatcher=(view has effective visibility <VISIBLE> and view.getGlobalVisibleRect() covers at least <75> percent of the view's area)}' assertion on view (view.getTag() is "dashboard-view-transactions-button" and view has effective visibility <VISIBLE>)
03-14 22:51:18.340  7965  7965 I ViewInteraction: Checking 'MatchesViewAssertion(Detox){viewMatcher=(view has effective visibility <VISIBLE> and view.getGlobalVisibleRect() covers at least <75> percent of the view's area)}' assertion on view (view.getTag() is "dashboard-view-transactions-button" and view has effective visibility <VISIBLE>)
03-14 22:51:18.377  7965  7965 I ViewInteraction: Checking 'MatchesViewAssertion(Detox){viewMatcher=(view has effective visibility <VISIBLE> and view.getGlobalVisibleRect() covers at least <75> percent of the view's area)}' assertion on view (view.getTag() is "dashboard-view-transactions-button" and view has effective visibility <VISIBLE>)
03-14 22:51:18.419  7965  7965 I ViewInteraction: Checking 'MatchesViewAssertion(Detox){viewMatcher=(view has effective visibility <VISIBLE> and view.getGlobalVisibleRect() covers at least <75> percent of the view's area)}' assertion on view (view.getTag() is "dashboard-view-transactions-button" and view has effective visibility <VISIBLE>)
03-14 22:51:18.459  7965  7965 I ViewInteraction: Checking 'MatchesViewAssertion(Detox){viewMatcher=(view has effective visibility <VISIBLE> and view.getGlobalVisibleRect() covers at least <75> percent of the view's area)}' assertion on view (view.getTag() is "dashboard-view-transactions-button" and view has effective visibility <VISIBLE>)
03-14 22:51:18.502  7965  7965 I ViewInteraction: Checking 'MatchesViewAssertion(Detox){viewMatcher=(view has effective visibility <VISIBLE> and view.getGlobalVisibleRect() covers at least <75> percent of the view's area)}' assertion on view (view.getTag() is "dashboard-view-transactions-button" and view has effective visibility <VISIBLE>)
03-14 22:51:18.539  7965  7965 I ViewInteraction: Checking 'MatchesViewAssertion(Detox){viewMatcher=(view has effective visibility <VISIBLE> and view.getGlobalVisibleRect() covers at least <75> percent of the view's area)}' assertion on view (view.getTag() is "dashboard-view-transactions-button" and view has effective visibility <VISIBLE>)
03-14 22:51:18.574  7965  7965 I ViewInteraction: Checking 'MatchesViewAssertion(Detox){viewMatcher=(view has effective visibility <VISIBLE> and view.getGlobalVisibleRect() covers at least <75> percent of the view's area)}' assertion on view (view.getTag() is "dashboard-view-transactions-button" and view has effective visibility <VISIBLE>)
03-14 22:51:18.619  7965  7965 I ViewInteraction: Checking 'MatchesViewAssertion(Detox){viewMatcher=(view has effective visibility <VISIBLE> and view.getGlobalVisibleRect() covers at least <75> percent of the view's area)}' assertion on view (view.getTag() is "dashboard-view-transactions-button" and view has effective visibility <VISIBLE>)
03-14 22:51:18.655  7965  7965 I ViewInteraction: Checking 'MatchesViewAssertion(Detox){viewMatcher=(view has effective visibility <VISIBLE> and view.getGlobalVisibleRect() covers at least <75> percent of the view's area)}' assertion on view (view.getTag() is "dashboard-view-transactions-button" and view has effective visibility <VISIBLE>)
03-14 22:51:18.698  7965  7965 I ViewInteraction: Checking 'MatchesViewAssertion(Detox){viewMatcher=(view has effective visibility <VISIBLE> and view.getGlobalVisibleRect() covers at least <75> percent of the view's area)}' assertion on view (view.getTag() is "dashboard-view-transactions-button" and view has effective visibility <VISIBLE>)
03-14 22:51:18.735  7965  7965 I ViewInteraction: Checking 'MatchesViewAssertion(Detox){viewMatcher=(view has effective visibility <VISIBLE> and view.getGlobalVisibleRect() covers at least <75> percent of the view's area)}' assertion on view (view.getTag() is "dashboard-view-transactions-button" and view has effective visibility <VISIBLE>)
03-14 22:51:18.779  7965  7965 I ViewInteraction: Checking 'MatchesViewAssertion(Detox){viewMatcher=(view has effective visibility <VISIBLE> and view.getGlobalVisibleRect() covers at least <75> percent of the view's area)}' assertion on view (view.getTag() is "dashboard-view-transactions-button" and view has effective visibility <VISIBLE>)
03-14 22:51:18.815  7965  7965 I ViewInteraction: Checking 'MatchesViewAssertion(Detox){viewMatcher=(view has effective visibility <VISIBLE> and view.getGlobalVisibleRect() covers at least <75> percent of the view's area)}' assertion on view (view.getTag() is "dashboard-view-transactions-button" and view has effective visibility <VISIBLE>)
03-14 22:51:18.850  7965  7965 I ViewInteraction: Checking 'MatchesViewAssertion(Detox){viewMatcher=(view has effective visibility <VISIBLE> and view.getGlobalVisibleRect() covers at least <75> percent of the view's area)}' assertion on view (view.getTag() is "dashboard-view-transactions-button" and view has effective visibility <VISIBLE>)
03-14 22:51:18.886  7965  7965 I ViewInteraction: Checking 'MatchesViewAssertion(Detox){viewMatcher=(view has effective visibility <VISIBLE> and view.getGlobalVisibleRect() covers at least <75> percent of the view's area)}' assertion on view (view.getTag() is "dashboard-view-transactions-button" and view has effective visibility <VISIBLE>)
03-14 22:51:18.941  7965  7965 I ViewInteraction: Checking 'MatchesViewAssertion(Detox){viewMatcher=(view has effective visibility <VISIBLE> and view.getGlobalVisibleRect() covers at least <75> percent of the view's area)}' assertion on view (view.getTag() is "dashboard-view-transactions-button" and view has effective visibility <VISIBLE>)
03-14 22:51:18.981  7965  7965 I ViewInteraction: Checking 'MatchesViewAssertion(Detox){viewMatcher=(view has effective visibility <VISIBLE> and view.getGlobalVisibleRect() covers at least <75> percent of the view's area)}' assertion on view (view.getTag() is "dashboard-view-transactions-button" and view has effective visibility <VISIBLE>)
03-14 22:51:19.019  7965  7965 I ViewInteraction: Checking 'MatchesViewAssertion(Detox){viewMatcher=(view has effective visibility <VISIBLE> and view.getGlobalVisibleRect() covers at least <75> percent of the view's area)}' assertion on view (view.getTag() is "dashboard-view-transactions-button" and view has effective visibility <VISIBLE>)
03-14 22:51:19.055  7965  7965 I ViewInteraction: Checking 'MatchesViewAssertion(Detox){viewMatcher=(view has effective visibility <VISIBLE> and view.getGlobalVisibleRect() covers at least <75> percent of the view's area)}' assertion on view (view.getTag() is "dashboard-view-transactions-button" and view has effective visibility <VISIBLE>)
03-14 22:51:19.089  7965  7965 I ViewInteraction: Checking 'MatchesViewAssertion(Detox){viewMatcher=(view has effective visibility <VISIBLE> and view.getGlobalVisibleRect() covers at least <75> percent of the view's area)}' assertion on view (view.getTag() is "dashboard-view-transactions-button" and view has effective visibility <VISIBLE>)
03-14 22:51:19.123  7965  7965 I ViewInteraction: Checking 'MatchesViewAssertion(Detox){viewMatcher=(view has effective visibility <VISIBLE> and view.getGlobalVisibleRect() covers at least <75> percent of the view's area)}' assertion on view (view.getTag() is "dashboard-view-transactions-button" and view has effective visibility <VISIBLE>)
03-14 22:51:19.159  7965  7965 I ViewInteraction: Checking 'MatchesViewAssertion(Detox){viewMatcher=(view has effective visibility <VISIBLE> and view.getGlobalVisibleRect() covers at least <75> percent of the view's area)}' assertion on view (view.getTag() is "dashboard-view-transactions-button" and view has effective visibility <VISIBLE>)
03-14 22:51:19.169  7965  8483 D TrafficStats: tagSocket(142) with statsTag=0xffffffff, statsUid=-1
03-14 22:51:19.172  7965  8003 D EGL_emulation: app_time_stats: avg=498.01ms min=494.60ms max=500.21ms count=3
03-14 22:51:19.220  7965  7965 I ViewInteraction: Checking 'MatchesViewAssertion(Detox){viewMatcher=(view has effective visibility <VISIBLE> and view.getGlobalVisibleRect() covers at least <75> percent of the view's area)}' assertion on view (view.getTag() is "dashboard-view-transactions-button" and view has effective visibility <VISIBLE>)
03-14 22:51:19.268  7965  7965 I ViewInteraction: Checking 'MatchesViewAssertion(Detox){viewMatcher=(view has effective visibility <VISIBLE> and view.getGlobalVisibleRect() covers at least <75> percent of the view's area)}' assertion on view (view.getTag() is "dashboard-view-transactions-button" and view has effective visibility <VISIBLE>)
03-14 22:51:19.305  7965  7965 I ViewInteraction: Checking 'MatchesViewAssertion(Detox){viewMatcher=(view has effective visibility <VISIBLE> and view.getGlobalVisibleRect() covers at least <75> percent of the view's area)}' assertion on view (view.getTag() is "dashboard-view-transactions-button" and view has effective visibility <VISIBLE>)
03-14 22:51:19.342  7965  7965 I ViewInteraction: Checking 'MatchesViewAssertion(Detox){viewMatcher=(view has effective visibility <VISIBLE> and view.getGlobalVisibleRect() covers at least <75> percent of the view's area)}' assertion on view (view.getTag() is "dashboard-view-transactions-button" and view has effective visibility <VISIBLE>)
03-14 22:51:19.386  7965  7965 I ViewInteraction: Checking 'MatchesViewAssertion(Detox){viewMatcher=(view has effective visibility <VISIBLE> and view.getGlobalVisibleRect() covers at least <75> percent of the view's area)}' assertion on view (view.getTag() is "dashboard-view-transactions-button" and view has effective visibility <VISIBLE>)
03-14 22:51:19.421  7965  7965 I ViewInteraction: Checking 'MatchesViewAssertion(Detox){viewMatcher=(view has effective visibility <VISIBLE> and view.getGlobalVisibleRect() covers at least <75> percent of the view's area)}' assertion on view (view.getTag() is "dashboard-view-transactions-button" and view has effective visibility <VISIBLE>)
03-14 22:51:19.466  7965  7965 I ViewInteraction: Checking 'MatchesViewAssertion(Detox){viewMatcher=(view has effective visibility <VISIBLE> and view.getGlobalVisibleRect() covers at least <75> percent of the view's area)}' assertion on view (view.getTag() is "dashboard-view-transactions-button" and view has effective visibility <VISIBLE>)
03-14 22:51:19.502  7965  7965 I ViewInteraction: Checking 'MatchesViewAssertion(Detox){viewMatcher=(view has effective visibility <VISIBLE> and view.getGlobalVisibleRect() covers at least <75> percent of the view's area)}' assertion on view (view.getTag() is "dashboard-view-transactions-button" and view has effective visibility <VISIBLE>)
03-14 22:51:19.546  7965  7965 I ViewInteraction: Checking 'MatchesViewAssertion(Detox){viewMatcher=(view has effective visibility <VISIBLE> and view.getGlobalVisibleRect() covers at least <75> percent of the view's area)}' assertion on view (view.getTag() is "dashboard-view-transactions-button" and view has effective visibility <VISIBLE>)
03-14 22:51:19.585  7965  7965 I ViewInteraction: Checking 'MatchesViewAssertion(Detox){viewMatcher=(view has effective visibility <VISIBLE> and view.getGlobalVisibleRect() covers at least <75> percent of the view's area)}' assertion on view (view.getTag() is "dashboard-view-transactions-button" and view has effective visibility <VISIBLE>)
03-14 22:51:19.621  7965  7965 I ViewInteraction: Checking 'MatchesViewAssertion(Detox){viewMatcher=(view has effective visibility <VISIBLE> and view.getGlobalVisibleRect() covers at least <75> percent of the view's area)}' assertion on view (view.getTag() is "dashboard-view-transactions-button" and view has effective visibility <VISIBLE>)
03-14 22:51:19.655  7965  7965 I ViewInteraction: Checking 'MatchesViewAssertion(Detox){viewMatcher=(view has effective visibility <VISIBLE> and view.getGlobalVisibleRect() covers at least <75> percent of the view's area)}' assertion on view (view.getTag() is "dashboard-view-transactions-button" and view has effective visibility <VISIBLE>)
03-14 22:51:19.702  7965  7965 I ViewInteraction: Checking 'MatchesViewAssertion(Detox){viewMatcher=(view has effective visibility <VISIBLE> and view.getGlobalVisibleRect() covers at least <75> percent of the view's area)}' assertion on view (view.getTag() is "dashboard-view-transactions-button" and view has effective visibility <VISIBLE>)
03-14 22:51:19.750  7965  7965 I ViewInteraction: Checking 'MatchesViewAssertion(Detox){viewMatcher=(view has effective visibility <VISIBLE> and view.getGlobalVisibleRect() covers at least <75> percent of the view's area)}' assertion on view (view.getTag() is "dashboard-view-transactions-button" and view has effective visibility <VISIBLE>)
03-14 22:51:19.784  7965  7965 I ViewInteraction: Checking 'MatchesViewAssertion(Detox){viewMatcher=(view has effective visibility <VISIBLE> and view.getGlobalVisibleRect() covers at least <75> percent of the view's area)}' assertion on view (view.getTag() is "dashboard-view-transactions-button" and view has effective visibility <VISIBLE>)
03-14 22:51:19.819  7965  7965 I ViewInteraction: Checking 'MatchesViewAssertion(Detox){viewMatcher=(view has effective visibility <VISIBLE> and view.getGlobalVisibleRect() covers at least <75> percent of the view's area)}' assertion on view (view.getTag() is "dashboard-view-transactions-button" and view has effective visibility <VISIBLE>)
03-14 22:51:19.854  7965  7965 I ViewInteraction: Checking 'MatchesViewAssertion(Detox){viewMatcher=(view has effective visibility <VISIBLE> and view.getGlobalVisibleRect() covers at least <75> percent of the view's area)}' assertion on view (view.getTag() is "dashboard-view-transactions-button" and view has effective visibility <VISIBLE>)
03-14 22:51:19.889  7965  7965 I ViewInteraction: Checking 'MatchesViewAssertion(Detox){viewMatcher=(view has effective visibility <VISIBLE> and view.getGlobalVisibleRect() covers at least <75> percent of the view's area)}' assertion on view (view.getTag() is "dashboard-view-transactions-button" and view has effective visibility <VISIBLE>)
03-14 22:51:19.923  7965  7965 I ViewInteraction: Checking 'MatchesViewAssertion(Detox){viewMatcher=(view has effective visibility <VISIBLE> and view.getGlobalVisibleRect() covers at least <75> percent of the view's area)}' assertion on view (view.getTag() is "dashboard-view-transactions-button" and view has effective visibility <VISIBLE>)
03-14 22:51:19.957  7965  7965 I ViewInteraction: Checking 'MatchesViewAssertion(Detox){viewMatcher=(view has effective visibility <VISIBLE> and view.getGlobalVisibleRect() covers at least <75> percent of the view's area)}' assertion on view (view.getTag() is "dashboard-view-transactions-button" and view has effective visibility <VISIBLE>)
03-14 22:51:19.991  7965  7965 I ViewInteraction: Checking 'MatchesViewAssertion(Detox){viewMatcher=(view has effective visibility <VISIBLE> and view.getGlobalVisibleRect() covers at least <75> percent of the view's area)}' assertion on view (view.getTag() is "dashboard-view-transactions-button" and view has effective visibility <VISIBLE>)
03-14 22:51:20.025  7965  7965 I ViewInteraction: Checking 'MatchesViewAssertion(Detox){viewMatcher=(view has effective visibility <VISIBLE> and view.getGlobalVisibleRect() covers at least <75> percent of the view's area)}' assertion on view (view.getTag() is "dashboard-view-transactions-button" and view has effective visibility <VISIBLE>)
03-14 22:51:20.065  7965  7965 I ViewInteraction: Checking 'MatchesViewAssertion(Detox){viewMatcher=(view has effective visibility <VISIBLE> and view.getGlobalVisibleRect() covers at least <75> percent of the view's area)}' assertion on view (view.getTag() is "dashboard-view-transactions-button" and view has effective visibility <VISIBLE>)
03-14 22:51:20.100  7965  7965 I ViewInteraction: Checking 'MatchesViewAssertion(Detox){viewMatcher=(view has effective visibility <VISIBLE> and view.getGlobalVisibleRect() covers at least <75> percent of the view's area)}' assertion on view (view.getTag() is "dashboard-view-transactions-button" and view has effective visibility <VISIBLE>)
03-14 22:51:20.134  7965  7965 I ViewInteraction: Checking 'MatchesViewAssertion(Detox){viewMatcher=(view has effective visibility <VISIBLE> and view.getGlobalVisibleRect() covers at least <75> percent of the view's area)}' assertion on view (view.getTag() is "dashboard-view-transactions-button" and view has effective visibility <VISIBLE>)
03-14 22:51:20.172  7965  8003 D EGL_emulation: app_time_stats: avg=500.09ms min=499.47ms max=500.72ms count=2
03-14 22:51:20.186  7965  7965 I ViewInteraction: Checking 'MatchesViewAssertion(Detox){viewMatcher=(view has effective visibility <VISIBLE> and view.getGlobalVisibleRect() covers at least <75> percent of the view's area)}' assertion on view (view.getTag() is "dashboard-view-transactions-button" and view has effective visibility <VISIBLE>)
03-14 22:51:20.226  7965  7965 I ViewInteraction: Checking 'MatchesViewAssertion(Detox){viewMatcher=(view has effective visibility <VISIBLE> and view.getGlobalVisibleRect() covers at least <75> percent of the view's area)}' assertion on view (view.getTag() is "dashboard-view-transactions-button" and view has effective visibility <VISIBLE>)
03-14 22:51:20.261  7965  8017 D TrafficStats: tagSocket(136) with statsTag=0xffffffff, statsUid=-1
03-14 22:51:20.274  7965  7965 I ViewInteraction: Checking 'MatchesViewAssertion(Detox){viewMatcher=(view has effective visibility <VISIBLE> and view.getGlobalVisibleRect() covers at least <75> percent of the view's area)}' assertion on view (view.getTag() is "dashboard-view-transactions-button" and view has effective visibility <VISIBLE>)
03-14 22:51:20.310  7965  7965 I ViewInteraction: Checking 'MatchesViewAssertion(Detox){viewMatcher=(view has effective visibility <VISIBLE> and view.getGlobalVisibleRect() covers at least <75> percent of the view's area)}' assertion on view (view.getTag() is "dashboard-view-transactions-button" and view has effective visibility <VISIBLE>)
03-14 22:51:20.344  7965  7965 I ViewInteraction: Checking 'MatchesViewAssertion(Detox){viewMatcher=(view has effective visibility <VISIBLE> and view.getGlobalVisibleRect() covers at least <75> percent of the view's area)}' assertion on view (view.getTag() is "dashboard-view-transactions-button" and view has effective visibility <VISIBLE>)
03-14 22:51:20.379  7965  7965 I ViewInteraction: Checking 'MatchesViewAssertion(Detox){viewMatcher=(view has effective visibility <VISIBLE> and view.getGlobalVisibleRect() covers at least <75> percent of the view's area)}' assertion on view (view.getTag() is "dashboard-view-transactions-button" and view has effective visibility <VISIBLE>)
03-14 22:51:20.420  7965  7965 I ViewInteraction: Checking 'MatchesViewAssertion(Detox){viewMatcher=(view has effective visibility <VISIBLE> and view.getGlobalVisibleRect() covers at least <75> percent of the view's area)}' assertion on view (view.getTag() is "dashboard-view-transactions-button" and view has effective visibility <VISIBLE>)
03-14 22:51:20.473  7965  7970 I .studentfinance: Background concurrent mark compact GC freed 9016KB AllocSpace bytes, 79(4140KB) LOS objects, 49% free, 11MB/22MB, paused 362us,6.406ms total 68.265ms
03-14 22:51:20.487  7965  7965 I ViewInteraction: Checking 'MatchesViewAssertion(Detox){viewMatcher=(view has effective visibility <VISIBLE> and view.getGlobalVisibleRect() covers at least <75> percent of the view's area)}' assertion on view (view.getTag() is "dashboard-view-transactions-button" and view has effective visibility <VISIBLE>)
03-14 22:51:20.523  7965  7965 I ViewInteraction: Checking 'MatchesViewAssertion(Detox){viewMatcher=(view has effective visibility <VISIBLE> and view.getGlobalVisibleRect() covers at least <75> percent of the view's area)}' assertion on view (view.getTag() is "dashboard-view-transactions-button" and view has effective visibility <VISIBLE>)
03-14 22:51:20.559  7965  7965 I ViewInteraction: Checking 'MatchesViewAssertion(Detox){viewMatcher=(view has effective visibility <VISIBLE> and view.getGlobalVisibleRect() covers at least <75> percent of the view's area)}' assertion on view (view.getTag() is "dashboard-view-transactions-button" and view has effective visibility <VISIBLE>)
03-14 22:51:20.594  7965  7965 I ViewInteraction: Checking 'MatchesViewAssertion(Detox){viewMatcher=(view has effective visibility <VISIBLE> and view.getGlobalVisibleRect() covers at least <75> percent of the view's area)}' assertion on view (view.getTag() is "dashboard-view-transactions-button" and view has effective visibility <VISIBLE>)
03-14 22:51:20.629  7965  7965 I ViewInteraction: Checking 'MatchesViewAssertion(Detox){viewMatcher=(view has effective visibility <VISIBLE> and view.getGlobalVisibleRect() covers at least <75> percent of the view's area)}' assertion on view (view.getTag() is "dashboard-view-transactions-button" and view has effective visibility <VISIBLE>)
03-14 22:51:20.692  7965  7965 I ViewInteraction: Checking 'MatchesViewAssertion(Detox){viewMatcher=(view has effective visibility <VISIBLE> and view.getGlobalVisibleRect() covers at least <75> percent of the view's area)}' assertion on view (view.getTag() is "dashboard-view-transactions-button" and view has effective visibility <VISIBLE>)
03-14 22:51:20.734  7965  7965 I ViewInteraction: Checking 'MatchesViewAssertion(Detox){viewMatcher=(view has effective visibility <VISIBLE> and view.getGlobalVisibleRect() covers at least <75> percent of the view's area)}' assertion on view (view.getTag() is "dashboard-view-transactions-button" and view has effective visibility <VISIBLE>)
03-14 22:51:20.776  7965  7965 I ViewInteraction: Checking 'MatchesViewAssertion(Detox){viewMatcher=(view has effective visibility <VISIBLE> and view.getGlobalVisibleRect() covers at least <75> percent of the view's area)}' assertion on view (view.getTag() is "dashboard-view-transactions-button" and view has effective visibility <VISIBLE>)
03-14 22:51:20.816  7965  7965 I ViewInteraction: Checking 'MatchesViewAssertion(Detox){viewMatcher=(view has effective visibility <VISIBLE> and view.getGlobalVisibleRect() covers at least <75> percent of the view's area)}' assertion on view (view.getTag() is "dashboard-view-transactions-button" and view has effective visibility <VISIBLE>)
03-14 22:51:20.865  7965  7965 I ViewInteraction: Checking 'MatchesViewAssertion(Detox){viewMatcher=(view has effective visibility <VISIBLE> and view.getGlobalVisibleRect() covers at least <75> percent of the view's area)}' assertion on view (view.getTag() is "dashboard-view-transactions-button" and view has effective visibility <VISIBLE>)
03-14 22:51:20.902  7965  7965 I ViewInteraction: Checking 'MatchesViewAssertion(Detox){viewMatcher=(view has effective visibility <VISIBLE> and view.getGlobalVisibleRect() covers at least <75> percent of the view's area)}' assertion on view (view.getTag() is "dashboard-view-transactions-button" and view has effective visibility <VISIBLE>)
03-14 22:51:20.952  7965  7965 I ViewInteraction: Checking 'MatchesViewAssertion(Detox){viewMatcher=(view has effective visibility <VISIBLE> and view.getGlobalVisibleRect() covers at least <75> percent of the view's area)}' assertion on view (view.getTag() is "dashboard-view-transactions-button" and view has effective visibility <VISIBLE>)
03-14 22:51:20.988  7965  7965 I ViewInteraction: Checking 'MatchesViewAssertion(Detox){viewMatcher=(view has effective visibility <VISIBLE> and view.getGlobalVisibleRect() covers at least <75> percent of the view's area)}' assertion on view (view.getTag() is "dashboard-view-transactions-button" and view has effective visibility <VISIBLE>)
03-14 22:51:21.023  7965  7965 I ViewInteraction: Checking 'MatchesViewAssertion(Detox){viewMatcher=(view has effective visibility <VISIBLE> and view.getGlobalVisibleRect() covers at least <75> percent of the view's area)}' assertion on view (view.getTag() is "dashboard-view-transactions-button" and view has effective visibility <VISIBLE>)
03-14 22:51:21.059  7965  7965 I ViewInteraction: Checking 'MatchesViewAssertion(Detox){viewMatcher=(view has effective visibility <VISIBLE> and view.getGlobalVisibleRect() covers at least <75> percent of the view's area)}' assertion on view (view.getTag() is "dashboard-view-transactions-button" and view has effective visibility <VISIBLE>)
03-14 22:51:21.115  7965  7965 I ViewInteraction: Checking 'MatchesViewAssertion(Detox){viewMatcher=(view has effective visibility <VISIBLE> and view.getGlobalVisibleRect() covers at least <75> percent of the view's area)}' assertion on view (view.getTag() is "dashboard-view-transactions-button" and view has effective visibility <VISIBLE>)
03-14 22:51:21.155  7965  7965 I ViewInteraction: Checking 'MatchesViewAssertion(Detox){viewMatcher=(view has effective visibility <VISIBLE> and view.getGlobalVisibleRect() covers at least <75> percent of the view's area)}' assertion on view (view.getTag() is "dashboard-view-transactions-button" and view has effective visibility <VISIBLE>)
03-14 22:51:21.175  7965  8483 D TrafficStats: tagSocket(132) with statsTag=0xffffffff, statsUid=-1
03-14 22:51:21.205  7965  7965 I ViewInteraction: Checking 'MatchesViewAssertion(Detox){viewMatcher=(view has effective visibility <VISIBLE> and view.getGlobalVisibleRect() covers at least <75> percent of the view's area)}' assertion on view (view.getTag() is "dashboard-view-transactions-button" and view has effective visibility <VISIBLE>)
03-14 22:51:21.246  7965  7965 I ViewInteraction: Checking 'MatchesViewAssertion(Detox){viewMatcher=(view has effective visibility <VISIBLE> and view.getGlobalVisibleRect() covers at least <75> percent of the view's area)}' assertion on view (view.getTag() is "dashboard-view-transactions-button" and view has effective visibility <VISIBLE>)
03-14 22:51:21.285  7965  7965 I ViewInteraction: Checking 'MatchesViewAssertion(Detox){viewMatcher=(view has effective visibility <VISIBLE> and view.getGlobalVisibleRect() covers at least <75> percent of the view's area)}' assertion on view (view.getTag() is "dashboard-view-transactions-button" and view has effective visibility <VISIBLE>)
03-14 22:51:21.321  7965  7965 I ViewInteraction: Checking 'MatchesViewAssertion(Detox){viewMatcher=(view has effective visibility <VISIBLE> and view.getGlobalVisibleRect() covers at least <75> percent of the view's area)}' assertion on view (view.getTag() is "dashboard-view-transactions-button" and view has effective visibility <VISIBLE>)
03-14 22:51:21.356  7965  7965 I ViewInteraction: Checking 'MatchesViewAssertion(Detox){viewMatcher=(view has effective visibility <VISIBLE> and view.getGlobalVisibleRect() covers at least <75> percent of the view's area)}' assertion on view (view.getTag() is "dashboard-view-transactions-button" and view has effective visibility <VISIBLE>)
03-14 22:51:21.392  7965  7965 I ViewInteraction: Checking 'MatchesViewAssertion(Detox){viewMatcher=(view has effective visibility <VISIBLE> and view.getGlobalVisibleRect() covers at least <75> percent of the view's area)}' assertion on view (view.getTag() is "dashboard-view-transactions-button" and view has effective visibility <VISIBLE>)
03-14 22:51:21.434  7965  7965 I ViewInteraction: Checking 'MatchesViewAssertion(Detox){viewMatcher=(view has effective visibility <VISIBLE> and view.getGlobalVisibleRect() covers at least <75> percent of the view's area)}' assertion on view (view.getTag() is "dashboard-view-transactions-button" and view has effective visibility <VISIBLE>)
03-14 22:51:21.481  7965  7965 I ViewInteraction: Checking 'MatchesViewAssertion(Detox){viewMatcher=(view has effective visibility <VISIBLE> and view.getGlobalVisibleRect() covers at least <75> percent of the view's area)}' assertion on view (view.getTag() is "dashboard-view-transactions-button" and view has effective visibility <VISIBLE>)
03-14 22:51:21.516  7965  7965 I ViewInteraction: Checking 'MatchesViewAssertion(Detox){viewMatcher=(view has effective visibility <VISIBLE> and view.getGlobalVisibleRect() covers at least <75> percent of the view's area)}' assertion on view (view.getTag() is "dashboard-view-transactions-button" and view has effective visibility <VISIBLE>)
03-14 22:51:21.551  7965  7965 I ViewInteraction: Checking 'MatchesViewAssertion(Detox){viewMatcher=(view has effective visibility <VISIBLE> and view.getGlobalVisibleRect() covers at least <75> percent of the view's area)}' assertion on view (view.getTag() is "dashboard-view-transactions-button" and view has effective visibility <VISIBLE>)
03-14 22:51:21.600  7965  7965 I ViewInteraction: Checking 'MatchesViewAssertion(Detox){viewMatcher=(view has effective visibility <VISIBLE> and view.getGlobalVisibleRect() covers at least <75> percent of the view's area)}' assertion on view (view.getTag() is "dashboard-view-transactions-button" and view has effective visibility <VISIBLE>)
03-14 22:51:21.643  7965  7965 I ViewInteraction: Checking 'MatchesViewAssertion(Detox){viewMatcher=(view has effective visibility <VISIBLE> and view.getGlobalVisibleRect() covers at least <75> percent of the view's area)}' assertion on view (view.getTag() is "dashboard-view-transactions-button" and view has effective visibility <VISIBLE>)
03-14 22:51:21.671  7965  8003 D EGL_emulation: app_time_stats: avg=499.75ms min=498.66ms max=500.67ms count=3
03-14 22:51:21.684  7965  7965 I ViewInteraction: Checking 'MatchesViewAssertion(Detox){viewMatcher=(view has effective visibility <VISIBLE> and view.getGlobalVisibleRect() covers at least <75> percent of the view's area)}' assertion on view (view.getTag() is "dashboard-view-transactions-button" and view has effective visibility <VISIBLE>)
03-14 22:51:21.727  7965  7965 I ViewInteraction: Checking 'MatchesViewAssertion(Detox){viewMatcher=(view has effective visibility <VISIBLE> and view.getGlobalVisibleRect() covers at least <75> percent of the view's area)}' assertion on view (view.getTag() is "dashboard-view-transactions-button" and view has effective visibility <VISIBLE>)
03-14 22:51:21.762  7965  7965 I ViewInteraction: Checking 'MatchesViewAssertion(Detox){viewMatcher=(view has effective visibility <VISIBLE> and view.getGlobalVisibleRect() covers at least <75> percent of the view's area)}' assertion on view (view.getTag() is "dashboard-view-transactions-button" and view has effective visibility <VISIBLE>)
03-14 22:51:21.796  7965  7965 I ViewInteraction: Checking 'MatchesViewAssertion(Detox){viewMatcher=(view has effective visibility <VISIBLE> and view.getGlobalVisibleRect() covers at least <75> percent of the view's area)}' assertion on view (view.getTag() is "dashboard-view-transactions-button" and view has effective visibility <VISIBLE>)
03-14 22:51:21.830  7965  7965 I ViewInteraction: Checking 'MatchesViewAssertion(Detox){viewMatcher=(view has effective visibility <VISIBLE> and view.getGlobalVisibleRect() covers at least <75> percent of the view's area)}' assertion on view (view.getTag() is "dashboard-view-transactions-button" and view has effective visibility <VISIBLE>)
03-14 22:51:21.864  7965  7965 I ViewInteraction: Checking 'MatchesViewAssertion(Detox){viewMatcher=(view has effective visibility <VISIBLE> and view.getGlobalVisibleRect() covers at least <75> percent of the view's area)}' assertion on view (view.getTag() is "dashboard-view-transactions-button" and view has effective visibility <VISIBLE>)
03-14 22:51:21.899  7965  7965 I ViewInteraction: Checking 'MatchesViewAssertion(Detox){viewMatcher=(view has effective visibility <VISIBLE> and view.getGlobalVisibleRect() covers at least <75> percent of the view's area)}' assertion on view (view.getTag() is "dashboard-view-transactions-button" and view has effective visibility <VISIBLE>)
03-14 22:51:21.933  7965  7965 I ViewInteraction: Checking 'MatchesViewAssertion(Detox){viewMatcher=(view has effective visibility <VISIBLE> and view.getGlobalVisibleRect() covers at least <75> percent of the view's area)}' assertion on view (view.getTag() is "dashboard-view-transactions-button" and view has effective visibility <VISIBLE>)
03-14 22:51:21.968  7965  7965 I ViewInteraction: Checking 'MatchesViewAssertion(Detox){viewMatcher=(view has effective visibility <VISIBLE> and view.getGlobalVisibleRect() covers at least <75> percent of the view's area)}' assertion on view (view.getTag() is "dashboard-view-transactions-button" and view has effective visibility <VISIBLE>)
03-14 22:51:22.005  7965  7965 I ViewInteraction: Checking 'MatchesViewAssertion(Detox){viewMatcher=(view has effective visibility <VISIBLE> and view.getGlobalVisibleRect() covers at least <75> percent of the view's area)}' assertion on view (view.getTag() is "dashboard-view-transactions-button" and view has effective visibility <VISIBLE>)
03-14 22:51:22.040  7965  7965 I ViewInteraction: Checking 'MatchesViewAssertion(Detox){viewMatcher=(view has effective visibility <VISIBLE> and view.getGlobalVisibleRect() covers at least <75> percent of the view's area)}' assertion on view (view.getTag() is "dashboard-view-transactions-button" and view has effective visibility <VISIBLE>)
03-14 22:51:22.093  7965  7965 I ViewInteraction: Checking 'MatchesViewAssertion(Detox){viewMatcher=(view has effective visibility <VISIBLE> and view.getGlobalVisibleRect() covers at least <75> percent of the view's area)}' assertion on view (view.getTag() is "dashboard-view-transactions-button" and view has effective visibility <VISIBLE>)
03-14 22:51:22.132  7965  7965 I ViewInteraction: Checking 'MatchesViewAssertion(Detox){viewMatcher=(view has effective visibility <VISIBLE> and view.getGlobalVisibleRect() covers at least <75> percent of the view's area)}' assertion on view (view.getTag() is "dashboard-view-transactions-button" and view has effective visibility <VISIBLE>)
03-14 22:51:22.186  7965  7965 I ViewInteraction: Checking 'MatchesViewAssertion(Detox){viewMatcher=(view has effective visibility <VISIBLE> and view.getGlobalVisibleRect() covers at least <75> percent of the view's area)}' assertion on view (view.getTag() is "dashboard-view-transactions-button" and view has effective visibility <VISIBLE>)
03-14 22:51:22.223  7965  7965 I ViewInteraction: Checking 'MatchesViewAssertion(Detox){viewMatcher=(view has effective visibility <VISIBLE> and view.getGlobalVisibleRect() covers at least <75> percent of the view's area)}' assertion on view (view.getTag() is "dashboard-view-transactions-button" and view has effective visibility <VISIBLE>)
03-14 22:51:22.271  7965  7965 I ViewInteraction: Checking 'MatchesViewAssertion(Detox){viewMatcher=(view has effective visibility <VISIBLE> and view.getGlobalVisibleRect() covers at least <75> percent of the view's area)}' assertion on view (view.getTag() is "dashboard-view-transactions-button" and view has effective visibility <VISIBLE>)
03-14 22:51:22.276  7965  8017 D TrafficStats: tagSocket(141) with statsTag=0xffffffff, statsUid=-1
03-14 22:51:22.307  7965  7965 I ViewInteraction: Checking 'MatchesViewAssertion(Detox){viewMatcher=(view has effective visibility <VISIBLE> and view.getGlobalVisibleRect() covers at least <75> percent of the view's area)}' assertion on view (view.getTag() is "dashboard-view-transactions-button" and view has effective visibility <VISIBLE>)
03-14 22:51:22.345  7965  7965 I ViewInteraction: Checking 'MatchesViewAssertion(Detox){viewMatcher=(view has effective visibility <VISIBLE> and view.getGlobalVisibleRect() covers at least <75> percent of the view's area)}' assertion on view (view.getTag() is "dashboard-view-transactions-button" and view has effective visibility <VISIBLE>)
03-14 22:51:22.387  7965  7965 I ViewInteraction: Checking 'MatchesViewAssertion(Detox){viewMatcher=(view has effective visibility <VISIBLE> and view.getGlobalVisibleRect() covers at least <75> percent of the view's area)}' assertion on view (view.getTag() is "dashboard-view-transactions-button" and view has effective visibility <VISIBLE>)
03-14 22:51:22.423  7965  7965 I ViewInteraction: Checking 'MatchesViewAssertion(Detox){viewMatcher=(view has effective visibility <VISIBLE> and view.getGlobalVisibleRect() covers at least <75> percent of the view's area)}' assertion on view (view.getTag() is "dashboard-view-transactions-button" and view has effective visibility <VISIBLE>)
03-14 22:51:22.466  7965  7965 I ViewInteraction: Checking 'MatchesViewAssertion(Detox){viewMatcher=(view has effective visibility <VISIBLE> and view.getGlobalVisibleRect() covers at least <75> percent of the view's area)}' assertion on view (view.getTag() is "dashboard-view-transactions-button" and view has effective visibility <VISIBLE>)
03-14 22:51:22.503  7965  7965 I ViewInteraction: Checking 'MatchesViewAssertion(Detox){viewMatcher=(view has effective visibility <VISIBLE> and view.getGlobalVisibleRect() covers at least <75> percent of the view's area)}' assertion on view (view.getTag() is "dashboard-view-transactions-button" and view has effective visibility <VISIBLE>)
03-14 22:51:22.537  7965  7965 I ViewInteraction: Checking 'MatchesViewAssertion(Detox){viewMatcher=(view has effective visibility <VISIBLE> and view.getGlobalVisibleRect() covers at least <75> percent of the view's area)}' assertion on view (view.getTag() is "dashboard-view-transactions-button" and view has effective visibility <VISIBLE>)
03-14 22:51:22.571  7965  7965 I ViewInteraction: Checking 'MatchesViewAssertion(Detox){viewMatcher=(view has effective visibility <VISIBLE> and view.getGlobalVisibleRect() covers at least <75> percent of the view's area)}' assertion on view (view.getTag() is "dashboard-view-transactions-button" and view has effective visibility <VISIBLE>)
03-14 22:51:22.605  7965  7965 I ViewInteraction: Checking 'MatchesViewAssertion(Detox){viewMatcher=(view has effective visibility <VISIBLE> and view.getGlobalVisibleRect() covers at least <75> percent of the view's area)}' assertion on view (view.getTag() is "dashboard-view-transactions-button" and view has effective visibility <VISIBLE>)
03-14 22:51:22.640  7965  7965 I ViewInteraction: Checking 'MatchesViewAssertion(Detox){viewMatcher=(view has effective visibility <VISIBLE> and view.getGlobalVisibleRect() covers at least <75> percent of the view's area)}' assertion on view (view.getTag() is "dashboard-view-transactions-button" and view has effective visibility <VISIBLE>)
03-14 22:51:22.673  7965  8003 D EGL_emulation: app_time_stats: avg=500.71ms min=500.11ms max=501.31ms count=2
03-14 22:51:22.701  7965  7965 I ViewInteraction: Checking 'MatchesViewAssertion(Detox){viewMatcher=(view has effective visibility <VISIBLE> and view.getGlobalVisibleRect() covers at least <75> percent of the view's area)}' assertion on view (view.getTag() is "dashboard-view-transactions-button" and view has effective visibility <VISIBLE>)
03-14 22:51:22.741  7965  7965 I ViewInteraction: Checking 'MatchesViewAssertion(Detox){viewMatcher=(view has effective visibility <VISIBLE> and view.getGlobalVisibleRect() covers at least <75> percent of the view's area)}' assertion on view (view.getTag() is "dashboard-view-transactions-button" and view has effective visibility <VISIBLE>)
03-14 22:51:22.781  7965  7965 I ViewInteraction: Checking 'MatchesViewAssertion(Detox){viewMatcher=(view has effective visibility <VISIBLE> and view.getGlobalVisibleRect() covers at least <75> percent of the view's area)}' assertion on view (view.getTag() is "dashboard-view-transactions-button" and view has effective visibility <VISIBLE>)
03-14 22:51:22.815  7965  7965 I ViewInteraction: Checking 'MatchesViewAssertion(Detox){viewMatcher=(view has effective visibility <VISIBLE> and view.getGlobalVisibleRect() covers at least <75> percent of the view's area)}' assertion on view (view.getTag() is "dashboard-view-transactions-button" and view has effective visibility <VISIBLE>)
03-14 22:51:22.851  7965  7965 I ViewInteraction: Checking 'MatchesViewAssertion(Detox){viewMatcher=(view has effective visibility <VISIBLE> and view.getGlobalVisibleRect() covers at least <75> percent of the view's area)}' assertion on view (view.getTag() is "dashboard-view-transactions-button" and view has effective visibility <VISIBLE>)
03-14 22:51:22.886  7965  7965 I ViewInteraction: Checking 'MatchesViewAssertion(Detox){viewMatcher=(view has effective visibility <VISIBLE> and view.getGlobalVisibleRect() covers at least <75> percent of the view's area)}' assertion on view (view.getTag() is "dashboard-view-transactions-button" and view has effective visibility <VISIBLE>)
03-14 22:51:22.921  7965  7965 I ViewInteraction: Checking 'MatchesViewAssertion(Detox){viewMatcher=(view has effective visibility <VISIBLE> and view.getGlobalVisibleRect() covers at least <75> percent of the view's area)}' assertion on view (view.getTag() is "dashboard-view-transactions-button" and view has effective visibility <VISIBLE>)
03-14 22:51:22.957  7965  7965 I ViewInteraction: Checking 'MatchesViewAssertion(Detox){viewMatcher=(view has effective visibility <VISIBLE> and view.getGlobalVisibleRect() covers at least <75> percent of the view's area)}' assertion on view (view.getTag() is "dashboard-view-transactions-button" and view has effective visibility <VISIBLE>)
03-14 22:51:22.991  7965  7965 I ViewInteraction: Checking 'MatchesViewAssertion(Detox){viewMatcher=(view has effective visibility <VISIBLE> and view.getGlobalVisibleRect() covers at least <75> percent of the view's area)}' assertion on view (view.getTag() is "dashboard-view-transactions-button" and view has effective visibility <VISIBLE>)
03-14 22:51:23.025  7965  7965 I ViewInteraction: Checking 'MatchesViewAssertion(Detox){viewMatcher=(view has effective visibility <VISIBLE> and view.getGlobalVisibleRect() covers at least <75> percent of the view's area)}' assertion on view (view.getTag() is "dashboard-view-transactions-button" and view has effective visibility <VISIBLE>)
03-14 22:51:23.060  7965  7965 I ViewInteraction: Checking 'MatchesViewAssertion(Detox){viewMatcher=(view has effective visibility <VISIBLE> and view.getGlobalVisibleRect() covers at least <75> percent of the view's area)}' assertion on view (view.getTag() is "dashboard-view-transactions-button" and view has effective visibility <VISIBLE>)
03-14 22:51:23.096  7965  7965 I ViewInteraction: Checking 'MatchesViewAssertion(Detox){viewMatcher=(view has effective visibility <VISIBLE> and view.getGlobalVisibleRect() covers at least <75> percent of the view's area)}' assertion on view (view.getTag() is "dashboard-view-transactions-button" and view has effective visibility <VISIBLE>)
03-14 22:51:23.131  7965  7965 I ViewInteraction: Checking 'MatchesViewAssertion(Detox){viewMatcher=(view has effective visibility <VISIBLE> and view.getGlobalVisibleRect() covers at least <75> percent of the view's area)}' assertion on view (view.getTag() is "dashboard-view-transactions-button" and view has effective visibility <VISIBLE>)
03-14 22:51:23.179  7965  8483 D TrafficStats: tagSocket(142) with statsTag=0xffffffff, statsUid=-1
03-14 22:51:23.206  7965  7965 I ViewInteraction: Checking 'MatchesViewAssertion(Detox){viewMatcher=(view has effective visibility <VISIBLE> and view.getGlobalVisibleRect() covers at least <75> percent of the view's area)}' assertion on view (view.getTag() is "dashboard-view-transactions-button" and view has effective visibility <VISIBLE>)
03-14 22:51:23.243  7965  7965 I ViewInteraction: Checking 'MatchesViewAssertion(Detox){viewMatcher=(view has effective visibility <VISIBLE> and view.getGlobalVisibleRect() covers at least <75> percent of the view's area)}' assertion on view (view.getTag() is "dashboard-view-transactions-button" and view has effective visibility <VISIBLE>)
03-14 22:51:23.278  7965  7965 I ViewInteraction: Checking 'MatchesViewAssertion(Detox){viewMatcher=(view has effective visibility <VISIBLE> and view.getGlobalVisibleRect() covers at least <75> percent of the view's area)}' assertion on view (view.getTag() is "dashboard-view-transactions-button" and view has effective visibility <VISIBLE>)
03-14 22:51:23.313  7965  7965 I ViewInteraction: Checking 'MatchesViewAssertion(Detox){viewMatcher=(view has effective visibility <VISIBLE> and view.getGlobalVisibleRect() covers at least <75> percent of the view's area)}' assertion on view (view.getTag() is "dashboard-view-transactions-button" and view has effective visibility <VISIBLE>)
03-14 22:51:23.347  7965  7965 I ViewInteraction: Checking 'MatchesViewAssertion(Detox){viewMatcher=(view has effective visibility <VISIBLE> and view.getGlobalVisibleRect() covers at least <75> percent of the view's area)}' assertion on view (view.getTag() is "dashboard-view-transactions-button" and view has effective visibility <VISIBLE>)
03-14 22:51:23.383  7965  7965 I ViewInteraction: Checking 'MatchesViewAssertion(Detox){viewMatcher=(view has effective visibility <VISIBLE> and view.getGlobalVisibleRect() covers at least <75> percent of the view's area)}' assertion on view (view.getTag() is "dashboard-view-transactions-button" and view has effective visibility <VISIBLE>)
03-14 22:51:23.417  7965  7965 I ViewInteraction: Checking 'MatchesViewAssertion(Detox){viewMatcher=(view has effective visibility <VISIBLE> and view.getGlobalVisibleRect() covers at least <75> percent of the view's area)}' assertion on view (view.getTag() is "dashboard-view-transactions-button" and view has effective visibility <VISIBLE>)
03-14 22:51:23.455  7965  7965 I ViewInteraction: Checking 'MatchesViewAssertion(Detox){viewMatcher=(view has effective visibility <VISIBLE> and view.getGlobalVisibleRect() covers at least <75> percent of the view's area)}' assertion on view (view.getTag() is "dashboard-view-transactions-button" and view has effective visibility <VISIBLE>)
03-14 22:51:23.504  7965  7965 I ViewInteraction: Checking 'MatchesViewAssertion(Detox){viewMatcher=(view has effective visibility <VISIBLE> and view.getGlobalVisibleRect() covers at least <75> percent of the view's area)}' assertion on view (view.getTag() is "dashboard-view-transactions-button" and view has effective visibility <VISIBLE>)
03-14 22:51:23.538  7965  7965 I ViewInteraction: Checking 'MatchesViewAssertion(Detox){viewMatcher=(view has effective visibility <VISIBLE> and view.getGlobalVisibleRect() covers at least <75> percent of the view's area)}' assertion on view (view.getTag() is "dashboard-view-transactions-button" and view has effective visibility <VISIBLE>)
03-14 22:51:23.572  7965  7965 I ViewInteraction: Checking 'MatchesViewAssertion(Detox){viewMatcher=(view has effective visibility <VISIBLE> and view.getGlobalVisibleRect() covers at least <75> percent of the view's area)}' assertion on view (view.getTag() is "dashboard-view-transactions-button" and view has effective visibility <VISIBLE>)
03-14 22:51:23.616  7965  7965 I ViewInteraction: Checking 'MatchesViewAssertion(Detox){viewMatcher=(view has effective visibility <VISIBLE> and view.getGlobalVisibleRect() covers at least <75> percent of the view's area)}' assertion on view (view.getTag() is "dashboard-view-transactions-button" and view has effective visibility <VISIBLE>)
03-14 22:51:23.659  7965  7965 I ViewInteraction: Checking 'MatchesViewAssertion(Detox){viewMatcher=(view has effective visibility <VISIBLE> and view.getGlobalVisibleRect() covers at least <75> percent of the view's area)}' assertion on view (view.getTag() is "dashboard-view-transactions-button" and view has effective visibility <VISIBLE>)
03-14 22:51:23.710  7965  7965 I ViewInteraction: Checking 'MatchesViewAssertion(Detox){viewMatcher=(view has effective visibility <VISIBLE> and view.getGlobalVisibleRect() covers at least <75> percent of the view's area)}' assertion on view (view.getTag() is "dashboard-view-transactions-button" and view has effective visibility <VISIBLE>)
03-14 22:51:23.760  7965  7965 I ViewInteraction: Checking 'MatchesViewAssertion(Detox){viewMatcher=(view has effective visibility <VISIBLE> and view.getGlobalVisibleRect() covers at least <75> percent of the view's area)}' assertion on view (view.getTag() is "dashboard-view-transactions-button" and view has effective visibility <VISIBLE>)
03-14 22:51:23.809  7965  7965 I ViewInteraction: Checking 'MatchesViewAssertion(Detox){viewMatcher=(view has effective visibility <VISIBLE> and view.getGlobalVisibleRect() covers at least <75> percent of the view's area)}' assertion on view (view.getTag() is "dashboard-view-transactions-button" and view has effective visibility <VISIBLE>)
03-14 22:51:23.852  7965  7965 I ViewInteraction: Checking 'MatchesViewAssertion(Detox){viewMatcher=(view has effective visibility <VISIBLE> and view.getGlobalVisibleRect() covers at least <75> percent of the view's area)}' assertion on view (view.getTag() is "dashboard-view-transactions-button" and view has effective visibility <VISIBLE>)
03-14 22:51:23.892  7965  7965 I ViewInteraction: Checking 'MatchesViewAssertion(Detox){viewMatcher=(view has effective visibility <VISIBLE> and view.getGlobalVisibleRect() covers at least <75> percent of the view's area)}' assertion on view (view.getTag() is "dashboard-view-transactions-button" and view has effective visibility <VISIBLE>)
03-14 22:51:23.926  7965  7965 I ViewInteraction: Checking 'MatchesViewAssertion(Detox){viewMatcher=(view has effective visibility <VISIBLE> and view.getGlobalVisibleRect() covers at least <75> percent of the view's area)}' assertion on view (view.getTag() is "dashboard-view-transactions-button" and view has effective visibility <VISIBLE>)
03-14 22:51:23.962  7965  7965 I ViewInteraction: Checking 'MatchesViewAssertion(Detox){viewMatcher=(view has effective visibility <VISIBLE> and view.getGlobalVisibleRect() covers at least <75> percent of the view's area)}' assertion on view (view.getTag() is "dashboard-view-transactions-button" and view has effective visibility <VISIBLE>)
03-14 22:51:23.996  7965  7965 I ViewInteraction: Checking 'MatchesViewAssertion(Detox){viewMatcher=(view has effective visibility <VISIBLE> and view.getGlobalVisibleRect() covers at least <75> percent of the view's area)}' assertion on view (view.getTag() is "dashboard-view-transactions-button" and view has effective visibility <VISIBLE>)
03-14 22:51:24.031  7965  7965 I ViewInteraction: Checking 'MatchesViewAssertion(Detox){viewMatcher=(view has effective visibility <VISIBLE> and view.getGlobalVisibleRect() covers at least <75> percent of the view's area)}' assertion on view (view.getTag() is "dashboard-view-transactions-button" and view has effective visibility <VISIBLE>)
03-14 22:51:24.070  7965  7965 I ViewInteraction: Checking 'MatchesViewAssertion(Detox){viewMatcher=(view has effective visibility <VISIBLE> and view.getGlobalVisibleRect() covers at least <75> percent of the view's area)}' assertion on view (view.getTag() is "dashboard-view-transactions-button" and view has effective visibility <VISIBLE>)
03-14 22:51:24.109  7965  7965 I ViewInteraction: Checking 'MatchesViewAssertion(Detox){viewMatcher=(view has effective visibility <VISIBLE> and view.getGlobalVisibleRect() covers at least <75> percent of the view's area)}' assertion on view (view.getTag() is "dashboard-view-transactions-button" and view has effective visibility <VISIBLE>)
03-14 22:51:24.145  7965  7965 I ViewInteraction: Checking 'MatchesViewAssertion(Detox){viewMatcher=(view has effective visibility <VISIBLE> and view.getGlobalVisibleRect() covers at least <75> percent of the view's area)}' assertion on view (view.getTag() is "dashboard-view-transactions-button" and view has effective visibility <VISIBLE>)
03-14 22:51:24.189  7965  8003 D EGL_emulation: app_time_stats: avg=505.38ms min=498.84ms max=516.96ms count=3
03-14 22:51:24.214  7965  7965 I ViewInteraction: Checking 'MatchesViewAssertion(Detox){viewMatcher=(view has effective visibility <VISIBLE> and view.getGlobalVisibleRect() covers at least <75> percent of the view's area)}' assertion on view (view.getTag() is "dashboard-view-transactions-button" and view has effective visibility <VISIBLE>)
03-14 22:51:24.260  7965  7965 I ViewInteraction: Checking 'MatchesViewAssertion(Detox){viewMatcher=(view has effective visibility <VISIBLE> and view.getGlobalVisibleRect() covers at least <75> percent of the view's area)}' assertion on view (view.getTag() is "dashboard-view-transactions-button" and view has effective visibility <VISIBLE>)
03-14 22:51:24.283  7965  8017 D TrafficStats: tagSocket(110) with statsTag=0xffffffff, statsUid=-1
03-14 22:51:24.304  7965  7965 I ViewInteraction: Checking 'MatchesViewAssertion(Detox){viewMatcher=(view has effective visibility <VISIBLE> and view.getGlobalVisibleRect() covers at least <75> percent of the view's area)}' assertion on view (view.getTag() is "dashboard-view-transactions-button" and view has effective visibility <VISIBLE>)
03-14 22:51:24.339  7965  7965 I ViewInteraction: Checking 'MatchesViewAssertion(Detox){viewMatcher=(view has effective visibility <VISIBLE> and view.getGlobalVisibleRect() covers at least <75> percent of the view's area)}' assertion on view (view.getTag() is "dashboard-view-transactions-button" and view has effective visibility <VISIBLE>)
03-14 22:51:24.373  7965  7965 I ViewInteraction: Checking 'MatchesViewAssertion(Detox){viewMatcher=(view has effective visibility <VISIBLE> and view.getGlobalVisibleRect() covers at least <75> percent of the view's area)}' assertion on view (view.getTag() is "dashboard-view-transactions-button" and view has effective visibility <VISIBLE>)
03-14 22:51:24.407  7965  7965 I ViewInteraction: Checking 'MatchesViewAssertion(Detox){viewMatcher=(view has effective visibility <VISIBLE> and view.getGlobalVisibleRect() covers at least <75> percent of the view's area)}' assertion on view (view.getTag() is "dashboard-view-transactions-button" and view has effective visibility <VISIBLE>)
03-14 22:51:24.441  7965  7965 I ViewInteraction: Checking 'MatchesViewAssertion(Detox){viewMatcher=(view has effective visibility <VISIBLE> and view.getGlobalVisibleRect() covers at least <75> percent of the view's area)}' assertion on view (view.getTag() is "dashboard-view-transactions-button" and view has effective visibility <VISIBLE>)
03-14 22:51:24.489  7965  7965 I ViewInteraction: Checking 'MatchesViewAssertion(Detox){viewMatcher=(view has effective visibility <VISIBLE> and view.getGlobalVisibleRect() covers at least <75> percent of the view's area)}' assertion on view (view.getTag() is "dashboard-view-transactions-button" and view has effective visibility <VISIBLE>)
03-14 22:51:24.525  7965  7965 I ViewInteraction: Checking 'MatchesViewAssertion(Detox){viewMatcher=(view has effective visibility <VISIBLE> and view.getGlobalVisibleRect() covers at least <75> percent of the view's area)}' assertion on view (view.getTag() is "dashboard-view-transactions-button" and view has effective visibility <VISIBLE>)
03-14 22:51:24.560  7965  7965 I ViewInteraction: Checking 'MatchesViewAssertion(Detox){viewMatcher=(view has effective visibility <VISIBLE> and view.getGlobalVisibleRect() covers at least <75> percent of the view's area)}' assertion on view (view.getTag() is "dashboard-view-transactions-button" and view has effective visibility <VISIBLE>)
03-14 22:51:24.595  7965  7965 I ViewInteraction: Checking 'MatchesViewAssertion(Detox){viewMatcher=(view has effective visibility <VISIBLE> and view.getGlobalVisibleRect() covers at least <75> percent of the view's area)}' assertion on view (view.getTag() is "dashboard-view-transactions-button" and view has effective visibility <VISIBLE>)
03-14 22:51:24.632  7965  7965 I ViewInteraction: Checking 'MatchesViewAssertion(Detox){viewMatcher=(view has effective visibility <VISIBLE> and view.getGlobalVisibleRect() covers at least <75> percent of the view's area)}' assertion on view (view.getTag() is "dashboard-view-transactions-button" and view has effective visibility <VISIBLE>)
03-14 22:51:24.711  7965  7965 I ViewInteraction: Checking 'MatchesViewAssertion(Detox){viewMatcher=(view has effective visibility <VISIBLE> and view.getGlobalVisibleRect() covers at least <75> percent of the view's area)}' assertion on view (view.getTag() is "dashboard-view-transactions-button" and view has effective visibility <VISIBLE>)
03-14 22:51:24.750  7965  7965 I ViewInteraction: Checking 'MatchesViewAssertion(Detox){viewMatcher=(view has effective visibility <VISIBLE> and view.getGlobalVisibleRect() covers at least <75> percent of the view's area)}' assertion on view (view.getTag() is "dashboard-view-transactions-button" and view has effective visibility <VISIBLE>)
03-14 22:51:24.795  7965  7965 I ViewInteraction: Checking 'MatchesViewAssertion(Detox){viewMatcher=(view has effective visibility <VISIBLE> and view.getGlobalVisibleRect() covers at least <75> percent of the view's area)}' assertion on view (view.getTag() is "dashboard-view-transactions-button" and view has effective visibility <VISIBLE>)
03-14 22:51:24.842  7965  7965 I ViewInteraction: Checking 'MatchesViewAssertion(Detox){viewMatcher=(view has effective visibility <VISIBLE> and view.getGlobalVisibleRect() covers at least <75> percent of the view's area)}' assertion on view (view.getTag() is "dashboard-view-transactions-button" and view has effective visibility <VISIBLE>)
03-14 22:51:24.877  7965  7965 I ViewInteraction: Checking 'MatchesViewAssertion(Detox){viewMatcher=(view has effective visibility <VISIBLE> and view.getGlobalVisibleRect() covers at least <75> percent of the view's area)}' assertion on view (view.getTag() is "dashboard-view-transactions-button" and view has effective visibility <VISIBLE>)
03-14 22:51:24.912  7965  7965 I ViewInteraction: Checking 'MatchesViewAssertion(Detox){viewMatcher=(view has effective visibility <VISIBLE> and view.getGlobalVisibleRect() covers at least <75> percent of the view's area)}' assertion on view (view.getTag() is "dashboard-view-transactions-button" and view has effective visibility <VISIBLE>)
03-14 22:51:24.947  7965  7965 I ViewInteraction: Checking 'MatchesViewAssertion(Detox){viewMatcher=(view has effective visibility <VISIBLE> and view.getGlobalVisibleRect() covers at least <75> percent of the view's area)}' assertion on view (view.getTag() is "dashboard-view-transactions-button" and view has effective visibility <VISIBLE>)
03-14 22:51:24.981  7965  7965 I ViewInteraction: Checking 'MatchesViewAssertion(Detox){viewMatcher=(view has effective visibility <VISIBLE> and view.getGlobalVisibleRect() covers at least <75> percent of the view's area)}' assertion on view (view.getTag() is "dashboard-view-transactions-button" and view has effective visibility <VISIBLE>)
03-14 22:51:25.016  7965  7965 I ViewInteraction: Checking 'MatchesViewAssertion(Detox){viewMatcher=(view has effective visibility <VISIBLE> and view.getGlobalVisibleRect() covers at least <75> percent of the view's area)}' assertion on view (view.getTag() is "dashboard-view-transactions-button" and view has effective visibility <VISIBLE>)
03-14 22:51:25.054  7965  7965 I ViewInteraction: Checking 'MatchesViewAssertion(Detox){viewMatcher=(view has effective visibility <VISIBLE> and view.getGlobalVisibleRect() covers at least <75> percent of the view's area)}' assertion on view (view.getTag() is "dashboard-view-transactions-button" and view has effective visibility <VISIBLE>)
03-14 22:51:25.089  7965  7965 I ViewInteraction: Checking 'MatchesViewAssertion(Detox){viewMatcher=(view has effective visibility <VISIBLE> and view.getGlobalVisibleRect() covers at least <75> percent of the view's area)}' assertion on view (view.getTag() is "dashboard-view-transactions-button" and view has effective visibility <VISIBLE>)
03-14 22:51:25.123  7965  7965 I ViewInteraction: Checking 'MatchesViewAssertion(Detox){viewMatcher=(view has effective visibility <VISIBLE> and view.getGlobalVisibleRect() covers at least <75> percent of the view's area)}' assertion on view (view.getTag() is "dashboard-view-transactions-button" and view has effective visibility <VISIBLE>)
03-14 22:51:25.158  7965  7965 I ViewInteraction: Checking 'MatchesViewAssertion(Detox){viewMatcher=(view has effective visibility <VISIBLE> and view.getGlobalVisibleRect() covers at least <75> percent of the view's area)}' assertion on view (view.getTag() is "dashboard-view-transactions-button" and view has effective visibility <VISIBLE>)
03-14 22:51:25.188  7965  8483 D TrafficStats: tagSocket(136) with statsTag=0xffffffff, statsUid=-1
03-14 22:51:25.192  7965  8003 D EGL_emulation: app_time_stats: avg=501.65ms min=500.45ms max=502.85ms count=2
03-14 22:51:25.219  7965  7965 I ViewInteraction: Checking 'MatchesViewAssertion(Detox){viewMatcher=(view has effective visibility <VISIBLE> and view.getGlobalVisibleRect() covers at least <75> percent of the view's area)}' assertion on view (view.getTag() is "dashboard-view-transactions-button" and view has effective visibility <VISIBLE>)
03-14 22:51:25.258  7965  7965 I ViewInteraction: Checking 'MatchesViewAssertion(Detox){viewMatcher=(view has effective visibility <VISIBLE> and view.getGlobalVisibleRect() covers at least <75> percent of the view's area)}' assertion on view (view.getTag() is "dashboard-view-transactions-button" and view has effective visibility <VISIBLE>)
03-14 22:51:25.302  7965  7965 I ViewInteraction: Checking 'MatchesViewAssertion(Detox){viewMatcher=(view has effective visibility <VISIBLE> and view.getGlobalVisibleRect() covers at least <75> percent of the view's area)}' assertion on view (view.getTag() is "dashboard-view-transactions-button" and view has effective visibility <VISIBLE>)
03-14 22:51:25.350  7965  7965 I ViewInteraction: Checking 'MatchesViewAssertion(Detox){viewMatcher=(view has effective visibility <VISIBLE> and view.getGlobalVisibleRect() covers at least <75> percent of the view's area)}' assertion on view (view.getTag() is "dashboard-view-transactions-button" and view has effective visibility <VISIBLE>)
03-14 22:51:25.393  7965  7965 I ViewInteraction: Checking 'MatchesViewAssertion(Detox){viewMatcher=(view has effective visibility <VISIBLE> and view.getGlobalVisibleRect() covers at least <75> percent of the view's area)}' assertion on view (view.getTag() is "dashboard-view-transactions-button" and view has effective visibility <VISIBLE>)
03-14 22:51:25.442  7965  7965 I ViewInteraction: Checking 'MatchesViewAssertion(Detox){viewMatcher=(view has effective visibility <VISIBLE> and view.getGlobalVisibleRect() covers at least <75> percent of the view's area)}' assertion on view (view.getTag() is "dashboard-view-transactions-button" and view has effective visibility <VISIBLE>)
03-14 22:51:25.486  7965  7965 I ViewInteraction: Checking 'MatchesViewAssertion(Detox){viewMatcher=(view has effective visibility <VISIBLE> and view.getGlobalVisibleRect() covers at least <75> percent of the view's area)}' assertion on view (view.getTag() is "dashboard-view-transactions-button" and view has effective visibility <VISIBLE>)
03-14 22:51:25.532  7965  7965 I ViewInteraction: Checking 'MatchesViewAssertion(Detox){viewMatcher=(view has effective visibility <VISIBLE> and view.getGlobalVisibleRect() covers at least <75> percent of the view's area)}' assertion on view (view.getTag() is "dashboard-view-transactions-button" and view has effective visibility <VISIBLE>)
03-14 22:51:25.569  7965  7965 I ViewInteraction: Checking 'MatchesViewAssertion(Detox){viewMatcher=(view has effective visibility <VISIBLE> and view.getGlobalVisibleRect() covers at least <75> percent of the view's area)}' assertion on view (view.getTag() is "dashboard-view-transactions-button" and view has effective visibility <VISIBLE>)
03-14 22:51:25.604  7965  7965 I ViewInteraction: Checking 'MatchesViewAssertion(Detox){viewMatcher=(view has effective visibility <VISIBLE> and view.getGlobalVisibleRect() covers at least <75> percent of the view's area)}' assertion on view (view.getTag() is "dashboard-view-transactions-button" and view has effective visibility <VISIBLE>)
03-14 22:51:25.639  7965  7965 I ViewInteraction: Checking 'MatchesViewAssertion(Detox){viewMatcher=(view has effective visibility <VISIBLE> and view.getGlobalVisibleRect() covers at least <75> percent of the view's area)}' assertion on view (view.getTag() is "dashboard-view-transactions-button" and view has effective visibility <VISIBLE>)
03-14 22:51:25.723  7965  7965 I ViewInteraction: Checking 'MatchesViewAssertion(Detox){viewMatcher=(view has effective visibility <VISIBLE> and view.getGlobalVisibleRect() covers at least <75> percent of the view's area)}' assertion on view (view.getTag() is "dashboard-view-transactions-button" and view has effective visibility <VISIBLE>)
03-14 22:51:25.761  7965  7965 I ViewInteraction: Checking 'MatchesViewAssertion(Detox){viewMatcher=(view has effective visibility <VISIBLE> and view.getGlobalVisibleRect() covers at least <75> percent of the view's area)}' assertion on view (view.getTag() is "dashboard-view-transactions-button" and view has effective visibility <VISIBLE>)
03-14 22:51:25.796  7965  7965 I ViewInteraction: Checking 'MatchesViewAssertion(Detox){viewMatcher=(view has effective visibility <VISIBLE> and view.getGlobalVisibleRect() covers at least <75> percent of the view's area)}' assertion on view (view.getTag() is "dashboard-view-transactions-button" and view has effective visibility <VISIBLE>)
03-14 22:51:25.832  7965  7965 I ViewInteraction: Checking 'MatchesViewAssertion(Detox){viewMatcher=(view has effective visibility <VISIBLE> and view.getGlobalVisibleRect() covers at least <75> percent of the view's area)}' assertion on view (view.getTag() is "dashboard-view-transactions-button" and view has effective visibility <VISIBLE>)
03-14 22:51:25.871  7965  7965 I ViewInteraction: Checking 'MatchesViewAssertion(Detox){viewMatcher=(view has effective visibility <VISIBLE> and view.getGlobalVisibleRect() covers at least <75> percent of the view's area)}' assertion on view (view.getTag() is "dashboard-view-transactions-button" and view has effective visibility <VISIBLE>)
03-14 22:51:25.908  7965  7965 I ViewInteraction: Checking 'MatchesViewAssertion(Detox){viewMatcher=(view has effective visibility <VISIBLE> and view.getGlobalVisibleRect() covers at least <75> percent of the view's area)}' assertion on view (view.getTag() is "dashboard-view-transactions-button" and view has effective visibility <VISIBLE>)
03-14 22:51:25.943  7965  7965 I ViewInteraction: Checking 'MatchesViewAssertion(Detox){viewMatcher=(view has effective visibility <VISIBLE> and view.getGlobalVisibleRect() covers at least <75> percent of the view's area)}' assertion on view (view.getTag() is "dashboard-view-transactions-button" and view has effective visibility <VISIBLE>)
03-14 22:51:25.979  7965  7965 I ViewInteraction: Checking 'MatchesViewAssertion(Detox){viewMatcher=(view has effective visibility <VISIBLE> and view.getGlobalVisibleRect() covers at least <75> percent of the view's area)}' assertion on view (view.getTag() is "dashboard-view-transactions-button" and view has effective visibility <VISIBLE>)
03-14 22:51:26.014  7965  7965 I ViewInteraction: Checking 'MatchesViewAssertion(Detox){viewMatcher=(view has effective visibility <VISIBLE> and view.getGlobalVisibleRect() covers at least <75> percent of the view's area)}' assertion on view (view.getTag() is "dashboard-view-transactions-button" and view has effective visibility <VISIBLE>)
03-14 22:51:26.051  7965  7965 I ViewInteraction: Checking 'MatchesViewAssertion(Detox){viewMatcher=(view has effective visibility <VISIBLE> and view.getGlobalVisibleRect() covers at least <75> percent of the view's area)}' assertion on view (view.getTag() is "dashboard-view-transactions-button" and view has effective visibility <VISIBLE>)
03-14 22:51:26.085  7965  7965 I ViewInteraction: Checking 'MatchesViewAssertion(Detox){viewMatcher=(view has effective visibility <VISIBLE> and view.getGlobalVisibleRect() covers at least <75> percent of the view's area)}' assertion on view (view.getTag() is "dashboard-view-transactions-button" and view has effective visibility <VISIBLE>)
03-14 22:51:26.122  7965  7965 I ViewInteraction: Checking 'MatchesViewAssertion(Detox){viewMatcher=(view has effective visibility <VISIBLE> and view.getGlobalVisibleRect() covers at least <75> percent of the view's area)}' assertion on view (view.getTag() is "dashboard-view-transactions-button" and view has effective visibility <VISIBLE>)
03-14 22:51:26.173  7965  7965 I ViewInteraction: Checking 'MatchesViewAssertion(Detox){viewMatcher=(view has effective visibility <VISIBLE> and view.getGlobalVisibleRect() covers at least <75> percent of the view's area)}' assertion on view (view.getTag() is "dashboard-view-transactions-button" and view has effective visibility <VISIBLE>)
03-14 22:51:26.234  7965  7965 I ViewInteraction: Checking 'MatchesViewAssertion(Detox){viewMatcher=(view has effective visibility <VISIBLE> and view.getGlobalVisibleRect() covers at least <75> percent of the view's area)}' assertion on view (view.getTag() is "dashboard-view-transactions-button" and view has effective visibility <VISIBLE>)
03-14 22:51:26.244  7965  7970 I .studentfinance: Background concurrent mark compact GC freed 8592KB AllocSpace bytes, 74(3900KB) LOS objects, 49% free, 11MB/23MB, paused 453us,5.232ms total 54.377ms
03-14 22:51:26.269  7965  7965 I ViewInteraction: Checking 'MatchesViewAssertion(Detox){viewMatcher=(view has effective visibility <VISIBLE> and view.getGlobalVisibleRect() covers at least <75> percent of the view's area)}' assertion on view (view.getTag() is "dashboard-view-transactions-button" and view has effective visibility <VISIBLE>)
03-14 22:51:26.307  7965  8017 D TrafficStats: tagSocket(139) with statsTag=0xffffffff, statsUid=-1
03-14 22:51:26.319  7965  7965 I ViewInteraction: Checking 'MatchesViewAssertion(Detox){viewMatcher=(view has effective visibility <VISIBLE> and view.getGlobalVisibleRect() covers at least <75> percent of the view's area)}' assertion on view (view.getTag() is "dashboard-view-transactions-button" and view has effective visibility <VISIBLE>)
03-14 22:51:26.354  7965  7965 I ViewInteraction: Checking 'MatchesViewAssertion(Detox){viewMatcher=(view has effective visibility <VISIBLE> and view.getGlobalVisibleRect() covers at least <75> percent of the view's area)}' assertion on view (view.getTag() is "dashboard-view-transactions-button" and view has effective visibility <VISIBLE>)
03-14 22:51:26.398  7965  7965 I ViewInteraction: Checking 'MatchesViewAssertion(Detox){viewMatcher=(view has effective visibility <VISIBLE> and view.getGlobalVisibleRect() covers at least <75> percent of the view's area)}' assertion on view (view.getTag() is "dashboard-view-transactions-button" and view has effective visibility <VISIBLE>)
03-14 22:51:26.432  7965  7965 I ViewInteraction: Checking 'MatchesViewAssertion(Detox){viewMatcher=(view has effective visibility <VISIBLE> and view.getGlobalVisibleRect() covers at least <75> percent of the view's area)}' assertion on view (view.getTag() is "dashboard-view-transactions-button" and view has effective visibility <VISIBLE>)
03-14 22:51:26.471  7965  7965 I ViewInteraction: Checking 'MatchesViewAssertion(Detox){viewMatcher=(view has effective visibility <VISIBLE> and view.getGlobalVisibleRect() covers at least <75> percent of the view's area)}' assertion on view (view.getTag() is "dashboard-view-transactions-button" and view has effective visibility <VISIBLE>)
03-14 22:51:26.509  7965  7965 I ViewInteraction: Checking 'MatchesViewAssertion(Detox){viewMatcher=(view has effective visibility <VISIBLE> and view.getGlobalVisibleRect() covers at least <75> percent of the view's area)}' assertion on view (view.getTag() is "dashboard-view-transactions-button" and view has effective visibility <VISIBLE>)
03-14 22:51:26.544  7965  7965 I ViewInteraction: Checking 'MatchesViewAssertion(Detox){viewMatcher=(view has effective visibility <VISIBLE> and view.getGlobalVisibleRect() covers at least <75> percent of the view's area)}' assertion on view (view.getTag() is "dashboard-view-transactions-button" and view has effective visibility <VISIBLE>)
03-14 22:51:26.579  7965  7965 I ViewInteraction: Checking 'MatchesViewAssertion(Detox){viewMatcher=(view has effective visibility <VISIBLE> and view.getGlobalVisibleRect() covers at least <75> percent of the view's area)}' assertion on view (view.getTag() is "dashboard-view-transactions-button" and view has effective visibility <VISIBLE>)
03-14 22:51:26.619  7965  7965 I ViewInteraction: Checking 'MatchesViewAssertion(Detox){viewMatcher=(view has effective visibility <VISIBLE> and view.getGlobalVisibleRect() covers at least <75> percent of the view's area)}' assertion on view (view.getTag() is "dashboard-view-transactions-button" and view has effective visibility <VISIBLE>)
03-14 22:51:26.655  7965  7965 I ViewInteraction: Checking 'MatchesViewAssertion(Detox){viewMatcher=(view has effective visibility <VISIBLE> and view.getGlobalVisibleRect() covers at least <75> percent of the view's area)}' assertion on view (view.getTag() is "dashboard-view-transactions-button" and view has effective visibility <VISIBLE>)
03-14 22:51:26.689  7965  8003 D EGL_emulation: app_time_stats: avg=498.71ms min=489.22ms max=507.28ms count=3
03-14 22:51:26.704  7965  7965 I ViewInteraction: Checking 'MatchesViewAssertion(Detox){viewMatcher=(view has effective visibility <VISIBLE> and view.getGlobalVisibleRect() covers at least <75> percent of the view's area)}' assertion on view (view.getTag() is "dashboard-view-transactions-button" and view has effective visibility <VISIBLE>)
03-14 22:51:26.740  7965  7965 I ViewInteraction: Checking 'MatchesViewAssertion(Detox){viewMatcher=(view has effective visibility <VISIBLE> and view.getGlobalVisibleRect() covers at least <75> percent of the view's area)}' assertion on view (view.getTag() is "dashboard-view-transactions-button" and view has effective visibility <VISIBLE>)
03-14 22:51:26.785  7965  7965 I ViewInteraction: Checking 'MatchesViewAssertion(Detox){viewMatcher=(view has effective visibility <VISIBLE> and view.getGlobalVisibleRect() covers at least <75> percent of the view's area)}' assertion on view (view.getTag() is "dashboard-view-transactions-button" and view has effective visibility <VISIBLE>)
03-14 22:51:26.820  7965  7965 I ViewInteraction: Checking 'MatchesViewAssertion(Detox){viewMatcher=(view has effective visibility <VISIBLE> and view.getGlobalVisibleRect() covers at least <75> percent of the view's area)}' assertion on view (view.getTag() is "dashboard-view-transactions-button" and view has effective visibility <VISIBLE>)
03-14 22:51:26.857  7965  7965 I ViewInteraction: Checking 'MatchesViewAssertion(Detox){viewMatcher=(view has effective visibility <VISIBLE> and view.getGlobalVisibleRect() covers at least <75> percent of the view's area)}' assertion on view (view.getTag() is "dashboard-view-transactions-button" and view has effective visibility <VISIBLE>)
03-14 22:51:26.892  7965  7965 I ViewInteraction: Checking 'MatchesViewAssertion(Detox){viewMatcher=(view has effective visibility <VISIBLE> and view.getGlobalVisibleRect() covers at least <75> percent of the view's area)}' assertion on view (view.getTag() is "dashboard-view-transactions-button" and view has effective visibility <VISIBLE>)
03-14 22:51:26.930  7965  7965 I ViewInteraction: Checking 'MatchesViewAssertion(Detox){viewMatcher=(view has effective visibility <VISIBLE> and view.getGlobalVisibleRect() covers at least <75> percent of the view's area)}' assertion on view (view.getTag() is "dashboard-view-transactions-button" and view has effective visibility <VISIBLE>)
03-14 22:51:26.987  7965  7965 I ViewInteraction: Checking 'MatchesViewAssertion(Detox){viewMatcher=(view has effective visibility <VISIBLE> and view.getGlobalVisibleRect() covers at least <75> percent of the view's area)}' assertion on view (view.getTag() is "dashboard-view-transactions-button" and view has effective visibility <VISIBLE>)
03-14 22:51:27.028  7965  7965 I ViewInteraction: Checking 'MatchesViewAssertion(Detox){viewMatcher=(view has effective visibility <VISIBLE> and view.getGlobalVisibleRect() covers at least <75> percent of the view's area)}' assertion on view (view.getTag() is "dashboard-view-transactions-button" and view has effective visibility <VISIBLE>)
03-14 22:51:27.063  7965  7965 I ViewInteraction: Checking 'MatchesViewAssertion(Detox){viewMatcher=(view has effective visibility <VISIBLE> and view.getGlobalVisibleRect() covers at least <75> percent of the view's area)}' assertion on view (view.getTag() is "dashboard-view-transactions-button" and view has effective visibility <VISIBLE>)
03-14 22:51:27.100  7965  7965 I ViewInteraction: Checking 'MatchesViewAssertion(Detox){viewMatcher=(view has effective visibility <VISIBLE> and view.getGlobalVisibleRect() covers at least <75> percent of the view's area)}' assertion on view (view.getTag() is "dashboard-view-transactions-button" and view has effective visibility <VISIBLE>)
03-14 22:51:27.136  7965  7965 I ViewInteraction: Checking 'MatchesViewAssertion(Detox){viewMatcher=(view has effective visibility <VISIBLE> and view.getGlobalVisibleRect() covers at least <75> percent of the view's area)}' assertion on view (view.getTag() is "dashboard-view-transactions-button" and view has effective visibility <VISIBLE>)
03-14 22:51:27.172  7965  7965 I ViewInteraction: Checking 'MatchesViewAssertion(Detox){viewMatcher=(view has effective visibility <VISIBLE> and view.getGlobalVisibleRect() covers at least <75> percent of the view's area)}' assertion on view (view.getTag() is "dashboard-view-transactions-button" and view has effective visibility <VISIBLE>)
03-14 22:51:27.190  7965  8483 D TrafficStats: tagSocket(135) with statsTag=0xffffffff, statsUid=-1
03-14 22:51:27.217  7965  7965 I ViewInteraction: Checking 'MatchesViewAssertion(Detox){viewMatcher=(view has effective visibility <VISIBLE> and view.getGlobalVisibleRect() covers at least <75> percent of the view's area)}' assertion on view (view.getTag() is "dashboard-view-transactions-button" and view has effective visibility <VISIBLE>)
03-14 22:51:27.273  7965  7965 I ViewInteraction: Checking 'MatchesViewAssertion(Detox){viewMatcher=(view has effective visibility <VISIBLE> and view.getGlobalVisibleRect() covers at least <75> percent of the view's area)}' assertion on view (view.getTag() is "dashboard-view-transactions-button" and view has effective visibility <VISIBLE>)
03-14 22:51:27.285  7965  7995 D DetoxWSClient: Received action 'currentStatus' (ID #13, params={})
03-14 22:51:27.285  7965  7992 I DetoxDispatcher: Handling action 'currentStatus' (ID #13)...
03-14 22:51:27.286  7965  7992 I DetoxWSClient: Sending out action 'currentStatusResult' (ID #13)
03-14 22:51:27.286  7965  7992 I DetoxDispatcher: Done with action 'currentStatus'
03-14 22:51:27.295  7965  7991 I DetoxActionHandlers: Test exception
03-14 22:51:27.295  7965  7991 I DetoxActionHandlers: java.lang.reflect.InvocationTargetException
03-14 22:51:27.295  7965  7991 I DetoxActionHandlers: 	at java.lang.reflect.Method.invoke(Native Method)
03-14 22:51:27.295  7965  7991 I DetoxActionHandlers: 	at org.apache.commons.lang3.reflect.MethodUtils.invokeStaticMethod(MethodUtils.java:443)
03-14 22:51:27.295  7965  7991 I DetoxActionHandlers: 	at org.apache.commons.lang3.reflect.MethodUtils.invokeStaticMethod(MethodUtils.java:405)
03-14 22:51:27.295  7965  7991 I DetoxActionHandlers: 	at com.wix.invoke.types.ClassTarget.execute(ClassTarget.java:23)
03-14 22:51:27.295  7965  7991 I DetoxActionHandlers: 	at com.wix.invoke.types.Target.invoke(Target.java:59)
03-14 22:51:27.295  7965  7991 I DetoxActionHandlers: 	at com.wix.invoke.MethodInvocation.invoke(MethodInvocation.java:35)
03-14 22:51:27.295  7965  7991 I DetoxAct