--------- beginning of main
03-14 22:50:59.380  7965  8003 D EGL_emulation: app_time_stats: avg=1498.99ms min=1498.99ms max=1498.99ms count=1
03-14 22:50:59.390  7965  8017 D TrafficStats: tagSocket(146) with statsTag=0xffffffff, statsUid=-1
03-14 22:50:59.541  7965  7965 I ViewInteraction: Checking 'MatchesViewAssertion(Detox){viewMatcher=(view has effective visibility <VISIBLE> and view.getGlobalVisibleRect() covers at least <75> percent of the view's area)}' assertion on view (view.getTag() is "dashboard-add-expense-button" and view has effective visibility <VISIBLE>)
03-14 22:50:59.546  7965  7991 I DetoxWSClient: Sending out action 'invokeResult' (ID #2)
03-14 22:50:59.548  7965  7991 I DetoxDispatcher: Done with action 'invoke'
03-14 22:50:59.587  7965  7995 D DetoxWSClient: Received action 'invoke' (ID #3, params={"target":{"type":"Class","value":"com.wix.detox.espresso.DetoxAssertion"},"method":"assertMatcher","args":[{"type":"Invocation","value":{"target":{"type":"Class","value":"androidx.test.espresso.Espresso"},"method":"onView","args":[{"type":"Invocation","value":{"target":{"type":"Class","value":"com.wix.detox.espresso.DetoxMatcher"},"method":"matcherForTestId","args":["dashboard-summary-spent-card",{"type":"boolean","value":false}]}}]}},{"type":"Invocation","value":{"target":{"type":"Class","value":"com.wix.detox.espresso.DetoxMatcher"},"method":"matcherForSufficientlyVisible","args":[{"type":"Integer","value":75}]}}]})
03-14 22:50:59.588  7965  7991 I DetoxDispatcher: Handling action 'invoke' (ID #3)...
03-14 22:50:59.592  7965  7991 D Detox   : class com.wix.detox.espresso.DetoxMatcher, matcherForTestId, [dashboard-summary-spent-card, false]
03-14 22:50:59.596  7965  7991 D Detox   : class androidx.test.espresso.Espresso, onView, [(view.getTag() is "dashboard-summary-spent-card" and view has effective visibility <VISIBLE>)]
03-14 22:50:59.599  7965  7991 D Detox   : class com.wix.detox.espresso.DetoxMatcher, matcherForSufficientlyVisible, [75]
03-14 22:50:59.599  7965  7991 D Detox   : class com.wix.detox.espresso.DetoxAssertion, assertMatcher, [androidx.test.espresso.ViewInteraction@611b6ea, (view has effective visibility <VISIBLE> and view.getGlobalVisibleRect() covers at least <75> percent of the view's area)]
03-14 22:50:59.603  7965  7965 I ViewInteraction: Checking 'MatchesViewAssertion(Detox){viewMatcher=(view has effective visibility <VISIBLE> and view.getGlobalVisibleRect() covers at least <75> percent of the view's area)}' assertion on view (view.getTag() is "dashboard-summary-spent-card" and view has effective visibility <VISIBLE>)
03-14 22:50:59.630  7965  7991 I DetoxWSClient: Sending out action 'invokeResult' (ID #3)
03-14 22:50:59.631  7965  7991 I DetoxDispatcher: Done with action 'invoke'
03-14 22:51:00.605  7965  7995 D DetoxWSClient: Received action 'invoke' (ID #4, params={"target":{"type":"Class","value":"com.wix.detox.Detox"},"method":"launchMainActivity","args":[]})
03-14 22:51:00.605  7965  7991 I DetoxDispatcher: Handling action 'invoke' (ID #4)...
03-14 22:51:00.605  7965  7991 D Detox   : class com.wix.detox.Detox, launchMainActivity, []
03-14 22:51:00.624  7965  7965 W unknown:BridgelessReact: ReactHost{0}.onHostPause(activity)
03-14 22:51:00.628  7965  7965 W unknown:BridgelessReact: ReactHost{0}.ReactContext.onHostPause()
03-14 22:51:00.628  7965  7965 D LifecycleMonitor: Lifecycle status change: com.mcfuzzysquirrel.studentfinance.MainActivity@340991c in: PAUSED
03-14 22:51:00.632  7965  7965 W unknown:BridgelessReact: ReactHost{0}.onHostResume(activity)
03-14 22:51:00.635  7965  7965 W unknown:BridgelessReact: ReactHost{0}.ReactContext.onHostResume()
03-14 22:51:00.635  7965  7965 D LifecycleMonitor: Lifecycle status change: com.mcfuzzysquirrel.studentfinance.MainActivity@340991c in: RESUMED
03-14 22:51:00.637  7965  7991 I DetoxWSClient: Sending out action 'invokeResult' (ID #4)
03-14 22:51:00.638  7965  7991 I DetoxDispatcher: Done with action 'invoke'
03-14 22:51:00.641  7965  8188 D TrafficStats: tagSocket(131) with statsTag=0xffffffff, statsUid=-1
03-14 22:51:00.644  7--------- beginning of main
03-14 22:51:00.605  7965  7995 D DetoxWSClient: Received action 'invoke' (ID #4, params={"target":{"type":"Class","value":"com.wix.detox.Detox"},"method":"launchMainActivity","args":[]})
03-14 22:51:00.605  7965  7991 I DetoxDispatcher: Handling action 'invoke' (ID #4)...
03-14 22:51:00.605  7965  7991 D Detox   : class com.wix.detox.Detox, launchMainActivity, []
03-14 22:51:00.624  7965  7965 W unknown:BridgelessReact: ReactHost{0}.onHostPause(activity)
03-14 22:51:00.628  7965  7965 W unknown:BridgelessReact: ReactHost{0}.ReactContext.onHostPause()
03-14 22:51:00.628  7965  7965 D LifecycleMonitor: Lifecycle status change: com.mcfuzzysquirrel.studentfinance.MainActivity@340991c in: PAUSED
03-14 22:51:00.632  7965  7965 W unknown:BridgelessReact: ReactHost{0}.onHostResume(activity)
03-14 22:51:00.635  7965  7965 W unknown:BridgelessReact: ReactHost{0}.ReactContext.onHostResume()
03-14 22:51:00.635  7965  7965 D LifecycleMonitor: Lifecycle status change: com.mcfuzzysquirrel.studentfinance.MainActivity@340991c in: RESUMED
03-14 22:51:00.637  7965  7991 I DetoxWSClient: Sending out action 'invokeResult' (ID #4)
03-14 22:51:00.638  7965  7991 I DetoxDispatcher: Done with action 'invoke'
03-14 22:51:00.641  7965  8188 D TrafficStats: tagSocket(131) with statsTag=0xffffffff, statsUid=-1
03-14 22:51:00.644  7965  8188 W unknown:ReconnectingWebSocket: Couldn't connect to "ws://10.0.2.2:8081/message?device=sdk_gphone64_x86_64%20-%2015%20-%20API%2035&app=com.mcfuzzysquirrel.studentfinance&clientid=BridgelessDevSupportManager", will silently retry
03-14 22:51:00.754  7965  7995 D DetoxWSClient: Received action 'invoke' (ID #5, params={"target":{"type":"Class","value":"com.wix.detox.espresso.DetoxAssertion"},"method":"waitForAssertMatcher","args":[{"type":"Invocation","value":{"target":{"type":"Class","value":"androidx.test.espresso.Espresso"},"method":"onView","args":[{"type":"Invocation","value":{"target":{"type":"Class","value":"com.wix.detox.espresso.DetoxMatcher"},"method":"matcherForTestId","args":["dashboard-add-expense-button",{"type":"boolean","value":false}]}}]}},{"type":"Invocation","value":{"target":{"type":"Class","value":"com.wix.detox.espresso.DetoxMatcher"},"method":"matcherForSufficientlyVisible","args":[{"type":"Integer","value":75}]}},{"type":"Double","value":10}]})
03-14 22:51:00.755  7965  7991 I DetoxDispatcher: Handling action 'invoke' (ID #5)...
03-14 22:51:00.755  7965  7991 D Detox   : class com.wix.detox.espresso.DetoxMatcher, matcherForTestId, [dashboard-add-expense-button, false]
03-14 22:51:00.756  7965  7991 D Detox   : class androidx.test.espresso.Espresso, onView, [(view.getTag() is "dashboard-add-expense-button" and view has effective visibility <VISIBLE>)]
03-14 22:51:00.756  7965  7991 D Detox   : class com.wix.detox.espresso.DetoxMatcher, matcherForSufficientlyVisible, [75]
03-14 22:51:00.757  7965  7991 D Detox   : class com.wix.detox.espresso.DetoxAssertion, waitForAssertMatcher, [androidx.test.espresso.ViewInteraction@67dae9a, (view has effective visibility <VISIBLE> and view.getGlobalVisibleRect() covers at least <75> percent of the view's area), 10.0]
03-14 22:51:00.759  7965  7965 I ViewInteraction: Checking 'MatchesViewAssertion(Detox){viewMatcher=(view has effective visibility <VISIBLE> and view.getGlobalVisibleRect() covers at least <75> percent of the view's area)}' assertion on view (view.getTag() is "dashboard-add-expense-button" and view has effective visibility <VISIBLE>)
03-14 22:51:00.762  7965  7991 I DetoxWSClient: Sending out action 'invokeResult' (ID #5)
03-14 22:51:00.762  7965  7991 I DetoxDispatcher: Done with action 'invoke'
03-14 22:51:00.766  7965  7995 D DetoxWSClient: Received action 'invoke' (ID #6, params={"target":{"type":"Class","value":"com.wix.detox.espresso.EspressoDetox"},"method":"perform","args":[{"type":"Invocation","value":{"target":{"type":"Class","value":"com.wix.detox.espresso.DetoxMatcher"},"method":"matcherForTestId","args":["dashboard-add-expense-button",{"type":"boolean","value":false}]}},{"type":"Invocation","value":{"target":{"type":"Class","value":"com.wix.detox.espresso.DetoxViewActions"},"method":"click","args":[]}}]})
03-14 22:51:00.766  7965  7991 I DetoxDispatcher: Handling action 'invoke' (ID #6)...
03-14 22:51:00.767  7965  7991 D Detox   : class com.wix.detox.espresso.DetoxMatcher, matcherForTestId, [dashboard-add-expense-button, false]
03-14 22:51:00.767  7965  7991 D Detox   : class com.wix.detox.espresso.DetoxViewActions, click, []
03-14 22:51:00.771  7965  7991 W .studentfinance: Accessing hidden method Landroid/view/ViewConfiguration;->getDoubleTapMinTime()I (unsupported, reflection, allowed)
03-14 22:51:00.772  7965  7991 D Detox   : class com.wix.detox.espresso.EspressoDetox, perform, [(view.getTag() is "dashboard-add-expense-button" and view has effective visibility <VISIBLE>), com.wix.detox.espresso.action.RNClickAction@3d273cb]
03-14 22:51:00.775  7965  7965 I ViewInteraction: Performing 'com.wix.detox.espresso.action.detoxsingletap@9e557a8 click' action on view (view.getTag() is "dashboard-add-expense-button" and view has effective visibility <VISIBLE>)
03-14 22:51:00.781  7965  8200 W .studentfinance: Accessing hidden method Landroid/hardware/input/InputManager;->injectInputEvent(Landroid/view/InputEvent;I)Z (unsupported, reflection, allowed)
03-14 22:51:00.873  7965  8003 D EGL_emulation: app_time_stats: avg=357.68ms min=25.32ms max=1260.15ms count=4
03-14 22:51:00.946  7965  7965 W [RNScreens]: backTitleFontFamily prop is not available on Android
03-14 22:51:00.946  7965  7965 W [RNScreens]: disableBackButtonMenu prop is not available on Android
03-14 22:51:00.946  7965  7965 W [RNScreens]: backTitleVisible prop is not available on Android
03-14 22:51:00.946  7965  7965 W [RNScreens]: topInsetEnabled prop is not available on Android
03-14 22:51:00.946  7965  7965 W [RNScreens]: largeTitleHideShadow prop is not available on Android
03-14 22:51:00.946  7965  7965 W [RNScreens]: largeTitleFontWeight prop is not available on Android
03-14 22:51:00.946  7965  7965 W [RNScreens]: userInterfaceStyle prop is not available on Android
03-14 22:51:00.946  7965  7965 W [RNScreens]: largeTitleFontFamily prop is not available on Android
03-14 22:51:00.975  7965  7965 I ImeTracker: com.mcfuzzysquirrel.studentfinance:4a3f43e2: onRequestShow at ORIGIN_CLIENT reason SHOW_SOFT_INPUT fromUser false
03-14 22:51:00.980  7965  7965 D InputMethodManager: showSoftInput() view=com.facebook.react.views.textinput.ReactEditText{231debc VFED..CL. .F....ID 47,130-1033,331 #188 aid=1073741825} flags=0 reason=SHOW_SOFT_INPUT
03-14 22:51:01.600  7965  7970 I .studentfinance: Background concurrent mark compact GC freed 33MB AllocSpace bytes, 34(1940KB) LOS objects, 49% free, 11MB/22MB, paused 425us,6.294ms total 366.018ms
03-14 22:51:01.822  7965  7965 I Choreographer: Skipped 39 frames!  The application may be doing too much work on its main thread.
03-14 22:51:01.887  7965  8003 D EGL_emulation: app_time_stats: avg=253.42ms min=46.19ms max=668.37ms count=4
03-14 22:51:01.893  7965  7974 I HWUI    : Davey! duration=704ms; Flags=0, FrameTimelineVsyncId=83615, IntendedVsync=907906647224, Vsync=907923313890, InputEventId=0, HandleInputStart=907934563353, AnimationStart=907934564263, PerformTraversalsStart=907935059938, DrawStart=907944534535, FrameDeadline=907973313888, FrameInterval=907934557611, FrameStartTime=16666666, SyncQueued=907947201039, SyncStart=907947685725, IssueDrawCommandsStart=907947970883, SwapBuffers=908448147153, FrameCompleted=908611389264, DequeueBufferDuration=4065, QueueBufferDuration=184327, GpuCompleted=908611317815, SwapBuffersCompleted=908611389264, DisplayPresentTime=0, CommandSubmissionCompleted=908448147153, 
03-14 22:51:01.911  7965  8017 D TrafficStats: tagSocket(137) with statsTag=0xffffffff, statsUid=-1
03-14 22:51:02.036  7965  7974 I HWUI    : Davey! duration=754ms; Flags=0, FrameTimelineVsyncId=83630, IntendedVsync=907956647222, Vsync=908606647196, InputEventId=0, HandleInputStart=908612988940, AnimationStart=908612990071, PerformTraversalsStart=908613425996, DrawStart=908614137141, FrameDeadline=908723313858, FrameInterval=908612746869, FrameStartTime=16666666, SyncQueued=908622568362, SyncStart=908684810507, IssueDrawCommandsStart=908690760234, SwapBuffers=908713957331, FrameCompleted=908773419170, DequeueBufferDuration=5369, QueueBufferDuration=216272, GpuCompleted=908773419170, SwapBuffersCompleted=908759526474, DisplayPresentTime=35188667056128, CommandSubmissionCompleted=908713957331, 
03-14 22:51:02.117  7965  7991 I DetoxWSClient: Sending out action 'invokeResult' (ID #6)
03-14 22:51:02.129  7965  7991 I DetoxDispatcher: Done with action 'invoke'
03-14 22:51:02.142  7965  7995 D DetoxWSClient: Received action 'invoke' (ID #7, params={"target":{"type":"Class","value":"com.wix.detox.espresso.DetoxAssertion"},"method":"waitForAssertMatcher","args":[{"type":"Invocation","value":{"target":{"type":"Class","value":"androidx.test.espresso.Espresso"},"method":"onView","args":[{"type":"Invocation","value":{"target":{"type":"Class","value":"com.wix.detox.espresso.DetoxMatcher"},"method":"matcherForTestId","args":["add-expense-amount-input",{"type":"boolean","value":false}]}}]}},{"type":"Invocation","value":{"target":{"type":"Class","value":"com.wix.detox.espresso.DetoxMatcher"},"method":"matcherForSufficientlyVisible","args":[{"type":"Integer","value":75}]}},{"type":"Double","value":10}]})
03-14 22:51:02.144  7965  7991 I DetoxDispatcher: Handling action 'invoke' (ID #7)...
03-14 22:51:02.145  7965  7991 D Detox   : class com.wix.detox.espresso.DetoxMatcher, matcherForTestId, [add-expense-amount-input, false]
03-14 22:51:02.145  7965  7991 D Detox   : class androidx.test.espresso.Espresso, onView, [(view.getTag() is "add-expense-amount-input" and view has effective visibility <VISIBLE>)]
03-14 22:51:02.146  7965  7991 D Detox   : class com.wix.detox.espresso.DetoxMatcher, matcherForSufficientlyVisible, [75]
03-14 22:51:02.146  7965  7991 D Detox   : class com.wix.detox.espresso.DetoxAssertion, waitForAssertMatcher, [androidx.test.espresso.ViewInteraction@6c20b, (view has effective visibility <VISIBLE> and view.getGlobalVisibleRect() covers at least <75> percent of the view's area), 10.0]
03-14 22:51:02.149  7965  7965 I ViewInteraction: Checking 'MatchesViewAssertion(Detox){viewMatcher=(view has effective visibility <VISIBLE> and view.getGlobalVisibleRect() covers at least <75> percent of the view's area)}' assertion on view (view.getTag() is "add-expense-amount-input" and view has effective visibility <VISIBLE>)
03-14 22:51:02.168  7965  7991 I DetoxWSClient: Sending out action 'invokeResult' (ID #7)
03-14 22:51:02.171  7965  7991 I DetoxDispatcher: Done with action 'invoke'
03-14 22:51:02.178  7965  7995 D DetoxWSClient: Received action 'invoke' (ID #8, params={"target":{"type":"Invocation","value":{"target":{"type":"Class","value":"com.wix.detox.uiautomator.UiAutomator"},"method":"uiDevice","args":[]}},"method":"pressBack","args":[]})
03-14 22:51:02.179  7965  7991 I DetoxDispatcher: Handling action 'invoke' (ID #8)...
03-14 22:51:02.179  7965  7991 D Detox   : class com.wix.detox.uiautomator.UiAutomator, uiDevice, []
03-14 22:51:02.182  7965  7991 I UiDevice: Creating a new instance, old instance exists: false
03-14 22:51:02.184  7965  7991 I UiAutomation: Initialized for user 0 on display 0
03-14 22:51:02.248  7965  7991 D UiDevice: Setting accessibility service flags: 65618
03-14 22:51:02.249  7965  8226 V UiAutomation: Init UiAutomation@b48c13a[id=1, displayId=0, flags=0]
03-14 22:51:02.263  7965  7965 D InsetsController: show(ime(), fromIme=true)
03-14 22:51:02.337  7965  8231 W InteractionJankMonitor: Initializing without READ_DEVICE_CONFIG permission. enabled=true, interval=1, missedFrameThreshold=3, frameTimeThreshold=64, package=com.mcfuzzysquirrel.studentfinance
03-14 22:51:02.439  7965  7965 I ImeTracker: com.mcfuzzysquirrel.studentfinance:4a3f43e2: onShown
03-14 22:51:02.746  7965  8188 D TrafficStats: tagSocket(110) with statsTag=0xffffffff, statsUid=-1
03-14 22:51:02.907  7965  8003 D EGL_emulation: app_time_stats: avg=110.82ms min=25.22ms max=354.19ms count=8
03-14 22:51:03.235  7965  7991 D UiDevice: Pressing back button.
03-14 22:51:03.348  7965  7965 D InsetsController: hide(ime(), fromIme=true)
03-14 22:51:03.387  7965  7965 I ImeTracker: com.mcfuzzysquirrel.studentfinance:34dbc095: onRequestHide at ORIGIN_CLIENT reason HIDE_SOFT_INPUT_ON_ANIMATION_STATE_CHANGED fromUser false
03-14 22:51:03.401  7965  7965 I ImeTracker: com.google.android.inputmethod.latin:b42d91e2: onHidden
03-14 22:51:04.040  7965  8017 D TrafficStats: tagSocket(139) with statsTag=0xffffffff, statsUid=-1
03-14 22:51:04.083  7965  8003 D EGL_emulation: app_time_stats: avg=206.09ms min=41.60ms max=521.86ms count=5
03-14 22:51:04.362  7965  7991 W InteractionController: Timed out waiting 1000ms for command and events.
03-14 22:51:04.363  7965  7991 I DetoxWSClient: Sending out action 'invokeResult' (ID #8)
03-14 22:51:04.364  7965  7991 I DetoxDispatcher: Done with action 'invoke'
03-14 22:51:04.375  7965  7995 D DetoxWSClient: Received action 'invoke' (ID #9, params={"target":{"type":"Class","value":"com.wix.detox.espresso.DetoxAssertion"},"method":"waitForAssertMatcher","args":[{"type":"Invocation","value":{"target":{"type":"Class","value":"androidx.test.espresso.Espresso"},"method":"onView","args":[{"type":"Invocation","value":{"target":{"type":"Class","value":"com.wix.detox.espresso.DetoxMatcher"},"method":"matcherForTestId","args":["dashboard-add-expense-button",{"type":"boolean","value":false}]}}]}},{"type":"Invocation","value":{"target":{"type":"Class","value":"com.wix.detox.espresso.DetoxMatcher"},"method":"matcherForSufficientlyVisible","args":[{"type":"Integer","value":75}]}},{"type":"Double","value":10}]})
03-14 22:51:04.375  7965  7991 I DetoxDispatcher: Handling action 'invoke' (ID #9)...
03-14 22:51:04.376  7965  7991 D Detox   : class com.wix.detox.espresso.DetoxMatcher, matcherForTestId, [dashboard-add-expense-button, false]
03-14 22:51:04.377  7965  7991 D Detox   : class androidx.test.espresso.Espresso, onView, [(view.getTag() is "dashboard-add-expense-button" and view has effective visibility <VISIBLE>)]
03-14 22:51:04.379  7965  7991 D Detox   : class com.wix.detox.espresso.DetoxMatcher, matcherForSufficientlyVisible, [75]
03-14 22:51:04.379  7965  7991 D Detox   : class com.wix.detox.espresso.DetoxAssertion, waitForAssertMatcher, [androidx.test.espresso.ViewInteraction@6e23d92, (view has effective visibility <VISIBLE> and view.getGlobalVisibleRect() covers at least <75> percent of the view's area), 10.0]
03-14 22:51:04.422  7965  7965 I ViewInteraction: Checking 'MatchesViewAssertion(Detox){viewMatcher=(view has effective visibility <VISIBLE> and view.getGlobalVisibleRect() covers at least <75> percent of the view's area)}' assertion on view (view.getTag() is "dashboard-add-expense-button" and view has effective visibility <VISIBLE>)
03-14 22:51:04.508  7965  7965 I ViewInteraction: Checking 'MatchesViewAssertion(Detox){viewMatcher=(view has effective visibility <VISIBLE> and view.getGlobalVisibleRect() covers at least <75> percent of the view's area)}' assertion on view (view.getTag() is "dashboard-add-expense-button" and view has effective visibility <VISIBLE>)
03-14 22:51:04.600  7965  7965 I ViewInteraction: Checking 'MatchesViewAssertion(Detox){viewMatcher=(view has effective visibility <VISIBLE> and view.getGlobalVisibleRect() covers at least <75> percent of the view's area)}' assertion on view (view.getTag() is "dashboard-add-expense-button" and view has effective visibility <VISIBLE>)
03-14 22:51:04.664  7965  7965 I ViewInteraction: Checking 'MatchesViewAssertion(Detox){viewMatcher=(view has effective visibility <VISIBLE> and view.getGlobalVisibleRect() covers at least <75> percent of the view's area)}' assertion on view (view.getTag() is "dashboard-add-expense-button" and view has effective visibility <VISIBLE>)
03-14 22:51:04.714  7965  7965 I ViewInteraction: Checking 'MatchesViewAssertion(Detox){viewMatcher=(view has effective visibility <VISIBLE> and view.getGlobalVisibleRect() covers at least <75> percent of the view's area)}' assertion on view (view.getTag() is "dashboard-add-expense-button" and view has effective visibility <VISIBLE>)
03-14 22:51:04.779  7965  7965 I ViewInteraction: Checking 'MatchesViewAssertion(Detox){viewMatcher=(view has effective visibility <VISIBLE> and view.getGlobalVisibleRect() covers at least <75> percent of the view's area)}' assertion on view (view.getTag() is "dashboard-add-expense-button" and view has effective visibility <VISIBLE>)
03-14 22:51:04.806  7965  8188 D TrafficStats: tagSocket(135) with statsTag=0xffffffff, statsUid=-1
03-14 22:51:04.841  7965  7965 I ViewInteraction: Checking 'MatchesViewAssertion(Detox){viewMatcher=(view has effective visibility <VISIBLE> and view.getGlobalVisibleRect() covers at least <75> percent of the view's area)}' assertion on view (view.getTag() is "dashboard-add-expense-button" and view has effective visibility <VISIBLE>)
03-14 22:51:04.909  7965  7965 I ViewInteraction: Checking 'MatchesViewAssertion(Detox){viewMatcher=(view has effective visibility <VISIBLE> and view.getGlobalVisibleRect() covers at least <75> percent of the view's area)}' assertion on view (view.getTag() is "dashboard-add-expense-button" and view has effective visibility <VISIBLE>)
03-14 22:51:04.997  7965  7965 I ViewInteraction: Checking 'MatchesViewAssertion(Detox){viewMatcher=(view has effective visibility <VISIBLE> and view.getGlobalVisibleRect() covers at least <75> percent of the view's area)}' assertion on view (view.getTag() is "dashboard-add-expense-button" and view has effective visibility <VISIBLE>)
03-14 22:51:05.018  7965  7970 I .studentfinance: Background concurrent mark compact GC freed 8752KB AllocSpace bytes, 61(3132KB) LOS objects, 49% free, 12MB/24MB, paused 585us,8.576ms total 113.272ms
03-14 22:51:05.047  7965  7965 I ViewInteraction: Checking 'MatchesViewAssertion(Detox){viewMatcher=(view has effective visibility <VISIBLE> and view.getGlobalVisibleRect() covers at least <75> percent of the view's area)}' assertion on view (view.getTag() is "dashboard-add-expense-button" and view has effective visibility <VISIBLE>)
03-14 22:51:05.104  7965  7965 I ViewInteraction: Checking 'MatchesViewAssertion(Detox){viewMatcher=(view has effective visibility <VISIBLE> and view.getGlobalVisibleRect() covers at least <75> percent of the view's area)}' assertion on view (view.getTag() is "dashboard-add-expense-button" and view has effective visibility <VISIBLE>)
03-14 22:51:05.142  7965  7965 I ViewInteraction: Checking 'MatchesViewAssertion(Detox){viewMatcher=(view has effective visibility <VISIBLE> and view.getGlobalVisibleRect() covers at least <75> percent of the view's area)}' assertion on view (view.getTag() is "dashboard-add-expense-button" and view has effective visibility <VISIBLE>)
03-14 22:51:05.190  7965  7965 I ViewInteraction: Checking 'MatchesViewAssertion(Detox){viewMatcher=(view has effective visibility <VISIBLE> and view.getGlobalVisibleRect() covers at least <75> percent of the view's area)}' assertion on view (view.getTag() is "dashboard-add-expense-button" and view has effective visibility <VISIBLE>)
03-14 22:51:05.241  7965  7965 I ViewInteraction: Checking 'MatchesViewAssertion(Detox){viewMatcher=(view has effective visibility <VISIBLE> and view.getGlobalVisibleRect() covers at least <75> percent of the view's area)}' assertion on view (view.getTag() is "dashboard-add-expense-button" and view has effective visibility <VISIBLE>)
03-14 22:51:05.289  7965  7965 I ViewInteraction: Checking 'MatchesViewAssertion(Detox){viewMatcher=(view has effective visibility <VISIBLE> and view.getGlobalVisibleRect() covers at least <75> percent of the view's area)}' assertion on view (view.getTag() is "dashboard-add-expense-button" and view has effective visibility <VISIBLE>)
03-14 22:51:05.328  7965  7965 I ViewInteraction: Checking 'MatchesViewAssertion(Detox){viewMatcher=(view has effective visibility <VISIBLE> and view.getGlobalVisibleRect() covers at least <75> percent of the view's area)}' assertion on view (view.getTag() is "dashboard-add-expense-button" and view has effective visibility <VISIBLE>)
03-14 22:51:05.369  7965  7965 I ViewInteraction: Checking 'MatchesViewAssertion(Detox){viewMatcher=(view has effective visibility <VISIBLE> and view.getGlobalVisibleRect() covers at least <75> percent of the view's area)}' assertion on view (view.getTag() is "dashboard-add-expense-button" and view has effective visibility <VISIBLE>)
03-14 22:51:05.416  7965  7965 I ViewInteraction: Checking 'MatchesViewAssertion(Detox){viewMatcher=(view has effective visibility <VISIBLE> and view.getGlobalVisibleRect() covers at least <75> percent of the view's area)}' assertion on view (view.getTag() is "dashboard-add-expense-button" and view has effective visibility <VISIBLE>)
03-14 22:51:05.478  7965  7965 I ViewInteraction: Checking 'MatchesViewAssertion(Detox){viewMatcher=(view has effective visibility <VISIBLE> and view.getGlobalVisibleRect() covers at least <75> percent of the view's area)}' assertion on view (view.getTag() is "dashboard-add-expense-button" and view has effective visibility <VISIBLE>)
03-14 22:51:05.535  7965  7965 I ViewInteraction: Checking 'MatchesViewAssertion(Detox){viewMatcher=(view has effective visibility <VISIBLE> and view.getGlobalVisibleRect() covers at least <75> percent of the view's area)}' assertion on view (view.getTag() is "dashboard-add-expense-button" and view has effective visibility <VISIBLE>)
03-14 22:51:05.556  7965  8003 D EGL_emulation: app_time_stats: avg=491.13ms min=476.88ms max=501.14ms count=3
03-14 22:51:05.596  7965  7965 I ViewInteraction: Checking 'MatchesViewAssertion(Detox){viewMatcher=(view has effective visibility <VISIBLE> and view.getGlobalVisibleRect() covers at least <75> percent of the view's area)}' assertion on view (view.getTag() is "dashboard-add-expense-button" and view has effective visibility <VISIBLE>)
03-14 22:51:05.647  7965  7965 I ViewInteraction: Checking 'MatchesViewAssertion(Detox){viewMatcher=(view has effective visibility <VISIBLE> and view.getGlobalVisibleRect() covers at least <75> percent of the view's area)}' assertion on view (view.getTag() is "dashboard-add-expense-button" and view has effective visibility <VISIBLE>)
03-14 22:51:05.692  7965  7965 I ViewInteraction: Checking 'MatchesViewAssertion(Detox){viewMatcher=(view has effective visibility <VISIBLE> and view.getGlobalVisibleRect() covers at least <75> percent of the view's area)}' assertion on view (view.getTag() is "dashboard-add-expense-button" and view has effective visibility <VISIBLE>)
03-14 22:51:05.736  7965  7965 I ViewInteraction: Checking 'MatchesViewAssertion(Detox){viewMatcher=(view has effective visibility <VISIBLE> and view.getGlobalVisibleRect() covers at least <75> percent of the view's area)}' assertion on view (view.getTag() is "dashboard-add-expense-button" and view has effective visibility <VISIBLE>)
03-14 22:51:05.778  7965  7965 I ViewInteraction: Checking 'MatchesViewAssertion(Detox){viewMatcher=(view has effective visibility <VISIBLE> and view.getGlobalVisibleRect() covers at least <75> percent of the view's area)}' assertion on view (view.getTag() is "dashboard-add-expense-button" and view has effective visibility <VISIBLE>)
03-14 22:51:05.815  7965  7965 I ViewInteraction: Checking 'MatchesViewAssertion(Detox){viewMatcher=(view has effective visibility <VISIBLE> and view.getGlobalVisibleRect() covers at least <75> percent of the view's area)}' assertion on view (view.getTag() is "dashboard-add-expense-button" and view has effective visibility <VISIBLE>)
03-14 22:51:05.850  7965  7965 I ViewInteraction: Checking 'MatchesViewAssertion(Detox){viewMatcher=(view has effective visibility <VISIBLE> and view.getGlobalVisibleRect() covers at least <75> percent of the view's area)}' assertion on view (view.getTag() is "dashboard-add-expense-button" and view has effective visibility <VISIBLE>)
03-14 22:51:05.886  7965  7965 I ViewInteraction: Checking 'MatchesViewAssertion(Detox){viewMatcher=(view has effective visibility <VISIBLE> and view.getGlobalVisibleRect() covers at least <75> percent of the view's area)}' assertion on view (view.getTag() is "dashboard-add-expense-button" and view has effective visibility <VISIBLE>)
03-14 22:51:05.930  7965  7965 I ViewInteraction: Checking 'MatchesViewAssertion(Detox){viewMatcher=(view has effective visibility <VISIBLE> and view.getGlobalVisibleRect() covers at least <75> percent of the view's area)}' assertion on view (view.getTag() is "dashboard-add-expense-button" and view has effective visibility <VISIBLE>)
03-14 22:51:05.964  7965  7965 I ViewInteraction: Checking 'MatchesViewAssertion(Detox){viewMatcher=(view has effective visibility <VISIBLE> and view.getGlobalVisibleRect() covers at least <75> percent of the view's area)}' assertion on view (view.getTag() is "dashboard-add-expense-button" and view has effective visibility <VISIBLE>)
03-14 22:51:06.011  7965  7965 I ViewInteraction: Checking 'MatchesViewAssertion(Detox){viewMatcher=(view has effective visibility <VISIBLE> and view.getGlobalVisibleRect() covers at least <75> percent of the view's area)}' assertion on view (view.getTag() is "dashboard-add-expense-button" and view has effective visibility <VISIBLE>)
03-14 22:51:06.091  7965  7965 I ViewInteraction: Checking 'MatchesViewAssertion(Detox){viewMatcher=(view has effective visibility <VISIBLE> and view.getGlobalVisibleRect() covers at least <75> percent of the view's area)}' assertion on view (view.getTag() is "dashboard-add-expense-button" and view has effective visibility <VISIBLE>)
03-14 22:51:06.094  7965  8017 D TrafficStats: tagSocket(110) with statsTag=0xffffffff, statsUid=-1
03-14 22:51:06.133  7965  7965 I ViewInteraction: Checking 'MatchesViewAssertion(Detox){viewMatcher=(view has effective visibility <VISIBLE> and view.getGlobalVisibleRect() covers at least <75> percent of the view's area)}' assertion on view (view.getTag() is "dashboard-add-expense-button" and view has effective visibility <VISIBLE>)
03-14 22:51:06.173  7965  7965 I ViewInteraction: Checking 'MatchesViewAssertion(Detox){viewMatcher=(view has effective visibility <VISIBLE> and view.getGlobalVisibleRect() covers at least <75> percent of the view's area)}' assertion on view (view.getTag() is "dashboard-add-expense-button" and view has effective visibility <VISIBLE>)
03-14 22:51:06.212  7965  7965 I ViewInteraction: Checking 'MatchesViewAssertion(Detox){viewMatcher=(view has effective visibility <VISIBLE> and view.getGlobalVisibleRect() covers at least <75> percent of the view's area)}' assertion on view (view.getTag() is "dashboard-add-expense-button" and view has effective visibility <VISIBLE>)
03-14 22:51:06.247  7965  7965 I ViewInteraction: Checking 'MatchesViewAssertion(Detox){viewMatcher=(view has effective visibility <VISIBLE> and view.getGlobalVisibleRect() covers at least <75> percent of the view's area)}' assertion on view (view.getTag() is "dashboard-add-expense-button" and view has effective visibility <VISIBLE>)
03-14 22:51:06.285  7965  7965 I ViewInteraction: Checking 'MatchesViewAssertion(Detox){viewMatcher=(view has effective visibility <VISIBLE> and view.getGlobalVisibleRect() covers at least <75> percent of the view's area)}' assertion on view (view.getTag() is "dashboard-add-expense-button" and view has effective visibility <VISIBLE>)
03-14 22:51:06.329  7965  7965 I ViewInteraction: Checking 'MatchesViewAssertion(Detox){viewMatcher=(view has effective visibility <VISIBLE> and view.getGlobalVisibleRect() covers at least <75> percent of the view's area)}' assertion on view (view.getTag() is "dashboard-add-expense-button" and view has effective visibility <VISIBLE>)
03-14 22:51:06.372  7965  7965 I ViewInteraction: Checking 'MatchesViewAssertion(Detox){viewMatcher=(view has effective visibility <VISIBLE> and view.getGlobalVisibleRect() covers at least <75> percent of the view's area)}' assertion on view (view.getTag() is "dashboard-add-expense-button" and view has effective visibility <VISIBLE>)
03-14 22:51:06.415  7965  7965 I ViewInteraction: Checking 'MatchesViewAssertion(Detox){viewMatcher=(view has effective visibility <VISIBLE> and view.getGlobalVisibleRect() covers at least <75> percent of the view's area)}' assertion on view (view.getTag() is "dashboard-add-expense-button" and view has effective visibility <VISIBLE>)
03-14 22:51:06.467  7965  7965 I ViewInteraction: Checking 'MatchesViewAssertion(Detox){viewMatcher=(view has effective visibility <VISIBLE> and view.getGlobalVisibleRect() covers at least <75> percent of the view's area)}' assertion on view (view.getTag() is "dashboard-add-expense-button" and view has effective visibility <VISIBLE>)
03-14 22:51:06.515  7965  7965 I ViewInteraction: Checking 'MatchesViewAssertion(Detox){viewMatcher=(view has effective visibility <VISIBLE> and view.getGlobalVisibleRect() covers at least <75> percent of the view's area)}' assertion on view (view.getTag() is "dashboard-add-expense-button" and view has effective visibility <VISIBLE>)
03-14 22:51:06.571  7965  7965 I ViewInteraction: Checking 'MatchesViewAssertion(Detox){viewMatcher=(view has effective visibility <VISIBLE> and view.getGlobalVisibleRect() covers at least <75> percent of the view's area)}' assertion on view (view.getTag() is "dashboard-add-expense-button" and view has effective visibility <VISIBLE>)
03-14 22:51:06.632  7965  7965 I ViewInteraction: Checking 'MatchesViewAssertion(Detox){viewMatcher=(view has effective visibility <VISIBLE> and view.getGlobalVisibleRect() covers at least <75> percent of the view's area)}' assertion on view (view.getTag() is "dashboard-add-expense-button" and view has effective visibility <VISIBLE>)
03-14 22:51:06.682  7965  7965 I ViewInteraction: Checking 'MatchesViewAssertion(Detox){viewMatcher=(view has effective visibility <VISIBLE> and view.getGlobalVisibleRect() covers at least <75> percent of the view's area)}' assertion on view (view.getTag() is "dashboard-add-expense-button" and view has effective visibility <VISIBLE>)
03-14 22:51:06.719  7965  7965 I ViewInteraction: Checking 'MatchesViewAssertion(Detox){viewMatcher=(view has effective visibility <VISIBLE> and view.getGlobalVisibleRect() covers at least <75> percent of the view's area)}' assertion on view (view.getTag() is "dashboard-add-expense-button" and view has effective visibility <VISIBLE>)
03-14 22:51:06.757  7965  7965 I ViewInteraction: Checking 'MatchesViewAssertion(Detox){viewMatcher=(view has effective visibility <VISIBLE> and view.getGlobalVisibleRect() covers at least <75> percent of the view's area)}' assertion on view (view.getTag() is "dashboard-add-expense-button" and view has effective visibility <VISIBLE>)
03-14 22:51:06.802  7965  7965 I ViewInteraction: Checking 'MatchesViewAssertion(Detox){viewMatcher=(view has effective visibility <VISIBLE> and view.getGlobalVisibleRect() covers at least <75> percent of the view's area)}' assertion on view (view.getTag() is "dashboard-add-expense-button" and view has effective visibility <VISIBLE>)
03-14 22:51:06.814  7965  8188 D TrafficStats: tagSocket(136) with statsTag=0xffffffff, statsUid=-1
03-14 22:51:06.844  7965  7965 I ViewInteraction: Checking 'MatchesViewAssertion(Detox){viewMatcher=(view has effective visibility <VISIBLE> and view.getGlobalVisibleRect() covers at least <75> percent of the view's area)}' assertion on view (view.getTag() is "dashboard-add-expense-button" and view has effective visibility <VISIBLE>)
03-14 22:51:06.883  7965  7965 I ViewInteraction: Checking 'MatchesViewAssertion(Detox){viewMatcher=(view has effective visibility <VISIBLE> and view.getGlobalVisibleRect() covers at least <75> percent of the view's area)}' assertion on view (view.getTag() is "dashboard-add-expense-button" and view has effective visibility <VISIBLE>)
03-14 22:51:06.919  7965  7965 I ViewInteraction: Checking 'MatchesViewAssertion(Detox){viewMatcher=(view has effective visibility <VISIBLE> and view.getGlobalVisibleRect() covers at least <75> percent of the view's area)}' assertion on view (view.getTag() is "dashboard-add-expense-button" and view has effective visibility <VISIBLE>)
03-14 22:51:06.959  7965  7965 I ViewInteraction: Checking 'MatchesViewAssertion(Detox){viewMatcher=(view has effective visibility <VISIBLE> and view.getGlobalVisibleRect() covers at least <75> percent of the view's area)}' assertion on view (view.getTag() is "dashboard-add-expense-button" and view has effective visibility <VISIBLE>)
03-14 22:51:06.996  7965  7965 I ViewInteraction: Checking 'MatchesViewAssertion(Detox){viewMatcher=(view has effective visibility <VISIBLE> and view.getGlobalVisibleRect() covers at least <75> percent of the view's area)}' assertion on view (view.getTag() is "dashboard-add-expense-button" and view has effective visibility <VISIBLE>)
03-14 22:51:07.040  7965  7965 I ViewInteraction: Checking 'MatchesViewAssertion(Detox){viewMatcher=(view has effective visibility <VISIBLE> and view.getGlobalVisibleRect() covers at least <75> percent of the view's area)}' assertion on view (view.getTag() is "dashboard-add-expense-button" and view has effective visibility <VISIBLE>)
03-14 22:51:07.055  7965  8003 D EGL_emulation: app_time_stats: avg=499.51ms min=497.91ms max=501.12ms count=3
03-14 22:51:07.085  7965  7965 I ViewInteraction: Checking 'MatchesViewAssertion(Detox){viewMatcher=(view has effective visibility <VISIBLE> and view.getGlobalVisibleRect() covers at least <75> percent of the view's area)}' assertion on view (view.getTag() is "dashboard-add-expense-button" and view has effective visibility <VISIBLE>)
03-14 22:51:07.128  7965  7965 I ViewInteraction: Checking 'MatchesViewAssertion(Detox){viewMatcher=(view has effective visibility <VISIBLE> and view.getGlobalVisibleRect() covers at least <75> percent of the view's area)}' assertion on view (view.getTag() is "dashboard-add-expense-button" and view has effective visibility <VISIBLE>)
03-14 22:51:07.180  7965  7965 I ViewInteraction: Checking 'MatchesViewAssertion(Detox){viewMatcher=(view has effective visibility <VISIBLE> and view.getGlobalVisibleRect() covers at least <75> percent of the view's area)}' assertion on view (view.getTag() is "dashboard-add-expense-button" and view has effective visibility <VISIBLE>)
03-14 22:51:07.219  7965  7965 I ViewInteraction: Checking 'MatchesViewAssertion(Detox){viewMatcher=(view has effective visibility <VISIBLE> and view.getGlobalVisibleRect() covers at least <75> percent of the view's area)}' assertion on view (view.getTag() is "dashboard-add-expense-button" and view has effective visibility <VISIBLE>)
03-14 22:51:07.258  7965  7965 I ViewInteraction: Checking 'MatchesViewAssertion(Detox){viewMatcher=(view has effective visibility <VISIBLE> and view.getGlobalVisibleRect() covers at least <75> percent of the view's area)}' assertion on view (view.getTag() is "dashboard-add-expense-button" and view has effective visibility <VISIBLE>)
03-14 22:51:07.296  7965  7965 I ViewInteraction: Checking 'MatchesViewAssertion(Detox){viewMatcher=(view has effective visibility <VISIBLE> and view.getGlobalVisibleRect() covers at least <75> percent of the view's area)}' assertion on view (view.getTag() is "dashboard-add-expense-button" and view has effective visibility <VISIBLE>)
03-14 22:51:07.335  7965  7965 I ViewInteraction: Checking 'MatchesViewAssertion(Detox){viewMatcher=(view has effective visibility <VISIBLE> and view.getGlobalVisibleRect() covers at least <75> percent of the view's area)}' assertion on view (view.getTag() is "dashboard-add-expense-button" and view has effective visibility <VISIBLE>)
03-14 22:51:07.378  7965  7965 I ViewInteraction: Checking 'MatchesViewAssertion(Detox){viewMatcher=(view has effective visibility <VISIBLE> and view.getGlobalVisibleRect() covers at least <75> percent of the view's area)}' assertion on view (view.getTag() is "dashboard-add-expense-button" and view has effective visibility <VISIBLE>)
03-14 22:51:07.416  7965  7965 I ViewInteraction: Checking 'MatchesViewAssertion(Detox){viewMatcher=(view has effective visibility <VISIBLE> and view.getGlobalVisibleRect() covers at least <75> percent of the view's area)}' assertion on view (view.getTag() is "dashboard-add-expense-button" and view has effective visibility <VISIBLE>)
03-14 22:51:07.456  7965  7965 I ViewInteraction: Checking 'MatchesViewAssertion(Detox){viewMatcher=(view has effective visibility <VISIBLE> and view.getGlobalVisibleRect() covers at least <75> percent of the view's area)}' assertion on view (view.getTag() is "dashboard-add-expense-button" and view has effective visibility <VISIBLE>)
03-14 22:51:07.512  7965  7965 I ViewInteraction: Checking 'MatchesViewAssertion(Detox){viewMatcher=(view has effective visibility <VISIBLE> and view.getGlobalVisibleRect() covers at least <75> percent of the view's area)}' assertion on view (view.getTag() is "dashboard-add-expense-button" and view has effective visibility <VISIBLE>)
03-14 22:51:07.590  7965  7965 I ViewInteraction: Checking 'MatchesViewAssertion(Detox){viewMatcher=(view has effective visibility <VISIBLE> and view.getGlobalVisibleRect() covers at least <75> percent of the view's area)}' assertion on view (view.getTag() is "dashboard-add-expense-button" and view has effective visibility <VISIBLE>)
03-14 22:51:07.667  7965  7965 I ViewInteraction: Checking 'MatchesViewAssertion(Detox){viewMatcher=(view has effective visibility <VISIBLE> and view.getGlobalVisibleRect() covers at least <75> percent of the view's area)}' assertion on view (view.getTag() is "dashboard-add-expense-button" and view has effective visibility <VISIBLE>)
03-14 22:51:07.715  7965  7965 I ViewInteraction: Checking 'MatchesViewAssertion(Detox){viewMatcher=(view has effective visibility <VISIBLE> and view.getGlobalVisibleRect() covers at least <75> percent of the view's area)}' assertion on view (view.getTag() is "dashboard-add-expense-button" and view has effective visibility <VISIBLE>)
03-14 22:51:07.763  7965  7965 I ViewInteraction: Checking 'MatchesViewAssertion(Detox){viewMatcher=(view has effective visibility <VISIBLE> and view.getGlobalVisibleRect() covers at least <75> percent of the view's area)}' assertion on view (view.getTag() is "dashboard-add-expense-button" and view has effective visibility <VISIBLE>)
03-14 22:51:07.802  7965  7965 I ViewInteraction: Checking 'MatchesViewAssertion(Detox){viewMatcher=(view has effective visibility <VISIBLE> and view.getGlobalVisibleRect() covers at least <75> percent of the view's area)}' assertion on view (view.getTag() is "dashboard-add-expense-button" and view has effective visibility <VISIBLE>)
03-14 22:51:07.840  7965  7965 I ViewInteraction: Checking 'MatchesViewAssertion(Detox){viewMatcher=(view has effective visibility <VISIBLE> and view.getGlobalVisibleRect() covers at least <75> percent of the view's area)}' assertion on view (view.getTag() is "dashboard-add-expense-button" and view has effective visibility <VISIBLE>)
03-14 22:51:07.887  7965  7965 I ViewInteraction: Checking 'MatchesViewAssertion(Detox){viewMatcher=(view has effective visibility <VISIBLE> and view.getGlobalVisibleRect() covers at least <75> percent of the view's area)}' assertion on view (view.getTag() is "dashboard-add-expense-button" and view has effective visibility <VISIBLE>)
03-14 22:51:07.923  7965  7965 I ViewInteraction: Checking 'MatchesViewAssertion(Detox){viewMatcher=(view has effective visibility <VISIBLE> and view.getGlobalVisibleRect() covers at least <75> percent of the view's area)}' assertion on view (view.getTag() is "dashboard-add-expense-button" and view has effective visibility <VISIBLE>)
03-14 22:51:07.963  7965  7965 I ViewInteraction: Checking 'MatchesViewAssertion(Detox){viewMatcher=(view has effective visibility <VISIBLE> and view.getGlobalVisibleRect() covers at least <75> percent of the view's area)}' assertion on view (view.getTag() is "dashboard-add-expense-button" and view has effective visibility <VISIBLE>)
03-14 22:51:08.004  7965  7965 I ViewInteraction: Checking 'MatchesViewAssertion(Detox){viewMatcher=(view has effective visibility <VISIBLE> and view.getGlobalVisibleRect() covers at least <75> percent of the view's area)}' assertion on view (view.getTag() is "dashboard-add-expense-button" and view has effective visibility <VISIBLE>)
03-14 22:51:08.048  7965  7965 I ViewInteraction: Checking 'MatchesViewAssertion(Detox){viewMatcher=(view has effective visibility <VISIBLE> and view.getGlobalVisibleRect() covers at least <75> percent of the view's area)}' assertion on view (view.getTag() is "dashboard-add-expense-button" and view has effective visibility <VISIBLE>)
03-14 22:51:08.057  7965  8003 D EGL_emulation: app_time_stats: avg=500.83ms min=499.98ms max=501.68ms count=2
03-14 22:51:08.099  7965  7965 I ViewInteraction: Checking 'MatchesViewAssertion(Detox){viewMatcher=(view has effective visibility <VISIBLE> and view.getGlobalVisibleRect() covers at least <75> percent of the view's area)}' assertion on view (view.getTag() is "dashboard-add-expense-button" and view has effective visibility <VISIBLE>)
03-14 22:51:08.103  7965  8017 D TrafficStats: tagSocket(139) with statsTag=0xffffffff, statsUid=-1
03-14 22:51:08.145  7965  7965 I ViewInteraction: Checking 'MatchesViewAssertion(Detox){viewMatcher=(view has effective visibility <VISIBLE> and view.getGlobalVisibleRect() covers at least <75> percent of the view's area)}' assertion on view (view.getTag() is "dashboard-add-expense-button" and view has effective visibility <VISIBLE>)
03-14 22:51:08.187  7965  7965 I ViewInteraction: Checking 'MatchesViewAssertion(Detox){viewMatcher=(view has effective visibility <VISIBLE> and view.getGlobalVisibleRect() covers at least <75> percent of the view's area)}' assertion on view (view.getTag() is "dashboard-add-expense-button" and view has effective visibility <VISIBLE>)
03-14 22:51:08.224  7965  7965 I ViewInteraction: Checking 'MatchesViewAssertion(Detox){viewMatcher=(view has effective visibility <VISIBLE> and view.getGlobalVisibleRect() covers at least <75> percent of the view's area)}' assertion on view (view.getTag() is "dashboard-add-expense-button" and view has effective visibility <VISIBLE>)
03-14 22:51:08.275  7965  7965 I ViewInteraction: Checking 'MatchesViewAssertion(Detox){viewMatcher=(view has effective visibility <VISIBLE> and view.getGlobalVisibleRect() covers at least <75> percent of the view's area)}' assertion on view (view.getTag() is "dashboard-add-expense-button" and view has effective visibility <VISIBLE>)
03-14 22:51:08.318  7965  7965 I ViewInteraction: Checking 'MatchesViewAssertion(Detox){viewMatcher=(view has effective visibility <VISIBLE> and view.getGlobalVisibleRect() covers at least <75> percent of the view's area)}' assertion on view (view.getTag() is "dashboard-add-expense-button" and view has effective visibility <VISIBLE>)
03-14 22:51:08.363  7965  7965 I ViewInteraction: Checking 'MatchesViewAssertion(Detox){viewMatcher=(view has effective visibility <VISIBLE> and view.getGlobalVisibleRect() covers at least <75> percent of the view's area)}' assertion on view (view.getTag() is "dashboard-add-expense-button" and view has effective visibility <VISIBLE>)
03-14 22:51:08.401  7965  7965 I ViewInteraction: Checking 'MatchesViewAssertion(Detox){viewMatcher=(view has effective visibility <VISIBLE> and view.getGlobalVisibleRect() covers at least <75> percent of the view's area)}' assertion on view (view.getTag() is "dashboard-add-expense-button" and view has effective visibility <VISIBLE>)
03-14 22:51:08.454  7965  7965 I ViewInteraction: Checking 'MatchesViewAssertion(Detox){viewMatcher=(view has effective visibility <VISIBLE> and view.getGlobalVisibleRect() covers at least <75> percent of the view's area)}' assertion on view (view.getTag() is "dashboard-add-expense-button" and view has effective visibility <VISIBLE>)
03-14 22:51:08.516  7965  7965 I ViewInteraction: Checking 'MatchesViewAssertion(Detox){viewMatcher=(view has effective visibility <VISIBLE> and view.getGlobalVisibleRect() covers at least <75> percent of the view's area)}' assertion on view (view.getTag() is "dashboard-add-expense-button" and view has effective visibility <VISIBLE>)
03-14 22:51:08.584  7965  7965 I ViewInteraction: Checking 'MatchesViewAssertion(Detox){viewMatcher=(view has effective visibility <VISIBLE> and view.getGlobalVisibleRect() covers at least <75> percent of the view's area)}' assertion on view (view.getTag() is "dashboard-add-expense-button" and view has effective visibility <VISIBLE>)
03-14 22:51:08.625  7965  7965 I ViewInteraction: Checking 'MatchesViewAssertion(Detox){viewMatcher=(view has effective visibility <VISIBLE> and view.getGlobalVisibleRect() covers at least <75> percent of the view's area)}' assertion on view (view.getTag() is "dashboard-add-expense-button" and view has effective visibility <VISIBLE>)
03-14 22:51:08.663  7965  7965 I ViewInteraction: Checking 'MatchesViewAssertion(Detox){viewMatcher=(view has effective visibility <VISIBLE> and view.getGlobalVisibleRect() covers at least <75> percent of the view's area)}' assertion on view (view.getTag() is "dashboard-add-expense-button" and view has effective visibility <VISIBLE>)
03-14 22:51:08.710  7965  7965 I ViewInteraction: Checking 'MatchesViewAssertion(Detox){viewMatcher=(view has effective visibility <VISIBLE> and view.getGlobalVisibleRect() covers at least <75> percent of the view's area)}' assertion on view (view.getTag() is "dashboard-add-expense-button" and view has effective visibility <VISIBLE>)
03-14 22:51:08.750  7965  7965 I ViewInteraction: Checking 'MatchesViewAssertion(Detox){viewMatcher=(view has effective visibility <VISIBLE> and view.getGlobalVisibleRect() covers at least <75> percent of the view's area)}' assertion on view (view.getTag() is "dashboard-add-expense-button" and view has effective visibility <VISIBLE>)
03-14 22:51:08.794  7965  7965 I ViewInteraction: Checking 'MatchesViewAssertion(Detox){viewMatcher=(view has effective visibility <VISIBLE> and view.getGlobalVisibleRect() covers at least <75> percent of the view's area)}' assertion on view (view.getTag() is "dashboard-add-expense-button" and view has effective visibility <VISIBLE>)
03-14 22:51:08.818  7965  8188 D TrafficStats: tagSocket(141) with statsTag=0xffffffff, statsUid=-1
03-14 22:51:08.836  7965  7965 I ViewInteraction: Checking 'MatchesViewAssertion(Detox){viewMatcher=(view has effective visibility <VISIBLE> and view.getGlobalVisibleRect() covers at least <75> percent of the view's area)}' assertion on view (view.getTag() is "dashboard-add-expense-button" and view has effective visibility <VISIBLE>)
03-14 22:51:08.873  7965  7965 I ViewInteraction: Checking 'MatchesViewAssertion(Detox){viewMatcher=(view has effective visibility <VISIBLE> and view.getGlobalVisibleRect() covers at least <75> percent of the view's area)}' assertion on view (view.getTag() is "dashboard-add-expense-button" and view has effective visibility <VISIBLE>)
03-14 22:51:08.914  7965  7965 I ViewInteraction: Checking 'MatchesViewAssertion(Detox){viewMatcher=(view has effective visibility <VISIBLE> and view.getGlobalVisibleRect() covers at least <75> percent of the view's area)}' assertion on view (view.getTag() is "dashboard-add-expense-button" and view has effective visibility <VISIBLE>)
03-14 22:51:08.957  7965  7965 I ViewInteraction: Checking 'MatchesViewAssertion(Detox){viewMatcher=(view has effective visibility <VISIBLE> and view.getGlobalVisibleRect() covers at least <75> percent of the view's area)}' assertion on view (view.getTag() is "dashboard-add-expense-button" and view has effective visibility <VISIBLE>)
03-14 22:51:08.996  7965  7965 I ViewInteraction: Checking 'MatchesViewAssertion(Detox){viewMatcher=(view has effective visibility <VISIBLE> and view.getGlobalVisibleRect() covers at least <75> percent of the view's area)}' assertion on view (view.getTag() is "dashboard-add-expense-button" and view has effective visibility <VISIBLE>)
03-14 22:51:09.037  7965  7965 I ViewInteraction: Checking 'MatchesViewAssertion(Detox){viewMatcher=(view has effective visibility <VISIBLE> and view.getGlobalVisibleRect() covers at least <75> percent of the view's area)}' assertion on view (view.getTag() is "dashboard-add-expense-button" and view has effective visibility <VISIBLE>)
03-14 22:51:09.073  7965  8003 D EGL_emulation: app_time_stats: avg=507.86ms min=505.31ms max=510.42ms count=2
03-14 22:51:09.091  7965  7965 I ViewInteraction: Checking 'MatchesViewAssertion(Detox){viewMatcher=(view has effective visibility <VISIBLE> and view.getGlobalVisibleRect() covers at least <75> percent of the view's area)}' assertion on view (view.getTag() is "dashboard-add-expense-button" and view has effective visibility <VISIBLE>)
03-14 22:51:09.134  7965  7965 I ViewInteraction: Checking 'MatchesViewAssertion(Detox){viewMatcher=(view has effective visibility <VISIBLE> and view.getGlobalVisibleRect() covers at least <75> percent of the view's area)}' assertion on view (view.getTag() is "dashboard-add-expense-button" and view has effective visibility <VISIBLE>)
03-14 22:51:09.173  7965  7965 I ViewInteraction: Checking 'MatchesViewAssertion(Detox){viewMatcher=(view has effective visibility <VISIBLE> and view.getGlobalVisibleRect() covers at least <75> percent of the view's area)}' assertion on view (view.getTag() is "dashboard-add-expense-button" and view has effective visibility <VISIBLE>)
03-14 22:51:09.211  7965  7965 I ViewInteraction: Checking 'MatchesViewAssertion(Detox){viewMatcher=(view has effective visibility <VISIBLE> and view.getGlobalVisibleRect() covers at least <75> percent of the view's area)}' assertion on view (view.getTag() is "dashboard-add-expense-button" and view has effective visibility <VISIBLE>)
03-14 22:51:09.252  7965  7965 I ViewInteraction: Checking 'MatchesViewAssertion(Detox){viewMatcher=(view has effective visibility <VISIBLE> and view.getGlobalVisibleRect() covers at least <75> percent of the view's area)}' assertion on view (view.getTag() is "dashboard-add-expense-button" and view has effective visibility <VISIBLE>)
03-14 22:51:09.292  7965  7965 I ViewInteraction: Checking 'MatchesViewAssertion(Detox){viewMatcher=(view has effective visibility <VISIBLE> and view.getGlobalVisibleRect() covers at least <75> percent of the view's area)}' assertion on view (view.getTag() is "dashboard-add-expense-button" and view has effective visibility <VISIBLE>)
03-14 22:51:09.343  7965  7965 I ViewInteraction: Checking 'MatchesViewAssertion(Detox){viewMatcher=(view has effective visibility <VISIBLE> and view.getGlobalVisibleRect() covers at least <75> percent of the view's area)}' assertion on view (view.getTag() is "dashboard-add-expense-button" and view has effective visibility <VISIBLE>)
03-14 22:51:09.380  7965  7965 I ViewInteraction: Checking 'MatchesViewAssertion(Detox){viewMatcher=(view has effective visibility <VISIBLE> and view.getGlobalVisibleRect() covers at least <75> percent of the view's area)}' assertion on view (view.getTag() is "dashboard-add-expense-button" and view has effective visibility <VISIBLE>)
03-14 22:51:09.420  7965  7965 I ViewInteraction: Checking 'MatchesViewAssertion(Detox){viewMatcher=(view has effective visibility <VISIBLE> and view.getGlobalVisibleRect() covers at least <75> percent of the view's area)}' assertion on view (view.getTag() is "dashboard-add-expense-button" and view has effective visibility <VISIBLE>)
03-14 22:51:09.468  7965  7965 I ViewInteraction: Checking 'MatchesViewAssertion(Detox){viewMatcher=(view has effective visibility <VISIBLE> and view.getGlobalVisibleRect() covers at least <75> percent of the view's area)}' assertion on view (view.getTag() is "dashboard-add-expense-button" and view has effective visibility <VISIBLE>)
03-14 22:51:09.517  7965  7965 I ViewInteraction: Checking 'MatchesViewAssertion(Detox){viewMatcher=(view has effective visibility <VISIBLE> and view.getGlobalVisibleRect() covers at least <75> percent of the view's area)}' assertion on view (view.getTag() is "dashboard-add-expense-button" and view has effective visibility <VISIBLE>)
03-14 22:51:09.588  7965  7965 I ViewInteraction: Checking 'MatchesViewAssertion(Detox){viewMatcher=(view has effective visibility <VISIBLE> and view.getGlobalVisibleRect() covers at least <75> percent of the view's area)}' assertion on view (view.getTag() is "dashboard-add-expense-button" and view has effective visibility <VISIBLE>)
03-14 22:51:09.628  7965  7965 I ViewInteraction: Checking 'MatchesViewAssertion(Detox){viewMatcher=(view has effective visibility <VISIBLE> and view.getGlobalVisibleRect() covers at least <75> percent of the view's area)}' assertion on view (view.getTag() is "dashboard-add-expense-button" and view has effective visibility <VISIBLE>)
03-14 22:51:09.666  7965  7965 I ViewInteraction: Checking 'MatchesViewAssertion(Detox){viewMatcher=(view has effective visibility <VISIBLE> and view.getGlobalVisibleRect() covers at least <75> percent of the view's area)}' assertion on view (view.getTag() is "dashboard-add-expense-button" and view has effective visibility <VISIBLE>)
03-14 22:51:09.712  7965  7965 I ViewInteraction: Checking 'MatchesViewAssertion(Detox){viewMatcher=(view has effective visibility <VISIBLE> and view.getGlobalVisibleRect() covers at least <75> percent of the view's area)}' assertion on view (view.getTag() is "dashboard-add-expense-button" and view has effective visibility <VISIBLE>)
03-14 22:51:09.833  7965  7965 I ViewInteraction: Checking 'MatchesViewAssertion(Detox){viewMatcher=(view has effective visibility <VISIBLE> and view.getGlobalVisibleRect() covers at least <75> percent of the view's area)}' assertion on view (view.getTag() is "dashboard-add-expense-button" and view has effective visibility <VISIBLE>)
03-14 22:51:09.921  7965  7965 I ViewInteraction: Checking 'MatchesViewAssertion(Detox){viewMatcher=(view has effective visibility <VISIBLE> and view.getGlobalVisibleRect() covers at least <75> percent of the view's area)}' assertion on view (view.getTag() is "dashboard-add-expense-button" and view has effective visibility <VISIBLE>)
03-14 22:51:09.955  7965  7970 I .studentfinance: Background concurrent mark compact GC freed 9628KB AllocSpace bytes, 81(4260KB) LOS objects, 49% free, 12MB/24MB, paused 634us,4.943ms total 169.401ms
03-14 22:51:09.966  7965  7965 I ViewInteraction: Checking 'MatchesViewAssertion(Detox){viewMatcher=(view has effective visibility <VISIBLE> and view.getGlobalVisibleRect() covers at least <75> percent of the view's area)}' assertion on view (view.getTag() is "dashboard-add-expense-button" and view has effective visibility <VISIBLE>)
03-14 22:51:10.001  7965  7965 I ViewInteraction: Checking 'MatchesViewAssertion(Detox){viewMatcher=(view has effective visibility <VISIBLE> and view.getGlobalVisibleRect() covers at least <75> percent of the view's area)}' assertion on view (view.getTag() is "dashboard-add-expense-button" and view has effective visibility <VISIBLE>)
03-14 22:51:10.137  7965  7965 I ViewInteraction: Checking 'MatchesViewAssertion(Detox){viewMatcher=(view has effective visibility <VISIBLE> and view.getGlobalVisibleRect() covers at least <75> percent of the view's area)}' assertion on view (view.getTag() is "dashboard-add-expense-button" and view has effective visibility <VISIBLE>)
03-14 22:51:10.215  7965  8017 D TrafficStats: tagSocket(142) with statsTag=0xffffffff, statsUid=-1
03-14 22:51:10.226  7965  8003 D EGL_emulation: app_time_stats: avg=576.81ms min=499.23ms max=654.40ms count=2
03-14 22:51:10.264  7965  7965 I ViewInteraction: Checking 'MatchesViewAssertion(Detox){viewMatcher=(view has effective visibility <VISIBLE> and view.getGlobalVisibleRect() covers at least <75> percent of the view's area)}' assertion on view (view.getTag() is "dashboard-add-expense-button" and view has effective visibility <VISIBLE>)
03-14 22:51:10.306  7965  7965 I ViewInteraction: Checking 'MatchesViewAssertion(Detox){viewMatcher=(view has effective visibility <VISIBLE> and view.getGlobalVisibleRect() covers at least <75> percent of the view's area)}' assertion on view (view.getTag() is "dashboard-add-expense-button" and view has effective visibility <VISIBLE>)
03-14 22:51:10.343  7965  7965 I ViewInteraction: Checking 'MatchesViewAssertion(Detox){viewMatcher=(view has effective visibility <VISIBLE> and view.getGlobalVisibleRect() covers at least <75> percent of the view's area)}' assertion on view (view.getTag() is "dashboard-add-expense-button" and view has effective visibility <VISIBLE>)
03-14 22:51:10.381  7965  7965 I ViewInteraction: Checking 'MatchesViewAssertion(Detox){viewMatcher=(view has effective visibility <VISIBLE> and view.getGlobalVisibleRect() covers at least <75> percent of the view's area)}' assertion on view (view.getTag() is "dashboard-add-expense-button" and view has effective visibility <VISIBLE>)
03-14 22:51:10.432  7965  7965 I ViewInteraction: Checking 'MatchesViewAssertion(Detox){viewMatcher=(view has effective visibility <VISIBLE> and view.getGlobalVisibleRect() covers at least <75> percent of the view's area)}' assertion on view (view.getTag() is "dashboard-add-expense-button" and view has effective visibility <VISIBLE>)
03-14 22:51:10.478  7965  7965 I ViewInteraction: Checking 'MatchesViewAssertion(Detox){viewMatcher=(view has effective visibility <VISIBLE> and view.getGlobalVisibleRect() covers at least <75> percent of the view's area)}' assertion on view (view.getTag() is "dashboard-add-expense-button" and view has effective visibility <VISIBLE>)
03-14 22:51:10.521  7965  7965 I ViewInteraction: Checking 'MatchesViewAssertion(Detox){viewMatcher=(view has effective visibility <VISIBLE> and view.getGlobalVisibleRect() covers at least <75> percent of the view's area)}' assertion on view (view.getTag() is "dashboard-add-expense-button" and view has effective visibility <VISIBLE>)
03-14 22:51:10.569  7965  7965 I ViewInteraction: Checking 'MatchesViewAssertion(Detox){viewMatcher=(view has effective visibility <VISIBLE> and view.getGlobalVisibleRect() covers at least <75> percent of the view's area)}' assertion on view (view.getTag() is "dashboard-add-expense-button" and view has effective visibility <VISIBLE>)
03-14 22:51:10.609  7965  7965 I ViewInteraction: Checking 'MatchesViewAssertion(Detox){viewMatcher=(view has effective visibility <VISIBLE> and view.getGlobalVisibleRect() covers at least <75> percent of the view's area)}' assertion on view (view.getTag() is "dashboard-add-expense-button" and view has effective visibility <VISIBLE>)
03-14 22:51:10.681  7965  7965 I ViewInteraction: Checking 'MatchesViewAssertion(Detox){viewMatcher=(view has effective visibility <VISIBLE> and view.getGlobalVisibleRect() covers at least <75> percent of the view's area)}' assertion on view (view.getTag() is "dashboard-add-expense-button" and view has effective visibility <VISIBLE>)
03-14 22:51:10.750  7965  7965 I ViewInteraction: Checking 'MatchesViewAssertion(Detox){viewMatcher=(view has effective visibility <VISIBLE> and view.getGlobalVisibleRect() covers at least <75> percent of the view's area)}' assertion on view (view.getTag() is "dashboard-add-expense-button" and view has effective visibility <VISIBLE>)
03-14 22:51:10.789  7965  7965 I ViewInteraction: Checking 'MatchesViewAssertion(Detox){viewMatcher=(view has effective visibility <VISIBLE> and view.getGlobalVisibleRect() covers at least <75> percent of the view's area)}' assertion on view (view.getTag() is "dashboard-add-expense-button" and view has effective visibility <VISIBLE>)
03-14 22:51:10.821  7965  8188 D TrafficStats: tagSocket(110) with statsTag=0xffffffff, statsUid=-1
03-14 22:51:10.843  7965  7965 I ViewInteraction: Checking 'MatchesViewAssertion(Detox){viewMatcher=(view has effective visibility <VISIBLE> and view.getGlobalVisibleRect() covers at least <75> percent of the view's area)}' assertion on view (view.getTag() is "dashboard-add-expense-button" and view has effective visibility <VISIBLE>)
03-14 22:51:10.884  7965  7965 I ViewInteraction: Checking 'MatchesViewAssertion(Detox){viewMatcher=(view has effective visibility <VISIBLE> and view.getGlobalVisibleRect() covers at least <75> percent of the view's area)}' assertion on view (view.getTag() is "dashboard-add-expense-button" and view has effective visibility <VISIBLE>)
03-14 22:51:10.922  7965  7965 I ViewInteraction: Checking 'MatchesViewAssertion(Detox){viewMatcher=(view has effective visibility <VISIBLE> and view.getGlobalVisibleRect() covers at least <75> percent of the view's area)}' assertion on view (view.getTag() is "dashboard-add-expense-button" and view has effective visibility <VISIBLE>)
03-14 22:51:10.962  7965  7965 I ViewInteraction: Checking 'MatchesViewAssertion(Detox){viewMatcher=(view has effective visibility <VISIBLE> and view.getGlobalVisibleRect() covers at least <75> percent of the view's area)}' assertion on view (view.getTag() is "dashboard-add-expense-button" and view has effective visibility <VISIBLE>)
03-14 22:51:11.002  7965  7965 I ViewInteraction: Checking 'MatchesViewAssertion(Detox){viewMatcher=(view has effective visibility <VISIBLE> and view.getGlobalVisibleRect() covers at least <75> percent of the view's area)}' assertion on view (view.getTag() is "dashboard-add-expense-button" and view has effective visibility <VISIBLE>)
03-14 22:51:11.045  7965  7965 I ViewInteraction: Checking 'MatchesViewAssertion(Detox){viewMatcher=(view has effective visibility <VISIBLE> and view.getGlobalVisibleRect() covers at least <75> percent of the view's area)}' assertion on view (view.getTag() is "dashboard-add-expense-button" and view has effective visibility <VISIBLE>)
03-14 22:51:11.085  7965  7965 I ViewInteraction: Checking 'MatchesViewAssertion(Detox){viewMatcher=(view has effective visibility <VISIBLE> and view.getGlobalVisibleRect() covers at least <75> percent of the view's area)}' assertion on view (view.getTag() is "dashboard-add-expense-button" and view has effective visibility <VISIBLE>)
03-14 22:51:11.120  7965  7965 I ViewInteraction: Checking 'MatchesViewAssertion(Detox){viewMatcher=(view has effective visibility <VISIBLE> and view.getGlobalVisibleRect() covers at least <75> percent of the view's area)}' assertion on view (view.getTag() is "dashboard-add-expense-button" and view has effective visibility <VISIBLE>)
03-14 22:51:11.169  7965  7965 I ViewInteraction: Checking 'MatchesViewAssertion(Detox){viewMatcher=(view has effective visibility <VISIBLE> and view.getGlobalVisibleRect() covers at least <75> percent of the view's area)}' assertion on view (view.getTag() is "dashboard-add-expense-button" and view has effective visibility <VISIBLE>)
03-14 22:51:11.209  7965  7965 I ViewInteraction: Checking 'MatchesViewAssertion(Detox){viewMatcher=(view has effective visibility <VISIBLE> and view.getGlobalVisibleRect() covers at least <75> percent of the view's area)}' assertion on view (view.getTag() is "dashboard-add-expense-button" and view has effective visibility <VISIBLE>)
03-14 22:51:11.246  7965  7965 I ViewInteraction: Checking 'MatchesViewAssertion(Detox){viewMatcher=(view has effective visibility <VISIBLE> and view.getGlobalVisibleRect() covers at least <75> percent of the view's area)}' assertion on view (view.getTag() is "dashboard-add-expense-button" and view has effective visibility <VISIBLE>)
03-14 22:51:11.285  7965  7965 I ViewInteraction: Checking 'MatchesViewAssertion(Detox){viewMatcher=(view has effective visibility <VISIBLE> and view.getGlobalVisibleRect() covers at least <75> percent of the view's area)}' assertion on view (view.getTag() is "dashboard-add-expense-button" and view has effective visibility <VISIBLE>)
03-14 22:51:11.322  7965  7965 I ViewInteraction: Checking 'MatchesViewAssertion(Detox){viewMatcher=(view has effective visibility <VISIBLE> and view.getGlobalVisibleRect() covers at least <75> percent of the view's area)}' assertion on view (view.getTag() is "dashboard-add-expense-button" and view has effective visibility <VISIBLE>)
03-14 22:51:11.358  7965  7965 I ViewInteraction: Checking 'MatchesViewAssertion(Detox){viewMatcher=(view has effective visibility <VISIBLE> and view.getGlobalVisibleRect() covers at least <75> percent of the view's area)}' assertion on view (view.getTag() is "dashboard-add-expense-button" and view has effective visibility <VISIBLE>)
03-14 22:51:11.394  7965  7965 I ViewInteraction: Checking 'MatchesViewAssertion(Detox){viewMatcher=(view has effective visibility <VISIBLE> and view.getGlobalVisibleRect() covers at least <75> percent of the view's area)}' assertion on view (view.getTag() is "dashboard-add-expense-button" and view has effective visibility <VISIBLE>)
03-14 22:51:11.441  7965  7965 I ViewInteraction: Checking 'MatchesViewAssertion(Detox){viewMatcher=(view has effective visibility <VISIBLE> and view.getGlobalVisibleRect() covers at least <75> percent of the view's area)}' assertion on view (view.getTag() is "dashboard-add-expense-button" and view has effective visibility <VISIBLE>)
03-14 22:51:11.481  7965  7965 I ViewInteraction: Checking 'MatchesViewAssertion(Detox){viewMatcher=(view has effective visibility <VISIBLE> and view.getGlobalVisibleRect() covers at least <75> percent of the view's area)}' assertion on view (view.getTag() is "dashboard-add-expense-button" and view has effective visibility <VISIBLE>)
03-14 22:51:11.528  7965  7965 I ViewInteraction: Checking 'MatchesViewAssertion(Detox){viewMatcher=(view has effective visibility <VISIBLE> and view.getGlobalVisibleRect() covers at least <75> percent of the view's area)}' assertion on view (view.getTag() is "dashboard-add-expense-button" and view has effective visibility <VISIBLE>)
03-14 22:51:11.577  7965  7965 I ViewInteraction: Checking 'MatchesViewAssertion(Detox){viewMatcher=(view has effective visibility <VISIBLE> and view.getGlobalVisibleRect() covers at least <75> percent of the view's area)}' assertion on view (view.getTag() is "dashboard-add-expense-button" and view has effective visibility <VISIBLE>)
03-14 22:51:11.616  7965  7965 I ViewInteraction: Checking 'MatchesViewAssertion(Detox){viewMatcher=(view has effective visibility <VISIBLE> and view.getGlobalVisibleRect() covers at least <75> percent of the view's area)}' assertion on view (view.getTag() is "dashboard-add-expense-button" and view has effective visibility <VISIBLE>)
03-14 22:51:11.655  7965  8003 D EGL_emulation: app_time_stats: avg=476.25ms min=430.49ms max=500.11ms count=3
03-14 22:51:11.680  7965  7965 I ViewInteraction: Checking 'MatchesViewAssertion(Detox){viewMatcher=(view has effective visibility <VISIBLE> and view.getGlobalVisibleRect() covers at least <75> percent of the view's area)}' assertion on view (view.getTag() is "dashboard-add-expense-button" and view has effective visibility <VISIBLE>)
03-14 22:51:11.724  7965  7965 I ViewInteraction: Checking 'MatchesViewAssertion(Detox){viewMatcher=(view has effective visibility <VISIBLE> and view.getGlobalVisibleRect() covers at least <75> percent of the view's area)}' assertion on view (view.getTag() is "dashboard-add-expense-button" and view has effective visibility <VISIBLE>)
03-14 22:51:11.762  7965  7965 I ViewInteraction: Checking 'MatchesViewAssertion(Detox){viewMatcher=(view has effective visibility <VISIBLE> and view.getGlobalVisibleRect() covers at least <75> percent of the view's area)}' assertion on view (view.getTag() is "dashboard-add-expense-button" and view has effective visibility <VISIBLE>)
03-14 22:51:11.798  7965  7965 I ViewInteraction: Checking 'MatchesViewAssertion(Detox){viewMatcher=(view has effective visibility <VISIBLE> and view.getGlobalVisibleRect() covers at least <75> percent of the view's area)}' assertion on view (view.getTag() is "dashboard-add-expense-button" and view has effective visibility <VISIBLE>)
03-14 22:51:11.841  7965  7965 I ViewInteraction: Checking 'MatchesViewAssertion(Detox){viewMatcher=(view has effective visibility <VISIBLE> and view.getGlobalVisibleRect() covers at least <75> percent of the view's area)}' assertion on view (view.getTag() is "dashboard-add-expense-button" and view has effective visibility <VISIBLE>)
03-14 22:51:11.878  7965  7965 I ViewInteraction: Checking 'MatchesViewAssertion(Detox){viewMatcher=(view has effective visibility <VISIBLE> and view.getGlobalVisibleRect() covers at least <75> percent of the view's area)}' assertion on view (view.getTag() is "dashboard-add-expense-button" and view has effective visibility <VISIBLE>)
03-14 22:51:11.914  7965  7965 I ViewInteraction: Checking 'MatchesViewAssertion(Detox){viewMatcher=(view has effective visibility <VISIBLE> and view.getGlobalVisibleRect() covers at least <75> percent of the view's area)}' assertion on view (view.getTag() is "dashboard-add-expense-button" and view has effective visibility <VISIBLE>)
03-14 22:51:11.966  7965  7965 I ViewInteraction: Checking 'MatchesViewAssertion(Detox){viewMatcher=(view has effective visibility <VISIBLE> and view.getGlobalVisibleRect() covers at least <75> percent of the view's area)}' assertion on view (view.getTag() is "dashboard-add-expense-button" and view has effective visibility <VISIBLE>)
03-14 22:51:12.003  7965  7965 I ViewInteraction: Checking 'MatchesViewAssertion(Detox){viewMatcher=(view has effective visibility <VISIBLE> and view.getGlobalVisibleRect() covers at least <75> percent of the view's area)}' assertion on view (view.getTag() is "dashboard-add-expense-button" and view has effective visibility <VISIBLE>)
03-14 22:51:12.039  7965  7965 I ViewInteraction: Checking 'MatchesViewAssertion(Detox){viewMatcher=(view has effective visibility <VISIBLE> and view.getGlobalVisibleRect() covers at least <75> percent of the view's area)}' assertion on view (view.getTag() is "dashboard-add-expense-button" and view has effective visibility <VISIBLE>)
03-14 22:51:12.075  7965  7965 I ViewInteraction: Checking 'MatchesViewAssertion(Detox){viewMatcher=(view has effective visibility <VISIBLE> and view.getGlobalVisibleRect() covers at least <75> percent of the view's area)}' assertion on view (view.getTag() is "dashboard-add-expense-button" and view has effective visibility <VISIBLE>)
03-14 22:51:12.128  7965  7965 I ViewInteraction: Checking 'MatchesViewAssertion(Detox){viewMatcher=(view has effective visibility <VISIBLE> and view.getGlobalVisibleRect() covers at least <75> percent of the view's area)}' assertion on view (view.getTag() is "dashboard-add-expense-button" and view has effective visibility <VISIBLE>)
03-14 22:51:12.171  7965  7965 I ViewInteraction: Checking 'MatchesViewAssertion(Detox){viewMatcher=(view has effective visibility <VISIBLE> and view.getGlobalVisibleRect() covers at least <75> percent of the view's area)}' assertion on view (view.getTag() is "dashboard-add-expense-button" and view has effective visibility <VISIBLE>)
03-14 22:51:12.214  7965  7965 I ViewInteraction: Checking 'MatchesViewAssertion(Detox){viewMatcher=(view has effective visibility <VISIBLE> and view.getGlobalVisibleRect() covers at least <75> percent of the view's area)}' assertion on view (view.getTag() is "dashboard-add-expense-button" and view has effective visibility <VISIBLE>)
03-14 22:51:12.221  7965  8017 D TrafficStats: tagSocket(138) with statsTag=0xffffffff, statsUid=-1
03-14 22:51:12.254  7965  7965 I ViewInteraction: Checking 'MatchesViewAssertion(Detox){viewMatcher=(view has effective visibility <VISIBLE> and view.getGlobalVisibleRect() covers at least <75> percent of the view's area)}' assertion on view (view.getTag() is "dashboard-add-expense-button" and view has effective visibility <VISIBLE>)
03-14 22:51:12.290  7965  7965 I ViewInteraction: Checking 'MatchesViewAssertion(Detox){viewMatcher=(view has effective visibility <VISIBLE> and view.getGlobalVisibleRect() covers at least <75> percent of the view's area)}' assertion on view (view.getTag() is "dashboard-add-expense-button" and view has effective visibility <VISIBLE>)
03-14 22:51:12.328  7965  7965 I ViewInteraction: Checking 'MatchesViewAssertion(Detox){viewMatcher=(view has effective visibility <VISIBLE> and view.getGlobalVisibleRect() covers at least <75> percent of the view's area)}' assertion on view (view.getTag() is "dashboard-add-expense-button" and view has effective visibility <VISIBLE>)
03-14 22:51:12.370  7965  7965 I ViewInteraction: Checking 'MatchesViewAssertion(Detox){viewMatcher=(view has effective visibility <VISIBLE> and view.getGlobalVisibleRect() covers at least <75> percent of the view's area)}' assertion on view (view.getTag() is "dashboard-add-expense-button" and view has effective visibility <VISIBLE>)
03-14 22:51:12.407  7965  7965 I ViewInteraction: Checking 'MatchesViewAssertion(Detox){viewMatcher=(view has effective visibility <VISIBLE> and view.getGlobalVisibleRect() covers at least <75> percent of the view's area)}' assertion on view (view.getTag() is "dashboard-add-expense-button" and view has effective visibility <VISIBLE>)
03-14 22:51:12.450  7965  7965 I ViewInteraction: Checking 'MatchesViewAssertion(Detox){viewMatcher=(view has effective visibility <VISIBLE> and view.getGlobalVisibleRect() covers at least <75> percent of the view's area)}' assertion on view (view.getTag() is "dashboard-add-expense-button" and view has effective visibility <VISIBLE>)
03-14 22:51:12.487  7965  7965 I ViewInteraction: Checking 'MatchesViewAssertion(Detox){viewMatcher=(view has effective visibility <VISIBLE> and view.getGlobalVisibleRect() covers at least <75> percent of the view's area)}' assertion on view (view.getTag() is "dashboard-add-expense-button" and view has effective visibility <VISIBLE>)
03-14 22:51:12.522  7965  7965 I ViewInteraction: Checking 'MatchesViewAssertion(Detox){viewMatcher=(view has effective visibility <VISIBLE> and view.getGlobalVisibleRect() covers at least <75> percent of the view's area)}' assertion on view (view.getTag() is "dashboard-add-expense-button" and view has effective visibility <VISIBLE>)
03-14 22:51:12.585  7965  7965 I ViewInteraction: Checking 'MatchesViewAssertion(Detox){viewMatcher=(view has effective visibility <VISIBLE> and view.getGlobalVisibleRect() covers at least <75> percent of the view's area)}' assertion on view (view.getTag() is "dashboard-add-expense-button" and view has effective visibility <VISIBLE>)
03-14 22:51:12.636  7965  7965 I ViewInteraction: Checking 'MatchesViewAssertion(Detox){viewMatcher=(view has effective visibility <VISIBLE> and view.getGlobalVisibleRect() covers at least <75> percent of the view's area)}' assertion on view (view.getTag() is "dashboard-add-expense-button" and view has effective visibility <VISIBLE>)
03-14 22:51:12.685  7965  7965 I ViewInteraction: Checking 'MatchesViewAssertion(Detox){viewMatcher=(view has effective visibility <VISIBLE> and view.getGlobalVisibleRect() covers at least <75> percent of the view's area)}' assertion on view (view.getTag() is "dashboard-add-expense-button" and view has effective visibility <VISIBLE>)
03-14 22:51:12.725  7965  7965 I ViewInteraction: Checking 'MatchesViewAssertion(Detox){viewMatcher=(view has effective visibility <VISIBLE> and view.getGlobalVisibleRect() covers at least <75> percent of the view's area)}' assertion on view (view.getTag() is "dashboard-add-expense-button" and view has effective visibility <VISIBLE>)
03-14 22:51:12.762  7965  7965 I ViewInteraction: Checking 'MatchesViewAssertion(Detox){viewMatcher=(view has effective visibility <VISIBLE> and view.getGlobalVisibleRect() covers at least <75> percent of the view's area)}' assertion on view (view.getTag() is "dashboard-add-expense-button" and view has effective visibility <VISIBLE>)
03-14 22:51:12.803  7965  7965 I ViewInteraction: Checking 'MatchesViewAssertion(Detox){viewMatcher=(view has effective visibility <VISIBLE> and view.getGlobalVisibleRect() covers at least <75> percent of the view's area)}' assertion on view (view.getTag() is "dashboard-add-expense-button" and view has effective visibility <VISIBLE>)
03-14 22:51:12.824  7965  8188 D TrafficStats: tagSocket(139) with statsTag=0xffffffff, statsUid=-1
03-14 22:51:12.842  7965  7965 I ViewInteraction: Checking 'MatchesViewAssertion(Detox){viewMatcher=(view has effective visibility <VISIBLE> and view.getGlobalVisibleRect() covers at least <75> percent of the view's area)}' assertion on view (view.getTag() is "dashboard-add-expense-button" and view has effective visibility <VISIBLE>)
03-14 22:51:12.877  7965  7965 I ViewInteraction: Checking 'MatchesViewAssertion(Detox){viewMatcher=(view has effective visibility <VISIBLE> and view.getGlobalVisibleRect() covers at least <75> percent of the view's area)}' assertion on view (view.getTag() is "dashboard-add-expense-button" and view has effective visibility <VISIBLE>)
03-14 22:51:12.912  7965  7965 I ViewInteraction: Checking 'MatchesViewAssertion(Detox){viewMatcher=(view has effective visibility <VISIBLE> and view.getGlobalVisibleRect() covers at least <75> percent of the view's area)}' assertion on view (view.getTag() is "dashboard-add-expense-button" and view has effective visibility <VISIBLE>)
03-14 22:51:12.947  7965  7965 I ViewInteraction: Checking 'MatchesViewAssertion(Detox){viewMatcher=(view has effective visibility <VISIBLE> and view.getGlobalVisibleRect() covers at least <75> percent of the view's area)}' assertion on view (view.getTag() is "dashboard-add-expense-button" and view has effective visibility <VISIBLE>)
03-14 22:51:12.983  7965  7965 I ViewInteraction: Checking 'MatchesViewAssertion(Detox){viewMatcher=(view has effective visibility <VISIBLE> and view.getGlobalVisibleRect() covers at least <75> percent of the view's area)}' assertion on view (view.getTag() is "dashboard-add-expense-button" and view has effective visibility <VISIBLE>)
03-14 22:51:13.024  7965  7965 I ViewInteraction: Checking 'MatchesViewAssertion(Detox){viewMatcher=(view has effective visibility <VISIBLE> and view.getGlobalVisibleRect() covers at least <75> percent of the view's area)}' assertion on view (view.getTag() is "dashboard-add-expense-button" and view has effective visibility <VISIBLE>)
03-14 22:51:13.060  7965  7965 I ViewInteraction: Checking 'MatchesViewAssertion(Detox){viewMatcher=(view has effective visibility <VISIBLE> and view.getGlobalVisibleRect() covers at least <75> percent of the view's area)}' assertion on view (view.getTag() is "dashboard-add-expense-button" and view has effective visibility <VISIBLE>)
03-14 22:51:13.095  7965  7965 I ViewInteraction: Checking 'MatchesViewAssertion(Detox){viewMatcher=(view has effective visibility <VISIBLE> and view.getGlobalVisibleRect() covers at least <75> percent of the view's area)}' assertion on view (view.getTag() is "dashboard-add-expense-button" and view has effective visibility <VISIBLE>)
03-14 22:51:13.137  7965  7965 I ViewInteraction: Checking 'MatchesViewAssertion(Detox){viewMatcher=(view has effective visibility <VISIBLE> and view.getGlobalVisibleRect() covers at least <75> percent of the view's area)}' assertion on view (view.getTag() is "dashboard-add-expense-button" and view has effective visibility <VISIBLE>)
03-14 22:51:13.155  7965  8003 D EGL_emulation: app_time_stats: avg=499.92ms min=499.37ms max=500.36ms count=3
03-14 22:51:13.182  7965  7965 I ViewInteraction: Checking 'MatchesViewAssertion(Detox){viewMatcher=(view has effective visibility <VISIBLE> and view.getGlobalVisibleRect() covers at least <75> percent of the view's area)}' assertion on view (view.getTag() is "dashboard-add-expense-button" and view has effective visibility <VISIBLE>)
03-14 22:51:13.225  7965  7965 I ViewInteraction: Checking 'MatchesViewAssertion(Detox){viewMatcher=(view has effective visibility <VISIBLE> and view.getGlobalVisibleRect() covers at least <75> percent of the view's area)}' assertion on view (view.getTag() is "dashboard-add-expense-button" and view has effective visibility <VISIBLE>)
03-14 22:51:13.286  7965  7965 I ViewInteraction: Checking 'MatchesViewAssertion(Detox){viewMatcher=(view has effective visibility <VISIBLE> and view.getGlobalVisibleRect() covers at least <75> percent of the view's area)}' assertion on view (view.getTag() is "dashboard-add-expense-button" and view has effective visibility <VISIBLE>)
03-14 22:51:13.329  7965  7965 I ViewInteraction: Checking 'MatchesViewAssertion(Detox){viewMatcher=(view has effective visibility <VISIBLE> and view.getGlobalVisibleRect() covers at least <75> percent of the view's area)}' assertion on view (view.getTag() is "dashboard-add-expense-button" and view has effective visibility <VISIBLE>)
03-14 22:51:13.376  7965  7965 I ViewInteraction: Checking 'MatchesViewAssertion(Detox){viewMatcher=(view has effective visibility <VISIBLE> and view.getGlobalVisibleRect() covers at least <75> percent of the view's area)}' assertion on view (view.getTag() is "dashboard-add-expense-button" and view has effective visibility <VISIBLE>)
03-14 22:51:13.419  7965  7965 I ViewInteraction: Checking 'MatchesViewAssertion(Detox){viewMatcher=(view has effective visibility <VISIBLE> and view.getGlobalVisibleRect() covers at least <75> percent of the view's area)}' assertion on view (view.getTag() is "dashboard-add-expense-button" and view has effective visibility <VISIBLE>)
03-14 22:51:13.470  7965  7970 I .studentfinance: Background concurrent mark compact GC freed 8936KB AllocSpace bytes, 80(4200KB) LOS objects, 49% free, 11MB/23MB, paused 437us,5.301ms total 64.642ms
03-14 22:51:13.480  7965  7965 I ViewInteraction: Checking 'MatchesViewAssertion(Detox){viewMatcher=(view has effective visibility <VISIBLE> and view.getGlobalVisibleRect() covers at least <75> percent of the view's area)}' assertion on view (view.getTag() is "dashboard-add-expense-button" and view has effective visibility <VISIBLE>)
03-14 22:51:13.528  7965  7965 I ViewInteraction: Checking 'MatchesViewAssertion(Detox){viewMatcher=(view has effective visibility <VISIBLE> and view.getGlobalVisibleRect() covers at least <75> percent of the view's area)}' assertion on view (view.getTag() is "dashboard-add-expense-button" and view has effective visibility <VISIBLE>)
03-14 22:51:13.571  7965  7965 I ViewInteraction: Checking 'MatchesViewAssertion(Detox){viewMatcher=(view has effective visibility <VISIBLE> and view.getGlobalVisibleRect() covers at least <75> percent of the view's area)}' assertion on view (view.getTag() is "dashboard-add-expense-button" and view has effective visibility <VISIBLE>)
03-14 22:51:13.610  7965  7965 I ViewInteraction: Checking 'MatchesViewAssertion(Detox){viewMatcher=(view has effective visibility <VISIBLE> and view.getGlobalVisibleRect() covers at least <75> percent of the view's area)}' assertion on view (view.getTag() is "dashboard-add-expense-button" and view has effective visibility <VISIBLE>)
03-14 22:51:13.641  7965  7965 E FrameTracker: force finish cuj, time out: J<IME_INSETS_HIDE_ANIMATION::1@0@com.mcfuzzysquirrel.studentfinance>
03-14 22:51:13.642  7965  7965 W FrameTracker: Missed SF frame:UNKNOWN: 66, 84158, 0, CUJ=J<IME_INSETS_HIDE_ANIMATION::1@0@com.mcfuzzysquirrel.studentfinance>
03-14 22:51:13.671  7965  7965 I ViewInteraction: Checking 'MatchesViewAssertion(Detox){viewMatcher=(view has effective visibility <VISIBLE> and view.getGlobalVisibleRect() covers at least <75> percent of the view's area)}' assertion on view (view.getTag() is "dashboard-add-expense-button" and view has effective visibility <VISIBLE>)
03-14 22:51:13.723  7965  7965 I ViewInteraction: Checking 'MatchesViewAssertion(Detox){viewMatcher=(view has effective visibility <VISIBLE> and view.getGlobalVisibleRect() covers at least <75> percent of the view's area)}' assertion on view (view.getTag() is "dashboard-add-expense-button" and view has effective visibility <VISIBLE>)
03-14 22:51:13.775  7965  7965 I ViewInteraction: Checking 'MatchesViewAssertion(Detox){viewMatcher=(view has effective visibility <VISIBLE> and view.getGlobalVisibleRect() covers at least <75> percent of the view's area)}' assertion on view (view.getTag() is "dashboard-add-expense-button" and view has effective visibility <VISIBLE>)
03-14 22:51:13.826  7965  7965 I ViewInteraction: Checking 'MatchesViewAssertion(Detox){viewMatcher=(view has effective visibility <VISIBLE> and view.getGlobalVisibleRect() covers at least <75> percent of the view's area)}' assertion on view (view.getTag() is "dashboard-add-expense-button" and view has effective visibility <VISIBLE>)
03-14 22:51:13.861  7965  7965 I ViewInteraction: Checking 'MatchesViewAssertion(Detox){viewMatcher=(view has effective visibility <VISIBLE> and view.getGlobalVisibleRect() covers at least <75> percent of the view's area)}' assertion on view (view.getTag() is "dashboard-add-expense-button" and view has effective visibility <VISIBLE>)
03-14 22:51:13.897  7965  7965 I ViewInteraction: Checking 'MatchesViewAssertion(Detox){viewMatcher=(view has effective visibility <VISIBLE> and view.getGlobalVisibleRect() covers at least <75> percent of the view's area)}' assertion on view (view.getTag() is "dashboard-add-expense-button" and view has effective visibility <VISIBLE>)
03-14 22:51:13.947  7965  7965 I ViewInteraction: Checking 'MatchesViewAssertion(Detox){viewMatcher=(view has effective visibility <VISIBLE> and view.getGlobalVisibleRect() covers at least <75> percent of the view's area)}' assertion on view (view.getTag() is "dashboard-add-expense-button" and view has effective visibility <VISIBLE>)
03-14 22:51:13.995  7965  7965 I ViewInteraction: Checking 'MatchesViewAssertion(Detox){viewMatcher=(view has effective visibility <VISIBLE> and view.getGlobalVisibleRect() covers at least <75> percent of the view's area)}' assertion on view (view.getTag() is "dashboard-add-expense-button" and view has effective visibility <VISIBLE>)
03-14 22:51:14.040  7965  7965 I ViewInteraction: Checking 'MatchesViewAssertion(Detox){viewMatcher=(view has effective visibility <VISIBLE> and view.getGlobalVisibleRect() covers at least <75> percent of the view's area)}' assertion on view (view.getTag() is "dashboard-add-expense-button" and view has effective visibility <VISIBLE>)
03-14 22:51:14.078  7965  7965 I ViewInteraction: Checking 'MatchesViewAssertion(Detox){viewMatcher=(view has effective visibility <VISIBLE> and view.getGlobalVisibleRect() covers at least <75> percent of the view's area)}' assertion on view (view.getTag() is "dashboard-add-expense-button" and view has effective visibility <VISIBLE>)
03-14 22:51:14.116  7965  7965 I ViewInteraction: Checking 'MatchesViewAssertion(Detox){viewMatcher=(view has effective visibility <VISIBLE> and view.getGlobalVisibleRect() covers at least <75> percent of the view's area)}' assertion on view (view.getTag() is "dashboard-add-expense-button" and view has effective visibility <VISIBLE>)
03-14 22:51:14.156  7965  8003 D EGL_emulation: app_time_stats: avg=500.27ms min=500.24ms max=500.31ms count=2
03-14 22:51:14.182  7965  7965 I ViewInteraction: Checking 'MatchesViewAssertion(Detox){viewMatcher=(view has effective visibility <VISIBLE> and view.getGlobalVisibleRect() covers at least <75> percent of the view's area)}' assertion on view (view.getTag() is "dashboard-add-expense-button" and view has effective visibility <VISIBLE>)
03-14 22:51:14.218  7965  7965 I ViewInteraction: Checking 'MatchesViewAssertion(Detox){viewMatcher=(view has effective visibility <VISIBLE> and view.getGlobalVisibleRect() covers at least <75> percent of the view's area)}' assertion on view (view.getTag() is "dashboard-add-expense-button" and view has effective visibility <VISIBLE>)
03-14 22:51:14.229  7965  8017 D TrafficStats: tagSocket(142) with statsTag=0xffffffff, statsUid=-1
03-14 22:51:14.262  7965  7965 I ViewInteraction: Checking 'MatchesViewAssertion(Detox){viewMatcher=(view has effective visibility <VISIBLE> and view.getGlobalVisibleRect() covers at least <75> percent of the view's area)}' assertion on view (view.getTag() is "dashboard-add-expense-button" and view has effective visibility <VISIBLE>)
03-14 22:51:14.306  7965  7965 I ViewInteraction: Checking 'MatchesViewAssertion(Detox){viewMatcher=(view has effective visibility <VISIBLE> and view.getGlobalVisibleRect() covers at least <75> percent of the view's area)}' assertion on view (view.getTag() is "dashboard-add-expense-button" and view has effective visibility <VISIBLE>)
03-14 22:51:14.346  7965  7965 I ViewInteraction: Checking 'MatchesViewAssertion(Detox){viewMatcher=(view has effective visibility <VISIBLE> and view.getGlobalVisibleRect() covers at least <75> percent of the view's area)}' assertion on view (view.getTag() is "dashboard-add-expense-button" and view has effective visibility <VISIBLE>)
03-14 22:51:14.374  7965  7995 D DetoxWSClient: Received action 'currentStatus' (ID #10, params={})
03-14 22:51:14.374  7965  7992 I DetoxDispatcher: Handling action 'currentStatus' (ID #10)...
03-14 22:51:14.380  7965  7965 I ViewInteraction: Checking 'MatchesViewAssertion(Detox){viewMatcher=(view has effective visibility <VISIBLE> and view.getGlobalVisibleRect() covers at least <75> percent of the view's area)}' assertion on view (view.getTag() is "dashboard-add-expense-button" and view has effective visibility <VISIBLE>)
03-14 22:51:14.381  7965  7992 I DetoxWSClient: Sending out action 'currentStatusResult' (ID #10)
03-14 22:51:14.382  7965  7992 I DetoxDispatcher: Done with action 'currentStatus'
03-14 22:51:14.404  7965  7991 I DetoxActionHandlers: Test exception
03-14 22:51:14.404  7965  7991 I DetoxActionHandlers: java.lang.reflect.InvocationTargetException
03-14 22:51:14.404  7965  7991 I DetoxActionHandlers: 	at java.lang.reflect.Method.invoke(Native Method)
03-14 22:51:14.404  7965  7991 I DetoxActionHandle