--------- beginning of main
03-14 22:54:42.863  9792  9828 D EGL_emulation: app_time_stats: avg=201.33ms min=18.67ms max=487.79ms count=5
03-14 22:54:43.359  9792  9837 D TrafficStats: tagSocket(141) with statsTag=0xffffffff, statsUid=-1
03-14 22:54:43.544  9792  9822 D DetoxWSClient: Received action 'invoke' (ID #10, params={"target":{"type":"Class","value":"com.wix.detox.espresso.EspressoDetox"},"method":"perform","args":[{"type":"Invocation","value":{"target":{"type":"Class","value":"com.wix.detox.espresso.DetoxMatcher"},"method":"matcherForText","args":["Dashboard",{"type":"boolean","value":false}]}},{"type":"Invocation","value":{"target":{"type":"Class","value":"com.wix.detox.espresso.DetoxViewActions"},"method":"click","args":[]}}]})
03-14 22:54:43.545  9792  9818 I DetoxDispatcher: Handling action 'invoke' (ID #10)...
03-14 22:54:43.545  9792  9818 D Detox   : class com.wix.detox.espresso.DetoxMatcher, matcherForText, [Dashboard, false]
03-14 22:54:43.549  9792  9818 D Detox   : class com.wix.detox.espresso.DetoxViewActions, click, []
03-14 22:54:43.552  9792  9818 D Detox   : class com.wix.detox.espresso.EspressoDetox, perform, [(an instance of android.widget.TextView and view.getText() with or without transformation to match: is "Dashboard" and view has effective visibility <VISIBLE>), com.wix.detox.espresso.action.RNClickAction@165c3f4]
03-14 22:54:43.628  9792  9818 I DetoxActionHandlers: Test exception
03-14 22:54:43.628  9792  9818 I DetoxActionHandlers: java.lang.reflect.InvocationTargetException
03-14 22:54:43.628  9792  9818 I DetoxActionHandlers: 	at java.lang.reflect.Method.invoke(Native Method)
03-14 22:54:43.628  9792  9818 I DetoxActionHandlers: 	at org.apache.commons.lang3.reflect.MethodUtils.invokeStaticMethod(MethodUtils.java:443)
03-14 22:54:43.628  9792  9818 I DetoxActionHandlers: 	at org.apache.commons.lang3.reflect.MethodUtils.invokeStaticMethod(MethodUtils.java:405)
03-14 22:54:43.628  9792  9818 I DetoxActionHandlers: 	at com.wix.invoke.types.ClassTarget.execute(ClassTarget.java:23)
03-14 22:54:43.628  9792  9818 I DetoxActionHandlers: 	at com.wix.invoke.types.Target.invoke(Target.java:59)
03-14 22:54:43.628  9792  9818 I DetoxActionHandlers: 	at com.wix.invoke.MethodInvocation.invoke(MethodInvocation.java:35)
03-14 22:54:43.628  9792  9818 I DetoxActionHandlers: 	at com.wix.invoke.MethodInvocation.invoke(MethodInvocation.java:26)
03-14 22:54:43.628  9792  9818 I DetoxActionHandlers: 	at com.wix.invoke.MethodInvocation.invoke(MethodInvocation.java:20)
03-14 22:54:43.628  9792  9818 I DetoxActionHandlers: 	at com.wix.detox.adapters.server.InvokeActionHandler.handle(DetoxActionHandlers.kt:54)
03-14 22:54:43.628  9792  9818 I DetoxActionHandlers: 	at com.wix.detox.adapters.server.ActionsExecutor.executeAction$lambda$2$lambda$1(DetoxActionsDispatcher.kt:76)
03-14 22:54:43.628  9792  9818 I DetoxActionHandlers: 	at com.wix.detox.adapters.server.ActionsExecutor.$r8$lambda$GVbB7LHtBHxNHGbgYnHJ6YrwCqs(Unknown Source:0)
03-14 22:54:43.628  9792  9818 I DetoxActionHandlers: 	at com.wix.detox.adapters.server.ActionsExecutor$$ExternalSyntheticLambda0.run(D8$$SyntheticClass:0)
03-14 22:54:43.628  9792  9818 I DetoxActionHandlers: 	at android.os.Handler.handleCallback(Handler.java:959)
03-14 22:54:43.628  9792  9818 I DetoxActionHandlers: 	at android.os.Handler.dispatchMessage(Handler.java:100)
03-14 22:54:43.628  9792  9818 I DetoxActionHandlers: 	at android.os.Looper.loopOnce(Looper.java:232)
03-14 22:54:43.628  9792  9818 I DetoxActionHandlers: 	at android.os.Looper.loop(Looper.java:317)
03-14 22:54:43.628  9792  9818 I DetoxActionHandlers: 	at com.wix.detox.adapters.server.ActionsExecutor._init_$lambda$0(DetoxActionsDispatcher.kt:62)
03-14 22:54:43.628  9792  9818 I DetoxActionHandlers: 	at com.wix.detox.adapters.server.ActionsExecutor.$r8$lambda$xlgL0CQim6vNM0wWEqM8JIDgZUE(Unknown Source:0)
03-14 22:54:43.628  9792  9818 I DetoxActionHandlers: 	at com.wix.detox.adapters.server.ActionsExecutor$$ExternalSyntheticLambda1.run(D8$$SyntheticClass:0)
03-14 22:54:43.628  9792  9818 I DetoxActionHandlers: 	a